[0.008s] Invoking command in '/home/arc/Documents/automatic_arc_melting_system/build/action_tutorials_cpp': AMENT_PREFIX_PATH=/home/arc/Documents/automatic_arc_melting_system/install/action_tutorials_interfaces:${AMENT_PREFIX_PATH} CMAKE_PREFIX_PATH=/home/arc/Documents/automatic_arc_melting_system/install/action_tutorials_interfaces:/opt/ros/foxy LD_LIBRARY_PATH=/home/arc/Documents/automatic_arc_melting_system/install/action_tutorials_interfaces/lib:${LD_LIBRARY_PATH} PYTHONPATH=/home/arc/Documents/automatic_arc_melting_system/install/action_tutorials_interfaces/lib/python3.8/site-packages:${PYTHONPATH} /usr/bin/cmake --build /home/arc/Documents/automatic_arc_melting_system/build/action_tutorials_cpp -- -j16 -l16
[0.034s] -- Found ament_cmake: 0.9.9 (/opt/ros/foxy/share/ament_cmake/cmake)
[0.058s] -- Using PYTHON_EXECUTABLE: /home/wilson/anaconda3/bin/python3
[0.252s] -- Found action_tutorials_interfaces: 0.0.0 (/home/arc/Documents/automatic_arc_melting_system/install/action_tutorials_interfaces/share/action_tutorials_interfaces/cmake)
[0.267s] -- Using all available rosidl_typesupport_c: rosidl_typesupport_fastrtps_c;rosidl_typesupport_introspection_c
[0.269s] -- Found rosidl_adapter: 1.2.1 (/opt/ros/foxy/share/rosidl_adapter/cmake)
[0.350s] -- Using all available rosidl_typesupport_cpp: rosidl_typesupport_fastrtps_cpp;rosidl_typesupport_introspection_cpp
[0.441s] -- Found rclcpp: 2.4.1 (/opt/ros/foxy/share/rclcpp/cmake)
[0.466s] -- Found rmw_implementation_cmake: 1.0.3 (/opt/ros/foxy/share/rmw_implementation_cmake/cmake)
[0.467s] -- Using RMW implementation 'rmw_fastrtps_cpp' as default
[0.570s] -- Found rclcpp_action: 2.4.1 (/opt/ros/foxy/share/rclcpp_action/cmake)
[0.592s] -- Found rclcpp_components: 2.4.1 (/opt/ros/foxy/share/rclcpp_components/cmake)
[0.635s] -- Found ament_lint_auto: 0.9.6 (/opt/ros/foxy/share/ament_lint_auto/cmake)
[0.722s] -- Added test 'copyright' to check source files copyright and LICENSE
[0.722s] -- Added test 'cppcheck' to perform static code analysis on C / C++ code
[0.723s] -- Configured cppcheck include dirs: $<BUILD_INTERFACE:/home/arc/Documents/automatic_arc_melting_system/src/action_tutorials_cpp/include>
[0.723s] -- Configured cppcheck exclude dirs and/or files: 
[0.723s] -- Added test 'cpplint' to check C / C++ code against the Google style
[0.723s] -- Configured cpplint exclude dirs and/or files: 
[0.723s] -- Added test 'lint_cmake' to check CMake code style
[0.724s] -- Added test 'uncrustify' to check C / C++ code style
[0.724s] -- Configured uncrustify additional arguments: 
[0.724s] -- Added test 'xmllint' to check XML markup files
[0.726s] -- Configuring done
[0.740s] -- Generating done
[0.741s] -- Build files have been written to: /home/arc/Documents/automatic_arc_melting_system/build/action_tutorials_cpp
[0.758s] [35m[1mScanning dependencies of target action_client[0m
[0.758s] [35m[1mScanning dependencies of target fibonacci_action_client[0m
[0.771s] [ 25%] Built target fibonacci_action_server
[0.773s] [ 50%] Built target action_server
[0.781s] [ 62%] [32mBuilding CXX object CMakeFiles/fibonacci_action_client.dir/rclcpp_components/node_main_fibonacci_action_client.cpp.o[0m
[0.785s] [ 75%] [32mBuilding CXX object CMakeFiles/action_client.dir/src/fibonacci_action_client.cpp.o[0m
[2.203s] [ 87%] [32m[1mLinking CXX executable fibonacci_action_client[0m
[2.287s] [ 87%] Built target fibonacci_action_client
[3.172s] [100%] [32m[1mLinking CXX shared library libaction_client.so[0m
[3.278s] [100%] Built target action_client
[3.285s] Invoked command in '/home/arc/Documents/automatic_arc_melting_system/build/action_tutorials_cpp' returned '0': AMENT_PREFIX_PATH=/home/arc/Documents/automatic_arc_melting_system/install/action_tutorials_interfaces:${AMENT_PREFIX_PATH} CMAKE_PREFIX_PATH=/home/arc/Documents/automatic_arc_melting_system/install/action_tutorials_interfaces:/opt/ros/foxy LD_LIBRARY_PATH=/home/arc/Documents/automatic_arc_melting_system/install/action_tutorials_interfaces/lib:${LD_LIBRARY_PATH} PYTHONPATH=/home/arc/Documents/automatic_arc_melting_system/install/action_tutorials_interfaces/lib/python3.8/site-packages:${PYTHONPATH} /usr/bin/cmake --build /home/arc/Documents/automatic_arc_melting_system/build/action_tutorials_cpp -- -j16 -l16
[3.306s] Invoking command in '/home/arc/Documents/automatic_arc_melting_system/build/action_tutorials_cpp': AMENT_PREFIX_PATH=/home/arc/Documents/automatic_arc_melting_system/install/action_tutorials_interfaces:${AMENT_PREFIX_PATH} CMAKE_PREFIX_PATH=/home/arc/Documents/automatic_arc_melting_system/install/action_tutorials_interfaces:/opt/ros/foxy LD_LIBRARY_PATH=/home/arc/Documents/automatic_arc_melting_system/install/action_tutorials_interfaces/lib:${LD_LIBRARY_PATH} PYTHONPATH=/home/arc/Documents/automatic_arc_melting_system/install/action_tutorials_interfaces/lib/python3.8/site-packages:${PYTHONPATH} /usr/bin/cmake --install /home/arc/Documents/automatic_arc_melting_system/build/action_tutorials_cpp
[3.312s] -- Install configuration: ""
[3.312s] -- Up-to-date: /home/arc/Documents/automatic_arc_melting_system/install/action_tutorials_cpp/lib/action_tutorials_cpp/fibonacci_action_server
[3.312s] -- Up-to-date: /home/arc/Documents/automatic_arc_melting_system/install/action_tutorials_cpp/lib/libaction_server.so
[3.312s] -- Installing: /home/arc/Documents/automatic_arc_melting_system/install/action_tutorials_cpp/lib/action_tutorials_cpp/fibonacci_action_client
[3.312s] -- Set runtime path of "/home/arc/Documents/automatic_arc_melting_system/install/action_tutorials_cpp/lib/action_tutorials_cpp/fibonacci_action_client" to ""
[3.313s] -- Installing: /home/arc/Documents/automatic_arc_melting_system/install/action_tutorials_cpp/lib/libaction_client.so
[3.313s] -- Set runtime path of "/home/arc/Documents/automatic_arc_melting_system/install/action_tutorials_cpp/lib/libaction_client.so" to ""
[3.313s] -- Up-to-date: /home/arc/Documents/automatic_arc_melting_system/install/action_tutorials_cpp/share/ament_index/resource_index/package_run_dependencies/action_tutorials_cpp
[3.314s] -- Up-to-date: /home/arc/Documents/automatic_arc_melting_system/install/action_tutorials_cpp/share/ament_index/resource_index/parent_prefix_path/action_tutorials_cpp
[3.314s] -- Up-to-date: /home/arc/Documents/automatic_arc_melting_system/install/action_tutorials_cpp/share/action_tutorials_cpp/environment/ament_prefix_path.sh
[3.314s] -- Installing: /home/arc/Documents/automatic_arc_melting_system/install/action_tutorials_cpp/share/action_tutorials_cpp/environment/ament_prefix_path.dsv
[3.314s] -- Up-to-date: /home/arc/Documents/automatic_arc_melting_system/install/action_tutorials_cpp/share/action_tutorials_cpp/environment/path.sh
[3.314s] -- Installing: /home/arc/Documents/automatic_arc_melting_system/install/action_tutorials_cpp/share/action_tutorials_cpp/environment/path.dsv
[3.314s] -- Up-to-date: /home/arc/Documents/automatic_arc_melting_system/install/action_tutorials_cpp/share/action_tutorials_cpp/local_setup.bash
[3.314s] -- Up-to-date: /home/arc/Documents/automatic_arc_melting_system/install/action_tutorials_cpp/share/action_tutorials_cpp/local_setup.sh
[3.314s] -- Up-to-date: /home/arc/Documents/automatic_arc_melting_system/install/action_tutorials_cpp/share/action_tutorials_cpp/local_setup.zsh
[3.314s] -- Installing: /home/arc/Documents/automatic_arc_melting_system/install/action_tutorials_cpp/share/action_tutorials_cpp/local_setup.dsv
[3.314s] -- Installing: /home/arc/Documents/automatic_arc_melting_system/install/action_tutorials_cpp/share/action_tutorials_cpp/package.dsv
[3.314s] -- Up-to-date: /home/arc/Documents/automatic_arc_melting_system/install/action_tutorials_cpp/share/ament_index/resource_index/packages/action_tutorials_cpp
[3.314s] -- Installing: /home/arc/Documents/automatic_arc_melting_system/install/action_tutorials_cpp/share/ament_index/resource_index/rclcpp_components/action_tutorials_cpp
[3.314s] -- Up-to-date: /home/arc/Documents/automatic_arc_melting_system/install/action_tutorials_cpp/share/action_tutorials_cpp/cmake/action_tutorials_cppConfig.cmake
[3.314s] -- Up-to-date: /home/arc/Documents/automatic_arc_melting_system/install/action_tutorials_cpp/share/action_tutorials_cpp/cmake/action_tutorials_cppConfig-version.cmake
[3.314s] -- Up-to-date: /home/arc/Documents/automatic_arc_melting_system/install/action_tutorials_cpp/share/action_tutorials_cpp/package.xml
[3.317s] Invoked command in '/home/arc/Documents/automatic_arc_melting_system/build/action_tutorials_cpp' returned '0': AMENT_PREFIX_PATH=/home/arc/Documents/automatic_arc_melting_system/install/action_tutorials_interfaces:${AMENT_PREFIX_PATH} CMAKE_PREFIX_PATH=/home/arc/Documents/automatic_arc_melting_system/install/action_tutorials_interfaces:/opt/ros/foxy LD_LIBRARY_PATH=/home/arc/Documents/automatic_arc_melting_system/install/action_tutorials_interfaces/lib:${LD_LIBRARY_PATH} PYTHONPATH=/home/arc/Documents/automatic_arc_melting_system/install/action_tutorials_interfaces/lib/python3.8/site-packages:${PYTHONPATH} /usr/bin/cmake --install /home/arc/Documents/automatic_arc_melting_system/build/action_tutorials_cpp
