[0.207s] Invoking command in '/home/arc/Documents/automatic_arc_melting_system/build/plc_control': CMAKE_PREFIX_PATH=/opt/ros/foxy /usr/bin/cmake --build /home/arc/Documents/automatic_arc_melting_system/build/plc_control -- -j16 -l16
[0.224s] -- Found ament_cmake: 0.9.9 (/opt/ros/foxy/share/ament_cmake/cmake)
[0.243s] -- Using PYTHON_EXECUTABLE: /usr/bin/python3
[0.387s] -- Found rclcpp: 2.4.1 (/opt/ros/foxy/share/rclcpp/cmake)
[0.413s] -- Using all available rosidl_typesupport_c: rosidl_typesupport_fastrtps_c;rosidl_typesupport_introspection_c
[0.417s] -- Found rosidl_adapter: 1.2.1 (/opt/ros/foxy/share/rosidl_adapter/cmake)
[0.530s] -- Using all available rosidl_typesupport_cpp: rosidl_typesupport_fastrtps_cpp;rosidl_typesupport_introspection_cpp
[0.563s] -- Found rmw_implementation_cmake: 1.0.3 (/opt/ros/foxy/share/rmw_implementation_cmake/cmake)
[0.563s] -- Using RMW implementation 'rmw_fastrtps_cpp' as default
[0.694s] -- Found msg_format: 0.0.0 (/home/arc/Documents/automatic_arc_melting_system/install/msg_format/share/msg_format/cmake)
[0.770s] -- Found ament_lint_auto: 0.9.6 (/opt/ros/foxy/share/ament_lint_auto/cmake)
[0.824s] -- Added test 'copyright' to check source files copyright and LICENSE
[0.825s] -- Added test 'cppcheck' to perform static code analysis on C / C++ code
[0.826s] -- Configured cppcheck include dirs: /home/arc/Documents/automatic_arc_melting_system/src/plc_control/include
[0.826s] -- Configured cppcheck exclude dirs and/or files: 
[0.826s] -- Added test 'cpplint' to check C / C++ code against the Google style
[0.826s] -- Configured cpplint exclude dirs and/or files: 
[0.827s] -- Added test 'lint_cmake' to check CMake code style
[0.827s] -- Added test 'uncrustify' to check C / C++ code style
[0.828s] -- Configured uncrustify additional arguments: 
[0.828s] -- Added test 'xmllint' to check XML markup files
[0.830s] -- Configuring done
[0.831s] CMake Error at CMakeLists.txt:27 (add_executable):
[0.831s]   Cannot find source file:
[0.831s] 
[0.831s]     src/plc_socket.cpp
[0.831s] 
[0.831s]   Tried extensions .c .C .c++ .cc .cpp .cxx .cu .m .M .mm .h .hh .h++ .hm
[0.831s]   .hpp .hxx .in .txx
[0.831s] 
[0.831s] 
[0.832s] CMake Error at CMakeLists.txt:27 (add_executable):
[0.832s]   No SOURCES given to target: PlcServer
[0.832s] 
[0.832s] 
[0.832s] CMake Generate step failed.  Build files cannot be regenerated correctly.
[0.838s] make: *** [Makefile:266: cmake_check_build_system] Error 1
[0.840s] Invoked command in '/home/arc/Documents/automatic_arc_melting_system/build/plc_control' returned '2': CMAKE_PREFIX_PATH=/opt/ros/foxy /usr/bin/cmake --build /home/arc/Documents/automatic_arc_melting_system/build/plc_control -- -j16 -l16
