[0.215s] Invoking command in '/home/arc/Documents/automatic_arc_melting_system/build/main_process': CMAKE_PREFIX_PATH=${CMAKE_PREFIX_PATH}:/home/arc/Documents/automatic_arc_melting_system/install/cobotta_bcap:/opt/ros/foxy /usr/bin/cmake --build /home/arc/Documents/automatic_arc_melting_system/build/main_process -- -j16 -l16
[0.244s] [35m[1mScanning dependencies of target MainProcess[0m
[0.267s] [ 50%] [32mBuilding CXX object CMakeFiles/MainProcess.dir/src/main_process.cpp.o[0m
[2.000s] [100%] [32m[1mLinking CXX executable MainProcess[0m
[2.090s] [100%] Built target MainProcess
[2.099s] Invoked command in '/home/arc/Documents/automatic_arc_melting_system/build/main_process' returned '0': CMAKE_PREFIX_PATH=${CMAKE_PREFIX_PATH}:/home/arc/Documents/automatic_arc_melting_system/install/cobotta_bcap:/opt/ros/foxy /usr/bin/cmake --build /home/arc/Documents/automatic_arc_melting_system/build/main_process -- -j16 -l16
[2.115s] Invoking command in '/home/arc/Documents/automatic_arc_melting_system/build/main_process': CMAKE_PREFIX_PATH=${CMAKE_PREFIX_PATH}:/home/arc/Documents/automatic_arc_melting_system/install/cobotta_bcap:/opt/ros/foxy /usr/bin/cmake --install /home/arc/Documents/automatic_arc_melting_system/build/main_process
[2.121s] -- Install configuration: ""
[2.121s] -- Installing: /home/arc/Documents/automatic_arc_melting_system/install/main_process/lib/main_process/MainProcess
[2.122s] -- Set runtime path of "/home/arc/Documents/automatic_arc_melting_system/install/main_process/lib/main_process/MainProcess" to ""
[2.122s] -- Up-to-date: /home/arc/Documents/automatic_arc_melting_system/install/main_process/share/ament_index/resource_index/package_run_dependencies/main_process
[2.122s] -- Up-to-date: /home/arc/Documents/automatic_arc_melting_system/install/main_process/share/ament_index/resource_index/parent_prefix_path/main_process
[2.122s] -- Up-to-date: /home/arc/Documents/automatic_arc_melting_system/install/main_process/share/main_process/environment/ament_prefix_path.sh
[2.122s] -- Up-to-date: /home/arc/Documents/automatic_arc_melting_system/install/main_process/share/main_process/environment/ament_prefix_path.dsv
[2.122s] -- Up-to-date: /home/arc/Documents/automatic_arc_melting_system/install/main_process/share/main_process/environment/path.sh
[2.122s] -- Up-to-date: /home/arc/Documents/automatic_arc_melting_system/install/main_process/share/main_process/environment/path.dsv
[2.122s] -- Up-to-date: /home/arc/Documents/automatic_arc_melting_system/install/main_process/share/main_process/local_setup.bash
[2.122s] -- Up-to-date: /home/arc/Documents/automatic_arc_melting_system/install/main_process/share/main_process/local_setup.sh
[2.122s] -- Up-to-date: /home/arc/Documents/automatic_arc_melting_system/install/main_process/share/main_process/local_setup.zsh
[2.122s] -- Up-to-date: /home/arc/Documents/automatic_arc_melting_system/install/main_process/share/main_process/local_setup.dsv
[2.122s] -- Installing: /home/arc/Documents/automatic_arc_melting_system/install/main_process/share/main_process/package.dsv
[2.123s] -- Up-to-date: /home/arc/Documents/automatic_arc_melting_system/install/main_process/share/ament_index/resource_index/packages/main_process
[2.123s] -- Up-to-date: /home/arc/Documents/automatic_arc_melting_system/install/main_process/share/main_process/cmake/main_processConfig.cmake
[2.123s] -- Up-to-date: /home/arc/Documents/automatic_arc_melting_system/install/main_process/share/main_process/cmake/main_processConfig-version.cmake
[2.123s] -- Up-to-date: /home/arc/Documents/automatic_arc_melting_system/install/main_process/share/main_process/package.xml
[2.126s] Invoked command in '/home/arc/Documents/automatic_arc_melting_system/build/main_process' returned '0': CMAKE_PREFIX_PATH=${CMAKE_PREFIX_PATH}:/home/arc/Documents/automatic_arc_melting_system/install/cobotta_bcap:/opt/ros/foxy /usr/bin/cmake --install /home/arc/Documents/automatic_arc_melting_system/build/main_process
