[0.020s] Invoking command in '/home/arc/Documents/automatic_arc_melting_system/build/cobotta_process': AMENT_PREFIX_PATH=/home/arc/Documents/automatic_arc_melting_system/install/tcp_format:${AMENT_PREFIX_PATH} CMAKE_PREFIX_PATH=/home/arc/Documents/automatic_arc_melting_system/install/tcp_format:/opt/ros/foxy LD_LIBRARY_PATH=/home/arc/Documents/automatic_arc_melting_system/install/tcp_format/lib:${LD_LIBRARY_PATH} PYTHONPATH=/home/arc/Documents/automatic_arc_melting_system/install/tcp_format/lib/python3.8/site-packages:${PYTHONPATH} /usr/bin/cmake --build /home/arc/Documents/automatic_arc_melting_system/build/cobotta_process -- -j16 -l16
[0.039s] -- Found ament_cmake: 0.9.9 (/opt/ros/foxy/share/ament_cmake/cmake)
[0.054s] -- Using PYTHON_EXECUTABLE: /usr/bin/python3
[0.184s] -- Found rclcpp: 2.4.1 (/opt/ros/foxy/share/rclcpp/cmake)
[0.211s] -- Using all available rosidl_typesupport_c: rosidl_typesupport_fastrtps_c;rosidl_typesupport_introspection_c
[0.214s] -- Found rosidl_adapter: 1.2.1 (/opt/ros/foxy/share/rosidl_adapter/cmake)
[0.295s] -- Using all available rosidl_typesupport_cpp: rosidl_typesupport_fastrtps_cpp;rosidl_typesupport_introspection_cpp
[0.332s] -- Found rmw_implementation_cmake: 1.0.3 (/opt/ros/foxy/share/rmw_implementation_cmake/cmake)
[0.333s] -- Using RMW implementation 'rmw_fastrtps_cpp' as default
[0.444s] -- Found tcp_format: 0.0.0 (/home/arc/Documents/automatic_arc_melting_system/install/tcp_format/share/tcp_format/cmake)
[0.451s] -- Found ament_lint_auto: 0.9.6 (/opt/ros/foxy/share/ament_lint_auto/cmake)
[0.518s] -- Added test 'copyright' to check source files copyright and LICENSE
[0.519s] -- Added test 'cppcheck' to perform static code analysis on C / C++ code
[0.519s] -- Configured cppcheck include dirs: 
[0.519s] -- Configured cppcheck exclude dirs and/or files: 
[0.519s] -- Added test 'cpplint' to check C / C++ code against the Google style
[0.519s] -- Configured cpplint exclude dirs and/or files: 
[0.520s] -- Added test 'lint_cmake' to check CMake code style
[0.520s] -- Added test 'uncrustify' to check C / C++ code style
[0.520s] -- Configured uncrustify additional arguments: 
[0.520s] -- Added test 'xmllint' to check XML markup files
[0.522s] -- Configuring done
[0.529s] -- Generating done
[0.530s] -- Build files have been written to: /home/arc/Documents/automatic_arc_melting_system/build/cobotta_process
[0.547s] [35m[1mScanning dependencies of target client[0m
[0.565s] [ 50%] [32mBuilding CXX object CMakeFiles/client.dir/src/cobotta_io.cpp.o[0m
[2.435s] [100%] [32m[1mLinking CXX executable client[0m
[2.547s] [100%] Built target client
[2.557s] Invoked command in '/home/arc/Documents/automatic_arc_melting_system/build/cobotta_process' returned '0': AMENT_PREFIX_PATH=/home/arc/Documents/automatic_arc_melting_system/install/tcp_format:${AMENT_PREFIX_PATH} CMAKE_PREFIX_PATH=/home/arc/Documents/automatic_arc_melting_system/install/tcp_format:/opt/ros/foxy LD_LIBRARY_PATH=/home/arc/Documents/automatic_arc_melting_system/install/tcp_format/lib:${LD_LIBRARY_PATH} PYTHONPATH=/home/arc/Documents/automatic_arc_melting_system/install/tcp_format/lib/python3.8/site-packages:${PYTHONPATH} /usr/bin/cmake --build /home/arc/Documents/automatic_arc_melting_system/build/cobotta_process -- -j16 -l16
[2.575s] Invoking command in '/home/arc/Documents/automatic_arc_melting_system/build/cobotta_process': AMENT_PREFIX_PATH=/home/arc/Documents/automatic_arc_melting_system/install/tcp_format:${AMENT_PREFIX_PATH} CMAKE_PREFIX_PATH=/home/arc/Documents/automatic_arc_melting_system/install/tcp_format:/opt/ros/foxy LD_LIBRARY_PATH=/home/arc/Documents/automatic_arc_melting_system/install/tcp_format/lib:${LD_LIBRARY_PATH} PYTHONPATH=/home/arc/Documents/automatic_arc_melting_system/install/tcp_format/lib/python3.8/site-packages:${PYTHONPATH} /usr/bin/cmake --install /home/arc/Documents/automatic_arc_melting_system/build/cobotta_process
[2.581s] -- Install configuration: ""
[2.582s] -- Installing: /home/arc/Documents/automatic_arc_melting_system/install/cobotta_process/lib/cobotta_process/client
[2.582s] -- Set runtime path of "/home/arc/Documents/automatic_arc_melting_system/install/cobotta_process/lib/cobotta_process/client" to ""
[2.582s] -- Up-to-date: /home/arc/Documents/automatic_arc_melting_system/install/cobotta_process/share/ament_index/resource_index/package_run_dependencies/cobotta_process
[2.582s] -- Up-to-date: /home/arc/Documents/automatic_arc_melting_system/install/cobotta_process/share/ament_index/resource_index/parent_prefix_path/cobotta_process
[2.582s] -- Up-to-date: /home/arc/Documents/automatic_arc_melting_system/install/cobotta_process/share/cobotta_process/environment/ament_prefix_path.sh
[2.582s] -- Installing: /home/arc/Documents/automatic_arc_melting_system/install/cobotta_process/share/cobotta_process/environment/ament_prefix_path.dsv
[2.583s] -- Up-to-date: /home/arc/Documents/automatic_arc_melting_system/install/cobotta_process/share/cobotta_process/environment/path.sh
[2.583s] -- Installing: /home/arc/Documents/automatic_arc_melting_system/install/cobotta_process/share/cobotta_process/environment/path.dsv
[2.583s] -- Up-to-date: /home/arc/Documents/automatic_arc_melting_system/install/cobotta_process/share/cobotta_process/local_setup.bash
[2.583s] -- Up-to-date: /home/arc/Documents/automatic_arc_melting_system/install/cobotta_process/share/cobotta_process/local_setup.sh
[2.583s] -- Up-to-date: /home/arc/Documents/automatic_arc_melting_system/install/cobotta_process/share/cobotta_process/local_setup.zsh
[2.583s] -- Installing: /home/arc/Documents/automatic_arc_melting_system/install/cobotta_process/share/cobotta_process/local_setup.dsv
[2.583s] -- Installing: /home/arc/Documents/automatic_arc_melting_system/install/cobotta_process/share/cobotta_process/package.dsv
[2.583s] -- Up-to-date: /home/arc/Documents/automatic_arc_melting_system/install/cobotta_process/share/ament_index/resource_index/packages/cobotta_process
[2.584s] -- Up-to-date: /home/arc/Documents/automatic_arc_melting_system/install/cobotta_process/share/cobotta_process/cmake/cobotta_processConfig.cmake
[2.584s] -- Up-to-date: /home/arc/Documents/automatic_arc_melting_system/install/cobotta_process/share/cobotta_process/cmake/cobotta_processConfig-version.cmake
[2.586s] -- Up-to-date: /home/arc/Documents/automatic_arc_melting_system/install/cobotta_process/share/cobotta_process/package.xml
[2.587s] Invoked command in '/home/arc/Documents/automatic_arc_melting_system/build/cobotta_process' returned '0': AMENT_PREFIX_PATH=/home/arc/Documents/automatic_arc_melting_system/install/tcp_format:${AMENT_PREFIX_PATH} CMAKE_PREFIX_PATH=/home/arc/Documents/automatic_arc_melting_system/install/tcp_format:/opt/ros/foxy LD_LIBRARY_PATH=/home/arc/Documents/automatic_arc_melting_system/install/tcp_format/lib:${LD_LIBRARY_PATH} PYTHONPATH=/home/arc/Documents/automatic_arc_melting_system/install/tcp_format/lib/python3.8/site-packages:${PYTHONPATH} /usr/bin/cmake --install /home/arc/Documents/automatic_arc_melting_system/build/cobotta_process
