[0.008s] Invoking command in '/home/arc/Documents/automatic_arc_melting_system/build/action_tutorials_cpp': AMENT_PREFIX_PATH=/home/arc/Documents/automatic_arc_melting_system/install/action_tutorials_interfaces:${AMENT_PREFIX_PATH} CMAKE_PREFIX_PATH=/home/arc/Documents/automatic_arc_melting_system/install/action_tutorials_interfaces:/opt/ros/foxy CONDA_PROMPT_MODIFIER=(base) LD_LIBRARY_PATH=/home/arc/Documents/automatic_arc_melting_system/install/action_tutorials_interfaces/lib:${LD_LIBRARY_PATH} PYTHONPATH=/home/arc/Documents/automatic_arc_melting_system/install/action_tutorials_interfaces/lib/python3.8/site-packages:${PYTHONPATH} /usr/bin/cmake /home/arc/Documents/automatic_arc_melting_system/src/action_tutorials_cpp -DCMAKE_INSTALL_PREFIX=/home/arc/Documents/automatic_arc_melting_system/install/action_tutorials_cpp
[0.048s] -- The C compiler identification is GNU 9.4.0
[0.085s] -- The CXX compiler identification is GNU 9.4.0
[0.088s] -- Check for working C compiler: /usr/bin/cc
[0.138s] -- Check for working C compiler: /usr/bin/cc -- works
[0.138s] -- Detecting C compiler ABI info
[0.185s] -- Detecting C compiler ABI info - done
[0.192s] -- Detecting C compile features
[0.192s] -- Detecting C compile features - done
[0.194s] -- Check for working CXX compiler: /usr/bin/c++
[0.254s] -- Check for working CXX compiler: /usr/bin/c++ -- works
[0.254s] -- Detecting CXX compiler ABI info
[0.307s] -- Detecting CXX compiler ABI info - done
[0.316s] -- Detecting CXX compile features
[0.316s] -- Detecting CXX compile features - done
[0.317s] -- Found ament_cmake: 0.9.9 (/opt/ros/foxy/share/ament_cmake/cmake)
[0.341s] -- Found PythonInterp: /home/wilson/anaconda3/bin/python3 (found suitable version "3.9.12", minimum required is "3") 
[0.341s] -- Using PYTHON_EXECUTABLE: /home/wilson/anaconda3/bin/python3
[0.536s] -- Found action_tutorials_interfaces: 0.0.0 (/home/arc/Documents/automatic_arc_melting_system/install/action_tutorials_interfaces/share/action_tutorials_interfaces/cmake)
[0.556s] -- Using all available rosidl_typesupport_c: rosidl_typesupport_fastrtps_c;rosidl_typesupport_introspection_c
[0.560s] -- Found rosidl_adapter: 1.2.1 (/opt/ros/foxy/share/rosidl_adapter/cmake)
[0.607s] -- Found OpenSSL: /usr/lib/x86_64-linux-gnu/libcrypto.so (found version "1.1.1f")  
[0.626s] -- Found FastRTPS: /opt/ros/foxy/include  
[0.679s] -- Using all available rosidl_typesupport_cpp: rosidl_typesupport_fastrtps_cpp;rosidl_typesupport_introspection_cpp
[0.770s] -- Found rclcpp: 2.4.1 (/opt/ros/foxy/share/rclcpp/cmake)
[0.800s] -- Found rmw_implementation_cmake: 1.0.3 (/opt/ros/foxy/share/rmw_implementation_cmake/cmake)
[0.801s] -- Using RMW implementation 'rmw_fastrtps_cpp' as default
[0.801s] -- Looking for pthread.h
[0.848s] -- Looking for pthread.h - found
[0.848s] -- Performing Test CMAKE_HAVE_LIBC_PTHREAD
[0.897s] -- Performing Test CMAKE_HAVE_LIBC_PTHREAD - Failed
[0.897s] -- Looking for pthread_create in pthreads
[0.935s] -- Looking for pthread_create in pthreads - not found
[0.935s] -- Looking for pthread_create in pthread
[0.981s] -- Looking for pthread_create in pthread - found
[0.982s] -- Found Threads: TRUE  
[1.102s] -- Found rclcpp_action: 2.4.1 (/opt/ros/foxy/share/rclcpp_action/cmake)
[1.128s] -- Found rclcpp_components: 2.4.1 (/opt/ros/foxy/share/rclcpp_components/cmake)
[1.176s] -- Found ament_lint_auto: 0.9.6 (/opt/ros/foxy/share/ament_lint_auto/cmake)
[1.273s] -- Added test 'copyright' to check source files copyright and LICENSE
[1.274s] -- Added test 'cppcheck' to perform static code analysis on C / C++ code
[1.274s] -- Configured cppcheck include dirs: $<BUILD_INTERFACE:/home/arc/Documents/automatic_arc_melting_system/src/action_tutorials_cpp/include>
[1.275s] -- Configured cppcheck exclude dirs and/or files: 
[1.275s] -- Added test 'cpplint' to check C / C++ code against the Google style
[1.275s] -- Configured cpplint exclude dirs and/or files: 
[1.275s] -- Added test 'lint_cmake' to check CMake code style
[1.276s] -- Added test 'uncrustify' to check C / C++ code style
[1.276s] -- Configured uncrustify additional arguments: 
[1.276s] -- Added test 'xmllint' to check XML markup files
[1.278s] -- Configuring done
[1.287s] -- Generating done
[1.288s] -- Build files have been written to: /home/arc/Documents/automatic_arc_melting_system/build/action_tutorials_cpp
[1.294s] Invoked command in '/home/arc/Documents/automatic_arc_melting_system/build/action_tutorials_cpp' returned '0': AMENT_PREFIX_PATH=/home/arc/Documents/automatic_arc_melting_system/install/action_tutorials_interfaces:${AMENT_PREFIX_PATH} CMAKE_PREFIX_PATH=/home/arc/Documents/automatic_arc_melting_system/install/action_tutorials_interfaces:/opt/ros/foxy CONDA_PROMPT_MODIFIER=(base) LD_LIBRARY_PATH=/home/arc/Documents/automatic_arc_melting_system/install/action_tutorials_interfaces/lib:${LD_LIBRARY_PATH} PYTHONPATH=/home/arc/Documents/automatic_arc_melting_system/install/action_tutorials_interfaces/lib/python3.8/site-packages:${PYTHONPATH} /usr/bin/cmake /home/arc/Documents/automatic_arc_melting_system/src/action_tutorials_cpp -DCMAKE_INSTALL_PREFIX=/home/arc/Documents/automatic_arc_melting_system/install/action_tutorials_cpp
[1.295s] Invoking command in '/home/arc/Documents/automatic_arc_melting_system/build/action_tutorials_cpp': AMENT_PREFIX_PATH=/home/arc/Documents/automatic_arc_melting_system/install/action_tutorials_interfaces:${AMENT_PREFIX_PATH} CMAKE_PREFIX_PATH=/home/arc/Documents/automatic_arc_melting_system/install/action_tutorials_interfaces:/opt/ros/foxy CONDA_PROMPT_MODIFIER=(base) LD_LIBRARY_PATH=/home/arc/Documents/automatic_arc_melting_system/install/action_tutorials_interfaces/lib:${LD_LIBRARY_PATH} PYTHONPATH=/home/arc/Documents/automatic_arc_melting_system/install/action_tutorials_interfaces/lib/python3.8/site-packages:${PYTHONPATH} /usr/bin/cmake --build /home/arc/Documents/automatic_arc_melting_system/build/action_tutorials_cpp -- -j16 -l16
[1.322s] [35m[1mScanning dependencies of target action_server[0m
[1.322s] [35m[1mScanning dependencies of target fibonacci_action_server[0m
[1.345s] [ 25%] [32mBuilding CXX object CMakeFiles/fibonacci_action_server.dir/rclcpp_components/node_main_fibonacci_action_server.cpp.o[0m
[1.349s] [ 50%] [32mBuilding CXX object CMakeFiles/action_server.dir/src/fibonacci_action_server.cpp.o[0m
[2.776s] [ 75%] [32m[1mLinking CXX executable fibonacci_action_server[0m
[2.860s] [ 75%] Built target fibonacci_action_server
[3.516s] [100%] [32m[1mLinking CXX shared library libaction_server.so[0m
[3.618s] [100%] Built target action_server
[3.626s] Invoked command in '/home/arc/Documents/automatic_arc_melting_system/build/action_tutorials_cpp' returned '0': AMENT_PREFIX_PATH=/home/arc/Documents/automatic_arc_melting_system/install/action_tutorials_interfaces:${AMENT_PREFIX_PATH} CMAKE_PREFIX_PATH=/home/arc/Documents/automatic_arc_melting_system/install/action_tutorials_interfaces:/opt/ros/foxy CONDA_PROMPT_MODIFIER=(base) LD_LIBRARY_PATH=/home/arc/Documents/automatic_arc_melting_system/install/action_tutorials_interfaces/lib:${LD_LIBRARY_PATH} PYTHONPATH=/home/arc/Documents/automatic_arc_melting_system/install/action_tutorials_interfaces/lib/python3.8/site-packages:${PYTHONPATH} /usr/bin/cmake --build /home/arc/Documents/automatic_arc_melting_system/build/action_tutorials_cpp -- -j16 -l16
[3.643s] Invoking command in '/home/arc/Documents/automatic_arc_melting_system/build/action_tutorials_cpp': AMENT_PREFIX_PATH=/home/arc/Documents/automatic_arc_melting_system/install/action_tutorials_interfaces:${AMENT_PREFIX_PATH} CMAKE_PREFIX_PATH=/home/arc/Documents/automatic_arc_melting_system/install/action_tutorials_interfaces:/opt/ros/foxy CONDA_PROMPT_MODIFIER=(base) LD_LIBRARY_PATH=/home/arc/Documents/automatic_arc_melting_system/install/action_tutorials_interfaces/lib:${LD_LIBRARY_PATH} PYTHONPATH=/home/arc/Documents/automatic_arc_melting_system/install/action_tutorials_interfaces/lib/python3.8/site-packages:${PYTHONPATH} /usr/bin/cmake --install /home/arc/Documents/automatic_arc_melting_system/build/action_tutorials_cpp
[3.649s] -- Install configuration: ""
[3.649s] -- Installing: /home/arc/Documents/automatic_arc_melting_system/install/action_tutorials_cpp/lib/action_tutorials_cpp/fibonacci_action_server
[3.649s] -- Set runtime path of "/home/arc/Documents/automatic_arc_melting_system/install/action_tutorials_cpp/lib/action_tutorials_cpp/fibonacci_action_server" to ""
[3.649s] -- Installing: /home/arc/Documents/automatic_arc_melting_system/install/action_tutorials_cpp/lib/libaction_server.so
[3.650s] -- Set runtime path of "/home/arc/Documents/automatic_arc_melting_system/install/action_tutorials_cpp/lib/libaction_server.so" to ""
[3.650s] -- Installing: /home/arc/Documents/automatic_arc_melting_system/install/action_tutorials_cpp/share/ament_index/resource_index/package_run_dependencies/action_tutorials_cpp
[3.650s] -- Installing: /home/arc/Documents/automatic_arc_melting_system/install/action_tutorials_cpp/share/ament_index/resource_index/parent_prefix_path/action_tutorials_cpp
[3.650s] -- Installing: /home/arc/Documents/automatic_arc_melting_system/install/action_tutorials_cpp/share/action_tutorials_cpp/environment/ament_prefix_path.sh
[3.650s] -- Installing: /home/arc/Documents/automatic_arc_melting_system/install/action_tutorials_cpp/share/action_tutorials_cpp/environment/ament_prefix_path.dsv
[3.650s] -- Installing: /home/arc/Documents/automatic_arc_melting_system/install/action_tutorials_cpp/share/action_tutorials_cpp/environment/path.sh
[3.650s] -- Installing: /home/arc/Documents/automatic_arc_melting_system/install/action_tutorials_cpp/share/action_tutorials_cpp/environment/path.dsv
[3.650s] -- Installing: /home/arc/Documents/automatic_arc_melting_system/install/action_tutorials_cpp/share/action_tutorials_cpp/local_setup.bash
[3.650s] -- Installing: /home/arc/Documents/automatic_arc_melting_system/install/action_tutorials_cpp/share/action_tutorials_cpp/local_setup.sh
[3.651s] -- Installing: /home/arc/Documents/automatic_arc_melting_system/install/action_tutorials_cpp/share/action_tutorials_cpp/local_setup.zsh
[3.651s] -- Installing: /home/arc/Documents/automatic_arc_melting_system/install/action_tutorials_cpp/share/action_tutorials_cpp/local_setup.dsv
[3.651s] -- Installing: /home/arc/Documents/automatic_arc_melting_system/install/action_tutorials_cpp/share/action_tutorials_cpp/package.dsv
[3.651s] -- Installing: /home/arc/Documents/automatic_arc_melting_system/install/action_tutorials_cpp/share/ament_index/resource_index/packages/action_tutorials_cpp
[3.651s] -- Installing: /home/arc/Documents/automatic_arc_melting_system/install/action_tutorials_cpp/share/ament_index/resource_index/rclcpp_components/action_tutorials_cpp
[3.651s] -- Installing: /home/arc/Documents/automatic_arc_melting_system/install/action_tutorials_cpp/share/action_tutorials_cpp/cmake/action_tutorials_cppConfig.cmake
[3.651s] -- Installing: /home/arc/Documents/automatic_arc_melting_system/install/action_tutorials_cpp/share/action_tutorials_cpp/cmake/action_tutorials_cppConfig-version.cmake
[3.651s] -- Installing: /home/arc/Documents/automatic_arc_melting_system/install/action_tutorials_cpp/share/action_tutorials_cpp/package.xml
[3.653s] Invoked command in '/home/arc/Documents/automatic_arc_melting_system/build/action_tutorials_cpp' returned '0': AMENT_PREFIX_PATH=/home/arc/Documents/automatic_arc_melting_system/install/action_tutorials_interfaces:${AMENT_PREFIX_PATH} CMAKE_PREFIX_PATH=/home/arc/Documents/automatic_arc_melting_system/install/action_tutorials_interfaces:/opt/ros/foxy CONDA_PROMPT_MODIFIER=(base) LD_LIBRARY_PATH=/home/arc/Documents/automatic_arc_melting_system/install/action_tutorials_interfaces/lib:${LD_LIBRARY_PATH} PYTHONPATH=/home/arc/Documents/automatic_arc_melting_system/install/action_tutorials_interfaces/lib/python3.8/site-packages:${PYTHONPATH} /usr/bin/cmake --install /home/arc/Documents/automatic_arc_melting_system/build/action_tutorials_cpp
