[0.013s] Invoking command in '/home/arc/Documents/automatic_arc_melting_system/build/cobotta_bcap': CMAKE_PREFIX_PATH=${CMAKE_PREFIX_PATH}:/opt/ros/foxy /usr/bin/cmake /home/arc/Documents/automatic_arc_melting_system/src/cobotta_bcap -DCMAKE_INSTALL_PREFIX=/home/arc/Documents/automatic_arc_melting_system/install/cobotta_bcap
[0.049s] -- The C compiler identification is GNU 9.4.0
[0.083s] -- The CXX compiler identification is GNU 9.4.0
[0.086s] -- Check for working C compiler: /usr/bin/cc
[0.128s] -- Check for working C compiler: /usr/bin/cc -- works
[0.128s] -- Detecting C compiler ABI info
[0.169s] -- Detecting C compiler ABI info - done
[0.177s] -- Detecting C compile features
[0.177s] -- Detecting C compile features - done
[0.179s] -- Check for working CXX compiler: /usr/bin/c++
[0.230s] -- Check for working CXX compiler: /usr/bin/c++ -- works
[0.231s] -- Detecting CXX compiler ABI info
[0.279s] -- Detecting CXX compiler ABI info - done
[0.288s] -- Detecting CXX compile features
[0.288s] -- Detecting CXX compile features - done
[0.289s] -- Found ament_cmake: 0.9.9 (/opt/ros/foxy/share/ament_cmake/cmake)
[0.304s] -- Found PythonInterp: /usr/bin/python3 (found suitable version "3.8.10", minimum required is "3") 
[0.304s] -- Using PYTHON_EXECUTABLE: /usr/bin/python3
[0.433s] -- Found ament_lint_auto: 0.9.6 (/opt/ros/foxy/share/ament_lint_auto/cmake)
[0.481s] -- Added test 'copyright' to check source files copyright and LICENSE
[0.482s] -- Added test 'lint_cmake' to check CMake code style
[0.483s] -- Added test 'xmllint' to check XML markup files
[0.485s] -- Configuring done
[0.487s] -- Generating done
[0.488s] -- Build files have been written to: /home/arc/Documents/automatic_arc_melting_system/build/cobotta_bcap
[0.491s] Invoked command in '/home/arc/Documents/automatic_arc_melting_system/build/cobotta_bcap' returned '0': CMAKE_PREFIX_PATH=${CMAKE_PREFIX_PATH}:/opt/ros/foxy /usr/bin/cmake /home/arc/Documents/automatic_arc_melting_system/src/cobotta_bcap -DCMAKE_INSTALL_PREFIX=/home/arc/Documents/automatic_arc_melting_system/install/cobotta_bcap
[0.493s] Invoking command in '/home/arc/Documents/automatic_arc_melting_system/build/cobotta_bcap': CMAKE_PREFIX_PATH=${CMAKE_PREFIX_PATH}:/opt/ros/foxy /usr/bin/cmake --build /home/arc/Documents/automatic_arc_melting_system/build/cobotta_bcap -- -j16 -l16
[0.518s] Invoked command in '/home/arc/Documents/automatic_arc_melting_system/build/cobotta_bcap' returned '0': CMAKE_PREFIX_PATH=${CMAKE_PREFIX_PATH}:/opt/ros/foxy /usr/bin/cmake --build /home/arc/Documents/automatic_arc_melting_system/build/cobotta_bcap -- -j16 -l16
[0.533s] Invoking command in '/home/arc/Documents/automatic_arc_melting_system/build/cobotta_bcap': CMAKE_PREFIX_PATH=${CMAKE_PREFIX_PATH}:/opt/ros/foxy /usr/bin/cmake --install /home/arc/Documents/automatic_arc_melting_system/build/cobotta_bcap
[0.539s] -- Install configuration: ""
[0.539s] -- Installing: /home/arc/Documents/automatic_arc_melting_system/install/cobotta_bcap/share/ament_index/resource_index/package_run_dependencies/cobotta_bcap
[0.539s] -- Installing: /home/arc/Documents/automatic_arc_melting_system/install/cobotta_bcap/share/ament_index/resource_index/parent_prefix_path/cobotta_bcap
[0.539s] -- Installing: /home/arc/Documents/automatic_arc_melting_system/install/cobotta_bcap/share/cobotta_bcap/environment/ament_prefix_path.sh
[0.539s] -- Installing: /home/arc/Documents/automatic_arc_melting_system/install/cobotta_bcap/share/cobotta_bcap/environment/ament_prefix_path.dsv
[0.539s] -- Installing: /home/arc/Documents/automatic_arc_melting_system/install/cobotta_bcap/share/cobotta_bcap/environment/path.sh
[0.539s] -- Installing: /home/arc/Documents/automatic_arc_melting_system/install/cobotta_bcap/share/cobotta_bcap/environment/path.dsv
[0.539s] -- Installing: /home/arc/Documents/automatic_arc_melting_system/install/cobotta_bcap/share/cobotta_bcap/local_setup.bash
[0.540s] -- Installing: /home/arc/Documents/automatic_arc_melting_system/install/cobotta_bcap/share/cobotta_bcap/local_setup.sh
[0.540s] -- Installing: /home/arc/Documents/automatic_arc_melting_system/install/cobotta_bcap/share/cobotta_bcap/local_setup.zsh
[0.540s] -- Installing: /home/arc/Documents/automatic_arc_melting_system/install/cobotta_bcap/share/cobotta_bcap/local_setup.dsv
[0.540s] -- Installing: /home/arc/Documents/automatic_arc_melting_system/install/cobotta_bcap/share/cobotta_bcap/package.dsv
[0.540s] -- Installing: /home/arc/Documents/automatic_arc_melting_system/install/cobotta_bcap/share/ament_index/resource_index/packages/cobotta_bcap
[0.540s] -- Installing: /home/arc/Documents/automatic_arc_melting_system/install/cobotta_bcap/share/cobotta_bcap/cmake/cobotta_bcapConfig.cmake
[0.540s] -- Installing: /home/arc/Documents/automatic_arc_melting_system/install/cobotta_bcap/share/cobotta_bcap/cmake/cobotta_bcapConfig-version.cmake
[0.540s] -- Installing: /home/arc/Documents/automatic_arc_melting_system/install/cobotta_bcap/share/cobotta_bcap/package.xml
[0.543s] Invoked command in '/home/arc/Documents/automatic_arc_melting_system/build/cobotta_bcap' returned '0': CMAKE_PREFIX_PATH=${CMAKE_PREFIX_PATH}:/opt/ros/foxy /usr/bin/cmake --install /home/arc/Documents/automatic_arc_melting_system/build/cobotta_bcap
