[35m[1mScanning dependencies of target client[0m
[ 50%] [32mBuilding CXX object CMakeFiles/client.dir/src/cobotta_io.cpp.o[0m
[01m[K/home/arc/Documents/automatic_arc_melting_system/src/cobotta_process/src/cobotta_io.cpp:[m[K In function ‘[01m[Kint main(int, char**)[m[K’:
[01m[K/home/arc/Documents/automatic_arc_melting_system/src/cobotta_process/src/cobotta_io.cpp:72:8:[m[K [01;31m[Kerror: [m[Kconflicting declaration ‘[01m[Kauto result[m[K’
   72 |   auto [01;31m[Kresult[m[K = client->async_send_request(request);
      |        [01;31m[K^~~~~~[m[K
[01m[K/home/arc/Documents/automatic_arc_melting_system/src/cobotta_process/src/cobotta_io.cpp:46:8:[m[K [01;36m[Knote: [m[Kprevious declaration as ‘[01m[Kstd::shared_future<std::shared_ptr<tcp_format::srv::SocketFormat_Response_<std::allocator<void> > > > result[m[K’
   46 |   auto [01;36m[Kresult[m[K = client->async_send_request(request);
      |        [01;36m[K^~~~~~[m[K
[01m[K/home/arc/Documents/automatic_arc_melting_system/src/cobotta_process/src/cobotta_io.cpp:74:7:[m[K [01;31m[Kerror: [m[Kredeclaration of ‘[01m[Kint socket_fd[m[K’
   74 |   int [01;31m[Ksocket_fd[m[K = 0;
      |       [01;31m[K^~~~~~~~~[m[K
[01m[K/home/arc/Documents/automatic_arc_melting_system/src/cobotta_process/src/cobotta_io.cpp:48:7:[m[K [01;36m[Knote: [m[K‘[01m[Kint socket_fd[m[K’ previously declared here
   48 |   int [01;36m[Ksocket_fd[m[K = 0;
      |       [01;36m[K^~~~~~~~~[m[K
[01m[K/home/arc/Documents/automatic_arc_melting_system/src/cobotta_process/src/cobotta_io.cpp:98:8:[m[K [01;31m[Kerror: [m[Kconflicting declaration ‘[01m[Kauto result[m[K’
   98 |   auto [01;31m[Kresult[m[K = client->async_send_request(request);
      |        [01;31m[K^~~~~~[m[K
[01m[K/home/arc/Documents/automatic_arc_melting_system/src/cobotta_process/src/cobotta_io.cpp:46:8:[m[K [01;36m[Knote: [m[Kprevious declaration as ‘[01m[Kstd::shared_future<std::shared_ptr<tcp_format::srv::SocketFormat_Response_<std::allocator<void> > > > result[m[K’
   46 |   auto [01;36m[Kresult[m[K = client->async_send_request(request);
      |        [01;36m[K^~~~~~[m[K
[01m[K/home/arc/Documents/automatic_arc_melting_system/src/cobotta_process/src/cobotta_io.cpp:100:7:[m[K [01;31m[Kerror: [m[Kredeclaration of ‘[01m[Kint socket_fd[m[K’
  100 |   int [01;31m[Ksocket_fd[m[K = 0;
      |       [01;31m[K^~~~~~~~~[m[K
[01m[K/home/arc/Documents/automatic_arc_melting_system/src/cobotta_process/src/cobotta_io.cpp:48:7:[m[K [01;36m[Knote: [m[K‘[01m[Kint socket_fd[m[K’ previously declared here
   48 |   int [01;36m[Ksocket_fd[m[K = 0;
      |       [01;36m[K^~~~~~~~~[m[K
make[2]: *** [CMakeFiles/client.dir/build.make:63: CMakeFiles/client.dir/src/cobotta_io.cpp.o] Error 1
make[1]: *** [CMakeFiles/Makefile2:78: CMakeFiles/client.dir/all] Error 2
make: *** [Makefile:141: all] Error 2
