[0.194s] Invoking command in '/home/arc/Documents/automatic_arc_melting_system/build/plc_control': CMAKE_PREFIX_PATH=/opt/ros/foxy /usr/bin/cmake --build /home/arc/Documents/automatic_arc_melting_system/build/plc_control -- -j16 -l16
[0.211s] -- Found ament_cmake: 0.9.9 (/opt/ros/foxy/share/ament_cmake/cmake)
[0.226s] -- Using PYTHON_EXECUTABLE: /usr/bin/python3
[0.390s] -- Found rclcpp: 2.4.1 (/opt/ros/foxy/share/rclcpp/cmake)
[0.415s] -- Using all available rosidl_typesupport_c: rosidl_typesupport_fastrtps_c;rosidl_typesupport_introspection_c
[0.418s] -- Found rosidl_adapter: 1.2.1 (/opt/ros/foxy/share/rosidl_adapter/cmake)
[0.554s] -- Using all available rosidl_typesupport_cpp: rosidl_typesupport_fastrtps_cpp;rosidl_typesupport_introspection_cpp
[0.596s] -- Found rmw_implementation_cmake: 1.0.3 (/opt/ros/foxy/share/rmw_implementation_cmake/cmake)
[0.596s] -- Using RMW implementation 'rmw_fastrtps_cpp' as default
[0.682s] -- Found msg_format: 0.0.0 (/home/arc/Documents/automatic_arc_melting_system/install/msg_format/share/msg_format/cmake)
[0.758s] -- Found ament_lint_auto: 0.9.6 (/opt/ros/foxy/share/ament_lint_auto/cmake)
[0.807s] -- Added test 'copyright' to check source files copyright and LICENSE
[0.808s] -- Added test 'cppcheck' to perform static code analysis on C / C++ code
[0.808s] -- Configured cppcheck include dirs: /home/arc/Documents/automatic_arc_melting_system/src/plc_control/include
[0.808s] -- Configured cppcheck exclude dirs and/or files: 
[0.808s] -- Added test 'cpplint' to check C / C++ code against the Google style
[0.808s] -- Configured cpplint exclude dirs and/or files: 
[0.809s] -- Added test 'lint_cmake' to check CMake code style
[0.809s] -- Added test 'uncrustify' to check C / C++ code style
[0.809s] -- Configured uncrustify additional arguments: 
[0.809s] -- Added test 'xmllint' to check XML markup files
[0.811s] -- Configuring done
[0.817s] -- Generating done
[0.818s] -- Build files have been written to: /home/arc/Documents/automatic_arc_melting_system/build/plc_control
[0.847s] [ 50%] [32m[1mLinking CXX executable PlcServer[0m
[0.920s] /usr/bin/ld: CMakeFiles/PlcServer.dir/src/plc_server.cpp.o: in function `plc_main(std::shared_ptr<msg_format::srv::PlcFormat_Request_<std::allocator<void> > >, std::shared_ptr<msg_format::srv::PlcFormat_Response_<std::allocator<void> > >)':
[0.920s] plc_server.cpp:(.text+0x412): undefined reference to `plc_socket::plc_socket(std::__cxx11::basic_string<char, std::char_traits<char>, std::allocator<char> >, int)'
[0.920s] /usr/bin/ld: plc_server.cpp:(.text+0x479): undefined reference to `plc_socket::write(char*)'
[0.920s] /usr/bin/ld: plc_server.cpp:(.text+0x4a0): undefined reference to `plc_socket::receive(char*)'
[0.920s] /usr/bin/ld: plc_server.cpp:(.text+0x4af): undefined reference to `plc_socket::end()'
[0.920s] collect2: error: ld returned 1 exit status
[0.921s] make[2]: *** [CMakeFiles/PlcServer.dir/build.make:141: PlcServer] Error 1
[0.921s] make[1]: *** [CMakeFiles/Makefile2:78: CMakeFiles/PlcServer.dir/all] Error 2
[0.921s] make: *** [Makefile:141: all] Error 2
[0.923s] Invoked command in '/home/arc/Documents/automatic_arc_melting_system/build/plc_control' returned '2': CMAKE_PREFIX_PATH=/opt/ros/foxy /usr/bin/cmake --build /home/arc/Documents/automatic_arc_melting_system/build/plc_control -- -j16 -l16
