[0.062s] Invoking command in '/home/arc/Documents/automatic_arc_melting_system/build/action_tutorials_cpp': AMENT_PREFIX_PATH=/home/arc/Documents/automatic_arc_melting_system/install/action_tutorials_interfaces:${AMENT_PREFIX_PATH} CMAKE_PREFIX_PATH=/home/arc/Documents/automatic_arc_melting_system/install/action_tutorials_interfaces:/opt/ros/foxy LD_LIBRARY_PATH=/home/arc/Documents/automatic_arc_melting_system/install/action_tutorials_interfaces/lib:${LD_LIBRARY_PATH} PYTHONPATH=/home/arc/Documents/automatic_arc_melting_system/install/action_tutorials_interfaces/lib/python3.8/site-packages:${PYTHONPATH} /usr/bin/cmake --build /home/arc/Documents/automatic_arc_melting_system/build/action_tutorials_cpp -- -j16 -l16
[0.111s] [ 25%] Built target fibonacci_action_client
[0.115s] [ 75%] Built target fibonacci_action_server
[0.115s] [ 75%] Built target action_server
[0.122s] [100%] Built target action_client
[0.134s] Invoked command in '/home/arc/Documents/automatic_arc_melting_system/build/action_tutorials_cpp' returned '0': AMENT_PREFIX_PATH=/home/arc/Documents/automatic_arc_melting_system/install/action_tutorials_interfaces:${AMENT_PREFIX_PATH} CMAKE_PREFIX_PATH=/home/arc/Documents/automatic_arc_melting_system/install/action_tutorials_interfaces:/opt/ros/foxy LD_LIBRARY_PATH=/home/arc/Documents/automatic_arc_melting_system/install/action_tutorials_interfaces/lib:${LD_LIBRARY_PATH} PYTHONPATH=/home/arc/Documents/automatic_arc_melting_system/install/action_tutorials_interfaces/lib/python3.8/site-packages:${PYTHONPATH} /usr/bin/cmake --build /home/arc/Documents/automatic_arc_melting_system/build/action_tutorials_cpp -- -j16 -l16
[0.170s] Invoking command in '/home/arc/Documents/automatic_arc_melting_system/build/action_tutorials_cpp': AMENT_PREFIX_PATH=/home/arc/Documents/automatic_arc_melting_system/install/action_tutorials_interfaces:${AMENT_PREFIX_PATH} CMAKE_PREFIX_PATH=/home/arc/Documents/automatic_arc_melting_system/install/action_tutorials_interfaces:/opt/ros/foxy LD_LIBRARY_PATH=/home/arc/Documents/automatic_arc_melting_system/install/action_tutorials_interfaces/lib:${LD_LIBRARY_PATH} PYTHONPATH=/home/arc/Documents/automatic_arc_melting_system/install/action_tutorials_interfaces/lib/python3.8/site-packages:${PYTHONPATH} /usr/bin/cmake --install /home/arc/Documents/automatic_arc_melting_system/build/action_tutorials_cpp
[0.186s] -- Install configuration: ""
[0.188s] -- Up-to-date: /home/arc/Documents/automatic_arc_melting_system/install/action_tutorials_cpp/lib/action_tutorials_cpp/fibonacci_action_server
[0.188s] -- Up-to-date: /home/arc/Documents/automatic_arc_melting_system/install/action_tutorials_cpp/lib/libaction_server.so
[0.188s] -- Up-to-date: /home/arc/Documents/automatic_arc_melting_system/install/action_tutorials_cpp/lib/action_tutorials_cpp/fibonacci_action_client
[0.189s] -- Up-to-date: /home/arc/Documents/automatic_arc_melting_system/install/action_tutorials_cpp/lib/libaction_client.so
[0.189s] -- Up-to-date: /home/arc/Documents/automatic_arc_melting_system/install/action_tutorials_cpp/share/ament_index/resource_index/package_run_dependencies/action_tutorials_cpp
[0.192s] -- Up-to-date: /home/arc/Documents/automatic_arc_melting_system/install/action_tutorials_cpp/share/ament_index/resource_index/parent_prefix_path/action_tutorials_cpp
[0.194s] -- Up-to-date: /home/arc/Documents/automatic_arc_melting_system/install/action_tutorials_cpp/share/action_tutorials_cpp/environment/ament_prefix_path.sh
[0.194s] -- Up-to-date: /home/arc/Documents/automatic_arc_melting_system/install/action_tutorials_cpp/share/action_tutorials_cpp/environment/ament_prefix_path.dsv
[0.194s] -- Up-to-date: /home/arc/Documents/automatic_arc_melting_system/install/action_tutorials_cpp/share/action_tutorials_cpp/environment/path.sh
[0.195s] -- Up-to-date: /home/arc/Documents/automatic_arc_melting_system/install/action_tutorials_cpp/share/action_tutorials_cpp/environment/path.dsv
[0.195s] -- Up-to-date: /home/arc/Documents/automatic_arc_melting_system/install/action_tutorials_cpp/share/action_tutorials_cpp/local_setup.bash
[0.195s] -- Up-to-date: /home/arc/Documents/automatic_arc_melting_system/install/action_tutorials_cpp/share/action_tutorials_cpp/local_setup.sh
[0.195s] -- Up-to-date: /home/arc/Documents/automatic_arc_melting_system/install/action_tutorials_cpp/share/action_tutorials_cpp/local_setup.zsh
[0.195s] -- Up-to-date: /home/arc/Documents/automatic_arc_melting_system/install/action_tutorials_cpp/share/action_tutorials_cpp/local_setup.dsv
[0.196s] -- Installing: /home/arc/Documents/automatic_arc_melting_system/install/action_tutorials_cpp/share/action_tutorials_cpp/package.dsv
[0.196s] -- Up-to-date: /home/arc/Documents/automatic_arc_melting_system/install/action_tutorials_cpp/share/ament_index/resource_index/packages/action_tutorials_cpp
[0.197s] -- Up-to-date: /home/arc/Documents/automatic_arc_melting_system/install/action_tutorials_cpp/share/ament_index/resource_index/rclcpp_components/action_tutorials_cpp
[0.199s] -- Up-to-date: /home/arc/Documents/automatic_arc_melting_system/install/action_tutorials_cpp/share/action_tutorials_cpp/cmake/action_tutorials_cppConfig.cmake
[0.199s] -- Up-to-date: /home/arc/Documents/automatic_arc_melting_system/install/action_tutorials_cpp/share/action_tutorials_cpp/cmake/action_tutorials_cppConfig-version.cmake
[0.199s] -- Up-to-date: /home/arc/Documents/automatic_arc_melting_system/install/action_tutorials_cpp/share/action_tutorials_cpp/package.xml
[0.211s] Invoked command in '/home/arc/Documents/automatic_arc_melting_system/build/action_tutorials_cpp' returned '0': AMENT_PREFIX_PATH=/home/arc/Documents/automatic_arc_melting_system/install/action_tutorials_interfaces:${AMENT_PREFIX_PATH} CMAKE_PREFIX_PATH=/home/arc/Documents/automatic_arc_melting_system/install/action_tutorials_interfaces:/opt/ros/foxy LD_LIBRARY_PATH=/home/arc/Documents/automatic_arc_melting_system/install/action_tutorials_interfaces/lib:${LD_LIBRARY_PATH} PYTHONPATH=/home/arc/Documents/automatic_arc_melting_system/install/action_tutorials_interfaces/lib/python3.8/site-packages:${PYTHONPATH} /usr/bin/cmake --install /home/arc/Documents/automatic_arc_melting_system/build/action_tutorials_cpp
