[0.211s] Invoking command in '/home/arc/Documents/automatic_arc_melting_system/build/main_process': CMAKE_PREFIX_PATH=${CMAKE_PREFIX_PATH}:/home/arc/Documents/automatic_arc_melting_system/install/cobotta_bcap:/opt/ros/foxy /usr/bin/cmake --build /home/arc/Documents/automatic_arc_melting_system/build/main_process -- -j16 -l16
[0.235s] -- Found ament_cmake: 0.9.9 (/opt/ros/foxy/share/ament_cmake/cmake)
[0.248s] -- Using PYTHON_EXECUTABLE: /usr/bin/python3
[0.413s] -- Found rclcpp: 2.4.1 (/opt/ros/foxy/share/rclcpp/cmake)
[0.439s] -- Using all available rosidl_typesupport_c: rosidl_typesupport_fastrtps_c;rosidl_typesupport_introspection_c
[0.441s] -- Found rosidl_adapter: 1.2.1 (/opt/ros/foxy/share/rosidl_adapter/cmake)
[0.553s] -- Using all available rosidl_typesupport_cpp: rosidl_typesupport_fastrtps_cpp;rosidl_typesupport_introspection_cpp
[0.609s] -- Found rmw_implementation_cmake: 1.0.3 (/opt/ros/foxy/share/rmw_implementation_cmake/cmake)
[0.609s] -- Using RMW implementation 'rmw_fastrtps_cpp' as default
[0.720s] -- Found msg_format: 0.0.0 (/home/arc/Documents/automatic_arc_melting_system/install/msg_format/share/msg_format/cmake)
[0.814s] -- Found ament_lint_auto: 0.9.6 (/opt/ros/foxy/share/ament_lint_auto/cmake)
[0.863s] -- Added test 'copyright' to check source files copyright and LICENSE
[0.863s] -- Added test 'cppcheck' to perform static code analysis on C / C++ code
[0.864s] -- Configured cppcheck include dirs: 
[0.864s] -- Configured cppcheck exclude dirs and/or files: 
[0.864s] -- Added test 'cpplint' to check C / C++ code against the Google style
[0.864s] -- Configured cpplint exclude dirs and/or files: 
[0.864s] -- Added test 'lint_cmake' to check CMake code style
[0.865s] -- Added test 'uncrustify' to check C / C++ code style
[0.865s] -- Configured uncrustify additional arguments: 
[0.865s] -- Added test 'xmllint' to check XML markup files
[0.867s] -- Configuring done
[0.877s] -- Generating done
[0.878s] -- Build files have been written to: /home/arc/Documents/automatic_arc_melting_system/build/main_process
[0.897s] [35m[1mScanning dependencies of target MainProcess[0m
[0.921s] [ 50%] [32mBuilding CXX object CMakeFiles/MainProcess.dir/src/main_process.cpp.o[0m
[2.595s] [100%] [32m[1mLinking CXX executable MainProcess[0m
[2.695s] [100%] Built target MainProcess
[2.704s] Invoked command in '/home/arc/Documents/automatic_arc_melting_system/build/main_process' returned '0': CMAKE_PREFIX_PATH=${CMAKE_PREFIX_PATH}:/home/arc/Documents/automatic_arc_melting_system/install/cobotta_bcap:/opt/ros/foxy /usr/bin/cmake --build /home/arc/Documents/automatic_arc_melting_system/build/main_process -- -j16 -l16
[2.722s] Invoking command in '/home/arc/Documents/automatic_arc_melting_system/build/main_process': CMAKE_PREFIX_PATH=${CMAKE_PREFIX_PATH}:/home/arc/Documents/automatic_arc_melting_system/install/cobotta_bcap:/opt/ros/foxy /usr/bin/cmake --install /home/arc/Documents/automatic_arc_melting_system/build/main_process
[2.728s] -- Install configuration: ""
[2.729s] -- Installing: /home/arc/Documents/automatic_arc_melting_system/install/main_process/lib/main_process/MainProcess
[2.729s] -- Set runtime path of "/home/arc/Documents/automatic_arc_melting_system/install/main_process/lib/main_process/MainProcess" to ""
[2.729s] -- Up-to-date: /home/arc/Documents/automatic_arc_melting_system/install/main_process/share/ament_index/resource_index/package_run_dependencies/main_process
[2.729s] -- Installing: /home/arc/Documents/automatic_arc_melting_system/install/main_process/share/ament_index/resource_index/parent_prefix_path/main_process
[2.729s] -- Up-to-date: /home/arc/Documents/automatic_arc_melting_system/install/main_process/share/main_process/environment/ament_prefix_path.sh
[2.729s] -- Installing: /home/arc/Documents/automatic_arc_melting_system/install/main_process/share/main_process/environment/ament_prefix_path.dsv
[2.729s] -- Up-to-date: /home/arc/Documents/automatic_arc_melting_system/install/main_process/share/main_process/environment/path.sh
[2.729s] -- Installing: /home/arc/Documents/automatic_arc_melting_system/install/main_process/share/main_process/environment/path.dsv
[2.729s] -- Up-to-date: /home/arc/Documents/automatic_arc_melting_system/install/main_process/share/main_process/local_setup.bash
[2.729s] -- Up-to-date: /home/arc/Documents/automatic_arc_melting_system/install/main_process/share/main_process/local_setup.sh
[2.730s] -- Up-to-date: /home/arc/Documents/automatic_arc_melting_system/install/main_process/share/main_process/local_setup.zsh
[2.730s] -- Installing: /home/arc/Documents/automatic_arc_melting_system/install/main_process/share/main_process/local_setup.dsv
[2.730s] -- Installing: /home/arc/Documents/automatic_arc_melting_system/install/main_process/share/main_process/package.dsv
[2.730s] -- Up-to-date: /home/arc/Documents/automatic_arc_melting_system/install/main_process/share/ament_index/resource_index/packages/main_process
[2.730s] -- Up-to-date: /home/arc/Documents/automatic_arc_melting_system/install/main_process/share/main_process/cmake/main_processConfig.cmake
[2.730s] -- Up-to-date: /home/arc/Documents/automatic_arc_melting_system/install/main_process/share/main_process/cmake/main_processConfig-version.cmake
[2.730s] -- Up-to-date: /home/arc/Documents/automatic_arc_melting_system/install/main_process/share/main_process/package.xml
[2.733s] Invoked command in '/home/arc/Documents/automatic_arc_melting_system/build/main_process' returned '0': CMAKE_PREFIX_PATH=${CMAKE_PREFIX_PATH}:/home/arc/Documents/automatic_arc_melting_system/install/cobotta_bcap:/opt/ros/foxy /usr/bin/cmake --install /home/arc/Documents/automatic_arc_melting_system/build/main_process
