[0.011s] Invoking command in '/home/arc/Documents/automatic_arc_melting_system/build/cobotta_process': AMENT_PREFIX_PATH=/home/arc/Documents/automatic_arc_melting_system/install/tcp_format:${AMENT_PREFIX_PATH} CMAKE_PREFIX_PATH=/home/arc/Documents/automatic_arc_melting_system/install/tcp_format:/opt/ros/foxy LD_LIBRARY_PATH=/home/arc/Documents/automatic_arc_melting_system/install/tcp_format/lib:${LD_LIBRARY_PATH} PYTHONPATH=/home/arc/Documents/automatic_arc_melting_system/install/tcp_format/lib/python3.8/site-packages:${PYTHONPATH} /usr/bin/cmake --build /home/arc/Documents/automatic_arc_melting_system/build/cobotta_process -- -j16 -l16
[0.051s] [100%] Built target client
[0.058s] Invoked command in '/home/arc/Documents/automatic_arc_melting_system/build/cobotta_process' returned '0': AMENT_PREFIX_PATH=/home/arc/Documents/automatic_arc_melting_system/install/tcp_format:${AMENT_PREFIX_PATH} CMAKE_PREFIX_PATH=/home/arc/Documents/automatic_arc_melting_system/install/tcp_format:/opt/ros/foxy LD_LIBRARY_PATH=/home/arc/Documents/automatic_arc_melting_system/install/tcp_format/lib:${LD_LIBRARY_PATH} PYTHONPATH=/home/arc/Documents/automatic_arc_melting_system/install/tcp_format/lib/python3.8/site-packages:${PYTHONPATH} /usr/bin/cmake --build /home/arc/Documents/automatic_arc_melting_system/build/cobotta_process -- -j16 -l16
[0.074s] Invoking command in '/home/arc/Documents/automatic_arc_melting_system/build/cobotta_process': AMENT_PREFIX_PATH=/home/arc/Documents/automatic_arc_melting_system/install/tcp_format:${AMENT_PREFIX_PATH} CMAKE_PREFIX_PATH=/home/arc/Documents/automatic_arc_melting_system/install/tcp_format:/opt/ros/foxy LD_LIBRARY_PATH=/home/arc/Documents/automatic_arc_melting_system/install/tcp_format/lib:${LD_LIBRARY_PATH} PYTHONPATH=/home/arc/Documents/automatic_arc_melting_system/install/tcp_format/lib/python3.8/site-packages:${PYTHONPATH} /usr/bin/cmake --install /home/arc/Documents/automatic_arc_melting_system/build/cobotta_process
[0.080s] -- Install configuration: ""
[0.080s] -- Up-to-date: /home/arc/Documents/automatic_arc_melting_system/install/cobotta_process/lib/cobotta_process/client
[0.080s] -- Up-to-date: /home/arc/Documents/automatic_arc_melting_system/install/cobotta_process/share/ament_index/resource_index/package_run_dependencies/cobotta_process
[0.080s] -- Up-to-date: /home/arc/Documents/automatic_arc_melting_system/install/cobotta_process/share/ament_index/resource_index/parent_prefix_path/cobotta_process
[0.080s] -- Up-to-date: /home/arc/Documents/automatic_arc_melting_system/install/cobotta_process/share/cobotta_process/environment/ament_prefix_path.sh
[0.081s] -- Up-to-date: /home/arc/Documents/automatic_arc_melting_system/install/cobotta_process/share/cobotta_process/environment/ament_prefix_path.dsv
[0.081s] -- Up-to-date: /home/arc/Documents/automatic_arc_melting_system/install/cobotta_process/share/cobotta_process/environment/path.sh
[0.081s] -- Up-to-date: /home/arc/Documents/automatic_arc_melting_system/install/cobotta_process/share/cobotta_process/environment/path.dsv
[0.081s] -- Up-to-date: /home/arc/Documents/automatic_arc_melting_system/install/cobotta_process/share/cobotta_process/local_setup.bash
[0.081s] -- Up-to-date: /home/arc/Documents/automatic_arc_melting_system/install/cobotta_process/share/cobotta_process/local_setup.sh
[0.081s] -- Up-to-date: /home/arc/Documents/automatic_arc_melting_system/install/cobotta_process/share/cobotta_process/local_setup.zsh
[0.081s] -- Up-to-date: /home/arc/Documents/automatic_arc_melting_system/install/cobotta_process/share/cobotta_process/local_setup.dsv
[0.081s] -- Installing: /home/arc/Documents/automatic_arc_melting_system/install/cobotta_process/share/cobotta_process/package.dsv
[0.082s] -- Up-to-date: /home/arc/Documents/automatic_arc_melting_system/install/cobotta_process/share/ament_index/resource_index/packages/cobotta_process
[0.084s] -- Up-to-date: /home/arc/Documents/automatic_arc_melting_system/install/cobotta_process/share/cobotta_process/cmake/cobotta_processConfig.cmake
[0.084s] -- Up-to-date: /home/arc/Documents/automatic_arc_melting_system/install/cobotta_process/share/cobotta_process/cmake/cobotta_processConfig-version.cmake
[0.084s] -- Up-to-date: /home/arc/Documents/automatic_arc_melting_system/install/cobotta_process/share/cobotta_process/package.xml
[0.084s] Invoked command in '/home/arc/Documents/automatic_arc_melting_system/build/cobotta_process' returned '0': AMENT_PREFIX_PATH=/home/arc/Documents/automatic_arc_melting_system/install/tcp_format:${AMENT_PREFIX_PATH} CMAKE_PREFIX_PATH=/home/arc/Documents/automatic_arc_melting_system/install/tcp_format:/opt/ros/foxy LD_LIBRARY_PATH=/home/arc/Documents/automatic_arc_melting_system/install/tcp_format/lib:${LD_LIBRARY_PATH} PYTHONPATH=/home/arc/Documents/automatic_arc_melting_system/install/tcp_format/lib/python3.8/site-packages:${PYTHONPATH} /usr/bin/cmake --install /home/arc/Documents/automatic_arc_melting_system/build/cobotta_process
