[35m[1mScanning dependencies of target client[0m
[ 50%] [32mBuilding CXX object CMakeFiles/client.dir/src/cobotta_io.cpp.o[0m
[01m[K/home/arc/Documents/automatic_arc_melting_system/src/cobotta_process/src/cobotta_io.cpp:[m[K In function ‘[01m[Kint send_socket(int)[m[K’:
[01m[K/home/arc/Documents/automatic_arc_melting_system/src/cobotta_process/src/cobotta_io.cpp:81:7:[m[K [01;31m[Kerror: [m[Kdeclaration of ‘[01m[Kint socket_fd[m[K’ shadows a parameter
   81 |   int [01;31m[Ksocket_fd[m[K;
      |       [01;31m[K^~~~~~~~~[m[K
[01m[K/home/arc/Documents/automatic_arc_melting_system/src/cobotta_process/src/cobotta_io.cpp:[m[K In function ‘[01m[Kint close_socket(int)[m[K’:
[01m[K/home/arc/Documents/automatic_arc_melting_system/src/cobotta_process/src/cobotta_io.cpp:124:7:[m[K [01;31m[Kerror: [m[Kdeclaration of ‘[01m[Kint socket_fd[m[K’ shadows a parameter
  124 |   int [01;31m[Ksocket_fd[m[K;
      |       [01;31m[K^~~~~~~~~[m[K
[01m[K/home/arc/Documents/automatic_arc_melting_system/src/cobotta_process/src/cobotta_io.cpp:[m[K In function ‘[01m[Kint creat_socket()[m[K’:
[01m[K/home/arc/Documents/automatic_arc_melting_system/src/cobotta_process/src/cobotta_io.cpp:51:1:[m[K [01;35m[Kwarning: [m[Kcontrol reaches end of non-void function [[01;35m[K-Wreturn-type[m[K]
   51 | [01;35m[K}[m[K
      | [01;35m[K^[m[K
[01m[K/home/arc/Documents/automatic_arc_melting_system/src/cobotta_process/src/cobotta_io.cpp:[m[K In function ‘[01m[Kint send_socket(int)[m[K’:
[01m[K/home/arc/Documents/automatic_arc_melting_system/src/cobotta_process/src/cobotta_io.cpp:94:1:[m[K [01;35m[Kwarning: [m[Kcontrol reaches end of non-void function [[01;35m[K-Wreturn-type[m[K]
   94 | [01;35m[K}[m[K
      | [01;35m[K^[m[K
[01m[K/home/arc/Documents/automatic_arc_melting_system/src/cobotta_process/src/cobotta_io.cpp:[m[K In function ‘[01m[Kint close_socket(int)[m[K’:
[01m[K/home/arc/Documents/automatic_arc_melting_system/src/cobotta_process/src/cobotta_io.cpp:137:1:[m[K [01;35m[Kwarning: [m[Kcontrol reaches end of non-void function [[01;35m[K-Wreturn-type[m[K]
  137 | [01;35m[K}[m[K
      | [01;35m[K^[m[K
make[2]: *** [CMakeFiles/client.dir/build.make:63: CMakeFiles/client.dir/src/cobotta_io.cpp.o] Error 1
make[1]: *** [CMakeFiles/Makefile2:78: CMakeFiles/client.dir/all] Error 2
make: *** [Makefile:141: all] Error 2
