[0.206s] Invoking command in '/home/arc/Documents/automatic_arc_melting_system/build/plc_control': CMAKE_PREFIX_PATH=/opt/ros/foxy /usr/bin/cmake --build /home/arc/Documents/automatic_arc_melting_system/build/plc_control -- -j16 -l16
[0.235s] [35m[1mScanning dependencies of target PlcServer[0m
[0.263s] [ 33%] [32mBuilding CXX object CMakeFiles/PlcServer.dir/src/plc_server.cpp.o[0m
[1.544s] [01m[K/home/arc/Documents/automatic_arc_melting_system/src/plc_control/src/plc_server.cpp:[m[K In function ‘[01m[Kvoid plc_main(std::shared_ptr<msg_format::srv::PlcFormat_Request_<std::allocator<void> > >, std::shared_ptr<msg_format::srv::PlcFormat_Response_<std::allocator<void> > >)[m[K’:
[1.544s] [01m[K/home/arc/Documents/automatic_arc_melting_system/src/plc_control/src/plc_server.cpp:20:11:[m[K [01;35m[Kwarning: [m[K‘[01m[Kreceive_msg[m[K’ may be used uninitialized in this function [[01;35m[K-Wmaybe-uninitialized[m[K]
[1.544s]    20 |     [01;35m[Kstrcpy(receive_msg, "init msg")[m[K;
[1.544s]       |     [01;35m[K~~~~~~^~~~~~~~~~~~~~~~~~~~~~~~~[m[K
[1.768s] [ 66%] [32m[1mLinking CXX executable PlcServer[0m
[1.852s] [100%] Built target PlcServer
[1.860s] Invoked command in '/home/arc/Documents/automatic_arc_melting_system/build/plc_control' returned '0': CMAKE_PREFIX_PATH=/opt/ros/foxy /usr/bin/cmake --build /home/arc/Documents/automatic_arc_melting_system/build/plc_control -- -j16 -l16
[1.875s] Invoking command in '/home/arc/Documents/automatic_arc_melting_system/build/plc_control': CMAKE_PREFIX_PATH=/opt/ros/foxy /usr/bin/cmake --install /home/arc/Documents/automatic_arc_melting_system/build/plc_control
[1.881s] -- Install configuration: ""
[1.881s] -- Installing: /home/arc/Documents/automatic_arc_melting_system/install/plc_control/lib/plc_control/PlcServer
[1.881s] -- Set runtime path of "/home/arc/Documents/automatic_arc_melting_system/install/plc_control/lib/plc_control/PlcServer" to ""
[1.881s] -- Up-to-date: /home/arc/Documents/automatic_arc_melting_system/install/plc_control/include
[1.881s] -- Up-to-date: /home/arc/Documents/automatic_arc_melting_system/install/plc_control/include/plc_control
[1.882s] -- Up-to-date: /home/arc/Documents/automatic_arc_melting_system/install/plc_control/include/plc_control/plc_socket.hpp
[1.882s] -- Up-to-date: /home/arc/Documents/automatic_arc_melting_system/install/plc_control/share/ament_index/resource_index/package_run_dependencies/plc_control
[1.882s] -- Up-to-date: /home/arc/Documents/automatic_arc_melting_system/install/plc_control/share/ament_index/resource_index/parent_prefix_path/plc_control
[1.882s] -- Up-to-date: /home/arc/Documents/automatic_arc_melting_system/install/plc_control/share/plc_control/environment/ament_prefix_path.sh
[1.882s] -- Up-to-date: /home/arc/Documents/automatic_arc_melting_system/install/plc_control/share/plc_control/environment/ament_prefix_path.dsv
[1.882s] -- Up-to-date: /home/arc/Documents/automatic_arc_melting_system/install/plc_control/share/plc_control/environment/path.sh
[1.882s] -- Up-to-date: /home/arc/Documents/automatic_arc_melting_system/install/plc_control/share/plc_control/environment/path.dsv
[1.882s] -- Up-to-date: /home/arc/Documents/automatic_arc_melting_system/install/plc_control/share/plc_control/local_setup.bash
[1.882s] -- Up-to-date: /home/arc/Documents/automatic_arc_melting_system/install/plc_control/share/plc_control/local_setup.sh
[1.882s] -- Up-to-date: /home/arc/Documents/automatic_arc_melting_system/install/plc_control/share/plc_control/local_setup.zsh
[1.882s] -- Up-to-date: /home/arc/Documents/automatic_arc_melting_system/install/plc_control/share/plc_control/local_setup.dsv
[1.882s] -- Installing: /home/arc/Documents/automatic_arc_melting_system/install/plc_control/share/plc_control/package.dsv
[1.882s] -- Up-to-date: /home/arc/Documents/automatic_arc_melting_system/install/plc_control/share/ament_index/resource_index/packages/plc_control
[1.882s] -- Up-to-date: /home/arc/Documents/automatic_arc_melting_system/install/plc_control/share/plc_control/cmake/plc_controlConfig.cmake
[1.882s] -- Up-to-date: /home/arc/Documents/automatic_arc_melting_system/install/plc_control/share/plc_control/cmake/plc_controlConfig-version.cmake
[1.882s] -- Up-to-date: /home/arc/Documents/automatic_arc_melting_system/install/plc_control/share/plc_control/package.xml
[1.885s] Invoked command in '/home/arc/Documents/automatic_arc_melting_system/build/plc_control' returned '0': CMAKE_PREFIX_PATH=/opt/ros/foxy /usr/bin/cmake --install /home/arc/Documents/automatic_arc_melting_system/build/plc_control
