[0.007s] Invoking command in '/home/arc/Documents/automatic_arc_melting_system/build/tcp_handle': AMENT_PREFIX_PATH=/home/arc/Documents/automatic_arc_melting_system/install/tcp_format:${AMENT_PREFIX_PATH} CMAKE_PREFIX_PATH=/home/arc/Documents/automatic_arc_melting_system/install/tcp_format:/opt/ros/foxy CONDA_PROMPT_MODIFIER=(base) LD_LIBRARY_PATH=/home/arc/Documents/automatic_arc_melting_system/install/tcp_format/lib:${LD_LIBRARY_PATH} PYTHONPATH=/home/arc/Documents/automatic_arc_melting_system/install/tcp_format/lib/python3.8/site-packages:${PYTHONPATH} /usr/bin/cmake --build /home/arc/Documents/automatic_arc_melting_system/build/tcp_handle -- -j16 -l16
[0.035s] [35m[1mScanning dependencies of target send[0m
[0.035s] [35m[1mScanning dependencies of target client[0m
[0.047s] [ 37%] Built target close
[0.047s] [ 50%] Built target creat
[0.051s] [ 75%] [32mBuilding CXX object CMakeFiles/send.dir/src/tcp_send.cpp.o[0m
[0.051s] [ 75%] [32mBuilding CXX object CMakeFiles/client.dir/src/message_test.cpp.o[0m
[0.912s] [01m[K/home/arc/Documents/automatic_arc_melting_system/src/tcp_handle/src/tcp_send.cpp:[m[K In function ‘[01m[Kvoid send_socket(std::shared_ptr<tcp_format::srv::SocketMessage_Request_<std::allocator<void> > >, std::shared_ptr<tcp_format::srv::SocketMessage_Response_<std::allocator<void> > >)[m[K’:
[0.912s] [01m[K/home/arc/Documents/automatic_arc_melting_system/src/tcp_handle/src/tcp_send.cpp:45:6:[m[K [01;31m[Kerror: [m[Kredeclaration of ‘[01m[Kint oldSocketFlag[m[K’
[0.912s]    45 |  int [01;31m[KoldSocketFlag[m[K = fcntl(sock_fd, F_GETFL, 0);
[0.912s]       |      [01;31m[K^~~~~~~~~~~~~[m[K
[0.912s] [01m[K/home/arc/Documents/automatic_arc_melting_system/src/tcp_handle/src/tcp_send.cpp:23:6:[m[K [01;36m[Knote: [m[K‘[01m[Kint oldSocketFlag[m[K’ previously declared here
[0.912s]    23 |  int [01;36m[KoldSocketFlag[m[K = fcntl(sock_fd, F_GETFL, 0);
[0.912s]       |      [01;36m[K^~~~~~~~~~~~~[m[K
[0.913s] [01m[K/home/arc/Documents/automatic_arc_melting_system/src/tcp_handle/src/tcp_send.cpp:46:9:[m[K [01;31m[Kerror: [m[Kredeclaration of ‘[01m[Kint newSocketFlag[m[K’
[0.913s]    46 |     int [01;31m[KnewSocketFlag[m[K = oldSocketFlag | O_NONBLOCK;
[0.913s]       |         [01;31m[K^~~~~~~~~~~~~[m[K
[0.913s] [01m[K/home/arc/Documents/automatic_arc_melting_system/src/tcp_handle/src/tcp_send.cpp:24:9:[m[K [01;36m[Knote: [m[K‘[01m[Kint newSocketFlag[m[K’ previously declared here
[0.913s]    24 |     int [01;36m[KnewSocketFlag[m[K = oldSocketFlag & (~O_NONBLOCK);
[0.913s]       |         [01;36m[K^~~~~~~~~~~~~[m[K
[1.221s] make[2]: *** [CMakeFiles/send.dir/build.make:63: CMakeFiles/send.dir/src/tcp_send.cpp.o] Error 1
[1.221s] make[1]: *** [CMakeFiles/Makefile2:138: CMakeFiles/send.dir/all] Error 2
[1.221s] make[1]: *** Waiting for unfinished jobs....
[2.342s] [ 87%] [32m[1mLinking CXX executable client[0m
[2.444s] [ 87%] Built target client
[2.444s] make: *** [Makefile:141: all] Error 2
[2.447s] Invoked command in '/home/arc/Documents/automatic_arc_melting_system/build/tcp_handle' returned '2': AMENT_PREFIX_PATH=/home/arc/Documents/automatic_arc_melting_system/install/tcp_format:${AMENT_PREFIX_PATH} CMAKE_PREFIX_PATH=/home/arc/Documents/automatic_arc_melting_system/install/tcp_format:/opt/ros/foxy CONDA_PROMPT_MODIFIER=(base) LD_LIBRARY_PATH=/home/arc/Documents/automatic_arc_melting_system/install/tcp_format/lib:${LD_LIBRARY_PATH} PYTHONPATH=/home/arc/Documents/automatic_arc_melting_system/install/tcp_format/lib/python3.8/site-packages:${PYTHONPATH} /usr/bin/cmake --build /home/arc/Documents/automatic_arc_melting_system/build/tcp_handle -- -j16 -l16
