running egg_info
writing ../../build/cobotta_bcap/cobotta_bcap.egg-info/PKG-INFO
writing dependency_links to ../../build/cobotta_bcap/cobotta_bcap.egg-info/dependency_links.txt
writing entry points to ../../build/cobotta_bcap/cobotta_bcap.egg-info/entry_points.txt
writing requirements to ../../build/cobotta_bcap/cobotta_bcap.egg-info/requires.txt
writing top-level names to ../../build/cobotta_bcap/cobotta_bcap.egg-info/top_level.txt
reading manifest file '../../build/cobotta_bcap/cobotta_bcap.egg-info/SOURCES.txt'
writing manifest file '../../build/cobotta_bcap/cobotta_bcap.egg-info/SOURCES.txt'
running build
running build_py
creating /home/arc/Documents/automatic_arc_melting_system/build/cobotta_bcap/build/lib/cobotta_bcap/pybcapclient
copying cobotta_bcap/pybcapclient/__init__.py -> /home/arc/Documents/automatic_arc_melting_system/build/cobotta_bcap/build/lib/cobotta_bcap/pybcapclient
copying cobotta_bcap/pybcapclient/bcapclient.py -> /home/arc/Documents/automatic_arc_melting_system/build/cobotta_bcap/build/lib/cobotta_bcap/pybcapclient
copying cobotta_bcap/pybcapclient/variant.py -> /home/arc/Documents/automatic_arc_melting_system/build/cobotta_bcap/build/lib/cobotta_bcap/pybcapclient
copying cobotta_bcap/pybcapclient/orinexception.py -> /home/arc/Documents/automatic_arc_melting_system/build/cobotta_bcap/build/lib/cobotta_bcap/pybcapclient
running install
running install_lib
creating /home/arc/Documents/automatic_arc_melting_system/install/cobotta_bcap/lib/python3.8/site-packages/cobotta_bcap/pybcapclient
copying /home/arc/Documents/automatic_arc_melting_system/build/cobotta_bcap/build/lib/cobotta_bcap/pybcapclient/__init__.py -> /home/arc/Documents/automatic_arc_melting_system/install/cobotta_bcap/lib/python3.8/site-packages/cobotta_bcap/pybcapclient
copying /home/arc/Documents/automatic_arc_melting_system/build/cobotta_bcap/build/lib/cobotta_bcap/pybcapclient/bcapclient.py -> /home/arc/Documents/automatic_arc_melting_system/install/cobotta_bcap/lib/python3.8/site-packages/cobotta_bcap/pybcapclient
copying /home/arc/Documents/automatic_arc_melting_system/build/cobotta_bcap/build/lib/cobotta_bcap/pybcapclient/variant.py -> /home/arc/Documents/automatic_arc_melting_system/install/cobotta_bcap/lib/python3.8/site-packages/cobotta_bcap/pybcapclient
copying /home/arc/Documents/automatic_arc_melting_system/build/cobotta_bcap/build/lib/cobotta_bcap/pybcapclient/orinexception.py -> /home/arc/Documents/automatic_arc_melting_system/install/cobotta_bcap/lib/python3.8/site-packages/cobotta_bcap/pybcapclient
byte-compiling /home/arc/Documents/automatic_arc_melting_system/install/cobotta_bcap/lib/python3.8/site-packages/cobotta_bcap/pybcapclient/__init__.py to __init__.cpython-38.pyc
byte-compiling /home/arc/Documents/automatic_arc_melting_system/install/cobotta_bcap/lib/python3.8/site-packages/cobotta_bcap/pybcapclient/bcapclient.py to bcapclient.cpython-38.pyc
byte-compiling /home/arc/Documents/automatic_arc_melting_system/install/cobotta_bcap/lib/python3.8/site-packages/cobotta_bcap/pybcapclient/variant.py to variant.cpython-38.pyc
byte-compiling /home/arc/Documents/automatic_arc_melting_system/install/cobotta_bcap/lib/python3.8/site-packages/cobotta_bcap/pybcapclient/orinexception.py to orinexception.cpython-38.pyc
running install_data
running install_egg_info
removing '/home/arc/Documents/automatic_arc_melting_system/install/cobotta_bcap/lib/python3.8/site-packages/cobotta_bcap-0.0.0-py3.8.egg-info' (and everything under it)
Copying ../../build/cobotta_bcap/cobotta_bcap.egg-info to /home/arc/Documents/automatic_arc_melting_system/install/cobotta_bcap/lib/python3.8/site-packages/cobotta_bcap-0.0.0-py3.8.egg-info
running install_scripts
Installing client script to /home/arc/Documents/automatic_arc_melting_system/install/cobotta_bcap/lib/cobotta_bcap
Installing service script to /home/arc/Documents/automatic_arc_melting_system/install/cobotta_bcap/lib/cobotta_bcap
writing list of installed files to '/home/arc/Documents/automatic_arc_melting_system/build/cobotta_bcap/install.log'
