[0.477s] Invoking command in '/home/arc/Documents/automatic_arc_melting_system/src/cobotta_bcap': PYTHONPATH=/home/arc/Documents/automatic_arc_melting_system/install/cobotta_bcap/lib/python3.8/site-packages:${PYTHONPATH} /usr/bin/python3 setup.py egg_info --egg-base ../../build/cobotta_bcap build --build-base /home/arc/Documents/automatic_arc_melting_system/build/cobotta_bcap/build install --prefix /home/arc/Documents/automatic_arc_melting_system/install/cobotta_bcap --record /home/arc/Documents/automatic_arc_melting_system/build/cobotta_bcap/install.log --single-version-externally-managed
[0.639s] running egg_info
[0.639s] writing ../../build/cobotta_bcap/cobotta_bcap.egg-info/PKG-INFO
[0.640s] writing dependency_links to ../../build/cobotta_bcap/cobotta_bcap.egg-info/dependency_links.txt
[0.640s] writing entry points to ../../build/cobotta_bcap/cobotta_bcap.egg-info/entry_points.txt
[0.640s] writing requirements to ../../build/cobotta_bcap/cobotta_bcap.egg-info/requires.txt
[0.640s] writing top-level names to ../../build/cobotta_bcap/cobotta_bcap.egg-info/top_level.txt
[0.663s] reading manifest file '../../build/cobotta_bcap/cobotta_bcap.egg-info/SOURCES.txt'
[0.664s] writing manifest file '../../build/cobotta_bcap/cobotta_bcap.egg-info/SOURCES.txt'
[0.664s] running build
[0.664s] running build_py
[0.664s] creating /home/arc/Documents/automatic_arc_melting_system/build/cobotta_bcap/build/lib/cobotta_bcap/pybcapclient
[0.664s] copying cobotta_bcap/pybcapclient/__init__.py -> /home/arc/Documents/automatic_arc_melting_system/build/cobotta_bcap/build/lib/cobotta_bcap/pybcapclient
[0.664s] copying cobotta_bcap/pybcapclient/bcapclient.py -> /home/arc/Documents/automatic_arc_melting_system/build/cobotta_bcap/build/lib/cobotta_bcap/pybcapclient
[0.664s] copying cobotta_bcap/pybcapclient/variant.py -> /home/arc/Documents/automatic_arc_melting_system/build/cobotta_bcap/build/lib/cobotta_bcap/pybcapclient
[0.665s] copying cobotta_bcap/pybcapclient/orinexception.py -> /home/arc/Documents/automatic_arc_melting_system/build/cobotta_bcap/build/lib/cobotta_bcap/pybcapclient
[0.665s] running install
[0.665s] running install_lib
[0.666s] creating /home/arc/Documents/automatic_arc_melting_system/install/cobotta_bcap/lib/python3.8/site-packages/cobotta_bcap/pybcapclient
[0.666s] copying /home/arc/Documents/automatic_arc_melting_system/build/cobotta_bcap/build/lib/cobotta_bcap/pybcapclient/__init__.py -> /home/arc/Documents/automatic_arc_melting_system/install/cobotta_bcap/lib/python3.8/site-packages/cobotta_bcap/pybcapclient
[0.666s] copying /home/arc/Documents/automatic_arc_melting_system/build/cobotta_bcap/build/lib/cobotta_bcap/pybcapclient/bcapclient.py -> /home/arc/Documents/automatic_arc_melting_system/install/cobotta_bcap/lib/python3.8/site-packages/cobotta_bcap/pybcapclient
[0.666s] copying /home/arc/Documents/automatic_arc_melting_system/build/cobotta_bcap/build/lib/cobotta_bcap/pybcapclient/variant.py -> /home/arc/Documents/automatic_arc_melting_system/install/cobotta_bcap/lib/python3.8/site-packages/cobotta_bcap/pybcapclient
[0.666s] copying /home/arc/Documents/automatic_arc_melting_system/build/cobotta_bcap/build/lib/cobotta_bcap/pybcapclient/orinexception.py -> /home/arc/Documents/automatic_arc_melting_system/install/cobotta_bcap/lib/python3.8/site-packages/cobotta_bcap/pybcapclient
[0.666s] byte-compiling /home/arc/Documents/automatic_arc_melting_system/install/cobotta_bcap/lib/python3.8/site-packages/cobotta_bcap/pybcapclient/__init__.py to __init__.cpython-38.pyc
[0.667s] byte-compiling /home/arc/Documents/automatic_arc_melting_system/install/cobotta_bcap/lib/python3.8/site-packages/cobotta_bcap/pybcapclient/bcapclient.py to bcapclient.cpython-38.pyc
[0.671s] byte-compiling /home/arc/Documents/automatic_arc_melting_system/install/cobotta_bcap/lib/python3.8/site-packages/cobotta_bcap/pybcapclient/variant.py to variant.cpython-38.pyc
[0.671s] byte-compiling /home/arc/Documents/automatic_arc_melting_system/install/cobotta_bcap/lib/python3.8/site-packages/cobotta_bcap/pybcapclient/orinexception.py to orinexception.cpython-38.pyc
[0.671s] running install_data
[0.671s] running install_egg_info
[0.672s] removing '/home/arc/Documents/automatic_arc_melting_system/install/cobotta_bcap/lib/python3.8/site-packages/cobotta_bcap-0.0.0-py3.8.egg-info' (and everything under it)
[0.672s] Copying ../../build/cobotta_bcap/cobotta_bcap.egg-info to /home/arc/Documents/automatic_arc_melting_system/install/cobotta_bcap/lib/python3.8/site-packages/cobotta_bcap-0.0.0-py3.8.egg-info
[0.673s] running install_scripts
[0.684s] Installing client script to /home/arc/Documents/automatic_arc_melting_system/install/cobotta_bcap/lib/cobotta_bcap
[0.684s] Installing service script to /home/arc/Documents/automatic_arc_melting_system/install/cobotta_bcap/lib/cobotta_bcap
[0.684s] writing list of installed files to '/home/arc/Documents/automatic_arc_melting_system/build/cobotta_bcap/install.log'
[0.698s] Invoked command in '/home/arc/Documents/automatic_arc_melting_system/src/cobotta_bcap' returned '0': PYTHONPATH=/home/arc/Documents/automatic_arc_melting_system/install/cobotta_bcap/lib/python3.8/site-packages:${PYTHONPATH} /usr/bin/python3 setup.py egg_info --egg-base ../../build/cobotta_bcap build --build-base /home/arc/Documents/automatic_arc_melting_system/build/cobotta_bcap/build install --prefix /home/arc/Documents/automatic_arc_melting_system/install/cobotta_bcap --record /home/arc/Documents/automatic_arc_melting_system/build/cobotta_bcap/install.log --single-version-externally-managed
