[0.011s] Invoking command in '/home/arc/Documents/automatic_arc_melting_system/build/cobotta_process': AMENT_PREFIX_PATH=/home/arc/Documents/automatic_arc_melting_system/install/tcp_format:${AMENT_PREFIX_PATH} CMAKE_PREFIX_PATH=/home/arc/Documents/automatic_arc_melting_system/install/tcp_format:/opt/ros/foxy LD_LIBRARY_PATH=/home/arc/Documents/automatic_arc_melting_system/install/tcp_format/lib:${LD_LIBRARY_PATH} PYTHONPATH=/home/arc/Documents/automatic_arc_melting_system/install/tcp_format/lib/python3.8/site-packages:${PYTHONPATH} /usr/bin/cmake --build /home/arc/Documents/automatic_arc_melting_system/build/cobotta_process -- -j16 -l16
[0.038s] [35m[1mScanning dependencies of target client[0m
[0.054s] [ 50%] [32mBuilding CXX object CMakeFiles/client.dir/src/cobotta_io.cpp.o[0m
[0.891s] [01m[K/home/arc/Documents/automatic_arc_melting_system/src/cobotta_process/src/cobotta_io.cpp:11:19:[m[K [01;35m[Kwarning: [m[Kuse of ‘[01m[Kauto[m[K’ in parameter declaration only available with ‘[01m[K-fconcepts[m[K’
[0.891s]    11 |                   [01;35m[Kauto[m[K request){
[0.891s]       |                   [01;35m[K^~~~[m[K
[0.894s] [01m[K/home/arc/Documents/automatic_arc_melting_system/src/cobotta_process/src/cobotta_io.cpp:[m[K In function ‘[01m[Kint creat_socket(rclcpp::Client<tcp_format::srv::SocketFormat>::SharedPtr, auto:12)[m[K’:
[0.894s] [01m[K/home/arc/Documents/automatic_arc_melting_system/src/cobotta_process/src/cobotta_io.cpp:23:42:[m[K [01;31m[Kerror: [m[K‘[01m[Knode[m[K’ was not declared in this scope
[0.894s]    23 |   if (rclcpp::spin_until_future_complete([01;31m[Knode[m[K, result) ==
[0.894s]       |                                          [01;31m[K^~~~[m[K
[0.895s] [01m[K/home/arc/Documents/automatic_arc_melting_system/src/cobotta_process/src/cobotta_io.cpp:[m[K At global scope:
[0.895s] [01m[K/home/arc/Documents/automatic_arc_melting_system/src/cobotta_process/src/cobotta_io.cpp:38:19:[m[K [01;35m[Kwarning: [m[Kuse of ‘[01m[Kauto[m[K’ in parameter declaration only available with ‘[01m[K-fconcepts[m[K’
[0.895s]    38 |                   [01;35m[Kauto[m[K request){
[0.895s]       |                   [01;35m[K^~~~[m[K
[0.896s] [01m[K/home/arc/Documents/automatic_arc_melting_system/src/cobotta_process/src/cobotta_io.cpp:[m[K In function ‘[01m[Kint send_socket(rclcpp::Client<tcp_format::srv::SocketFormat>::SharedPtr, auto:13)[m[K’:
[0.896s] [01m[K/home/arc/Documents/automatic_arc_melting_system/src/cobotta_process/src/cobotta_io.cpp:49:42:[m[K [01;31m[Kerror: [m[K‘[01m[Knode[m[K’ was not declared in this scope
[0.896s]    49 |   if (rclcpp::spin_until_future_complete([01;31m[Knode[m[K, result) ==
[0.896s]       |                                          [01;31m[K^~~~[m[K
[0.897s] [01m[K/home/arc/Documents/automatic_arc_melting_system/src/cobotta_process/src/cobotta_io.cpp:53:5:[m[K [01;31m[Kerror: [m[K‘[01m[Ksocket_fd[m[K’ was not declared in this scope
[0.897s]    53 |     [01;31m[Ksocket_fd[m[K = result.get()->socket_fd;
[0.897s]       |     [01;31m[K^~~~~~~~~[m[K
[0.898s] [01m[K/home/arc/Documents/automatic_arc_melting_system/src/cobotta_process/src/cobotta_io.cpp:59:10:[m[K [01;31m[Kerror: [m[K‘[01m[Ksocket_fd[m[K’ was not declared in this scope
[0.899s]    59 |   return [01;31m[Ksocket_fd[m[K;
[0.899s]       |          [01;31m[K^~~~~~~~~[m[K
[0.899s] [01m[K/home/arc/Documents/automatic_arc_melting_system/src/cobotta_process/src/cobotta_io.cpp:[m[K At global scope:
[0.899s] [01m[K/home/arc/Documents/automatic_arc_melting_system/src/cobotta_process/src/cobotta_io.cpp:63:19:[m[K [01;35m[Kwarning: [m[Kuse of ‘[01m[Kauto[m[K’ in parameter declaration only available with ‘[01m[K-fconcepts[m[K’
[0.899s]    63 |                   [01;35m[Kauto[m[K request){
[0.899s]       |                   [01;35m[K^~~~[m[K
[0.899s] [01m[K/home/arc/Documents/automatic_arc_melting_system/src/cobotta_process/src/cobotta_io.cpp:[m[K In function ‘[01m[Kint close_socket(rclcpp::Client<tcp_format::srv::SocketFormat>::SharedPtr, auto:14)[m[K’:
[0.899s] [01m[K/home/arc/Documents/automatic_arc_melting_system/src/cobotta_process/src/cobotta_io.cpp:74:42:[m[K [01;31m[Kerror: [m[K‘[01m[Knode[m[K’ was not declared in this scope
[0.900s]    74 |   if (rclcpp::spin_until_future_complete([01;31m[Knode[m[K, result) ==
[0.900s]       |                                          [01;31m[K^~~~[m[K
[0.900s] [01m[K/home/arc/Documents/automatic_arc_melting_system/src/cobotta_process/src/cobotta_io.cpp:78:5:[m[K [01;31m[Kerror: [m[K‘[01m[Ksocket_fd[m[K’ was not declared in this scope
[0.900s]    78 |     [01;31m[Ksocket_fd[m[K = result.get()->socket_fd;
[0.901s]       |     [01;31m[K^~~~~~~~~[m[K
[0.902s] [01m[K/home/arc/Documents/automatic_arc_melting_system/src/cobotta_process/src/cobotta_io.cpp:84:10:[m[K [01;31m[Kerror: [m[K‘[01m[Ksocket_fd[m[K’ was not declared in this scope
[0.902s]    84 |   return [01;31m[Ksocket_fd[m[K;
[0.902s]       |          [01;31m[K^~~~~~~~~[m[K
[1.258s] make[2]: *** [CMakeFiles/client.dir/build.make:63: CMakeFiles/client.dir/src/cobotta_io.cpp.o] Error 1
[1.259s] make[1]: *** [CMakeFiles/Makefile2:78: CMakeFiles/client.dir/all] Error 2
[1.259s] make: *** [Makefile:141: all] Error 2
[1.260s] Invoked command in '/home/arc/Documents/automatic_arc_melting_system/build/cobotta_process' returned '2': AMENT_PREFIX_PATH=/home/arc/Documents/automatic_arc_melting_system/install/tcp_format:${AMENT_PREFIX_PATH} CMAKE_PREFIX_PATH=/home/arc/Documents/automatic_arc_melting_system/install/tcp_format:/opt/ros/foxy LD_LIBRARY_PATH=/home/arc/Documents/automatic_arc_melting_system/install/tcp_format/lib:${LD_LIBRARY_PATH} PYTHONPATH=/home/arc/Documents/automatic_arc_melting_system/install/tcp_format/lib/python3.8/site-packages:${PYTHONPATH} /usr/bin/cmake --build /home/arc/Documents/automatic_arc_melting_system/build/cobotta_process -- -j16 -l16
