[0.478s] Invoking command in '/home/arc/Documents/automatic_arc_melting_system/src/cobotta_bcap': PYTHONPATH=/home/arc/Documents/automatic_arc_melting_system/install/cobotta_bcap/lib/python3.8/site-packages:${PYTHONPATH} /usr/bin/python3 setup.py egg_info --egg-base ../../build/cobotta_bcap build --build-base /home/arc/Documents/automatic_arc_melting_system/build/cobotta_bcap/build install --prefix /home/arc/Documents/automatic_arc_melting_system/install/cobotta_bcap --record /home/arc/Documents/automatic_arc_melting_system/build/cobotta_bcap/install.log --single-version-externally-managed
[0.638s] running egg_info
[0.639s] writing ../../build/cobotta_bcap/cobotta_bcap.egg-info/PKG-INFO
[0.639s] writing dependency_links to ../../build/cobotta_bcap/cobotta_bcap.egg-info/dependency_links.txt
[0.639s] writing entry points to ../../build/cobotta_bcap/cobotta_bcap.egg-info/entry_points.txt
[0.639s] writing requirements to ../../build/cobotta_bcap/cobotta_bcap.egg-info/requires.txt
[0.639s] writing top-level names to ../../build/cobotta_bcap/cobotta_bcap.egg-info/top_level.txt
[0.662s] reading manifest file '../../build/cobotta_bcap/cobotta_bcap.egg-info/SOURCES.txt'
[0.663s] writing manifest file '../../build/cobotta_bcap/cobotta_bcap.egg-info/SOURCES.txt'
[0.663s] running build
[0.663s] running build_py
[0.663s] copying cobotta_bcap/io_control_service.py -> /home/arc/Documents/automatic_arc_melting_system/build/cobotta_bcap/build/lib/cobotta_bcap
[0.663s] running install
[0.664s] running install_lib
[0.665s] copying /home/arc/Documents/automatic_arc_melting_system/build/cobotta_bcap/build/lib/cobotta_bcap/io_control_service.py -> /home/arc/Documents/automatic_arc_melting_system/install/cobotta_bcap/lib/python3.8/site-packages/cobotta_bcap
[0.665s] byte-compiling /home/arc/Documents/automatic_arc_melting_system/install/cobotta_bcap/lib/python3.8/site-packages/cobotta_bcap/io_control_service.py to io_control_service.cpython-38.pyc
[0.666s]   File "/home/arc/Documents/automatic_arc_melting_system/install/cobotta_bcap/lib/python3.8/site-packages/cobotta_bcap/io_control_service.py", line 2
[0.666s]     import .pybcapclient.bcapclient as bcapclient
[0.666s]            ^
[0.666s] SyntaxError: invalid syntax
[0.666s] 
[0.666s] running install_data
[0.666s] running install_egg_info
[0.667s] removing '/home/arc/Documents/automatic_arc_melting_system/install/cobotta_bcap/lib/python3.8/site-packages/cobotta_bcap-0.0.0-py3.8.egg-info' (and everything under it)
[0.667s] Copying ../../build/cobotta_bcap/cobotta_bcap.egg-info to /home/arc/Documents/automatic_arc_melting_system/install/cobotta_bcap/lib/python3.8/site-packages/cobotta_bcap-0.0.0-py3.8.egg-info
[0.668s] running install_scripts
[0.679s] Installing client script to /home/arc/Documents/automatic_arc_melting_system/install/cobotta_bcap/lib/cobotta_bcap
[0.679s] Installing service script to /home/arc/Documents/automatic_arc_melting_system/install/cobotta_bcap/lib/cobotta_bcap
[0.679s] writing list of installed files to '/home/arc/Documents/automatic_arc_melting_system/build/cobotta_bcap/install.log'
[0.693s] Invoked command in '/home/arc/Documents/automatic_arc_melting_system/src/cobotta_bcap' returned '0': PYTHONPATH=/home/arc/Documents/automatic_arc_melting_system/install/cobotta_bcap/lib/python3.8/site-packages:${PYTHONPATH} /usr/bin/python3 setup.py egg_info --egg-base ../../build/cobotta_bcap build --build-base /home/arc/Documents/automatic_arc_melting_system/build/cobotta_bcap/build install --prefix /home/arc/Documents/automatic_arc_melting_system/install/cobotta_bcap --record /home/arc/Documents/automatic_arc_melting_system/build/cobotta_bcap/install.log --single-version-externally-managed
