[0.055s] Invoking command in '/home/arc/Documents/automatic_arc_melting_system/build/auto_weighting': CMAKE_PREFIX_PATH=/home/arc/Documents/automatic_arc_melting_system/install/tcp_format:/home/arc/Documents/automatic_arc_melting_system/install/tcp_handle:/home/arc/Documents/automatic_arc_melting_system/install/cobotta_process:/home/arc/Documents/automatic_arc_melting_system/install/auto_weighting:/home/arc/Documents/automatic_arc_melting_system/install/plc_control:/home/arc/Documents/automatic_arc_melting_system/install/msg_format:/home/arc/Documents/automatic_arc_melting_system/install/main_process:/home/arc/Documents/automatic_arc_melting_system/install/action_tutorials_cpp:/home/arc/Documents/automatic_arc_melting_system/install/action_tutorials_interfaces:/home/arc/Documents/automatic_arc_melting_system/install/cobotta_bcap:/opt/ros/foxy /usr/bin/cmake --build /home/arc/Documents/automatic_arc_melting_system/build/auto_weighting -- -j16 -l16
[0.125s] [100%] Built target client
[0.151s] Invoked command in '/home/arc/Documents/automatic_arc_melting_system/build/auto_weighting' returned '0': CMAKE_PREFIX_PATH=/home/arc/Documents/automatic_arc_melting_system/install/tcp_format:/home/arc/Documents/automatic_arc_melting_system/install/tcp_handle:/home/arc/Documents/automatic_arc_melting_system/install/cobotta_process:/home/arc/Documents/automatic_arc_melting_system/install/auto_weighting:/home/arc/Documents/automatic_arc_melting_system/install/plc_control:/home/arc/Documents/automatic_arc_melting_system/install/msg_format:/home/arc/Documents/automatic_arc_melting_system/install/main_process:/home/arc/Documents/automatic_arc_melting_system/install/action_tutorials_cpp:/home/arc/Documents/automatic_arc_melting_system/install/action_tutorials_interfaces:/home/arc/Documents/automatic_arc_melting_system/install/cobotta_bcap:/opt/ros/foxy /usr/bin/cmake --build /home/arc/Documents/automatic_arc_melting_system/build/auto_weighting -- -j16 -l16
[0.184s] Invoking command in '/home/arc/Documents/automatic_arc_melting_system/build/auto_weighting': CMAKE_PREFIX_PATH=/home/arc/Documents/automatic_arc_melting_system/install/tcp_format:/home/arc/Documents/automatic_arc_melting_system/install/tcp_handle:/home/arc/Documents/automatic_arc_melting_system/install/cobotta_process:/home/arc/Documents/automatic_arc_melting_system/install/auto_weighting:/home/arc/Documents/automatic_arc_melting_system/install/plc_control:/home/arc/Documents/automatic_arc_melting_system/install/msg_format:/home/arc/Documents/automatic_arc_melting_system/install/main_process:/home/arc/Documents/automatic_arc_melting_system/install/action_tutorials_cpp:/home/arc/Documents/automatic_arc_melting_system/install/action_tutorials_interfaces:/home/arc/Documents/automatic_arc_melting_system/install/cobotta_bcap:/opt/ros/foxy /usr/bin/cmake --install /home/arc/Documents/automatic_arc_melting_system/build/auto_weighting
[0.193s] -- Install configuration: ""
[0.195s] -- Up-to-date: /home/arc/Documents/automatic_arc_melting_system/install/auto_weighting/lib/auto_weighting/client
[0.196s] -- Up-to-date: /home/arc/Documents/automatic_arc_melting_system/install/auto_weighting/share/ament_index/resource_index/package_run_dependencies/auto_weighting
[0.197s] -- Up-to-date: /home/arc/Documents/automatic_arc_melting_system/install/auto_weighting/share/ament_index/resource_index/parent_prefix_path/auto_weighting
[0.200s] -- Up-to-date: /home/arc/Documents/automatic_arc_melting_system/install/auto_weighting/share/auto_weighting/environment/ament_prefix_path.sh
[0.201s] -- Up-to-date: /home/arc/Documents/automatic_arc_melting_system/install/auto_weighting/share/auto_weighting/environment/ament_prefix_path.dsv
[0.201s] -- Up-to-date: /home/arc/Documents/automatic_arc_melting_system/install/auto_weighting/share/auto_weighting/environment/path.sh
[0.201s] -- Up-to-date: /home/arc/Documents/automatic_arc_melting_system/install/auto_weighting/share/auto_weighting/environment/path.dsv
[0.201s] -- Up-to-date: /home/arc/Documents/automatic_arc_melting_system/install/auto_weighting/share/auto_weighting/local_setup.bash
[0.203s] -- Up-to-date: /home/arc/Documents/automatic_arc_melting_system/install/auto_weighting/share/auto_weighting/local_setup.sh
[0.203s] -- Up-to-date: /home/arc/Documents/automatic_arc_melting_system/install/auto_weighting/share/auto_weighting/local_setup.zsh
[0.203s] -- Up-to-date: /home/arc/Documents/automatic_arc_melting_system/install/auto_weighting/share/auto_weighting/local_setup.dsv
[0.203s] -- Installing: /home/arc/Documents/automatic_arc_melting_system/install/auto_weighting/share/auto_weighting/package.dsv
[0.203s] -- Up-to-date: /home/arc/Documents/automatic_arc_melting_system/install/auto_weighting/share/ament_index/resource_index/packages/auto_weighting
[0.204s] -- Up-to-date: /home/arc/Documents/automatic_arc_melting_system/install/auto_weighting/share/auto_weighting/cmake/auto_weightingConfig.cmake
[0.204s] -- Up-to-date: /home/arc/Documents/automatic_arc_melting_system/install/auto_weighting/share/auto_weighting/cmake/auto_weightingConfig-version.cmake
[0.204s] -- Up-to-date: /home/arc/Documents/automatic_arc_melting_system/install/auto_weighting/share/auto_weighting/package.xml
[0.217s] Invoked command in '/home/arc/Documents/automatic_arc_melting_system/build/auto_weighting' returned '0': CMAKE_PREFIX_PATH=/home/arc/Documents/automatic_arc_melting_system/install/tcp_format:/home/arc/Documents/automatic_arc_melting_system/install/tcp_handle:/home/arc/Documents/automatic_arc_melting_system/install/cobotta_process:/home/arc/Documents/automatic_arc_melting_system/install/auto_weighting:/home/arc/Documents/automatic_arc_melting_system/install/plc_control:/home/arc/Documents/automatic_arc_melting_system/install/msg_format:/home/arc/Documents/automatic_arc_melting_system/install/main_process:/home/arc/Documents/automatic_arc_melting_system/install/action_tutorials_cpp:/home/arc/Documents/automatic_arc_melting_system/install/action_tutorials_interfaces:/home/arc/Documents/automatic_arc_melting_system/install/cobotta_bcap:/opt/ros/foxy /usr/bin/cmake --install /home/arc/Documents/automatic_arc_melting_system/build/auto_weighting
