[0.010s] Invoking command in '/home/arc/Documents/automatic_arc_melting_system/build/msg_format': CMAKE_PREFIX_PATH=/opt/ros/foxy /usr/bin/cmake --build /home/arc/Documents/automatic_arc_melting_system/build/msg_format -- -j16 -l16
[0.051s] [  2%] Built target msg_format__cpp
[0.051s] [ 12%] Built target msg_format__rosidl_generator_c
[0.066s] [ 46%] Built target msg_format__rosidl_typesupport_introspection_c
[0.067s] [ 46%] Built target msg_format__rosidl_typesupport_c
[0.067s] [ 46%] Built target msg_format__rosidl_typesupport_cpp
[0.082s] [ 57%] Built target msg_format__rosidl_typesupport_introspection_cpp
[0.085s] [ 69%] Built target msg_format__rosidl_typesupport_fastrtps_cpp
[0.105s] [ 80%] Built target msg_format__rosidl_typesupport_fastrtps_c
[0.119s] [ 80%] Built target msg_format
[0.135s] [ 81%] Built target msg_format__py
[0.153s] [ 91%] Built target msg_format__python
[0.168s] [ 97%] Built target msg_format__rosidl_typesupport_introspection_c__pyext
[0.168s] [ 97%] Built target msg_format__rosidl_typesupport_c__pyext
[0.170s] [100%] Built target msg_format__rosidl_typesupport_fastrtps_c__pyext
[0.177s] Invoked command in '/home/arc/Documents/automatic_arc_melting_system/build/msg_format' returned '0': CMAKE_PREFIX_PATH=/opt/ros/foxy /usr/bin/cmake --build /home/arc/Documents/automatic_arc_melting_system/build/msg_format -- -j16 -l16
[0.249s] Invoking command in '/home/arc/Documents/automatic_arc_melting_system/build/msg_format': CMAKE_PREFIX_PATH=/opt/ros/foxy /usr/bin/cmake --install /home/arc/Documents/automatic_arc_melting_system/build/msg_format
[0.254s] -- Install configuration: ""
[0.255s] -- Up-to-date: /home/arc/Documents/automatic_arc_melting_system/install/msg_format/share/ament_index/resource_index/rosidl_interfaces/msg_format
[0.255s] -- Up-to-date: /home/arc/Documents/automatic_arc_melting_system/install/msg_format/include/msg_format
[0.255s] -- Up-to-date: /home/arc/Documents/automatic_arc_melting_system/install/msg_format/include/msg_format/srv
[0.255s] -- Up-to-date: /home/arc/Documents/automatic_arc_melting_system/install/msg_format/include/msg_format/srv/cobotta_format.h
[0.255s] -- Up-to-date: /home/arc/Documents/automatic_arc_melting_system/install/msg_format/include/msg_format/srv/plc_format.h
[0.255s] -- Up-to-date: /home/arc/Documents/automatic_arc_melting_system/install/msg_format/include/msg_format/srv/weighing_format.h
[0.255s] -- Up-to-date: /home/arc/Documents/automatic_arc_melting_system/install/msg_format/include/msg_format/srv/detail
[0.255s] -- Up-to-date: /home/arc/Documents/automatic_arc_melting_system/install/msg_format/include/msg_format/srv/detail/plc_format__functions.c
[0.255s] -- Up-to-date: /home/arc/Documents/automatic_arc_melting_system/install/msg_format/include/msg_format/srv/detail/weighing_format__struct.h
[0.255s] -- Up-to-date: /home/arc/Documents/automatic_arc_melting_system/install/msg_format/include/msg_format/srv/detail/plc_format__type_support.h
[0.255s] -- Up-to-date: /home/arc/Documents/automatic_arc_melting_system/install/msg_format/include/msg_format/srv/detail/cobotta_format__functions.c
[0.255s] -- Up-to-date: /home/arc/Documents/automatic_arc_melting_system/install/msg_format/include/msg_format/srv/detail/cobotta_format__functions.h
[0.255s] -- Up-to-date: /home/arc/Documents/automatic_arc_melting_system/install/msg_format/include/msg_format/srv/detail/furnace_format__functions.c
[0.256s] -- Up-to-date: /home/arc/Documents/automatic_arc_melting_system/install/msg_format/include/msg_format/srv/detail/slider_format__functions.h
[0.256s] -- Up-to-date: /home/arc/Documents/automatic_arc_melting_system/install/msg_format/include/msg_format/srv/detail/cobotta_format__type_support.h
[0.256s] -- Up-to-date: /home/arc/Documents/automatic_arc_melting_system/install/msg_format/include/msg_format/srv/detail/gripper_format__struct.h
[0.256s] -- Up-to-date: /home/arc/Documents/automatic_arc_melting_system/install/msg_format/include/msg_format/srv/detail/furnace_format__functions.h
[0.256s] -- Up-to-date: /home/arc/Documents/automatic_arc_melting_system/install/msg_format/include/msg_format/srv/detail/furnace_format__type_support.h
[0.256s] -- Up-to-date: /home/arc/Documents/automatic_arc_melting_system/install/msg_format/include/msg_format/srv/detail/slider_format__functions.c
[0.256s] -- Up-to-date: /home/arc/Documents/automatic_arc_melting_system/install/msg_format/include/msg_format/srv/detail/plc_format__struct.h
[0.256s] -- Up-to-date: /home/arc/Documents/automatic_arc_melting_system/install/msg_format/include/msg_format/srv/detail/weighing_format__type_support.h
[0.256s] -- Up-to-date: /home/arc/Documents/automatic_arc_melting_system/install/msg_format/include/msg_format/srv/detail/cobotta_format__struct.h
[0.256s] -- Up-to-date: /home/arc/Documents/automatic_arc_melting_system/install/msg_format/include/msg_format/srv/detail/gripper_format__type_support.h
[0.256s] -- Up-to-date: /home/arc/Documents/automatic_arc_melting_system/install/msg_format/include/msg_format/srv/detail/slider_format__type_support.h
[0.256s] -- Up-to-date: /home/arc/Documents/automatic_arc_melting_system/install/msg_format/include/msg_format/srv/detail/plc_format__functions.h
[0.256s] -- Up-to-date: /home/arc/Documents/automatic_arc_melting_system/install/msg_format/include/msg_format/srv/detail/furnace_format__struct.h
[0.256s] -- Up-to-date: /home/arc/Documents/automatic_arc_melting_system/install/msg_format/include/msg_format/srv/detail/weighing_format__functions.c
[0.257s] -- Up-to-date: /home/arc/Documents/automatic_arc_melting_system/install/msg_format/include/msg_format/srv/detail/gripper_format__functions.c
[0.257s] -- Up-to-date: /home/arc/Documents/automatic_arc_melting_system/install/msg_format/include/msg_format/srv/detail/slider_format__struct.h
[0.257s] -- Up-to-date: /home/arc/Documents/automatic_arc_melting_system/install/msg_format/include/msg_format/srv/detail/weighing_format__functions.h
[0.257s] -- Up-to-date: /home/arc/Documents/automatic_arc_melting_system/install/msg_format/include/msg_format/srv/detail/gripper_format__functions.h
[0.257s] -- Up-to-date: /home/arc/Documents/automatic_arc_melting_system/install/msg_format/include/msg_format/srv/gripper_format.h
[0.257s] -- Up-to-date: /home/arc/Documents/automatic_arc_melting_system/install/msg_format/include/msg_format/srv/furnace_format.h
[0.257s] -- Up-to-date: /home/arc/Documents/automatic_arc_melting_system/install/msg_format/include/msg_format/srv/slider_format.h
[0.257s] -- Up-to-date: /home/arc/Documents/automatic_arc_melting_system/install/msg_format/include/msg_format/msg
[0.257s] -- Up-to-date: /home/arc/Documents/automatic_arc_melting_system/install/msg_format/include/msg_format/msg/rosidl_generator_c__visibility_control.h
[0.257s] -- Up-to-date: /home/arc/Documents/automatic_arc_melting_system/install/msg_format/share/msg_format/environment/library_path.sh
[0.257s] -- Up-to-date: /home/arc/Documents/automatic_arc_melting_system/install/msg_format/share/msg_format/environment/library_path.dsv
[0.257s] -- Up-to-date: /home/arc/Documents/automatic_arc_melting_system/install/msg_format/lib/libmsg_format__rosidl_generator_c.so
[0.257s] -- Up-to-date: /home/arc/Documents/automatic_arc_melting_system/install/msg_format/include/msg_format
[0.258s] -- Up-to-date: /home/arc/Documents/automatic_arc_melting_system/install/msg_format/include/msg_format/srv
[0.258s] -- Up-to-date: /home/arc/Documents/automatic_arc_melting_system/install/msg_format/include/msg_format/srv/detail
[0.258s] -- Up-to-date: /home/arc/Documents/automatic_arc_melting_system/install/msg_format/include/msg_format/srv/detail/plc_format__rosidl_typesupport_fastrtps_c.h
[0.258s] -- Up-to-date: /home/arc/Documents/automatic_arc_melting_system/install/msg_format/include/msg_format/srv/detail/gripper_format__rosidl_typesupport_fastrtps_c.h
[0.258s] -- Up-to-date: /home/arc/Documents/automatic_arc_melting_system/install/msg_format/include/msg_format/srv/detail/furnace_format__rosidl_typesupport_fastrtps_c.h
[0.258s] -- Up-to-date: /home/arc/Documents/automatic_arc_melting_system/install/msg_format/include/msg_format/srv/detail/slider_format__rosidl_typesupport_fastrtps_c.h
[0.258s] -- Up-to-date: /home/arc/Documents/automatic_arc_melting_system/install/msg_format/include/msg_format/srv/detail/weighing_format__rosidl_typesupport_fastrtps_c.h
[0.258s] -- Up-to-date: /home/arc/Documents/automatic_arc_melting_system/install/msg_format/include/msg_format/srv/detail/cobotta_format__rosidl_typesupport_fastrtps_c.h
[0.258s] -- Up-to-date: /home/arc/Documents/automatic_arc_melting_system/install/msg_format/include/msg_format/msg
[0.258s] -- Up-to-date: /home/arc/Documents/automatic_arc_melting_system/install/msg_format/include/msg_format/msg/rosidl_typesupport_fastrtps_c__visibility_control.h
[0.258s] -- Up-to-date: /home/arc/Documents/automatic_arc_melting_system/install/msg_format/lib/libmsg_format__rosidl_typesupport_fastrtps_c.so
[0.258s] -- Up-to-date: /home/arc/Documents/automatic_arc_melting_system/install/msg_format/include/msg_format
[0.258s] -- Up-to-date: /home/arc/Documents/automatic_arc_melting_system/install/msg_format/include/msg_format/srv
[0.258s] -- Up-to-date: /home/arc/Documents/automatic_arc_melting_system/install/msg_format/include/msg_format/srv/detail
[0.258s] -- Up-to-date: /home/arc/Documents/automatic_arc_melting_system/install/msg_format/include/msg_format/srv/detail/dds_fastrtps
[0.258s] -- Up-to-date: /home/arc/Documents/automatic_arc_melting_system/install/msg_format/include/msg_format/srv/detail/gripper_format__rosidl_typesupport_fastrtps_cpp.hpp
[0.258s] -- Up-to-date: /home/arc/Documents/automatic_arc_melting_system/install/msg_format/include/msg_format/srv/detail/weighing_format__rosidl_typesupport_fastrtps_cpp.hpp
[0.258s] -- Up-to-date: /home/arc/Documents/automatic_arc_melting_system/install/msg_format/include/msg_format/srv/detail/slider_format__rosidl_typesupport_fastrtps_cpp.hpp
[0.258s] -- Up-to-date: /home/arc/Documents/automatic_arc_melting_system/install/msg_format/include/msg_format/srv/detail/plc_format__rosidl_typesupport_fastrtps_cpp.hpp
[0.259s] -- Up-to-date: /home/arc/Documents/automatic_arc_melting_system/install/msg_format/include/msg_format/srv/detail/furnace_format__rosidl_typesupport_fastrtps_cpp.hpp
[0.259s] -- Up-to-date: /home/arc/Documents/automatic_arc_melting_system/install/msg_format/include/msg_format/srv/detail/cobotta_format__rosidl_typesupport_fastrtps_cpp.hpp
[0.259s] -- Up-to-date: /home/arc/Documents/automatic_arc_melting_system/install/msg_format/include/msg_format/msg
[0.259s] -- Up-to-date: /home/arc/Documents/automatic_arc_melting_system/install/msg_format/include/msg_format/msg/rosidl_typesupport_fastrtps_cpp__visibility_control.h
[0.259s] -- Up-to-date: /home/arc/Documents/automatic_arc_melting_system/install/msg_format/lib/libmsg_format__rosidl_typesupport_fastrtps_cpp.so
[0.259s] -- Up-to-date: /home/arc/Documents/automatic_arc_melting_system/install/msg_format/include/msg_format
[0.259s] -- Up-to-date: /home/arc/Documents/automatic_arc_melting_system/install/msg_format/include/msg_format/srv
[0.259s] -- Up-to-date: /home/arc/Documents/automatic_arc_melting_system/install/msg_format/include/msg_format/srv/detail
[0.259s] -- Up-to-date: /home/arc/Documents/automatic_arc_melting_system/install/msg_format/include/msg_format/srv/detail/plc_format__type_support.c
[0.259s] -- Up-to-date: /home/arc/Documents/automatic_arc_melting_system/install/msg_format/include/msg_format/srv/detail/slider_format__type_support.c
[0.259s] -- Up-to-date: /home/arc/Documents/automatic_arc_melting_system/install/msg_format/include/msg_format/srv/detail/slider_format__rosidl_typesupport_introspection_c.h
[0.259s] -- Up-to-date: /home/arc/Documents/automatic_arc_melting_system/install/msg_format/include/msg_format/srv/detail/furnace_format__type_support.c
[0.259s] -- Up-to-date: /home/arc/Documents/automatic_arc_melting_system/install/msg_format/include/msg_format/srv/detail/gripper_format__type_support.c
[0.259s] -- Up-to-date: /home/arc/Documents/automatic_arc_melting_system/install/msg_format/include/msg_format/srv/detail/cobotta_format__rosidl_typesupport_introspection_c.h
[0.259s] -- Up-to-date: /home/arc/Documents/automatic_arc_melting_system/install/msg_format/include/msg_format/srv/detail/plc_format__rosidl_typesupport_introspection_c.h
[0.259s] -- Up-to-date: /home/arc/Documents/automatic_arc_melting_system/install/msg_format/include/msg_format/srv/detail/cobotta_format__type_support.c
[0.259s] -- Up-to-date: /home/arc/Documents/automatic_arc_melting_system/install/msg_format/include/msg_format/srv/detail/gripper_format__rosidl_typesupport_introspection_c.h
[0.259s] -- Up-to-date: /home/arc/Documents/automatic_arc_melting_system/install/msg_format/include/msg_format/srv/detail/furnace_format__rosidl_typesupport_introspection_c.h
[0.259s] -- Up-to-date: /home/arc/Documents/automatic_arc_melting_system/install/msg_format/include/msg_format/srv/detail/weighing_format__type_support.c
[0.260s] -- Up-to-date: /home/arc/Documents/automatic_arc_melting_system/install/msg_format/include/msg_format/srv/detail/weighing_format__rosidl_typesupport_introspection_c.h
[0.260s] -- Up-to-date: /home/arc/Documents/automatic_arc_melting_system/install/msg_format/include/msg_format/msg
[0.260s] -- Up-to-date: /home/arc/Documents/automatic_arc_melting_system/install/msg_format/include/msg_format/msg/rosidl_typesupport_introspection_c__visibility_control.h
[0.260s] -- Up-to-date: /home/arc/Documents/automatic_arc_melting_system/install/msg_format/lib/libmsg_format__rosidl_typesupport_introspection_c.so
[0.260s] -- Up-to-date: /home/arc/Documents/automatic_arc_melting_system/install/msg_format/lib/libmsg_format__rosidl_typesupport_c.so
[0.260s] -- Up-to-date: /home/arc/Documents/automatic_arc_melting_system/install/msg_format/include/msg_format
[0.260s] -- Up-to-date: /home/arc/Documents/automatic_arc_melting_system/install/msg_format/include/msg_format/srv
[0.260s] -- Up-to-date: /home/arc/Documents/automatic_arc_melting_system/install/msg_format/include/msg_format/srv/slider_format.hpp
[0.260s] -- Up-to-date: /home/arc/Documents/automatic_arc_melting_system/install/msg_format/include/msg_format/srv/detail
[0.260s] -- Up-to-date: /home/arc/Documents/automatic_arc_melting_system/install/msg_format/include/msg_format/srv/detail/gripper_format__traits.hpp
[0.260s] -- Up-to-date: /home/arc/Documents/automatic_arc_melting_system/install/msg_format/include/msg_format/srv/detail/weighing_format__struct.hpp
[0.260s] -- Up-to-date: /home/arc/Documents/automatic_arc_melting_system/install/msg_format/include/msg_format/srv/detail/gripper_format__builder.hpp
[0.260s] -- Up-to-date: /home/arc/Documents/automatic_arc_melting_system/install/msg_format/include/msg_format/srv/detail/slider_format__struct.hpp
[0.260s] -- Up-to-date: /home/arc/Documents/automatic_arc_melting_system/install/msg_format/include/msg_format/srv/detail/plc_format__struct.hpp
[0.260s] -- Up-to-date: /home/arc/Documents/automatic_arc_melting_system/install/msg_format/include/msg_format/srv/detail/weighing_format__builder.hpp
[0.260s] -- Up-to-date: /home/arc/Documents/automatic_arc_melting_system/install/msg_format/include/msg_format/srv/detail/slider_format__builder.hpp
[0.260s] -- Up-to-date: /home/arc/Documents/automatic_arc_melting_system/install/msg_format/include/msg_format/srv/detail/plc_format__traits.hpp
[0.260s] -- Up-to-date: /home/arc/Documents/automatic_arc_melting_system/install/msg_format/include/msg_format/srv/detail/gripper_format__struct.hpp
[0.260s] -- Up-to-date: /home/arc/Documents/automatic_arc_melting_system/install/msg_format/include/msg_format/srv/detail/slider_format__traits.hpp
[0.260s] -- Up-to-date: /home/arc/Documents/automatic_arc_melting_system/install/msg_format/include/msg_format/srv/detail/furnace_format__struct.hpp
[0.261s] -- Up-to-date: /home/arc/Documents/automatic_arc_melting_system/install/msg_format/include/msg_format/srv/detail/cobotta_format__builder.hpp
[0.261s] -- Up-to-date: /home/arc/Documents/automatic_arc_melting_system/install/msg_format/include/msg_format/srv/detail/furnace_format__builder.hpp
[0.261s] -- Up-to-date: /home/arc/Documents/automatic_arc_melting_system/install/msg_format/include/msg_format/srv/detail/plc_format__builder.hpp
[0.261s] -- Up-to-date: /home/arc/Documents/automatic_arc_melting_system/install/msg_format/include/msg_format/srv/detail/cobotta_format__struct.hpp
[0.261s] -- Up-to-date: /home/arc/Documents/automatic_arc_melting_system/install/msg_format/include/msg_format/srv/detail/furnace_format__traits.hpp
[0.261s] -- Up-to-date: /home/arc/Documents/automatic_arc_melting_system/install/msg_format/include/msg_format/srv/detail/cobotta_format__traits.hpp
[0.261s] -- Up-to-date: /home/arc/Documents/automatic_arc_melting_system/install/msg_format/include/msg_format/srv/detail/weighing_format__traits.hpp
[0.261s] -- Up-to-date: /home/arc/Documents/automatic_arc_melting_system/install/msg_format/include/msg_format/srv/cobotta_format.hpp
[0.261s] -- Up-to-date: /home/arc/Documents/automatic_arc_melting_system/install/msg_format/include/msg_format/srv/gripper_format.hpp
[0.261s] -- Up-to-date: /home/arc/Documents/automatic_arc_melting_system/install/msg_format/include/msg_format/srv/weighing_format.hpp
[0.261s] -- Up-to-date: /home/arc/Documents/automatic_arc_melting_system/install/msg_format/include/msg_format/srv/plc_format.hpp
[0.261s] -- Up-to-date: /home/arc/Documents/automatic_arc_melting_system/install/msg_format/include/msg_format/srv/furnace_format.hpp
[0.261s] -- Up-to-date: /home/arc/Documents/automatic_arc_melting_system/install/msg_format/include/msg_format
[0.261s] -- Up-to-date: /home/arc/Documents/automatic_arc_melting_system/install/msg_format/include/msg_format/srv
[0.261s] -- Up-to-date: /home/arc/Documents/automatic_arc_melting_system/install/msg_format/include/msg_format/srv/detail
[0.261s] -- Up-to-date: /home/arc/Documents/automatic_arc_melting_system/install/msg_format/include/msg_format/srv/detail/plc_format__type_support.cpp
[0.261s] -- Up-to-date: /home/arc/Documents/automatic_arc_melting_system/install/msg_format/include/msg_format/srv/detail/slider_format__rosidl_typesupport_introspection_cpp.hpp
[0.261s] -- Up-to-date: /home/arc/Documents/automatic_arc_melting_system/install/msg_format/include/msg_format/srv/detail/cobotta_format__type_support.cpp
[0.262s] -- Up-to-date: /home/arc/Documents/automatic_arc_melting_system/install/msg_format/include/msg_format/srv/detail/furnace_format__rosidl_typesupport_introspection_cpp.hpp
[0.262s] -- Up-to-date: /home/arc/Documents/automatic_arc_melting_system/install/msg_format/include/msg_format/srv/detail/weighing_format__rosidl_typesupport_introspection_cpp.hpp
[0.262s] -- Up-to-date: /home/arc/Documents/automatic_arc_melting_system/install/msg_format/include/msg_format/srv/detail/gripper_format__rosidl_typesupport_introspection_cpp.hpp
[0.262s] -- Up-to-date: /home/arc/Documents/automatic_arc_melting_system/install/msg_format/include/msg_format/srv/detail/plc_format__rosidl_typesupport_introspection_cpp.hpp
[0.262s] -- Up-to-date: /home/arc/Documents/automatic_arc_melting_system/install/msg_format/include/msg_format/srv/detail/slider_format__type_support.cpp
[0.262s] -- Up-to-date: /home/arc/Documents/automatic_arc_melting_system/install/msg_format/include/msg_format/srv/detail/gripper_format__type_support.cpp
[0.262s] -- Up-to-date: /home/arc/Documents/automatic_arc_melting_system/install/msg_format/include/msg_format/srv/detail/furnace_format__type_support.cpp
[0.262s] -- Up-to-date: /home/arc/Documents/automatic_arc_melting_system/install/msg_format/include/msg_format/srv/detail/cobotta_format__rosidl_typesupport_introspection_cpp.hpp
[0.262s] -- Up-to-date: /home/arc/Documents/automatic_arc_melting_system/install/msg_format/include/msg_format/srv/detail/weighing_format__type_support.cpp
[0.262s] -- Up-to-date: /home/arc/Documents/automatic_arc_melting_system/install/msg_format/lib/libmsg_format__rosidl_typesupport_introspection_cpp.so
[0.262s] -- Up-to-date: /home/arc/Documents/automatic_arc_melting_system/install/msg_format/lib/libmsg_format__rosidl_typesupport_cpp.so
[0.262s] -- Up-to-date: /home/arc/Documents/automatic_arc_melting_system/install/msg_format/share/msg_format/environment/pythonpath.sh
[0.262s] -- Up-to-date: /home/arc/Documents/automatic_arc_melting_system/install/msg_format/share/msg_format/environment/pythonpath.dsv
[0.262s] -- Up-to-date: /home/arc/Documents/automatic_arc_melting_system/install/msg_format/lib/python3.9/site-packages/msg_format/__init__.py
[0.288s] -- Up-to-date: /home/arc/Documents/automatic_arc_melting_system/install/msg_format/lib/python3.9/site-packages/msg_format/srv
[0.288s] -- Up-to-date: /home/arc/Documents/automatic_arc_melting_system/install/msg_format/lib/python3.9/site-packages/msg_format/srv/_furnace_format.py
[0.288s] -- Up-to-date: /home/arc/Documents/automatic_arc_melting_system/install/msg_format/lib/python3.9/site-packages/msg_format/srv/__init__.py
[0.289s] -- Up-to-date: /home/arc/Documents/automatic_arc_melting_system/install/msg_format/lib/python3.9/site-packages/msg_format/srv/_weighing_format_s.c
[0.289s] -- Up-to-date: /home/arc/Documents/automatic_arc_melting_system/install/msg_format/lib/python3.9/site-packages/msg_format/srv/_slider_format_s.c
[0.289s] -- Up-to-date: /home/arc/Documents/automatic_arc_melting_system/install/msg_format/lib/python3.9/site-packages/msg_format/srv/_gripper_format.py
[0.289s] -- Up-to-date: /home/arc/Documents/automatic_arc_melting_system/install/msg_format/lib/python3.9/site-packages/msg_format/srv/_cobotta_format_s.c
[0.289s] -- Up-to-date: /home/arc/Documents/automatic_arc_melting_system/install/msg_format/lib/python3.9/site-packages/msg_format/srv/_plc_format_s.c
[0.289s] -- Up-to-date: /home/arc/Documents/automatic_arc_melting_system/install/msg_format/lib/python3.9/site-packages/msg_format/srv/_cobotta_format.py
[0.289s] -- Up-to-date: /home/arc/Documents/automatic_arc_melting_system/install/msg_format/lib/python3.9/site-packages/msg_format/srv/_plc_format.py
[0.289s] -- Up-to-date: /home/arc/Documents/automatic_arc_melting_system/install/msg_format/lib/python3.9/site-packages/msg_format/srv/_slider_format.py
[0.289s] -- Up-to-date: /home/arc/Documents/automatic_arc_melting_system/install/msg_format/lib/python3.9/site-packages/msg_format/srv/_weighing_format.py
[0.289s] -- Up-to-date: /home/arc/Documents/automatic_arc_melting_system/install/msg_format/lib/python3.9/site-packages/msg_format/srv/_furnace_format_s.c
[0.289s] -- Up-to-date: /home/arc/Documents/automatic_arc_melting_system/install/msg_format/lib/python3.9/site-packages/msg_format/srv/_gripper_format_s.c
[0.289s] -- Up-to-date: /home/arc/Documents/automatic_arc_melting_system/install/msg_format/lib/python3.9/site-packages/msg_format/msg_format_s__rosidl_typesupport_fastrtps_c.cpython-39-x86_64-linux-gnu.so
[0.289s] -- Up-to-date: /home/arc/Documents/automatic_arc_melting_system/install/msg_format/lib/python3.9/site-packages/msg_format/msg_format_s__rosidl_typesupport_introspection_c.cpython-39-x86_64-linux-gnu.so
[0.289s] -- Up-to-date: /home/arc/Documents/automatic_arc_melting_system/install/msg_format/lib/python3.9/site-packages/msg_format/msg_format_s__rosidl_typesupport_c.cpython-39-x86_64-linux-gnu.so
[0.290s] -- Up-to-date: /home/arc/Documents/automatic_arc_melting_system/install/msg_format/lib/libmsg_format__python.so
[0.290s] -- Up-to-date: /home/arc/Documents/automatic_arc_melting_system/install/msg_format/share/msg_format/srv/CobottaFormat.idl
[0.290s] -- Up-to-date: /home/arc/Documents/automatic_arc_melting_system/install/msg_format/share/msg_format/srv/FurnaceFormat.idl
[0.290s] -- Up-to-date: /home/arc/Documents/automatic_arc_melting_system/install/msg_format/share/msg_format/srv/GripperFormat.idl
[0.290s] -- Up-to-date: /home/arc/Documents/automatic_arc_melting_system/install/msg_format/share/msg_format/srv/PlcFormat.idl
[0.290s] -- Up-to-date: /home/arc/Documents/automatic_arc_melting_system/install/msg_format/share/msg_format/srv/SliderFormat.idl
[0.290s] -- Up-to-date: /home/arc/Documents/automatic_arc_melting_system/install/msg_format/share/msg_format/srv/WeighingFormat.idl
[0.290s] -- Up-to-date: /home/arc/Documents/automatic_arc_melting_system/install/msg_format/share/msg_format/srv/CobottaFormat.srv
[0.290s] -- Up-to-date: /home/arc/Documents/automatic_arc_melting_system/install/msg_format/share/msg_format/srv/CobottaFormat_Request.msg
[0.290s] -- Up-to-date: /home/arc/Documents/automatic_arc_melting_system/install/msg_format/share/msg_format/srv/CobottaFormat_Response.msg
[0.290s] -- Up-to-date: /home/arc/Documents/automatic_arc_melting_system/install/msg_format/share/msg_format/srv/FurnaceFormat.srv
[0.290s] -- Up-to-date: /home/arc/Documents/automatic_arc_melting_system/install/msg_format/share/msg_format/srv/FurnaceFormat_Request.msg
[0.290s] -- Up-to-date: /home/arc/Documents/automatic_arc_melting_system/install/msg_format/share/msg_format/srv/FurnaceFormat_Response.msg
[0.291s] -- Up-to-date: /home/arc/Documents/automatic_arc_melting_system/install/msg_format/share/msg_format/srv/GripperFormat.srv
[0.291s] -- Up-to-date: /home/arc/Documents/automatic_arc_melting_system/install/msg_format/share/msg_format/srv/GripperFormat_Request.msg
[0.291s] -- Up-to-date: /home/arc/Documents/automatic_arc_melting_system/install/msg_format/share/msg_format/srv/GripperFormat_Response.msg
[0.291s] -- Up-to-date: /home/arc/Documents/automatic_arc_melting_system/install/msg_format/share/msg_format/srv/PlcFormat.srv
[0.291s] -- Up-to-date: /home/arc/Documents/automatic_arc_melting_system/install/msg_format/share/msg_format/srv/PlcFormat_Request.msg
[0.291s] -- Up-to-date: /home/arc/Documents/automatic_arc_melting_system/install/msg_format/share/msg_format/srv/PlcFormat_Response.msg
[0.291s] -- Up-to-date: /home/arc/Documents/automatic_arc_melting_system/install/msg_format/share/msg_format/srv/SliderFormat.srv
[0.291s] -- Up-to-date: /home/arc/Documents/automatic_arc_melting_system/install/msg_format/share/msg_format/srv/SliderFormat_Request.msg
[0.291s] -- Up-to-date: /home/arc/Documents/automatic_arc_melting_system/install/msg_format/share/msg_format/srv/SliderFormat_Response.msg
[0.291s] -- Up-to-date: /home/arc/Documents/automatic_arc_melting_system/install/msg_format/share/msg_format/srv/WeighingFormat.srv
[0.291s] -- Up-to-date: /home/arc/Documents/automatic_arc_melting_system/install/msg_format/share/msg_format/srv/WeighingFormat_Request.msg
[0.291s] -- Up-to-date: /home/arc/Documents/automatic_arc_melting_system/install/msg_format/share/msg_format/srv/WeighingFormat_Response.msg
[0.291s] -- Up-to-date: /home/arc/Documents/automatic_arc_melting_system/install/msg_format/share/ament_index/resource_index/package_run_dependencies/msg_format
[0.291s] -- Up-to-date: /home/arc/Documents/automatic_arc_melting_system/install/msg_format/share/ament_index/resource_index/parent_prefix_path/msg_format
[0.291s] -- Up-to-date: /home/arc/Documents/automatic_arc_melting_system/install/msg_format/share/msg_format/environment/ament_prefix_path.sh
[0.291s] -- Up-to-date: /home/arc/Documents/automatic_arc_melting_system/install/msg_format/share/msg_format/environment/ament_prefix_path.dsv
[0.292s] -- Up-to-date: /home/arc/Documents/automatic_arc_melting_system/install/msg_format/share/msg_format/environment/path.sh
[0.292s] -- Up-to-date: /home/arc/Documents/automatic_arc_melting_system/install/msg_format/share/msg_format/environment/path.dsv
[0.292s] -- Up-to-date: /home/arc/Documents/automatic_arc_melting_system/install/msg_format/share/msg_format/local_setup.bash
[0.292s] -- Up-to-date: /home/arc/Documents/automatic_arc_melting_system/install/msg_format/share/msg_format/local_setup.sh
[0.292s] -- Up-to-date: /home/arc/Documents/automatic_arc_melting_system/install/msg_format/share/msg_format/local_setup.zsh
[0.292s] -- Up-to-date: /home/arc/Documents/automatic_arc_melting_system/install/msg_format/share/msg_format/local_setup.dsv
[0.292s] -- Installing: /home/arc/Documents/automatic_arc_melting_system/install/msg_format/share/msg_format/package.dsv
[0.292s] -- Up-to-date: /home/arc/Documents/automatic_arc_melting_system/install/msg_format/share/ament_index/resource_index/packages/msg_format
[0.292s] -- Up-to-date: /home/arc/Documents/automatic_arc_melting_system/install/msg_format/share/msg_format/cmake/msg_format__rosidl_generator_cExport.cmake
[0.292s] -- Up-to-date: /home/arc/Documents/automatic_arc_melting_system/install/msg_format/share/msg_format/cmake/msg_format__rosidl_generator_cExport-noconfig.cmake
[0.292s] -- Up-to-date: /home/arc/Documents/automatic_arc_melting_system/install/msg_format/share/msg_format/cmake/msg_format__rosidl_typesupport_introspection_cExport.cmake
[0.292s] -- Up-to-date: /home/arc/Documents/automatic_arc_melting_system/install/msg_format/share/msg_format/cmake/msg_format__rosidl_typesupport_introspection_cExport-noconfig.cmake
[0.292s] -- Up-to-date: /home/arc/Documents/automatic_arc_melting_system/install/msg_format/share/msg_format/cmake/msg_format__rosidl_typesupport_cExport.cmake
[0.292s] -- Up-to-date: /home/arc/Documents/automatic_arc_melting_system/install/msg_format/share/msg_format/cmake/msg_format__rosidl_typesupport_cExport-noconfig.cmake
[0.292s] -- Up-to-date: /home/arc/Documents/automatic_arc_melting_system/install/msg_format/share/msg_format/cmake/msg_format__rosidl_generator_cppExport.cmake
[0.292s] -- Up-to-date: /home/arc/Documents/automatic_arc_melting_system/install/msg_format/share/msg_format/cmake/msg_format__rosidl_typesupport_introspection_cppExport.cmake
[0.293s] -- Up-to-date: /home/arc/Documents/automatic_arc_melting_system/install/msg_format/share/msg_format/cmake/msg_format__rosidl_typesupport_introspection_cppExport-noconfig.cmake
[0.293s] -- Up-to-date: /home/arc/Documents/automatic_arc_melting_system/install/msg_format/share/msg_format/cmake/msg_format__rosidl_typesupport_cppExport.cmake
[0.293s] -- Up-to-date: /home/arc/Documents/automatic_arc_melting_system/install/msg_format/share/msg_format/cmake/msg_format__rosidl_typesupport_cppExport-noconfig.cmake
[0.293s] -- Up-to-date: /home/arc/Documents/automatic_arc_melting_system/install/msg_format/share/msg_format/cmake/rosidl_cmake-extras.cmake
[0.293s] -- Up-to-date: /home/arc/Documents/automatic_arc_melting_system/install/msg_format/share/msg_format/cmake/ament_cmake_export_dependencies-extras.cmake
[0.293s] -- Up-to-date: /home/arc/Documents/automatic_arc_melting_system/install/msg_format/share/msg_format/cmake/ament_cmake_export_libraries-extras.cmake
[0.293s] -- Up-to-date: /home/arc/Documents/automatic_arc_melting_system/install/msg_format/share/msg_format/cmake/ament_cmake_export_targets-extras.cmake
[0.293s] -- Up-to-date: /home/arc/Documents/automatic_arc_melting_system/install/msg_format/share/msg_format/cmake/ament_cmake_export_include_directories-extras.cmake
[0.293s] -- Up-to-date: /home/arc/Documents/automatic_arc_melting_system/install/msg_format/share/msg_format/cmake/rosidl_cmake_export_typesupport_libraries-extras.cmake
[0.293s] -- Up-to-date: /home/arc/Documents/automatic_arc_melting_system/install/msg_format/share/msg_format/cmake/rosidl_cmake_export_typesupport_targets-extras.cmake
[0.293s] -- Up-to-date: /home/arc/Documents/automatic_arc_melting_system/install/msg_format/share/msg_format/cmake/msg_formatConfig.cmake
[0.293s] -- Up-to-date: /home/arc/Documents/automatic_arc_melting_system/install/msg_format/share/msg_format/cmake/msg_formatConfig-version.cmake
[0.293s] -- Up-to-date: /home/arc/Documents/automatic_arc_melting_system/install/msg_format/share/msg_format/package.xml
[0.294s] Invoked command in '/home/arc/Documents/automatic_arc_melting_system/build/msg_format' returned '0': CMAKE_PREFIX_PATH=/opt/ros/foxy /usr/bin/cmake --install /home/arc/Documents/automatic_arc_melting_system/build/msg_format
