[0.113s] DEBUG:colcon:Command line arguments: ['/usr/bin/colcon', 'build']
[0.113s] DEBUG:colcon:Parsed command line arguments: Namespace(allow_overriding=[], ament_cmake_args=None, base_paths=['.'], build_base='build', catkin_cmake_args=None, catkin_skip_building_tests=False, cmake_args=None, cmake_clean_cache=False, cmake_clean_first=False, cmake_force_configure=False, cmake_target=None, cmake_target_skip_unavailable=False, continue_on_error=False, event_handlers=None, executor='parallel', ignore_user_meta=False, install_base='install', log_base=None, log_level=None, main=<bound method BuildVerb.main of <colcon_core.verb.build.BuildVerb object at 0x7fd8b2f3e220>>, merge_install=False, metas=['./colcon.meta'], packages_above=None, packages_above_and_dependencies=None, packages_above_depth=None, packages_end=None, packages_ignore=None, packages_ignore_regex=None, packages_select=None, packages_select_build_failed=False, packages_select_by_dep=None, packages_select_regex=None, packages_select_test_failures=False, packages_skip=None, packages_skip_build_finished=False, packages_skip_by_dep=None, packages_skip_regex=None, packages_skip_test_passed=False, packages_skip_up_to=None, packages_start=None, packages_up_to=None, packages_up_to_regex=None, parallel_workers=16, paths=None, symlink_install=False, test_result_base=None, verb_extension=<colcon_core.verb.build.BuildVerb object at 0x7fd8b2f3e220>, verb_name='build', verb_parser=<colcon_defaults.argument_parser.defaults.DefaultArgumentsDecorator object at 0x7fd8b2f3e760>)
[0.131s] Level 1:colcon.colcon_core.package_discovery:discover_packages(colcon_meta) check parameters
[0.131s] Level 1:colcon.colcon_core.package_discovery:discover_packages(recursive) check parameters
[0.131s] Level 1:colcon.colcon_core.package_discovery:discover_packages(ignore) check parameters
[0.131s] Level 1:colcon.colcon_core.package_discovery:discover_packages(path) check parameters
[0.131s] Level 1:colcon.colcon_core.package_discovery:discover_packages(colcon_meta) discover
[0.131s] Level 1:colcon.colcon_core.package_discovery:discover_packages(recursive) discover
[0.131s] INFO:colcon.colcon_core.package_discovery:Crawling recursively for packages in '/home/arc/Documents/automatic_arc_melting_system'
[0.131s] Level 1:colcon.colcon_core.package_identification:_identify(.) by extensions ['ignore', 'ignore_ament_install']
[0.131s] Level 1:colcon.colcon_core.package_identification:_identify(.) by extension 'ignore'
[0.131s] Level 1:colcon.colcon_core.package_identification:_identify(.) by extension 'ignore_ament_install'
[0.131s] Level 1:colcon.colcon_core.package_identification:_identify(.) by extensions ['colcon_pkg']
[0.131s] Level 1:colcon.colcon_core.package_identification:_identify(.) by extension 'colcon_pkg'
[0.131s] Level 1:colcon.colcon_core.package_identification:_identify(.) by extensions ['colcon_meta']
[0.131s] Level 1:colcon.colcon_core.package_identification:_identify(.) by extension 'colcon_meta'
[0.132s] Level 1:colcon.colcon_core.package_identification:_identify(.) by extensions ['ros']
[0.132s] Level 1:colcon.colcon_core.package_identification:_identify(.) by extension 'ros'
[0.139s] Level 1:colcon.colcon_core.package_identification:_identify(.) by extensions ['cmake', 'python']
[0.139s] Level 1:colcon.colcon_core.package_identification:_identify(.) by extension 'cmake'
[0.139s] Level 1:colcon.colcon_core.package_identification:_identify(.) by extension 'python'
[0.139s] Level 1:colcon.colcon_core.package_identification:_identify(.) by extensions ['python_setup_py']
[0.140s] Level 1:colcon.colcon_core.package_identification:_identify(.) by extension 'python_setup_py'
[0.140s] Level 1:colcon.colcon_core.package_identification:_identify(build) by extensions ['ignore', 'ignore_ament_install']
[0.140s] Level 1:colcon.colcon_core.package_identification:_identify(build) by extension 'ignore'
[0.140s] Level 1:colcon.colcon_core.package_identification:_identify(build) ignored
[0.140s] Level 1:colcon.colcon_core.package_identification:_identify(install) by extensions ['ignore', 'ignore_ament_install']
[0.140s] Level 1:colcon.colcon_core.package_identification:_identify(install) by extension 'ignore'
[0.140s] Level 1:colcon.colcon_core.package_identification:_identify(install) ignored
[0.140s] Level 1:colcon.colcon_core.package_identification:_identify(log) by extensions ['ignore', 'ignore_ament_install']
[0.140s] Level 1:colcon.colcon_core.package_identification:_identify(log) by extension 'ignore'
[0.140s] Level 1:colcon.colcon_core.package_identification:_identify(log) ignored
[0.140s] Level 1:colcon.colcon_core.package_identification:_identify(src) by extensions ['ignore', 'ignore_ament_install']
[0.140s] Level 1:colcon.colcon_core.package_identification:_identify(src) by extension 'ignore'
[0.140s] Level 1:colcon.colcon_core.package_identification:_identify(src) by extension 'ignore_ament_install'
[0.140s] Level 1:colcon.colcon_core.package_identification:_identify(src) by extensions ['colcon_pkg']
[0.140s] Level 1:colcon.colcon_core.package_identification:_identify(src) by extension 'colcon_pkg'
[0.140s] Level 1:colcon.colcon_core.package_identification:_identify(src) by extensions ['colcon_meta']
[0.140s] Level 1:colcon.colcon_core.package_identification:_identify(src) by extension 'colcon_meta'
[0.141s] Level 1:colcon.colcon_core.package_identification:_identify(src) by extensions ['ros']
[0.141s] Level 1:colcon.colcon_core.package_identification:_identify(src) by extension 'ros'
[0.141s] Level 1:colcon.colcon_core.package_identification:_identify(src) by extensions ['cmake', 'python']
[0.141s] Level 1:colcon.colcon_core.package_identification:_identify(src) by extension 'cmake'
[0.141s] Level 1:colcon.colcon_core.package_identification:_identify(src) by extension 'python'
[0.141s] Level 1:colcon.colcon_core.package_identification:_identify(src) by extensions ['python_setup_py']
[0.141s] Level 1:colcon.colcon_core.package_identification:_identify(src) by extension 'python_setup_py'
[0.141s] Level 1:colcon.colcon_core.package_identification:_identify(src/cobotta_process) by extensions ['ignore', 'ignore_ament_install']
[0.141s] Level 1:colcon.colcon_core.package_identification:_identify(src/cobotta_process) by extension 'ignore'
[0.141s] Level 1:colcon.colcon_core.package_identification:_identify(src/cobotta_process) by extension 'ignore_ament_install'
[0.141s] Level 1:colcon.colcon_core.package_identification:_identify(src/cobotta_process) by extensions ['colcon_pkg']
[0.141s] Level 1:colcon.colcon_core.package_identification:_identify(src/cobotta_process) by extension 'colcon_pkg'
[0.141s] Level 1:colcon.colcon_core.package_identification:_identify(src/cobotta_process) by extensions ['colcon_meta']
[0.141s] Level 1:colcon.colcon_core.package_identification:_identify(src/cobotta_process) by extension 'colcon_meta'
[0.141s] Level 1:colcon.colcon_core.package_identification:_identify(src/cobotta_process) by extensions ['ros']
[0.141s] Level 1:colcon.colcon_core.package_identification:_identify(src/cobotta_process) by extension 'ros'
[0.143s] DEBUG:colcon.colcon_core.package_identification:Package 'src/cobotta_process' with type 'ros.ament_cmake' and name 'cobotta_process'
[0.143s] Level 1:colcon.colcon_core.package_identification:_identify(src/tcp_format) by extensions ['ignore', 'ignore_ament_install']
[0.143s] Level 1:colcon.colcon_core.package_identification:_identify(src/tcp_format) by extension 'ignore'
[0.143s] Level 1:colcon.colcon_core.package_identification:_identify(src/tcp_format) by extension 'ignore_ament_install'
[0.143s] Level 1:colcon.colcon_core.package_identification:_identify(src/tcp_format) by extensions ['colcon_pkg']
[0.143s] Level 1:colcon.colcon_core.package_identification:_identify(src/tcp_format) by extension 'colcon_pkg'
[0.143s] Level 1:colcon.colcon_core.package_identification:_identify(src/tcp_format) by extensions ['colcon_meta']
[0.143s] Level 1:colcon.colcon_core.package_identification:_identify(src/tcp_format) by extension 'colcon_meta'
[0.143s] Level 1:colcon.colcon_core.package_identification:_identify(src/tcp_format) by extensions ['ros']
[0.143s] Level 1:colcon.colcon_core.package_identification:_identify(src/tcp_format) by extension 'ros'
[0.144s] DEBUG:colcon.colcon_core.package_identification:Package 'src/tcp_format' with type 'ros.ament_cmake' and name 'tcp_format'
[0.144s] Level 1:colcon.colcon_core.package_identification:_identify(src/tcp_handle) by extensions ['ignore', 'ignore_ament_install']
[0.144s] Level 1:colcon.colcon_core.package_identification:_identify(src/tcp_handle) by extension 'ignore'
[0.144s] Level 1:colcon.colcon_core.package_identification:_identify(src/tcp_handle) by extension 'ignore_ament_install'
[0.144s] Level 1:colcon.colcon_core.package_identification:_identify(src/tcp_handle) by extensions ['colcon_pkg']
[0.144s] Level 1:colcon.colcon_core.package_identification:_identify(src/tcp_handle) by extension 'colcon_pkg'
[0.144s] Level 1:colcon.colcon_core.package_identification:_identify(src/tcp_handle) by extensions ['colcon_meta']
[0.144s] Level 1:colcon.colcon_core.package_identification:_identify(src/tcp_handle) by extension 'colcon_meta'
[0.144s] Level 1:colcon.colcon_core.package_identification:_identify(src/tcp_handle) by extensions ['ros']
[0.144s] Level 1:colcon.colcon_core.package_identification:_identify(src/tcp_handle) by extension 'ros'
[0.145s] DEBUG:colcon.colcon_core.package_identification:Package 'src/tcp_handle' with type 'ros.ament_cmake' and name 'tcp_handle'
[0.145s] Level 1:colcon.colcon_core.package_discovery:discover_packages(recursive) using defaults
[0.145s] Level 1:colcon.colcon_core.package_discovery:discover_packages(ignore) discover
[0.145s] Level 1:colcon.colcon_core.package_discovery:discover_packages(ignore) using defaults
[0.145s] Level 1:colcon.colcon_core.package_discovery:discover_packages(path) discover
[0.145s] Level 1:colcon.colcon_core.package_discovery:discover_packages(path) using defaults
[0.159s] Level 1:colcon.colcon_core.package_discovery:discover_packages(prefix_path) check parameters
[0.159s] Level 1:colcon.colcon_core.package_discovery:discover_packages(prefix_path) discover
[0.162s] DEBUG:colcon.colcon_installed_package_information.package_discovery:Found 256 installed packages in /opt/ros/foxy
[0.168s] Level 1:colcon.colcon_core.package_discovery:discover_packages(prefix_path) using defaults
[0.217s] Level 5:colcon.colcon_core.verb:set package 'tcp_format' build argument 'cmake_args' from command line to 'None'
[0.217s] Level 5:colcon.colcon_core.verb:set package 'tcp_format' build argument 'cmake_target' from command line to 'None'
[0.217s] Level 5:colcon.colcon_core.verb:set package 'tcp_format' build argument 'cmake_target_skip_unavailable' from command line to 'False'
[0.217s] Level 5:colcon.colcon_core.verb:set package 'tcp_format' build argument 'cmake_clean_cache' from command line to 'False'
[0.217s] Level 5:colcon.colcon_core.verb:set package 'tcp_format' build argument 'cmake_clean_first' from command line to 'False'
[0.217s] Level 5:colcon.colcon_core.verb:set package 'tcp_format' build argument 'cmake_force_configure' from command line to 'False'
[0.217s] Level 5:colcon.colcon_core.verb:set package 'tcp_format' build argument 'ament_cmake_args' from command line to 'None'
[0.217s] Level 5:colcon.colcon_core.verb:set package 'tcp_format' build argument 'catkin_cmake_args' from command line to 'None'
[0.217s] Level 5:colcon.colcon_core.verb:set package 'tcp_format' build argument 'catkin_skip_building_tests' from command line to 'False'
[0.217s] DEBUG:colcon.colcon_core.verb:Building package 'tcp_format' with the following arguments: {'ament_cmake_args': None, 'build_base': '/home/arc/Documents/automatic_arc_melting_system/build/tcp_format', 'catkin_cmake_args': None, 'catkin_skip_building_tests': False, 'cmake_args': None, 'cmake_clean_cache': False, 'cmake_clean_first': False, 'cmake_force_configure': False, 'cmake_target': None, 'cmake_target_skip_unavailable': False, 'install_base': '/home/arc/Documents/automatic_arc_melting_system/install/tcp_format', 'merge_install': False, 'path': '/home/arc/Documents/automatic_arc_melting_system/src/tcp_format', 'symlink_install': False, 'test_result_base': None}
[0.218s] Level 5:colcon.colcon_core.verb:set package 'cobotta_process' build argument 'cmake_args' from command line to 'None'
[0.218s] Level 5:colcon.colcon_core.verb:set package 'cobotta_process' build argument 'cmake_target' from command line to 'None'
[0.218s] Level 5:colcon.colcon_core.verb:set package 'cobotta_process' build argument 'cmake_target_skip_unavailable' from command line to 'False'
[0.218s] Level 5:colcon.colcon_core.verb:set package 'cobotta_process' build argument 'cmake_clean_cache' from command line to 'False'
[0.218s] Level 5:colcon.colcon_core.verb:set package 'cobotta_process' build argument 'cmake_clean_first' from command line to 'False'
[0.218s] Level 5:colcon.colcon_core.verb:set package 'cobotta_process' build argument 'cmake_force_configure' from command line to 'False'
[0.218s] Level 5:colcon.colcon_core.verb:set package 'cobotta_process' build argument 'ament_cmake_args' from command line to 'None'
[0.218s] Level 5:colcon.colcon_core.verb:set package 'cobotta_process' build argument 'catkin_cmake_args' from command line to 'None'
[0.218s] Level 5:colcon.colcon_core.verb:set package 'cobotta_process' build argument 'catkin_skip_building_tests' from command line to 'False'
[0.218s] DEBUG:colcon.colcon_core.verb:Building package 'cobotta_process' with the following arguments: {'ament_cmake_args': None, 'build_base': '/home/arc/Documents/automatic_arc_melting_system/build/cobotta_process', 'catkin_cmake_args': None, 'catkin_skip_building_tests': False, 'cmake_args': None, 'cmake_clean_cache': False, 'cmake_clean_first': False, 'cmake_force_configure': False, 'cmake_target': None, 'cmake_target_skip_unavailable': False, 'install_base': '/home/arc/Documents/automatic_arc_melting_system/install/cobotta_process', 'merge_install': False, 'path': '/home/arc/Documents/automatic_arc_melting_system/src/cobotta_process', 'symlink_install': False, 'test_result_base': None}
[0.219s] Level 5:colcon.colcon_core.verb:set package 'tcp_handle' build argument 'cmake_args' from command line to 'None'
[0.219s] Level 5:colcon.colcon_core.verb:set package 'tcp_handle' build argument 'cmake_target' from command line to 'None'
[0.219s] Level 5:colcon.colcon_core.verb:set package 'tcp_handle' build argument 'cmake_target_skip_unavailable' from command line to 'False'
[0.219s] Level 5:colcon.colcon_core.verb:set package 'tcp_handle' build argument 'cmake_clean_cache' from command line to 'False'
[0.219s] Level 5:colcon.colcon_core.verb:set package 'tcp_handle' build argument 'cmake_clean_first' from command line to 'False'
[0.219s] Level 5:colcon.colcon_core.verb:set package 'tcp_handle' build argument 'cmake_force_configure' from command line to 'False'
[0.219s] Level 5:colcon.colcon_core.verb:set package 'tcp_handle' build argument 'ament_cmake_args' from command line to 'None'
[0.219s] Level 5:colcon.colcon_core.verb:set package 'tcp_handle' build argument 'catkin_cmake_args' from command line to 'None'
[0.219s] Level 5:colcon.colcon_core.verb:set package 'tcp_handle' build argument 'catkin_skip_building_tests' from command line to 'False'
[0.219s] DEBUG:colcon.colcon_core.verb:Building package 'tcp_handle' with the following arguments: {'ament_cmake_args': None, 'build_base': '/home/arc/Documents/automatic_arc_melting_system/build/tcp_handle', 'catkin_cmake_args': None, 'catkin_skip_building_tests': False, 'cmake_args': None, 'cmake_clean_cache': False, 'cmake_clean_first': False, 'cmake_force_configure': False, 'cmake_target': None, 'cmake_target_skip_unavailable': False, 'install_base': '/home/arc/Documents/automatic_arc_melting_system/install/tcp_handle', 'merge_install': False, 'path': '/home/arc/Documents/automatic_arc_melting_system/src/tcp_handle', 'symlink_install': False, 'test_result_base': None}
[0.219s] INFO:colcon.colcon_core.executor:Executing jobs using 'parallel' executor
[0.223s] DEBUG:colcon.colcon_parallel_executor.executor.parallel:run_until_complete
[0.223s] INFO:colcon.colcon_ros.task.ament_cmake.build:Building ROS package in '/home/arc/Documents/automatic_arc_melting_system/src/tcp_format' with build type 'ament_cmake'
[0.223s] INFO:colcon.colcon_cmake.task.cmake.build:Building CMake package in '/home/arc/Documents/automatic_arc_melting_system/src/tcp_format'
[0.226s] INFO:colcon.colcon_core.plugin_system:Skipping extension 'colcon_core.shell.bat': Not used on non-Windows systems
[0.226s] INFO:colcon.colcon_core.shell:Skip shell extension 'powershell' for command environment: Not usable outside of PowerShell
[0.226s] DEBUG:colcon.colcon_core.shell:Skip shell extension 'dsv' for command environment
[0.234s] DEBUG:colcon.colcon_core.event_handler.log_command:Invoking command in '/home/arc/Documents/automatic_arc_melting_system/build/tcp_format': CMAKE_PREFIX_PATH=/opt/ros/foxy /usr/bin/cmake --build /home/arc/Documents/automatic_arc_melting_system/build/tcp_format -- -j16 -l16
[0.363s] DEBUG:colcon.colcon_core.event_handler.log_command:Invoked command in '/home/arc/Documents/automatic_arc_melting_system/build/tcp_format' returned '0': CMAKE_PREFIX_PATH=/opt/ros/foxy /usr/bin/cmake --build /home/arc/Documents/automatic_arc_melting_system/build/tcp_format -- -j16 -l16
[0.397s] DEBUG:colcon.colcon_core.event_handler.log_command:Invoking command in '/home/arc/Documents/automatic_arc_melting_system/build/tcp_format': CMAKE_PREFIX_PATH=/opt/ros/foxy /usr/bin/cmake --install /home/arc/Documents/automatic_arc_melting_system/build/tcp_format
[0.430s] Level 1:colcon.colcon_core.environment:create_environment_scripts_only(tcp_format)
[0.431s] DEBUG:colcon.colcon_core.event_handler.log_command:Invoked command in '/home/arc/Documents/automatic_arc_melting_system/build/tcp_format' returned '0': CMAKE_PREFIX_PATH=/opt/ros/foxy /usr/bin/cmake --install /home/arc/Documents/automatic_arc_melting_system/build/tcp_format
[0.434s] Level 1:colcon.colcon_core.environment:checking '/home/arc/Documents/automatic_arc_melting_system/install/tcp_format' for CMake module files
[0.434s] Level 1:colcon.colcon_core.environment:checking '/home/arc/Documents/automatic_arc_melting_system/install/tcp_format' for CMake config files
[0.434s] Level 1:colcon.colcon_core.shell:create_environment_hook('tcp_format', 'cmake_prefix_path')
[0.435s] INFO:colcon.colcon_core.shell:Creating environment hook '/home/arc/Documents/automatic_arc_melting_system/install/tcp_format/share/tcp_format/hook/cmake_prefix_path.ps1'
[0.436s] INFO:colcon.colcon_core.shell:Creating environment descriptor '/home/arc/Documents/automatic_arc_melting_system/install/tcp_format/share/tcp_format/hook/cmake_prefix_path.dsv'
[0.436s] INFO:colcon.colcon_core.shell:Creating environment hook '/home/arc/Documents/automatic_arc_melting_system/install/tcp_format/share/tcp_format/hook/cmake_prefix_path.sh'
[0.437s] Level 1:colcon.colcon_core.environment:checking '/home/arc/Documents/automatic_arc_melting_system/install/tcp_format/lib'
[0.437s] Level 1:colcon.colcon_core.shell:create_environment_hook('tcp_format', 'ld_library_path_lib')
[0.438s] INFO:colcon.colcon_core.shell:Creating environment hook '/home/arc/Documents/automatic_arc_melting_system/install/tcp_format/share/tcp_format/hook/ld_library_path_lib.ps1'
[0.438s] INFO:colcon.colcon_core.shell:Creating environment descriptor '/home/arc/Documents/automatic_arc_melting_system/install/tcp_format/share/tcp_format/hook/ld_library_path_lib.dsv'
[0.438s] INFO:colcon.colcon_core.shell:Creating environment hook '/home/arc/Documents/automatic_arc_melting_system/install/tcp_format/share/tcp_format/hook/ld_library_path_lib.sh'
[0.439s] Level 1:colcon.colcon_core.environment:checking '/home/arc/Documents/automatic_arc_melting_system/install/tcp_format/bin'
[0.439s] Level 1:colcon.colcon_core.environment:checking '/home/arc/Documents/automatic_arc_melting_system/install/tcp_format/lib/pkgconfig/tcp_format.pc'
[0.439s] Level 1:colcon.colcon_core.environment:checking '/home/arc/Documents/automatic_arc_melting_system/install/tcp_format/lib/python3.8/site-packages'
[0.439s] Level 1:colcon.colcon_core.shell:create_environment_hook('tcp_format', 'pythonpath')
[0.440s] INFO:colcon.colcon_core.shell:Creating environment hook '/home/arc/Documents/automatic_arc_melting_system/install/tcp_format/share/tcp_format/hook/pythonpath.ps1'
[0.440s] INFO:colcon.colcon_core.shell:Creating environment descriptor '/home/arc/Documents/automatic_arc_melting_system/install/tcp_format/share/tcp_format/hook/pythonpath.dsv'
[0.440s] INFO:colcon.colcon_core.shell:Creating environment hook '/home/arc/Documents/automatic_arc_melting_system/install/tcp_format/share/tcp_format/hook/pythonpath.sh'
[0.441s] Level 1:colcon.colcon_core.environment:checking '/home/arc/Documents/automatic_arc_melting_system/install/tcp_format/bin'
[0.442s] INFO:colcon.colcon_core.shell:Creating package script '/home/arc/Documents/automatic_arc_melting_system/install/tcp_format/share/tcp_format/package.ps1'
[0.442s] INFO:colcon.colcon_core.shell:Creating package descriptor '/home/arc/Documents/automatic_arc_melting_system/install/tcp_format/share/tcp_format/package.dsv'
[0.442s] INFO:colcon.colcon_core.shell:Creating package script '/home/arc/Documents/automatic_arc_melting_system/install/tcp_format/share/tcp_format/package.sh'
[0.443s] INFO:colcon.colcon_core.shell:Creating package script '/home/arc/Documents/automatic_arc_melting_system/install/tcp_format/share/tcp_format/package.bash'
[0.443s] INFO:colcon.colcon_core.shell:Creating package script '/home/arc/Documents/automatic_arc_melting_system/install/tcp_format/share/tcp_format/package.zsh'
[0.444s] Level 1:colcon.colcon_core.environment:create_file_with_runtime_dependencies(/home/arc/Documents/automatic_arc_melting_system/install/tcp_format/share/colcon-core/packages/tcp_format)
[0.472s] Level 1:colcon.colcon_core.environment:create_environment_scripts_only(tcp_format)
[0.473s] Level 1:colcon.colcon_core.environment:checking '/home/arc/Documents/automatic_arc_melting_system/install/tcp_format' for CMake module files
[0.474s] Level 1:colcon.colcon_core.environment:checking '/home/arc/Documents/automatic_arc_melting_system/install/tcp_format' for CMake config files
[0.474s] Level 1:colcon.colcon_core.shell:create_environment_hook('tcp_format', 'cmake_prefix_path')
[0.475s] INFO:colcon.colcon_core.shell:Creating environment hook '/home/arc/Documents/automatic_arc_melting_system/install/tcp_format/share/tcp_format/hook/cmake_prefix_path.ps1'
[0.475s] INFO:colcon.colcon_core.shell:Creating environment descriptor '/home/arc/Documents/automatic_arc_melting_system/install/tcp_format/share/tcp_format/hook/cmake_prefix_path.dsv'
[0.475s] INFO:colcon.colcon_core.shell:Creating environment hook '/home/arc/Documents/automatic_arc_melting_system/install/tcp_format/share/tcp_format/hook/cmake_prefix_path.sh'
[0.476s] Level 1:colcon.colcon_core.environment:checking '/home/arc/Documents/automatic_arc_melting_system/install/tcp_format/lib'
[0.476s] Level 1:colcon.colcon_core.shell:create_environment_hook('tcp_format', 'ld_library_path_lib')
[0.477s] INFO:colcon.colcon_core.shell:Creating environment hook '/home/arc/Documents/automatic_arc_melting_system/install/tcp_format/share/tcp_format/hook/ld_library_path_lib.ps1'
[0.477s] INFO:colcon.colcon_core.shell:Creating environment descriptor '/home/arc/Documents/automatic_arc_melting_system/install/tcp_format/share/tcp_format/hook/ld_library_path_lib.dsv'
[0.477s] INFO:colcon.colcon_core.shell:Creating environment hook '/home/arc/Documents/automatic_arc_melting_system/install/tcp_format/share/tcp_format/hook/ld_library_path_lib.sh'
[0.477s] Level 1:colcon.colcon_core.environment:checking '/home/arc/Documents/automatic_arc_melting_system/install/tcp_format/bin'
[0.478s] Level 1:colcon.colcon_core.environment:checking '/home/arc/Documents/automatic_arc_melting_system/install/tcp_format/lib/pkgconfig/tcp_format.pc'
[0.478s] Level 1:colcon.colcon_core.environment:checking '/home/arc/Documents/automatic_arc_melting_system/install/tcp_format/lib/python3.8/site-packages'
[0.478s] Level 1:colcon.colcon_core.shell:create_environment_hook('tcp_format', 'pythonpath')
[0.479s] INFO:colcon.colcon_core.shell:Creating environment hook '/home/arc/Documents/automatic_arc_melting_system/install/tcp_format/share/tcp_format/hook/pythonpath.ps1'
[0.479s] INFO:colcon.colcon_core.shell:Creating environment descriptor '/home/arc/Documents/automatic_arc_melting_system/install/tcp_format/share/tcp_format/hook/pythonpath.dsv'
[0.479s] INFO:colcon.colcon_core.shell:Creating environment hook '/home/arc/Documents/automatic_arc_melting_system/install/tcp_format/share/tcp_format/hook/pythonpath.sh'
[0.479s] Level 1:colcon.colcon_core.environment:checking '/home/arc/Documents/automatic_arc_melting_system/install/tcp_format/bin'
[0.481s] INFO:colcon.colcon_core.shell:Creating package script '/home/arc/Documents/automatic_arc_melting_system/install/tcp_format/share/tcp_format/package.ps1'
[0.481s] INFO:colcon.colcon_core.shell:Creating package descriptor '/home/arc/Documents/automatic_arc_melting_system/install/tcp_format/share/tcp_format/package.dsv'
[0.481s] INFO:colcon.colcon_core.shell:Creating package script '/home/arc/Documents/automatic_arc_melting_system/install/tcp_format/share/tcp_format/package.sh'
[0.482s] INFO:colcon.colcon_core.shell:Creating package script '/home/arc/Documents/automatic_arc_melting_system/install/tcp_format/share/tcp_format/package.bash'
[0.482s] INFO:colcon.colcon_core.shell:Creating package script '/home/arc/Documents/automatic_arc_melting_system/install/tcp_format/share/tcp_format/package.zsh'
[0.482s] Level 1:colcon.colcon_core.environment:create_file_with_runtime_dependencies(/home/arc/Documents/automatic_arc_melting_system/install/tcp_format/share/colcon-core/packages/tcp_format)
[0.482s] INFO:colcon.colcon_ros.task.ament_cmake.build:Building ROS package in '/home/arc/Documents/automatic_arc_melting_system/src/cobotta_process' with build type 'ament_cmake'
[0.483s] INFO:colcon.colcon_cmake.task.cmake.build:Building CMake package in '/home/arc/Documents/automatic_arc_melting_system/src/cobotta_process'
[0.484s] INFO:colcon.colcon_core.shell:Skip shell extension 'powershell' for command environment: Not usable outside of PowerShell
[0.484s] DEBUG:colcon.colcon_core.shell:Skip shell extension 'dsv' for command environment
[0.488s] INFO:colcon.colcon_ros.task.ament_cmake.build:Building ROS package in '/home/arc/Documents/automatic_arc_melting_system/src/tcp_handle' with build type 'ament_cmake'
[0.488s] INFO:colcon.colcon_cmake.task.cmake.build:Building CMake package in '/home/arc/Documents/automatic_arc_melting_system/src/tcp_handle'
[0.490s] INFO:colcon.colcon_core.shell:Skip shell extension 'powershell' for command environment: Not usable outside of PowerShell
[0.490s] DEBUG:colcon.colcon_core.shell:Skip shell extension 'dsv' for command environment
[0.500s] DEBUG:colcon.colcon_core.event_handler.log_command:Invoking command in '/home/arc/Documents/automatic_arc_melting_system/build/cobotta_process': AMENT_PREFIX_PATH=/home/arc/Documents/automatic_arc_melting_system/install/tcp_format:${AMENT_PREFIX_PATH} CMAKE_PREFIX_PATH=/home/arc/Documents/automatic_arc_melting_system/install/tcp_format:/opt/ros/foxy LD_LIBRARY_PATH=/home/arc/Documents/automatic_arc_melting_system/install/tcp_format/lib:${LD_LIBRARY_PATH} PYTHONPATH=/home/arc/Documents/automatic_arc_melting_system/install/tcp_format/lib/python3.8/site-packages:${PYTHONPATH} /usr/bin/cmake --build /home/arc/Documents/automatic_arc_melting_system/build/cobotta_process -- -j16 -l16
[0.505s] DEBUG:colcon.colcon_core.event_handler.log_command:Invoking command in '/home/arc/Documents/automatic_arc_melting_system/build/tcp_handle': AMENT_PREFIX_PATH=/home/arc/Documents/automatic_arc_melting_system/install/tcp_format:${AMENT_PREFIX_PATH} CMAKE_PREFIX_PATH=/home/arc/Documents/automatic_arc_melting_system/install/tcp_format:/opt/ros/foxy LD_LIBRARY_PATH=/home/arc/Documents/automatic_arc_melting_system/install/tcp_format/lib:${LD_LIBRARY_PATH} PYTHONPATH=/home/arc/Documents/automatic_arc_melting_system/install/tcp_format/lib/python3.8/site-packages:${PYTHONPATH} /usr/bin/cmake --build /home/arc/Documents/automatic_arc_melting_system/build/tcp_handle -- -j16 -l16
[0.554s] DEBUG:colcon.colcon_core.event_handler.log_command:Invoked command in '/home/arc/Documents/automatic_arc_melting_system/build/tcp_handle' returned '0': AMENT_PREFIX_PATH=/home/arc/Documents/automatic_arc_melting_system/install/tcp_format:${AMENT_PREFIX_PATH} CMAKE_PREFIX_PATH=/home/arc/Documents/automatic_arc_melting_system/install/tcp_format:/opt/ros/foxy LD_LIBRARY_PATH=/home/arc/Documents/automatic_arc_melting_system/install/tcp_format/lib:${LD_LIBRARY_PATH} PYTHONPATH=/home/arc/Documents/automatic_arc_melting_system/install/tcp_format/lib/python3.8/site-packages:${PYTHONPATH} /usr/bin/cmake --build /home/arc/Documents/automatic_arc_melting_system/build/tcp_handle -- -j16 -l16
[0.570s] DEBUG:colcon.colcon_core.event_handler.log_command:Invoking command in '/home/arc/Documents/automatic_arc_melting_system/build/tcp_handle': AMENT_PREFIX_PATH=/home/arc/Documents/automatic_arc_melting_system/install/tcp_format:${AMENT_PREFIX_PATH} CMAKE_PREFIX_PATH=/home/arc/Documents/automatic_arc_melting_system/install/tcp_format:/opt/ros/foxy LD_LIBRARY_PATH=/home/arc/Documents/automatic_arc_melting_system/install/tcp_format/lib:${LD_LIBRARY_PATH} PYTHONPATH=/home/arc/Documents/automatic_arc_melting_system/install/tcp_format/lib/python3.8/site-packages:${PYTHONPATH} /usr/bin/cmake --install /home/arc/Documents/automatic_arc_melting_system/build/tcp_handle
[0.578s] Level 1:colcon.colcon_core.environment:create_environment_scripts_only(tcp_handle)
[0.580s] Level 1:colcon.colcon_core.environment:checking '/home/arc/Documents/automatic_arc_melting_system/install/tcp_handle' for CMake module files
[0.580s] DEBUG:colcon.colcon_core.event_handler.log_command:Invoked command in '/home/arc/Documents/automatic_arc_melting_system/build/tcp_handle' returned '0': AMENT_PREFIX_PATH=/home/arc/Documents/automatic_arc_melting_system/install/tcp_format:${AMENT_PREFIX_PATH} CMAKE_PREFIX_PATH=/home/arc/Documents/automatic_arc_melting_system/install/tcp_format:/opt/ros/foxy LD_LIBRARY_PATH=/home/arc/Documents/automatic_arc_melting_system/install/tcp_format/lib:${LD_LIBRARY_PATH} PYTHONPATH=/home/arc/Documents/automatic_arc_melting_system/install/tcp_format/lib/python3.8/site-packages:${PYTHONPATH} /usr/bin/cmake --install /home/arc/Documents/automatic_arc_melting_system/build/tcp_handle
[0.581s] Level 1:colcon.colcon_core.environment:checking '/home/arc/Documents/automatic_arc_melting_system/install/tcp_handle' for CMake config files
[0.581s] Level 1:colcon.colcon_core.shell:create_environment_hook('tcp_handle', 'cmake_prefix_path')
[0.582s] INFO:colcon.colcon_core.shell:Creating environment hook '/home/arc/Documents/automatic_arc_melting_system/install/tcp_handle/share/tcp_handle/hook/cmake_prefix_path.ps1'
[0.582s] INFO:colcon.colcon_core.shell:Creating environment descriptor '/home/arc/Documents/automatic_arc_melting_system/install/tcp_handle/share/tcp_handle/hook/cmake_prefix_path.dsv'
[0.582s] INFO:colcon.colcon_core.shell:Creating environment hook '/home/arc/Documents/automatic_arc_melting_system/install/tcp_handle/share/tcp_handle/hook/cmake_prefix_path.sh'
[0.583s] Level 1:colcon.colcon_core.environment:checking '/home/arc/Documents/automatic_arc_melting_system/install/tcp_handle/lib'
[0.583s] Level 1:colcon.colcon_core.environment:checking '/home/arc/Documents/automatic_arc_melting_system/install/tcp_handle/bin'
[0.583s] Level 1:colcon.colcon_core.environment:checking '/home/arc/Documents/automatic_arc_melting_system/install/tcp_handle/lib/pkgconfig/tcp_handle.pc'
[0.583s] Level 1:colcon.colcon_core.environment:checking '/home/arc/Documents/automatic_arc_melting_system/install/tcp_handle/lib/python3.8/site-packages'
[0.583s] Level 1:colcon.colcon_core.environment:checking '/home/arc/Documents/automatic_arc_melting_system/install/tcp_handle/bin'
[0.584s] INFO:colcon.colcon_core.shell:Creating package script '/home/arc/Documents/automatic_arc_melting_system/install/tcp_handle/share/tcp_handle/package.ps1'
[0.584s] INFO:colcon.colcon_core.shell:Creating package descriptor '/home/arc/Documents/automatic_arc_melting_system/install/tcp_handle/share/tcp_handle/package.dsv'
[0.585s] INFO:colcon.colcon_core.shell:Creating package script '/home/arc/Documents/automatic_arc_melting_system/install/tcp_handle/share/tcp_handle/package.sh'
[0.585s] INFO:colcon.colcon_core.shell:Creating package script '/home/arc/Documents/automatic_arc_melting_system/install/tcp_handle/share/tcp_handle/package.bash'
[0.585s] INFO:colcon.colcon_core.shell:Creating package script '/home/arc/Documents/automatic_arc_melting_system/install/tcp_handle/share/tcp_handle/package.zsh'
[0.585s] Level 1:colcon.colcon_core.environment:create_file_with_runtime_dependencies(/home/arc/Documents/automatic_arc_melting_system/install/tcp_handle/share/colcon-core/packages/tcp_handle)
[0.601s] Level 1:colcon.colcon_core.environment:create_environment_scripts_only(tcp_handle)
[0.603s] Level 1:colcon.colcon_core.environment:checking '/home/arc/Documents/automatic_arc_melting_system/install/tcp_handle' for CMake module files
[0.603s] Level 1:colcon.colcon_core.environment:checking '/home/arc/Documents/automatic_arc_melting_system/install/tcp_handle' for CMake config files
[0.603s] Level 1:colcon.colcon_core.shell:create_environment_hook('tcp_handle', 'cmake_prefix_path')
[0.604s] INFO:colcon.colcon_core.shell:Creating environment hook '/home/arc/Documents/automatic_arc_melting_system/install/tcp_handle/share/tcp_handle/hook/cmake_prefix_path.ps1'
[0.604s] INFO:colcon.colcon_core.shell:Creating environment descriptor '/home/arc/Documents/automatic_arc_melting_system/install/tcp_handle/share/tcp_handle/hook/cmake_prefix_path.dsv'
[0.605s] INFO:colcon.colcon_core.shell:Creating environment hook '/home/arc/Documents/automatic_arc_melting_system/install/tcp_handle/share/tcp_handle/hook/cmake_prefix_path.sh'
[0.605s] Level 1:colcon.colcon_core.environment:checking '/home/arc/Documents/automatic_arc_melting_system/install/tcp_handle/lib'
[0.605s] Level 1:colcon.colcon_core.environment:checking '/home/arc/Documents/automatic_arc_melting_system/install/tcp_handle/bin'
[0.605s] Level 1:colcon.colcon_core.environment:checking '/home/arc/Documents/automatic_arc_melting_system/install/tcp_handle/lib/pkgconfig/tcp_handle.pc'
[0.605s] Level 1:colcon.colcon_core.environment:checking '/home/arc/Documents/automatic_arc_melting_system/install/tcp_handle/lib/python3.8/site-packages'
[0.606s] Level 1:colcon.colcon_core.environment:checking '/home/arc/Documents/automatic_arc_melting_system/install/tcp_handle/bin'
[0.607s] INFO:colcon.colcon_core.shell:Creating package script '/home/arc/Documents/automatic_arc_melting_system/install/tcp_handle/share/tcp_handle/package.ps1'
[0.607s] INFO:colcon.colcon_core.shell:Creating package descriptor '/home/arc/Documents/automatic_arc_melting_system/install/tcp_handle/share/tcp_handle/package.dsv'
[0.607s] INFO:colcon.colcon_core.shell:Creating package script '/home/arc/Documents/automatic_arc_melting_system/install/tcp_handle/share/tcp_handle/package.sh'
[0.608s] INFO:colcon.colcon_core.shell:Creating package script '/home/arc/Documents/automatic_arc_melting_system/install/tcp_handle/share/tcp_handle/package.bash'
[0.608s] INFO:colcon.colcon_core.shell:Creating package script '/home/arc/Documents/automatic_arc_melting_system/install/tcp_handle/share/tcp_handle/package.zsh'
[0.608s] Level 1:colcon.colcon_core.environment:create_file_with_runtime_dependencies(/home/arc/Documents/automatic_arc_melting_system/install/tcp_handle/share/colcon-core/packages/tcp_handle)
[2.321s] DEBUG:colcon.colcon_core.event_handler.log_command:Invoked command in '/home/arc/Documents/automatic_arc_melting_system/build/cobotta_process' returned '0': AMENT_PREFIX_PATH=/home/arc/Documents/automatic_arc_melting_system/install/tcp_format:${AMENT_PREFIX_PATH} CMAKE_PREFIX_PATH=/home/arc/Documents/automatic_arc_melting_system/install/tcp_format:/opt/ros/foxy LD_LIBRARY_PATH=/home/arc/Documents/automatic_arc_melting_system/install/tcp_format/lib:${LD_LIBRARY_PATH} PYTHONPATH=/home/arc/Documents/automatic_arc_melting_system/install/tcp_format/lib/python3.8/site-packages:${PYTHONPATH} /usr/bin/cmake --build /home/arc/Documents/automatic_arc_melting_system/build/cobotta_process -- -j16 -l16
[2.336s] DEBUG:colcon.colcon_core.event_handler.log_command:Invoking command in '/home/arc/Documents/automatic_arc_melting_system/build/cobotta_process': AMENT_PREFIX_PATH=/home/arc/Documents/automatic_arc_melting_system/install/tcp_format:${AMENT_PREFIX_PATH} CMAKE_PREFIX_PATH=/home/arc/Documents/automatic_arc_melting_system/install/tcp_format:/opt/ros/foxy LD_LIBRARY_PATH=/home/arc/Documents/automatic_arc_melting_system/install/tcp_format/lib:${LD_LIBRARY_PATH} PYTHONPATH=/home/arc/Documents/automatic_arc_melting_system/install/tcp_format/lib/python3.8/site-packages:${PYTHONPATH} /usr/bin/cmake --install /home/arc/Documents/automatic_arc_melting_system/build/cobotta_process
[2.345s] Level 1:colcon.colcon_core.environment:create_environment_scripts_only(cobotta_process)
[2.347s] Level 1:colcon.colcon_core.environment:checking '/home/arc/Documents/automatic_arc_melting_system/install/cobotta_process' for CMake module files
[2.347s] DEBUG:colcon.colcon_core.event_handler.log_command:Invoked command in '/home/arc/Documents/automatic_arc_melting_system/build/cobotta_process' returned '0': AMENT_PREFIX_PATH=/home/arc/Documents/automatic_arc_melting_system/install/tcp_format:${AMENT_PREFIX_PATH} CMAKE_PREFIX_PATH=/home/arc/Documents/automatic_arc_melting_system/install/tcp_format:/opt/ros/foxy LD_LIBRARY_PATH=/home/arc/Documents/automatic_arc_melting_system/install/tcp_format/lib:${LD_LIBRARY_PATH} PYTHONPATH=/home/arc/Documents/automatic_arc_melting_system/install/tcp_format/lib/python3.8/site-packages:${PYTHONPATH} /usr/bin/cmake --install /home/arc/Documents/automatic_arc_melting_system/build/cobotta_process
[2.348s] Level 1:colcon.colcon_core.environment:checking '/home/arc/Documents/automatic_arc_melting_system/install/cobotta_process' for CMake config files
[2.348s] Level 1:colcon.colcon_core.shell:create_environment_hook('cobotta_process', 'cmake_prefix_path')
[2.349s] INFO:colcon.colcon_core.shell:Creating environment hook '/home/arc/Documents/automatic_arc_melting_system/install/cobotta_process/share/cobotta_process/hook/cmake_prefix_path.ps1'
[2.349s] INFO:colcon.colcon_core.shell:Creating environment descriptor '/home/arc/Documents/automatic_arc_melting_system/install/cobotta_process/share/cobotta_process/hook/cmake_prefix_path.dsv'
[2.349s] INFO:colcon.colcon_core.shell:Creating environment hook '/home/arc/Documents/automatic_arc_melting_system/install/cobotta_process/share/cobotta_process/hook/cmake_prefix_path.sh'
[2.350s] Level 1:colcon.colcon_core.environment:checking '/home/arc/Documents/automatic_arc_melting_system/install/cobotta_process/lib'
[2.350s] Level 1:colcon.colcon_core.environment:checking '/home/arc/Documents/automatic_arc_melting_system/install/cobotta_process/bin'
[2.350s] Level 1:colcon.colcon_core.environment:checking '/home/arc/Documents/automatic_arc_melting_system/install/cobotta_process/lib/pkgconfig/cobotta_process.pc'
[2.350s] Level 1:colcon.colcon_core.environment:checking '/home/arc/Documents/automatic_arc_melting_system/install/cobotta_process/lib/python3.8/site-packages'
[2.350s] Level 1:colcon.colcon_core.environment:checking '/home/arc/Documents/automatic_arc_melting_system/install/cobotta_process/bin'
[2.351s] INFO:colcon.colcon_core.shell:Creating package script '/home/arc/Documents/automatic_arc_melting_system/install/cobotta_process/share/cobotta_process/package.ps1'
[2.351s] INFO:colcon.colcon_core.shell:Creating package descriptor '/home/arc/Documents/automatic_arc_melting_system/install/cobotta_process/share/cobotta_process/package.dsv'
[2.352s] INFO:colcon.colcon_core.shell:Creating package script '/home/arc/Documents/automatic_arc_melting_system/install/cobotta_process/share/cobotta_process/package.sh'
[2.352s] INFO:colcon.colcon_core.shell:Creating package script '/home/arc/Documents/automatic_arc_melting_system/install/cobotta_process/share/cobotta_process/package.bash'
[2.352s] INFO:colcon.colcon_core.shell:Creating package script '/home/arc/Documents/automatic_arc_melting_system/install/cobotta_process/share/cobotta_process/package.zsh'
[2.352s] Level 1:colcon.colcon_core.environment:create_file_with_runtime_dependencies(/home/arc/Documents/automatic_arc_melting_system/install/cobotta_process/share/colcon-core/packages/cobotta_process)
[2.367s] Level 1:colcon.colcon_core.environment:create_environment_scripts_only(cobotta_process)
[2.369s] Level 1:colcon.colcon_core.environment:checking '/home/arc/Documents/automatic_arc_melting_system/install/cobotta_process' for CMake module files
[2.369s] Level 1:colcon.colcon_core.environment:checking '/home/arc/Documents/automatic_arc_melting_system/install/cobotta_process' for CMake config files
[2.369s] Level 1:colcon.colcon_core.shell:create_environment_hook('cobotta_process', 'cmake_prefix_path')
[2.370s] INFO:colcon.colcon_core.shell:Creating environment hook '/home/arc/Documents/automatic_arc_melting_system/install/cobotta_process/share/cobotta_process/hook/cmake_prefix_path.ps1'
[2.370s] INFO:colcon.colcon_core.shell:Creating environment descriptor '/home/arc/Documents/automatic_arc_melting_system/install/cobotta_process/share/cobotta_process/hook/cmake_prefix_path.dsv'
[2.371s] INFO:colcon.colcon_core.shell:Creating environment hook '/home/arc/Documents/automatic_arc_melting_system/install/cobotta_process/share/cobotta_process/hook/cmake_prefix_path.sh'
[2.371s] Level 1:colcon.colcon_core.environment:checking '/home/arc/Documents/automatic_arc_melting_system/install/cobotta_process/lib'
[2.371s] Level 1:colcon.colcon_core.environment:checking '/home/arc/Documents/automatic_arc_melting_system/install/cobotta_process/bin'
[2.371s] Level 1:colcon.colcon_core.environment:checking '/home/arc/Documents/automatic_arc_melting_system/install/cobotta_process/lib/pkgconfig/cobotta_process.pc'
[2.371s] Level 1:colcon.colcon_core.environment:checking '/home/arc/Documents/automatic_arc_melting_system/install/cobotta_process/lib/python3.8/site-packages'
[2.371s] Level 1:colcon.colcon_core.environment:checking '/home/arc/Documents/automatic_arc_melting_system/install/cobotta_process/bin'
[2.372s] INFO:colcon.colcon_core.shell:Creating package script '/home/arc/Documents/automatic_arc_melting_system/install/cobotta_process/share/cobotta_process/package.ps1'
[2.373s] INFO:colcon.colcon_core.shell:Creating package descriptor '/home/arc/Documents/automatic_arc_melting_system/install/cobotta_process/share/cobotta_process/package.dsv'
[2.373s] INFO:colcon.colcon_core.shell:Creating package script '/home/arc/Documents/automatic_arc_melting_system/install/cobotta_process/share/cobotta_process/package.sh'
[2.373s] INFO:colcon.colcon_core.shell:Creating package script '/home/arc/Documents/automatic_arc_melting_system/install/cobotta_process/share/cobotta_process/package.bash'
[2.374s] INFO:colcon.colcon_core.shell:Creating package script '/home/arc/Documents/automatic_arc_melting_system/install/cobotta_process/share/cobotta_process/package.zsh'
[2.374s] Level 1:colcon.colcon_core.environment:create_file_with_runtime_dependencies(/home/arc/Documents/automatic_arc_melting_system/install/cobotta_process/share/colcon-core/packages/cobotta_process)
[2.374s] DEBUG:colcon.colcon_parallel_executor.executor.parallel:closing loop
[2.374s] DEBUG:colcon.colcon_parallel_executor.executor.parallel:loop closed
[2.374s] DEBUG:colcon.colcon_parallel_executor.executor.parallel:run_until_complete finished with '0'
[2.374s] DEBUG:colcon.colcon_core.event_reactor:joining thread
[2.379s] INFO:colcon.colcon_core.plugin_system:Skipping extension 'colcon_notification.desktop_notification.terminal_notifier': Not used on non-Darwin systems
[2.379s] INFO:colcon.colcon_core.plugin_system:Skipping extension 'colcon_notification.desktop_notification.win32': Not used on non-Windows systems
[2.379s] INFO:colcon.colcon_notification.desktop_notification:Sending desktop notification using 'notify2'
[2.385s] DEBUG:colcon.colcon_core.event_reactor:joined thread
[2.386s] INFO:colcon.colcon_core.shell:Creating prefix script '/home/arc/Documents/automatic_arc_melting_system/install/local_setup.ps1'
[2.387s] INFO:colcon.colcon_core.shell:Creating prefix util module '/home/arc/Documents/automatic_arc_melting_system/install/_local_setup_util_ps1.py'
[2.388s] INFO:colcon.colcon_core.shell:Creating prefix chain script '/home/arc/Documents/automatic_arc_melting_system/install/setup.ps1'
[2.388s] INFO:colcon.colcon_core.shell:Creating prefix script '/home/arc/Documents/automatic_arc_melting_system/install/local_setup.sh'
[2.389s] INFO:colcon.colcon_core.shell:Creating prefix util module '/home/arc/Documents/automatic_arc_melting_system/install/_local_setup_util_sh.py'
[2.389s] INFO:colcon.colcon_core.shell:Creating prefix chain script '/home/arc/Documents/automatic_arc_melting_system/install/setup.sh'
[2.390s] INFO:colcon.colcon_core.shell:Creating prefix script '/home/arc/Documents/automatic_arc_melting_system/install/local_setup.bash'
[2.391s] INFO:colcon.colcon_core.shell:Creating prefix chain script '/home/arc/Documents/automatic_arc_melting_system/install/setup.bash'
[2.392s] INFO:colcon.colcon_core.shell:Creating prefix script '/home/arc/Documents/automatic_arc_melting_system/install/local_setup.zsh'
[2.392s] INFO:colcon.colcon_core.shell:Creating prefix chain script '/home/arc/Documents/automatic_arc_melting_system/install/setup.zsh'
