[0.098s] DEBUG:colcon:Command line arguments: ['/usr/bin/colcon', 'build']
[0.098s] DEBUG:colcon:Parsed command line arguments: Namespace(allow_overriding=[], ament_cmake_args=None, base_paths=['.'], build_base='build', catkin_cmake_args=None, catkin_skip_building_tests=False, cmake_args=None, cmake_clean_cache=False, cmake_clean_first=False, cmake_force_configure=False, cmake_target=None, cmake_target_skip_unavailable=False, continue_on_error=False, event_handlers=None, executor='parallel', ignore_user_meta=False, install_base='install', log_base=None, log_level=None, main=<bound method BuildVerb.main of <colcon_core.verb.build.BuildVerb object at 0x7f6ff92827c0>>, merge_install=False, metas=['./colcon.meta'], packages_above=None, packages_above_and_dependencies=None, packages_above_depth=None, packages_end=None, packages_ignore=None, packages_ignore_regex=None, packages_select=None, packages_select_build_failed=False, packages_select_by_dep=None, packages_select_regex=None, packages_select_test_failures=False, packages_skip=None, packages_skip_build_finished=False, packages_skip_by_dep=None, packages_skip_regex=None, packages_skip_test_passed=False, packages_skip_up_to=None, packages_start=None, packages_up_to=None, packages_up_to_regex=None, parallel_workers=16, paths=None, symlink_install=False, test_result_base=None, verb_extension=<colcon_core.verb.build.BuildVerb object at 0x7f6ff92827c0>, verb_name='build', verb_parser=<colcon_defaults.argument_parser.defaults.DefaultArgumentsDecorator object at 0x7f6ff928d4c0>)
[0.115s] Level 1:colcon.colcon_core.package_discovery:discover_packages(colcon_meta) check parameters
[0.115s] Level 1:colcon.colcon_core.package_discovery:discover_packages(recursive) check parameters
[0.115s] Level 1:colcon.colcon_core.package_discovery:discover_packages(ignore) check parameters
[0.115s] Level 1:colcon.colcon_core.package_discovery:discover_packages(path) check parameters
[0.115s] Level 1:colcon.colcon_core.package_discovery:discover_packages(colcon_meta) discover
[0.116s] Level 1:colcon.colcon_core.package_discovery:discover_packages(recursive) discover
[0.116s] INFO:colcon.colcon_core.package_discovery:Crawling recursively for packages in '/home/arc/Documents/automatic_arc_melting_system'
[0.116s] Level 1:colcon.colcon_core.package_identification:_identify(.) by extensions ['ignore', 'ignore_ament_install']
[0.116s] Level 1:colcon.colcon_core.package_identification:_identify(.) by extension 'ignore'
[0.116s] Level 1:colcon.colcon_core.package_identification:_identify(.) by extension 'ignore_ament_install'
[0.116s] Level 1:colcon.colcon_core.package_identification:_identify(.) by extensions ['colcon_pkg']
[0.116s] Level 1:colcon.colcon_core.package_identification:_identify(.) by extension 'colcon_pkg'
[0.116s] Level 1:colcon.colcon_core.package_identification:_identify(.) by extensions ['colcon_meta']
[0.116s] Level 1:colcon.colcon_core.package_identification:_identify(.) by extension 'colcon_meta'
[0.116s] Level 1:colcon.colcon_core.package_identification:_identify(.) by extensions ['ros']
[0.116s] Level 1:colcon.colcon_core.package_identification:_identify(.) by extension 'ros'
[0.123s] Level 1:colcon.colcon_core.package_identification:_identify(.) by extensions ['cmake', 'python']
[0.123s] Level 1:colcon.colcon_core.package_identification:_identify(.) by extension 'cmake'
[0.123s] Level 1:colcon.colcon_core.package_identification:_identify(.) by extension 'python'
[0.124s] Level 1:colcon.colcon_core.package_identification:_identify(.) by extensions ['python_setup_py']
[0.124s] Level 1:colcon.colcon_core.package_identification:_identify(.) by extension 'python_setup_py'
[0.124s] Level 1:colcon.colcon_core.package_identification:_identify(build) by extensions ['ignore', 'ignore_ament_install']
[0.124s] Level 1:colcon.colcon_core.package_identification:_identify(build) by extension 'ignore'
[0.124s] Level 1:colcon.colcon_core.package_identification:_identify(build) ignored
[0.124s] Level 1:colcon.colcon_core.package_identification:_identify(install) by extensions ['ignore', 'ignore_ament_install']
[0.124s] Level 1:colcon.colcon_core.package_identification:_identify(install) by extension 'ignore'
[0.124s] Level 1:colcon.colcon_core.package_identification:_identify(install) ignored
[0.124s] Level 1:colcon.colcon_core.package_identification:_identify(log) by extensions ['ignore', 'ignore_ament_install']
[0.124s] Level 1:colcon.colcon_core.package_identification:_identify(log) by extension 'ignore'
[0.124s] Level 1:colcon.colcon_core.package_identification:_identify(log) ignored
[0.124s] Level 1:colcon.colcon_core.package_identification:_identify(src) by extensions ['ignore', 'ignore_ament_install']
[0.124s] Level 1:colcon.colcon_core.package_identification:_identify(src) by extension 'ignore'
[0.124s] Level 1:colcon.colcon_core.package_identification:_identify(src) by extension 'ignore_ament_install'
[0.124s] Level 1:colcon.colcon_core.package_identification:_identify(src) by extensions ['colcon_pkg']
[0.124s] Level 1:colcon.colcon_core.package_identification:_identify(src) by extension 'colcon_pkg'
[0.124s] Level 1:colcon.colcon_core.package_identification:_identify(src) by extensions ['colcon_meta']
[0.124s] Level 1:colcon.colcon_core.package_identification:_identify(src) by extension 'colcon_meta'
[0.124s] Level 1:colcon.colcon_core.package_identification:_identify(src) by extensions ['ros']
[0.124s] Level 1:colcon.colcon_core.package_identification:_identify(src) by extension 'ros'
[0.124s] Level 1:colcon.colcon_core.package_identification:_identify(src) by extensions ['cmake', 'python']
[0.124s] Level 1:colcon.colcon_core.package_identification:_identify(src) by extension 'cmake'
[0.124s] Level 1:colcon.colcon_core.package_identification:_identify(src) by extension 'python'
[0.125s] Level 1:colcon.colcon_core.package_identification:_identify(src) by extensions ['python_setup_py']
[0.125s] Level 1:colcon.colcon_core.package_identification:_identify(src) by extension 'python_setup_py'
[0.125s] Level 1:colcon.colcon_core.package_identification:_identify(src/tcp_format) by extensions ['ignore', 'ignore_ament_install']
[0.125s] Level 1:colcon.colcon_core.package_identification:_identify(src/tcp_format) by extension 'ignore'
[0.125s] Level 1:colcon.colcon_core.package_identification:_identify(src/tcp_format) by extension 'ignore_ament_install'
[0.125s] Level 1:colcon.colcon_core.package_identification:_identify(src/tcp_format) by extensions ['colcon_pkg']
[0.125s] Level 1:colcon.colcon_core.package_identification:_identify(src/tcp_format) by extension 'colcon_pkg'
[0.125s] Level 1:colcon.colcon_core.package_identification:_identify(src/tcp_format) by extensions ['colcon_meta']
[0.125s] Level 1:colcon.colcon_core.package_identification:_identify(src/tcp_format) by extension 'colcon_meta'
[0.125s] Level 1:colcon.colcon_core.package_identification:_identify(src/tcp_format) by extensions ['ros']
[0.125s] Level 1:colcon.colcon_core.package_identification:_identify(src/tcp_format) by extension 'ros'
[0.126s] DEBUG:colcon.colcon_core.package_identification:Package 'src/tcp_format' with type 'ros.ament_cmake' and name 'tcp_format'
[0.127s] Level 1:colcon.colcon_core.package_identification:_identify(src/tcp_handle) by extensions ['ignore', 'ignore_ament_install']
[0.127s] Level 1:colcon.colcon_core.package_identification:_identify(src/tcp_handle) by extension 'ignore'
[0.127s] Level 1:colcon.colcon_core.package_identification:_identify(src/tcp_handle) by extension 'ignore_ament_install'
[0.127s] Level 1:colcon.colcon_core.package_identification:_identify(src/tcp_handle) by extensions ['colcon_pkg']
[0.127s] Level 1:colcon.colcon_core.package_identification:_identify(src/tcp_handle) by extension 'colcon_pkg'
[0.127s] Level 1:colcon.colcon_core.package_identification:_identify(src/tcp_handle) by extensions ['colcon_meta']
[0.127s] Level 1:colcon.colcon_core.package_identification:_identify(src/tcp_handle) by extension 'colcon_meta'
[0.127s] Level 1:colcon.colcon_core.package_identification:_identify(src/tcp_handle) by extensions ['ros']
[0.127s] Level 1:colcon.colcon_core.package_identification:_identify(src/tcp_handle) by extension 'ros'
[0.127s] DEBUG:colcon.colcon_core.package_identification:Package 'src/tcp_handle' with type 'ros.ament_cmake' and name 'tcp_handle'
[0.127s] Level 1:colcon.colcon_core.package_discovery:discover_packages(recursive) using defaults
[0.127s] Level 1:colcon.colcon_core.package_discovery:discover_packages(ignore) discover
[0.127s] Level 1:colcon.colcon_core.package_discovery:discover_packages(ignore) using defaults
[0.127s] Level 1:colcon.colcon_core.package_discovery:discover_packages(path) discover
[0.127s] Level 1:colcon.colcon_core.package_discovery:discover_packages(path) using defaults
[0.141s] Level 1:colcon.colcon_core.package_discovery:discover_packages(prefix_path) check parameters
[0.141s] Level 1:colcon.colcon_core.package_discovery:discover_packages(prefix_path) discover
[0.143s] DEBUG:colcon.colcon_installed_package_information.package_discovery:Found 256 installed packages in /opt/ros/foxy
[0.150s] Level 1:colcon.colcon_core.package_discovery:discover_packages(prefix_path) using defaults
[0.196s] Level 5:colcon.colcon_core.verb:set package 'tcp_format' build argument 'cmake_args' from command line to 'None'
[0.196s] Level 5:colcon.colcon_core.verb:set package 'tcp_format' build argument 'cmake_target' from command line to 'None'
[0.196s] Level 5:colcon.colcon_core.verb:set package 'tcp_format' build argument 'cmake_target_skip_unavailable' from command line to 'False'
[0.196s] Level 5:colcon.colcon_core.verb:set package 'tcp_format' build argument 'cmake_clean_cache' from command line to 'False'
[0.196s] Level 5:colcon.colcon_core.verb:set package 'tcp_format' build argument 'cmake_clean_first' from command line to 'False'
[0.196s] Level 5:colcon.colcon_core.verb:set package 'tcp_format' build argument 'cmake_force_configure' from command line to 'False'
[0.196s] Level 5:colcon.colcon_core.verb:set package 'tcp_format' build argument 'ament_cmake_args' from command line to 'None'
[0.196s] Level 5:colcon.colcon_core.verb:set package 'tcp_format' build argument 'catkin_cmake_args' from command line to 'None'
[0.196s] Level 5:colcon.colcon_core.verb:set package 'tcp_format' build argument 'catkin_skip_building_tests' from command line to 'False'
[0.196s] DEBUG:colcon.colcon_core.verb:Building package 'tcp_format' with the following arguments: {'ament_cmake_args': None, 'build_base': '/home/arc/Documents/automatic_arc_melting_system/build/tcp_format', 'catkin_cmake_args': None, 'catkin_skip_building_tests': False, 'cmake_args': None, 'cmake_clean_cache': False, 'cmake_clean_first': False, 'cmake_force_configure': False, 'cmake_target': None, 'cmake_target_skip_unavailable': False, 'install_base': '/home/arc/Documents/automatic_arc_melting_system/install/tcp_format', 'merge_install': False, 'path': '/home/arc/Documents/automatic_arc_melting_system/src/tcp_format', 'symlink_install': False, 'test_result_base': None}
[0.197s] Level 5:colcon.colcon_core.verb:set package 'tcp_handle' build argument 'cmake_args' from command line to 'None'
[0.197s] Level 5:colcon.colcon_core.verb:set package 'tcp_handle' build argument 'cmake_target' from command line to 'None'
[0.197s] Level 5:colcon.colcon_core.verb:set package 'tcp_handle' build argument 'cmake_target_skip_unavailable' from command line to 'False'
[0.197s] Level 5:colcon.colcon_core.verb:set package 'tcp_handle' build argument 'cmake_clean_cache' from command line to 'False'
[0.197s] Level 5:colcon.colcon_core.verb:set package 'tcp_handle' build argument 'cmake_clean_first' from command line to 'False'
[0.197s] Level 5:colcon.colcon_core.verb:set package 'tcp_handle' build argument 'cmake_force_configure' from command line to 'False'
[0.197s] Level 5:colcon.colcon_core.verb:set package 'tcp_handle' build argument 'ament_cmake_args' from command line to 'None'
[0.197s] Level 5:colcon.colcon_core.verb:set package 'tcp_handle' build argument 'catkin_cmake_args' from command line to 'None'
[0.197s] Level 5:colcon.colcon_core.verb:set package 'tcp_handle' build argument 'catkin_skip_building_tests' from command line to 'False'
[0.197s] DEBUG:colcon.colcon_core.verb:Building package 'tcp_handle' with the following arguments: {'ament_cmake_args': None, 'build_base': '/home/arc/Documents/automatic_arc_melting_system/build/tcp_handle', 'catkin_cmake_args': None, 'catkin_skip_building_tests': False, 'cmake_args': None, 'cmake_clean_cache': False, 'cmake_clean_first': False, 'cmake_force_configure': False, 'cmake_target': None, 'cmake_target_skip_unavailable': False, 'install_base': '/home/arc/Documents/automatic_arc_melting_system/install/tcp_handle', 'merge_install': False, 'path': '/home/arc/Documents/automatic_arc_melting_system/src/tcp_handle', 'symlink_install': False, 'test_result_base': None}
[0.197s] INFO:colcon.colcon_core.executor:Executing jobs using 'parallel' executor
[0.200s] DEBUG:colcon.colcon_parallel_executor.executor.parallel:run_until_complete
[0.200s] INFO:colcon.colcon_ros.task.ament_cmake.build:Building ROS package in '/home/arc/Documents/automatic_arc_melting_system/src/tcp_format' with build type 'ament_cmake'
[0.201s] INFO:colcon.colcon_cmake.task.cmake.build:Building CMake package in '/home/arc/Documents/automatic_arc_melting_system/src/tcp_format'
[0.203s] INFO:colcon.colcon_core.plugin_system:Skipping extension 'colcon_core.shell.bat': Not used on non-Windows systems
[0.204s] INFO:colcon.colcon_core.shell:Skip shell extension 'powershell' for command environment: Not usable outside of PowerShell
[0.204s] DEBUG:colcon.colcon_core.shell:Skip shell extension 'dsv' for command environment
[0.211s] DEBUG:colcon.colcon_core.event_handler.log_command:Invoking command in '/home/arc/Documents/automatic_arc_melting_system/build/tcp_format': CMAKE_PREFIX_PATH=/opt/ros/foxy /usr/bin/cmake /home/arc/Documents/automatic_arc_melting_system/src/tcp_format -DCMAKE_INSTALL_PREFIX=/home/arc/Documents/automatic_arc_melting_system/install/tcp_format
[1.053s] DEBUG:colcon.colcon_core.event_handler.log_command:Invoked command in '/home/arc/Documents/automatic_arc_melting_system/build/tcp_format' returned '0': CMAKE_PREFIX_PATH=/opt/ros/foxy /usr/bin/cmake /home/arc/Documents/automatic_arc_melting_system/src/tcp_format -DCMAKE_INSTALL_PREFIX=/home/arc/Documents/automatic_arc_melting_system/install/tcp_format
[1.055s] DEBUG:colcon.colcon_core.event_handler.log_command:Invoking command in '/home/arc/Documents/automatic_arc_melting_system/build/tcp_format': CMAKE_PREFIX_PATH=/opt/ros/foxy /usr/bin/cmake --build /home/arc/Documents/automatic_arc_melting_system/build/tcp_format -- -j16 -l16
[2.799s] DEBUG:colcon.colcon_core.event_handler.log_command:Invoked command in '/home/arc/Documents/automatic_arc_melting_system/build/tcp_format' returned '0': CMAKE_PREFIX_PATH=/opt/ros/foxy /usr/bin/cmake --build /home/arc/Documents/automatic_arc_melting_system/build/tcp_format -- -j16 -l16
[2.836s] DEBUG:colcon.colcon_core.event_handler.log_command:Invoking command in '/home/arc/Documents/automatic_arc_melting_system/build/tcp_format': CMAKE_PREFIX_PATH=/opt/ros/foxy /usr/bin/cmake --install /home/arc/Documents/automatic_arc_melting_system/build/tcp_format
[2.874s] Level 1:colcon.colcon_core.environment:create_environment_scripts_only(tcp_format)
[2.874s] DEBUG:colcon.colcon_core.event_handler.log_command:Invoked command in '/home/arc/Documents/automatic_arc_melting_system/build/tcp_format' returned '0': CMAKE_PREFIX_PATH=/opt/ros/foxy /usr/bin/cmake --install /home/arc/Documents/automatic_arc_melting_system/build/tcp_format
[2.878s] Level 1:colcon.colcon_core.environment:checking '/home/arc/Documents/automatic_arc_melting_system/install/tcp_format' for CMake module files
[2.878s] Level 1:colcon.colcon_core.environment:checking '/home/arc/Documents/automatic_arc_melting_system/install/tcp_format' for CMake config files
[2.878s] Level 1:colcon.colcon_core.shell:create_environment_hook('tcp_format', 'cmake_prefix_path')
[2.879s] INFO:colcon.colcon_core.shell:Creating environment hook '/home/arc/Documents/automatic_arc_melting_system/install/tcp_format/share/tcp_format/hook/cmake_prefix_path.ps1'
[2.880s] INFO:colcon.colcon_core.shell:Creating environment descriptor '/home/arc/Documents/automatic_arc_melting_system/install/tcp_format/share/tcp_format/hook/cmake_prefix_path.dsv'
[2.880s] INFO:colcon.colcon_core.shell:Creating environment hook '/home/arc/Documents/automatic_arc_melting_system/install/tcp_format/share/tcp_format/hook/cmake_prefix_path.sh'
[2.880s] Level 1:colcon.colcon_core.environment:checking '/home/arc/Documents/automatic_arc_melting_system/install/tcp_format/lib'
[2.880s] Level 1:colcon.colcon_core.shell:create_environment_hook('tcp_format', 'ld_library_path_lib')
[2.881s] INFO:colcon.colcon_core.shell:Creating environment hook '/home/arc/Documents/automatic_arc_melting_system/install/tcp_format/share/tcp_format/hook/ld_library_path_lib.ps1'
[2.882s] INFO:colcon.colcon_core.shell:Creating environment descriptor '/home/arc/Documents/automatic_arc_melting_system/install/tcp_format/share/tcp_format/hook/ld_library_path_lib.dsv'
[2.882s] INFO:colcon.colcon_core.shell:Creating environment hook '/home/arc/Documents/automatic_arc_melting_system/install/tcp_format/share/tcp_format/hook/ld_library_path_lib.sh'
[2.882s] Level 1:colcon.colcon_core.environment:checking '/home/arc/Documents/automatic_arc_melting_system/install/tcp_format/bin'
[2.882s] Level 1:colcon.colcon_core.environment:checking '/home/arc/Documents/automatic_arc_melting_system/install/tcp_format/lib/pkgconfig/tcp_format.pc'
[2.882s] Level 1:colcon.colcon_core.environment:checking '/home/arc/Documents/automatic_arc_melting_system/install/tcp_format/lib/python3.8/site-packages'
[2.882s] Level 1:colcon.colcon_core.shell:create_environment_hook('tcp_format', 'pythonpath')
[2.883s] INFO:colcon.colcon_core.shell:Creating environment hook '/home/arc/Documents/automatic_arc_melting_system/install/tcp_format/share/tcp_format/hook/pythonpath.ps1'
[2.884s] INFO:colcon.colcon_core.shell:Creating environment descriptor '/home/arc/Documents/automatic_arc_melting_system/install/tcp_format/share/tcp_format/hook/pythonpath.dsv'
[2.884s] INFO:colcon.colcon_core.shell:Creating environment hook '/home/arc/Documents/automatic_arc_melting_system/install/tcp_format/share/tcp_format/hook/pythonpath.sh'
[2.884s] Level 1:colcon.colcon_core.environment:checking '/home/arc/Documents/automatic_arc_melting_system/install/tcp_format/bin'
[2.885s] INFO:colcon.colcon_core.shell:Creating package script '/home/arc/Documents/automatic_arc_melting_system/install/tcp_format/share/tcp_format/package.ps1'
[2.886s] INFO:colcon.colcon_core.shell:Creating package descriptor '/home/arc/Documents/automatic_arc_melting_system/install/tcp_format/share/tcp_format/package.dsv'
[2.886s] INFO:colcon.colcon_core.shell:Creating package script '/home/arc/Documents/automatic_arc_melting_system/install/tcp_format/share/tcp_format/package.sh'
[2.887s] INFO:colcon.colcon_core.shell:Creating package script '/home/arc/Documents/automatic_arc_melting_system/install/tcp_format/share/tcp_format/package.bash'
[2.887s] INFO:colcon.colcon_core.shell:Creating package script '/home/arc/Documents/automatic_arc_melting_system/install/tcp_format/share/tcp_format/package.zsh'
[2.887s] Level 1:colcon.colcon_core.environment:create_file_with_runtime_dependencies(/home/arc/Documents/automatic_arc_melting_system/install/tcp_format/share/colcon-core/packages/tcp_format)
[2.916s] Level 1:colcon.colcon_core.environment:create_environment_scripts_only(tcp_format)
[2.917s] Level 1:colcon.colcon_core.environment:checking '/home/arc/Documents/automatic_arc_melting_system/install/tcp_format' for CMake module files
[2.918s] Level 1:colcon.colcon_core.environment:checking '/home/arc/Documents/automatic_arc_melting_system/install/tcp_format' for CMake config files
[2.918s] Level 1:colcon.colcon_core.shell:create_environment_hook('tcp_format', 'cmake_prefix_path')
[2.919s] INFO:colcon.colcon_core.shell:Creating environment hook '/home/arc/Documents/automatic_arc_melting_system/install/tcp_format/share/tcp_format/hook/cmake_prefix_path.ps1'
[2.919s] INFO:colcon.colcon_core.shell:Creating environment descriptor '/home/arc/Documents/automatic_arc_melting_system/install/tcp_format/share/tcp_format/hook/cmake_prefix_path.dsv'
[2.919s] INFO:colcon.colcon_core.shell:Creating environment hook '/home/arc/Documents/automatic_arc_melting_system/install/tcp_format/share/tcp_format/hook/cmake_prefix_path.sh'
[2.920s] Level 1:colcon.colcon_core.environment:checking '/home/arc/Documents/automatic_arc_melting_system/install/tcp_format/lib'
[2.920s] Level 1:colcon.colcon_core.shell:create_environment_hook('tcp_format', 'ld_library_path_lib')
[2.921s] INFO:colcon.colcon_core.shell:Creating environment hook '/home/arc/Documents/automatic_arc_melting_system/install/tcp_format/share/tcp_format/hook/ld_library_path_lib.ps1'
[2.921s] INFO:colcon.colcon_core.shell:Creating environment descriptor '/home/arc/Documents/automatic_arc_melting_system/install/tcp_format/share/tcp_format/hook/ld_library_path_lib.dsv'
[2.921s] INFO:colcon.colcon_core.shell:Creating environment hook '/home/arc/Documents/automatic_arc_melting_system/install/tcp_format/share/tcp_format/hook/ld_library_path_lib.sh'
[2.921s] Level 1:colcon.colcon_core.environment:checking '/home/arc/Documents/automatic_arc_melting_system/install/tcp_format/bin'
[2.921s] Level 1:colcon.colcon_core.environment:checking '/home/arc/Documents/automatic_arc_melting_system/install/tcp_format/lib/pkgconfig/tcp_format.pc'
[2.922s] Level 1:colcon.colcon_core.environment:checking '/home/arc/Documents/automatic_arc_melting_system/install/tcp_format/lib/python3.8/site-packages'
[2.922s] Level 1:colcon.colcon_core.shell:create_environment_hook('tcp_format', 'pythonpath')
[2.923s] INFO:colcon.colcon_core.shell:Creating environment hook '/home/arc/Documents/automatic_arc_melting_system/install/tcp_format/share/tcp_format/hook/pythonpath.ps1'
[2.923s] INFO:colcon.colcon_core.shell:Creating environment descriptor '/home/arc/Documents/automatic_arc_melting_system/install/tcp_format/share/tcp_format/hook/pythonpath.dsv'
[2.923s] INFO:colcon.colcon_core.shell:Creating environment hook '/home/arc/Documents/automatic_arc_melting_system/install/tcp_format/share/tcp_format/hook/pythonpath.sh'
[2.923s] Level 1:colcon.colcon_core.environment:checking '/home/arc/Documents/automatic_arc_melting_system/install/tcp_format/bin'
[2.924s] INFO:colcon.colcon_core.shell:Creating package script '/home/arc/Documents/automatic_arc_melting_system/install/tcp_format/share/tcp_format/package.ps1'
[2.925s] INFO:colcon.colcon_core.shell:Creating package descriptor '/home/arc/Documents/automatic_arc_melting_system/install/tcp_format/share/tcp_format/package.dsv'
[2.925s] INFO:colcon.colcon_core.shell:Creating package script '/home/arc/Documents/automatic_arc_melting_system/install/tcp_format/share/tcp_format/package.sh'
[2.925s] INFO:colcon.colcon_core.shell:Creating package script '/home/arc/Documents/automatic_arc_melting_system/install/tcp_format/share/tcp_format/package.bash'
[2.926s] INFO:colcon.colcon_core.shell:Creating package script '/home/arc/Documents/automatic_arc_melting_system/install/tcp_format/share/tcp_format/package.zsh'
[2.926s] Level 1:colcon.colcon_core.environment:create_file_with_runtime_dependencies(/home/arc/Documents/automatic_arc_melting_system/install/tcp_format/share/colcon-core/packages/tcp_format)
[2.926s] INFO:colcon.colcon_ros.task.ament_cmake.build:Building ROS package in '/home/arc/Documents/automatic_arc_melting_system/src/tcp_handle' with build type 'ament_cmake'
[2.926s] INFO:colcon.colcon_cmake.task.cmake.build:Building CMake package in '/home/arc/Documents/automatic_arc_melting_system/src/tcp_handle'
[2.927s] INFO:colcon.colcon_core.shell:Skip shell extension 'powershell' for command environment: Not usable outside of PowerShell
[2.927s] DEBUG:colcon.colcon_core.shell:Skip shell extension 'dsv' for command environment
[2.935s] DEBUG:colcon.colcon_core.event_handler.log_command:Invoking command in '/home/arc/Documents/automatic_arc_melting_system/build/tcp_handle': AMENT_PREFIX_PATH=/home/arc/Documents/automatic_arc_melting_system/install/tcp_format:${AMENT_PREFIX_PATH} CMAKE_PREFIX_PATH=/home/arc/Documents/automatic_arc_melting_system/install/tcp_format:/opt/ros/foxy LD_LIBRARY_PATH=/home/arc/Documents/automatic_arc_melting_system/install/tcp_format/lib:${LD_LIBRARY_PATH} PYTHONPATH=/home/arc/Documents/automatic_arc_melting_system/install/tcp_format/lib/python3.8/site-packages:${PYTHONPATH} /usr/bin/cmake /home/arc/Documents/automatic_arc_melting_system/src/tcp_handle -DCMAKE_INSTALL_PREFIX=/home/arc/Documents/automatic_arc_melting_system/install/tcp_handle
[3.895s] DEBUG:colcon.colcon_core.event_handler.log_command:Invoked command in '/home/arc/Documents/automatic_arc_melting_system/build/tcp_handle' returned '0': AMENT_PREFIX_PATH=/home/arc/Documents/automatic_arc_melting_system/install/tcp_format:${AMENT_PREFIX_PATH} CMAKE_PREFIX_PATH=/home/arc/Documents/automatic_arc_melting_system/install/tcp_format:/opt/ros/foxy LD_LIBRARY_PATH=/home/arc/Documents/automatic_arc_melting_system/install/tcp_format/lib:${LD_LIBRARY_PATH} PYTHONPATH=/home/arc/Documents/automatic_arc_melting_system/install/tcp_format/lib/python3.8/site-packages:${PYTHONPATH} /usr/bin/cmake /home/arc/Documents/automatic_arc_melting_system/src/tcp_handle -DCMAKE_INSTALL_PREFIX=/home/arc/Documents/automatic_arc_melting_system/install/tcp_handle
[3.897s] DEBUG:colcon.colcon_core.event_handler.log_command:Invoking command in '/home/arc/Documents/automatic_arc_melting_system/build/tcp_handle': AMENT_PREFIX_PATH=/home/arc/Documents/automatic_arc_melting_system/install/tcp_format:${AMENT_PREFIX_PATH} CMAKE_PREFIX_PATH=/home/arc/Documents/automatic_arc_melting_system/install/tcp_format:/opt/ros/foxy LD_LIBRARY_PATH=/home/arc/Documents/automatic_arc_melting_system/install/tcp_format/lib:${LD_LIBRARY_PATH} PYTHONPATH=/home/arc/Documents/automatic_arc_melting_system/install/tcp_format/lib/python3.8/site-packages:${PYTHONPATH} /usr/bin/cmake --build /home/arc/Documents/automatic_arc_melting_system/build/tcp_handle -- -j16 -l16
[5.685s] DEBUG:colcon.colcon_core.event_handler.log_command:Invoked command in '/home/arc/Documents/automatic_arc_melting_system/build/tcp_handle' returned '0': AMENT_PREFIX_PATH=/home/arc/Documents/automatic_arc_melting_system/install/tcp_format:${AMENT_PREFIX_PATH} CMAKE_PREFIX_PATH=/home/arc/Documents/automatic_arc_melting_system/install/tcp_format:/opt/ros/foxy LD_LIBRARY_PATH=/home/arc/Documents/automatic_arc_melting_system/install/tcp_format/lib:${LD_LIBRARY_PATH} PYTHONPATH=/home/arc/Documents/automatic_arc_melting_system/install/tcp_format/lib/python3.8/site-packages:${PYTHONPATH} /usr/bin/cmake --build /home/arc/Documents/automatic_arc_melting_system/build/tcp_handle -- -j16 -l16
[5.702s] DEBUG:colcon.colcon_core.event_handler.log_command:Invoking command in '/home/arc/Documents/automatic_arc_melting_system/build/tcp_handle': AMENT_PREFIX_PATH=/home/arc/Documents/automatic_arc_melting_system/install/tcp_format:${AMENT_PREFIX_PATH} CMAKE_PREFIX_PATH=/home/arc/Documents/automatic_arc_melting_system/install/tcp_format:/opt/ros/foxy LD_LIBRARY_PATH=/home/arc/Documents/automatic_arc_melting_system/install/tcp_format/lib:${LD_LIBRARY_PATH} PYTHONPATH=/home/arc/Documents/automatic_arc_melting_system/install/tcp_format/lib/python3.8/site-packages:${PYTHONPATH} /usr/bin/cmake --install /home/arc/Documents/automatic_arc_melting_system/build/tcp_handle
[5.710s] Level 1:colcon.colcon_core.environment:create_environment_scripts_only(tcp_handle)
[5.710s] DEBUG:colcon.colcon_core.event_handler.log_command:Invoked command in '/home/arc/Documents/automatic_arc_melting_system/build/tcp_handle' returned '0': AMENT_PREFIX_PATH=/home/arc/Documents/automatic_arc_melting_system/install/tcp_format:${AMENT_PREFIX_PATH} CMAKE_PREFIX_PATH=/home/arc/Documents/automatic_arc_melting_system/install/tcp_format:/opt/ros/foxy LD_LIBRARY_PATH=/home/arc/Documents/automatic_arc_melting_system/install/tcp_format/lib:${LD_LIBRARY_PATH} PYTHONPATH=/home/arc/Documents/automatic_arc_melting_system/install/tcp_format/lib/python3.8/site-packages:${PYTHONPATH} /usr/bin/cmake --install /home/arc/Documents/automatic_arc_melting_system/build/tcp_handle
[5.712s] Level 1:colcon.colcon_core.environment:checking '/home/arc/Documents/automatic_arc_melting_system/install/tcp_handle' for CMake module files
[5.712s] Level 1:colcon.colcon_core.environment:checking '/home/arc/Documents/automatic_arc_melting_system/install/tcp_handle' for CMake config files
[5.712s] Level 1:colcon.colcon_core.shell:create_environment_hook('tcp_handle', 'cmake_prefix_path')
[5.713s] INFO:colcon.colcon_core.shell:Creating environment hook '/home/arc/Documents/automatic_arc_melting_system/install/tcp_handle/share/tcp_handle/hook/cmake_prefix_path.ps1'
[5.714s] INFO:colcon.colcon_core.shell:Creating environment descriptor '/home/arc/Documents/automatic_arc_melting_system/install/tcp_handle/share/tcp_handle/hook/cmake_prefix_path.dsv'
[5.714s] INFO:colcon.colcon_core.shell:Creating environment hook '/home/arc/Documents/automatic_arc_melting_system/install/tcp_handle/share/tcp_handle/hook/cmake_prefix_path.sh'
[5.714s] Level 1:colcon.colcon_core.environment:checking '/home/arc/Documents/automatic_arc_melting_system/install/tcp_handle/lib'
[5.714s] Level 1:colcon.colcon_core.environment:checking '/home/arc/Documents/automatic_arc_melting_system/install/tcp_handle/bin'
[5.714s] Level 1:colcon.colcon_core.environment:checking '/home/arc/Documents/automatic_arc_melting_system/install/tcp_handle/lib/pkgconfig/tcp_handle.pc'
[5.715s] Level 1:colcon.colcon_core.environment:checking '/home/arc/Documents/automatic_arc_melting_system/install/tcp_handle/lib/python3.8/site-packages'
[5.715s] Level 1:colcon.colcon_core.environment:checking '/home/arc/Documents/automatic_arc_melting_system/install/tcp_handle/bin'
[5.716s] INFO:colcon.colcon_core.shell:Creating package script '/home/arc/Documents/automatic_arc_melting_system/install/tcp_handle/share/tcp_handle/package.ps1'
[5.716s] INFO:colcon.colcon_core.shell:Creating package descriptor '/home/arc/Documents/automatic_arc_melting_system/install/tcp_handle/share/tcp_handle/package.dsv'
[5.716s] INFO:colcon.colcon_core.shell:Creating package script '/home/arc/Documents/automatic_arc_melting_system/install/tcp_handle/share/tcp_handle/package.sh'
[5.716s] INFO:colcon.colcon_core.shell:Creating package script '/home/arc/Documents/automatic_arc_melting_system/install/tcp_handle/share/tcp_handle/package.bash'
[5.717s] INFO:colcon.colcon_core.shell:Creating package script '/home/arc/Documents/automatic_arc_melting_system/install/tcp_handle/share/tcp_handle/package.zsh'
[5.717s] Level 1:colcon.colcon_core.environment:create_file_with_runtime_dependencies(/home/arc/Documents/automatic_arc_melting_system/install/tcp_handle/share/colcon-core/packages/tcp_handle)
[5.733s] Level 1:colcon.colcon_core.environment:create_environment_scripts_only(tcp_handle)
[5.735s] Level 1:colcon.colcon_core.environment:checking '/home/arc/Documents/automatic_arc_melting_system/install/tcp_handle' for CMake module files
[5.735s] Level 1:colcon.colcon_core.environment:checking '/home/arc/Documents/automatic_arc_melting_system/install/tcp_handle' for CMake config files
[5.735s] Level 1:colcon.colcon_core.shell:create_environment_hook('tcp_handle', 'cmake_prefix_path')
[5.736s] INFO:colcon.colcon_core.shell:Creating environment hook '/home/arc/Documents/automatic_arc_melting_system/install/tcp_handle/share/tcp_handle/hook/cmake_prefix_path.ps1'
[5.736s] INFO:colcon.colcon_core.shell:Creating environment descriptor '/home/arc/Documents/automatic_arc_melting_system/install/tcp_handle/share/tcp_handle/hook/cmake_prefix_path.dsv'
[5.736s] INFO:colcon.colcon_core.shell:Creating environment hook '/home/arc/Documents/automatic_arc_melting_system/install/tcp_handle/share/tcp_handle/hook/cmake_prefix_path.sh'
[5.737s] Level 1:colcon.colcon_core.environment:checking '/home/arc/Documents/automatic_arc_melting_system/install/tcp_handle/lib'
[5.737s] Level 1:colcon.colcon_core.environment:checking '/home/arc/Documents/automatic_arc_melting_system/install/tcp_handle/bin'
[5.737s] Level 1:colcon.colcon_core.environment:checking '/home/arc/Documents/automatic_arc_melting_system/install/tcp_handle/lib/pkgconfig/tcp_handle.pc'
[5.737s] Level 1:colcon.colcon_core.environment:checking '/home/arc/Documents/automatic_arc_melting_system/install/tcp_handle/lib/python3.8/site-packages'
[5.737s] Level 1:colcon.colcon_core.environment:checking '/home/arc/Documents/automatic_arc_melting_system/install/tcp_handle/bin'
[5.738s] INFO:colcon.colcon_core.shell:Creating package script '/home/arc/Documents/automatic_arc_melting_system/install/tcp_handle/share/tcp_handle/package.ps1'
[5.738s] INFO:colcon.colcon_core.shell:Creating package descriptor '/home/arc/Documents/automatic_arc_melting_system/install/tcp_handle/share/tcp_handle/package.dsv'
[5.739s] INFO:colcon.colcon_core.shell:Creating package script '/home/arc/Documents/automatic_arc_melting_system/install/tcp_handle/share/tcp_handle/package.sh'
[5.739s] INFO:colcon.colcon_core.shell:Creating package script '/home/arc/Documents/automatic_arc_melting_system/install/tcp_handle/share/tcp_handle/package.bash'
[5.739s] INFO:colcon.colcon_core.shell:Creating package script '/home/arc/Documents/automatic_arc_melting_system/install/tcp_handle/share/tcp_handle/package.zsh'
[5.739s] Level 1:colcon.colcon_core.environment:create_file_with_runtime_dependencies(/home/arc/Documents/automatic_arc_melting_system/install/tcp_handle/share/colcon-core/packages/tcp_handle)
[5.740s] DEBUG:colcon.colcon_parallel_executor.executor.parallel:closing loop
[5.740s] DEBUG:colcon.colcon_parallel_executor.executor.parallel:loop closed
[5.740s] DEBUG:colcon.colcon_parallel_executor.executor.parallel:run_until_complete finished with '0'
[5.740s] DEBUG:colcon.colcon_core.event_reactor:joining thread
[5.744s] INFO:colcon.colcon_core.plugin_system:Skipping extension 'colcon_notification.desktop_notification.terminal_notifier': Not used on non-Darwin systems
[5.744s] INFO:colcon.colcon_core.plugin_system:Skipping extension 'colcon_notification.desktop_notification.win32': Not used on non-Windows systems
[5.744s] INFO:colcon.colcon_notification.desktop_notification:Sending desktop notification using 'notify2'
[5.751s] DEBUG:colcon.colcon_core.event_reactor:joined thread
[5.752s] INFO:colcon.colcon_core.shell:Creating prefix script '/home/arc/Documents/automatic_arc_melting_system/install/local_setup.ps1'
[5.752s] INFO:colcon.colcon_core.shell:Creating prefix util module '/home/arc/Documents/automatic_arc_melting_system/install/_local_setup_util_ps1.py'
[5.753s] INFO:colcon.colcon_core.shell:Creating prefix chain script '/home/arc/Documents/automatic_arc_melting_system/install/setup.ps1'
[5.754s] INFO:colcon.colcon_core.shell:Creating prefix script '/home/arc/Documents/automatic_arc_melting_system/install/local_setup.sh'
[5.754s] INFO:colcon.colcon_core.shell:Creating prefix util module '/home/arc/Documents/automatic_arc_melting_system/install/_local_setup_util_sh.py'
[5.755s] INFO:colcon.colcon_core.shell:Creating prefix chain script '/home/arc/Documents/automatic_arc_melting_system/install/setup.sh'
[5.755s] INFO:colcon.colcon_core.shell:Creating prefix script '/home/arc/Documents/automatic_arc_melting_system/install/local_setup.bash'
[5.756s] INFO:colcon.colcon_core.shell:Creating prefix chain script '/home/arc/Documents/automatic_arc_melting_system/install/setup.bash'
[5.756s] INFO:colcon.colcon_core.shell:Creating prefix script '/home/arc/Documents/automatic_arc_melting_system/install/local_setup.zsh'
[5.757s] INFO:colcon.colcon_core.shell:Creating prefix chain script '/home/arc/Documents/automatic_arc_melting_system/install/setup.zsh'
