[0.023s] Invoking command in '/home/arc/Documents/automatic_arc_melting_system/build/action_tutorials_interfaces': CMAKE_PREFIX_PATH=/opt/ros/foxy CONDA_PROMPT_MODIFIER=(base) /usr/bin/cmake --build /home/arc/Documents/automatic_arc_melting_system/build/action_tutorials_interfaces -- -j16 -l16
[0.218s] [ 12%] Built target action_tutorials_interfaces__rosidl_generator_c
[0.218s] [  9%] Built target action_tutorials_interfaces__cpp
[0.218s] [ 22%] Built target action_tutorials_interfaces__rosidl_typesupport_introspection_cpp
[0.218s] [ 35%] Built target action_tutorials_interfaces__rosidl_typesupport_cpp
[0.218s] [ 41%] Built target action_tutorials_interfaces__rosidl_typesupport_introspection_c
[0.218s] [ 51%] Built target action_tutorials_interfaces__rosidl_typesupport_c
[0.218s] [ 61%] Built target action_tutorials_interfaces__rosidl_typesupport_fastrtps_cpp
[0.218s] [ 70%] Built target action_tutorials_interfaces__rosidl_typesupport_fastrtps_c
[0.218s] [ 70%] Built target action_tutorials_interfaces
[0.218s] [ 74%] Built target action_tutorials_interfaces__py
[0.218s] [ 80%] Built target action_tutorials_interfaces__python
[0.218s] [100%] Built target action_tutorials_interfaces__rosidl_typesupport_fastrtps_c__pyext
[0.218s] [100%] Built target action_tutorials_interfaces__rosidl_typesupport_c__pyext
[0.218s] [100%] Built target action_tutorials_interfaces__rosidl_typesupport_introspection_c__pyext
[0.219s] Invoked command in '/home/arc/Documents/automatic_arc_melting_system/build/action_tutorials_interfaces' returned '0': CMAKE_PREFIX_PATH=/opt/ros/foxy CONDA_PROMPT_MODIFIER=(base) /usr/bin/cmake --build /home/arc/Documents/automatic_arc_melting_system/build/action_tutorials_interfaces -- -j16 -l16
[0.248s] Invoking command in '/home/arc/Documents/automatic_arc_melting_system/build/action_tutorials_interfaces': CMAKE_PREFIX_PATH=/opt/ros/foxy CONDA_PROMPT_MODIFIER=(base) /usr/bin/cmake --install /home/arc/Documents/automatic_arc_melting_system/build/action_tutorials_interfaces
[0.254s] -- Install configuration: ""
[0.254s] -- Up-to-date: /home/arc/Documents/automatic_arc_melting_system/install/action_tutorials_interfaces/share/ament_index/resource_index/rosidl_interfaces/action_tutorials_interfaces
[0.254s] -- Up-to-date: /home/arc/Documents/automatic_arc_melting_system/install/action_tutorials_interfaces/include/action_tutorials_interfaces
[0.254s] -- Up-to-date: /home/arc/Documents/automatic_arc_melting_system/install/action_tutorials_interfaces/include/action_tutorials_interfaces/msg
[0.254s] -- Up-to-date: /home/arc/Documents/automatic_arc_melting_system/install/action_tutorials_interfaces/include/action_tutorials_interfaces/msg/rosidl_generator_c__visibility_control.h
[0.255s] -- Up-to-date: /home/arc/Documents/automatic_arc_melting_system/install/action_tutorials_interfaces/include/action_tutorials_interfaces/action
[0.255s] -- Up-to-date: /home/arc/Documents/automatic_arc_melting_system/install/action_tutorials_interfaces/include/action_tutorials_interfaces/action/fibonacci.h
[0.255s] -- Up-to-date: /home/arc/Documents/automatic_arc_melting_system/install/action_tutorials_interfaces/include/action_tutorials_interfaces/action/detail
[0.255s] -- Up-to-date: /home/arc/Documents/automatic_arc_melting_system/install/action_tutorials_interfaces/include/action_tutorials_interfaces/action/detail/fibonacci__functions.h
[0.255s] -- Up-to-date: /home/arc/Documents/automatic_arc_melting_system/install/action_tutorials_interfaces/include/action_tutorials_interfaces/action/detail/fibonacci__functions.c
[0.255s] -- Up-to-date: /home/arc/Documents/automatic_arc_melting_system/install/action_tutorials_interfaces/include/action_tutorials_interfaces/action/detail/fibonacci__struct.h
[0.255s] -- Up-to-date: /home/arc/Documents/automatic_arc_melting_system/install/action_tutorials_interfaces/include/action_tutorials_interfaces/action/detail/fibonacci__type_support.h
[0.255s] -- Up-to-date: /home/arc/Documents/automatic_arc_melting_system/install/action_tutorials_interfaces/share/action_tutorials_interfaces/environment/library_path.sh
[0.255s] -- Up-to-date: /home/arc/Documents/automatic_arc_melting_system/install/action_tutorials_interfaces/share/action_tutorials_interfaces/environment/library_path.dsv
[0.255s] -- Up-to-date: /home/arc/Documents/automatic_arc_melting_system/install/action_tutorials_interfaces/lib/libaction_tutorials_interfaces__rosidl_generator_c.so
[0.255s] -- Up-to-date: /home/arc/Documents/automatic_arc_melting_system/install/action_tutorials_interfaces/include/action_tutorials_interfaces
[0.255s] -- Up-to-date: /home/arc/Documents/automatic_arc_melting_system/install/action_tutorials_interfaces/include/action_tutorials_interfaces/msg
[0.255s] -- Up-to-date: /home/arc/Documents/automatic_arc_melting_system/install/action_tutorials_interfaces/include/action_tutorials_interfaces/msg/rosidl_typesupport_fastrtps_c__visibility_control.h
[0.255s] -- Up-to-date: /home/arc/Documents/automatic_arc_melting_system/install/action_tutorials_interfaces/include/action_tutorials_interfaces/action
[0.255s] -- Up-to-date: /home/arc/Documents/automatic_arc_melting_system/install/action_tutorials_interfaces/include/action_tutorials_interfaces/action/detail
[0.256s] -- Up-to-date: /home/arc/Documents/automatic_arc_melting_system/install/action_tutorials_interfaces/include/action_tutorials_interfaces/action/detail/fibonacci__rosidl_typesupport_fastrtps_c.h
[0.256s] -- Up-to-date: /home/arc/Documents/automatic_arc_melting_system/install/action_tutorials_interfaces/lib/libaction_tutorials_interfaces__rosidl_typesupport_fastrtps_c.so
[0.256s] -- Up-to-date: /home/arc/Documents/automatic_arc_melting_system/install/action_tutorials_interfaces/include/action_tutorials_interfaces
[0.256s] -- Up-to-date: /home/arc/Documents/automatic_arc_melting_system/install/action_tutorials_interfaces/include/action_tutorials_interfaces/msg
[0.256s] -- Up-to-date: /home/arc/Documents/automatic_arc_melting_system/install/action_tutorials_interfaces/include/action_tutorials_interfaces/msg/rosidl_typesupport_fastrtps_cpp__visibility_control.h
[0.256s] -- Up-to-date: /home/arc/Documents/automatic_arc_melting_system/install/action_tutorials_interfaces/include/action_tutorials_interfaces/action
[0.256s] -- Up-to-date: /home/arc/Documents/automatic_arc_melting_system/install/action_tutorials_interfaces/include/action_tutorials_interfaces/action/detail
[0.256s] -- Up-to-date: /home/arc/Documents/automatic_arc_melting_system/install/action_tutorials_interfaces/include/action_tutorials_interfaces/action/detail/dds_fastrtps
[0.256s] -- Up-to-date: /home/arc/Documents/automatic_arc_melting_system/install/action_tutorials_interfaces/include/action_tutorials_interfaces/action/detail/fibonacci__rosidl_typesupport_fastrtps_cpp.hpp
[0.256s] -- Up-to-date: /home/arc/Documents/automatic_arc_melting_system/install/action_tutorials_interfaces/lib/libaction_tutorials_interfaces__rosidl_typesupport_fastrtps_cpp.so
[0.256s] -- Up-to-date: /home/arc/Documents/automatic_arc_melting_system/install/action_tutorials_interfaces/include/action_tutorials_interfaces
[0.257s] -- Up-to-date: /home/arc/Documents/automatic_arc_melting_system/install/action_tutorials_interfaces/include/action_tutorials_interfaces/msg
[0.257s] -- Up-to-date: /home/arc/Documents/automatic_arc_melting_system/install/action_tutorials_interfaces/include/action_tutorials_interfaces/msg/rosidl_typesupport_introspection_c__visibility_control.h
[0.257s] -- Up-to-date: /home/arc/Documents/automatic_arc_melting_system/install/action_tutorials_interfaces/include/action_tutorials_interfaces/action
[0.257s] -- Up-to-date: /home/arc/Documents/automatic_arc_melting_system/install/action_tutorials_interfaces/include/action_tutorials_interfaces/action/detail
[0.257s] -- Up-to-date: /home/arc/Documents/automatic_arc_melting_system/install/action_tutorials_interfaces/include/action_tutorials_interfaces/action/detail/fibonacci__rosidl_typesupport_introspection_c.h
[0.257s] -- Up-to-date: /home/arc/Documents/automatic_arc_melting_system/install/action_tutorials_interfaces/include/action_tutorials_interfaces/action/detail/fibonacci__type_support.c
[0.257s] -- Up-to-date: /home/arc/Documents/automatic_arc_melting_system/install/action_tutorials_interfaces/lib/libaction_tutorials_interfaces__rosidl_typesupport_introspection_c.so
[0.258s] -- Up-to-date: /home/arc/Documents/automatic_arc_melting_system/install/action_tutorials_interfaces/lib/libaction_tutorials_interfaces__rosidl_typesupport_c.so
[0.259s] -- Up-to-date: /home/arc/Documents/automatic_arc_melting_system/install/action_tutorials_interfaces/include/action_tutorials_interfaces
[0.259s] -- Up-to-date: /home/arc/Documents/automatic_arc_melting_system/install/action_tutorials_interfaces/include/action_tutorials_interfaces/action
[0.260s] -- Up-to-date: /home/arc/Documents/automatic_arc_melting_system/install/action_tutorials_interfaces/include/action_tutorials_interfaces/action/detail
[0.261s] -- Up-to-date: /home/arc/Documents/automatic_arc_melting_system/install/action_tutorials_interfaces/include/action_tutorials_interfaces/action/detail/fibonacci__traits.hpp
[0.261s] -- Up-to-date: /home/arc/Documents/automatic_arc_melting_system/install/action_tutorials_interfaces/include/action_tutorials_interfaces/action/detail/fibonacci__builder.hpp
[0.261s] -- Up-to-date: /home/arc/Documents/automatic_arc_melting_system/install/action_tutorials_interfaces/include/action_tutorials_interfaces/action/detail/fibonacci__struct.hpp
[0.262s] -- Up-to-date: /home/arc/Documents/automatic_arc_melting_system/install/action_tutorials_interfaces/include/action_tutorials_interfaces/action/fibonacci.hpp
[0.262s] -- Up-to-date: /home/arc/Documents/automatic_arc_melting_system/install/action_tutorials_interfaces/include/action_tutorials_interfaces
[0.262s] -- Up-to-date: /home/arc/Documents/automatic_arc_melting_system/install/action_tutorials_interfaces/include/action_tutorials_interfaces/action
[0.262s] -- Up-to-date: /home/arc/Documents/automatic_arc_melting_system/install/action_tutorials_interfaces/include/action_tutorials_interfaces/action/detail
[0.263s] -- Up-to-date: /home/arc/Documents/automatic_arc_melting_system/install/action_tutorials_interfaces/include/action_tutorials_interfaces/action/detail/fibonacci__type_support.cpp
[0.263s] -- Up-to-date: /home/arc/Documents/automatic_arc_melting_system/install/action_tutorials_interfaces/include/action_tutorials_interfaces/action/detail/fibonacci__rosidl_typesupport_introspection_cpp.hpp
[0.264s] -- Up-to-date: /home/arc/Documents/automatic_arc_melting_system/install/action_tutorials_interfaces/lib/libaction_tutorials_interfaces__rosidl_typesupport_introspection_cpp.so
[0.266s] -- Up-to-date: /home/arc/Documents/automatic_arc_melting_system/install/action_tutorials_interfaces/lib/libaction_tutorials_interfaces__rosidl_typesupport_cpp.so
[0.266s] -- Up-to-date: /home/arc/Documents/automatic_arc_melting_system/install/action_tutorials_interfaces/share/action_tutorials_interfaces/environment/pythonpath.sh
[0.266s] -- Up-to-date: /home/arc/Documents/automatic_arc_melting_system/install/action_tutorials_interfaces/share/action_tutorials_interfaces/environment/pythonpath.dsv
[0.266s] -- Up-to-date: /home/arc/Documents/automatic_arc_melting_system/install/action_tutorials_interfaces/lib/python3.8/site-packages/action_tutorials_interfaces/__init__.py
[0.279s] -- Up-to-date: /home/arc/Documents/automatic_arc_melting_system/install/action_tutorials_interfaces/lib/python3.8/site-packages/action_tutorials_interfaces/action
[0.279s] -- Up-to-date: /home/arc/Documents/automatic_arc_melting_system/install/action_tutorials_interfaces/lib/python3.8/site-packages/action_tutorials_interfaces/action/__init__.py
[0.279s] -- Up-to-date: /home/arc/Documents/automatic_arc_melting_system/install/action_tutorials_interfaces/lib/python3.8/site-packages/action_tutorials_interfaces/action/_fibonacci.py
[0.279s] -- Up-to-date: /home/arc/Documents/automatic_arc_melting_system/install/action_tutorials_interfaces/lib/python3.8/site-packages/action_tutorials_interfaces/action/_fibonacci_s.c
[0.280s] -- Up-to-date: /home/arc/Documents/automatic_arc_melting_system/install/action_tutorials_interfaces/lib/python3.8/site-packages/action_tutorials_interfaces/action_tutorials_interfaces_s__rosidl_typesupport_fastrtps_c.cpython-38-x86_64-linux-gnu.so
[0.280s] -- Up-to-date: /home/arc/Documents/automatic_arc_melting_system/install/action_tutorials_interfaces/lib/python3.8/site-packages/action_tutorials_interfaces/action_tutorials_interfaces_s__rosidl_typesupport_introspection_c.cpython-38-x86_64-linux-gnu.so
[0.281s] -- Up-to-date: /home/arc/Documents/automatic_arc_melting_system/install/action_tutorials_interfaces/lib/python3.8/site-packages/action_tutorials_interfaces/action_tutorials_interfaces_s__rosidl_typesupport_c.cpython-38-x86_64-linux-gnu.so
[0.282s] -- Up-to-date: /home/arc/Documents/automatic_arc_melting_system/install/action_tutorials_interfaces/lib/libaction_tutorials_interfaces__python.so
[0.282s] -- Up-to-date: /home/arc/Documents/automatic_arc_melting_system/install/action_tutorials_interfaces/share/action_tutorials_interfaces/action/Fibonacci.idl
[0.282s] -- Up-to-date: /home/arc/Documents/automatic_arc_melting_system/install/action_tutorials_interfaces/share/action_tutorials_interfaces/action/Fibonacci.action
[0.282s] -- Up-to-date: /home/arc/Documents/automatic_arc_melting_system/install/action_tutorials_interfaces/share/ament_index/resource_index/package_run_dependencies/action_tutorials_interfaces
[0.282s] -- Up-to-date: /home/arc/Documents/automatic_arc_melting_system/install/action_tutorials_interfaces/share/ament_index/resource_index/parent_prefix_path/action_tutorials_interfaces
[0.282s] -- Up-to-date: /home/arc/Documents/automatic_arc_melting_system/install/action_tutorials_interfaces/share/action_tutorials_interfaces/environment/ament_prefix_path.sh
[0.283s] -- Up-to-date: /home/arc/Documents/automatic_arc_melting_system/install/action_tutorials_interfaces/share/action_tutorials_interfaces/environment/ament_prefix_path.dsv
[0.283s] -- Up-to-date: /home/arc/Documents/automatic_arc_melting_system/install/action_tutorials_interfaces/share/action_tutorials_interfaces/environment/path.sh
[0.283s] -- Up-to-date: /home/arc/Documents/automatic_arc_melting_system/install/action_tutorials_interfaces/share/action_tutorials_interfaces/environment/path.dsv
[0.283s] -- Up-to-date: /home/arc/Documents/automatic_arc_melting_system/install/action_tutorials_interfaces/share/action_tutorials_interfaces/local_setup.bash
[0.283s] -- Up-to-date: /home/arc/Documents/automatic_arc_melting_system/install/action_tutorials_interfaces/share/action_tutorials_interfaces/local_setup.sh
[0.283s] -- Up-to-date: /home/arc/Documents/automatic_arc_melting_system/install/action_tutorials_interfaces/share/action_tutorials_interfaces/local_setup.zsh
[0.283s] -- Up-to-date: /home/arc/Documents/automatic_arc_melting_system/install/action_tutorials_interfaces/share/action_tutorials_interfaces/local_setup.dsv
[0.283s] -- Installing: /home/arc/Documents/automatic_arc_melting_system/install/action_tutorials_interfaces/share/action_tutorials_interfaces/package.dsv
[0.283s] -- Up-to-date: /home/arc/Documents/automatic_arc_melting_system/install/action_tutorials_interfaces/share/ament_index/resource_index/packages/action_tutorials_interfaces
[0.284s] -- Up-to-date: /home/arc/Documents/automatic_arc_melting_system/install/action_tutorials_interfaces/share/action_tutorials_interfaces/cmake/action_tutorials_interfaces__rosidl_generator_cExport.cmake
[0.284s] -- Up-to-date: /home/arc/Documents/automatic_arc_melting_system/install/action_tutorials_interfaces/share/action_tutorials_interfaces/cmake/action_tutorials_interfaces__rosidl_generator_cExport-noconfig.cmake
[0.284s] -- Up-to-date: /home/arc/Documents/automatic_arc_melting_system/install/action_tutorials_interfaces/share/action_tutorials_interfaces/cmake/action_tutorials_interfaces__rosidl_typesupport_introspection_cExport.cmake
[0.284s] -- Up-to-date: /home/arc/Documents/automatic_arc_melting_system/install/action_tutorials_interfaces/share/action_tutorials_interfaces/cmake/action_tutorials_interfaces__rosidl_typesupport_introspection_cExport-noconfig.cmake
[0.285s] -- Up-to-date: /home/arc/Documents/automatic_arc_melting_system/install/action_tutorials_interfaces/share/action_tutorials_interfaces/cmake/action_tutorials_interfaces__rosidl_typesupport_cExport.cmake
[0.285s] -- Up-to-date: /home/arc/Documents/automatic_arc_melting_system/install/action_tutorials_interfaces/share/action_tutorials_interfaces/cmake/action_tutorials_interfaces__rosidl_typesupport_cExport-noconfig.cmake
[0.285s] -- Up-to-date: /home/arc/Documents/automatic_arc_melting_system/install/action_tutorials_interfaces/share/action_tutorials_interfaces/cmake/action_tutorials_interfaces__rosidl_generator_cppExport.cmake
[0.286s] -- Up-to-date: /home/arc/Documents/automatic_arc_melting_system/install/action_tutorials_interfaces/share/action_tutorials_interfaces/cmake/action_tutorials_interfaces__rosidl_typesupport_introspection_cppExport.cmake
[0.288s] -- Up-to-date: /home/arc/Documents/automatic_arc_melting_system/install/action_tutorials_interfaces/share/action_tutorials_interfaces/cmake/action_tutorials_interfaces__rosidl_typesupport_introspection_cppExport-noconfig.cmake
[0.289s] -- Up-to-date: /home/arc/Documents/automatic_arc_melting_system/install/action_tutorials_interfaces/share/action_tutorials_interfaces/cmake/action_tutorials_interfaces__rosidl_typesupport_cppExport.cmake
[0.289s] -- Up-to-date: /home/arc/Documents/automatic_arc_melting_system/install/action_tutorials_interfaces/share/action_tutorials_interfaces/cmake/action_tutorials_interfaces__rosidl_typesupport_cppExport-noconfig.cmake
[0.289s] -- Up-to-date: /home/arc/Documents/automatic_arc_melting_system/install/action_tutorials_interfaces/share/action_tutorials_interfaces/cmake/rosidl_cmake-extras.cmake
[0.289s] -- Up-to-date: /home/arc/Documents/automatic_arc_melting_system/install/action_tutorials_interfaces/share/action_tutorials_interfaces/cmake/ament_cmake_export_dependencies-extras.cmake
[0.289s] -- Up-to-date: /home/arc/Documents/automatic_arc_melting_system/install/action_tutorials_interfaces/share/action_tutorials_interfaces/cmake/ament_cmake_export_libraries-extras.cmake
[0.289s] -- Up-to-date: /home/arc/Documents/automatic_arc_melting_system/install/action_tutorials_interfaces/share/action_tutorials_interfaces/cmake/ament_cmake_export_targets-extras.cmake
[0.290s] -- Up-to-date: /home/arc/Documents/automatic_arc_melting_system/install/action_tutorials_interfaces/share/action_tutorials_interfaces/cmake/ament_cmake_export_include_directories-extras.cmake
[0.290s] -- Up-to-date: /home/arc/Documents/automatic_arc_melting_system/install/action_tutorials_interfaces/share/action_tutorials_interfaces/cmake/rosidl_cmake_export_typesupport_libraries-extras.cmake
[0.291s] -- Up-to-date: /home/arc/Documents/automatic_arc_melting_system/install/action_tutorials_interfaces/share/action_tutorials_interfaces/cmake/rosidl_cmake_export_typesupport_targets-extras.cmake
[0.291s] -- Up-to-date: /home/arc/Documents/automatic_arc_melting_system/install/action_tutorials_interfaces/share/action_tutorials_interfaces/cmake/action_tutorials_interfacesConfig.cmake
[0.292s] -- Up-to-date: /home/arc/Documents/automatic_arc_melting_system/install/action_tutorials_interfaces/share/action_tutorials_interfaces/cmake/action_tutorials_interfacesConfig-version.cmake
[0.292s] -- Up-to-date: /home/arc/Documents/automatic_arc_melting_system/install/action_tutorials_interfaces/share/action_tutorials_interfaces/package.xml
[0.295s] Invoked command in '/home/arc/Documents/automatic_arc_melting_system/build/action_tutorials_interfaces' returned '0': CMAKE_PREFIX_PATH=/opt/ros/foxy CONDA_PROMPT_MODIFIER=(base) /usr/bin/cmake --install /home/arc/Documents/automatic_arc_melting_system/build/action_tutorials_interfaces
