[0.203s] Invoking command in '/home/arc/Documents/automatic_arc_melting_system/build/main_process': CMAKE_PREFIX_PATH=/opt/ros/foxy /usr/bin/cmake --build /home/arc/Documents/automatic_arc_melting_system/build/main_process -- -j16 -l16
[0.233s] [35m[1mScanning dependencies of target MainProcess[0m
[0.254s] [ 50%] [32mBuilding CXX object CMakeFiles/MainProcess.dir/src/main_process.cpp.o[0m
[1.943s] [100%] [32m[1mLinking CXX executable MainProcess[0m
[2.030s] [100%] Built target MainProcess
[2.038s] Invoked command in '/home/arc/Documents/automatic_arc_melting_system/build/main_process' returned '0': CMAKE_PREFIX_PATH=/opt/ros/foxy /usr/bin/cmake --build /home/arc/Documents/automatic_arc_melting_system/build/main_process -- -j16 -l16
[2.052s] Invoking command in '/home/arc/Documents/automatic_arc_melting_system/build/main_process': CMAKE_PREFIX_PATH=/opt/ros/foxy /usr/bin/cmake --install /home/arc/Documents/automatic_arc_melting_system/build/main_process
[2.058s] -- Install configuration: ""
[2.058s] -- Installing: /home/arc/Documents/automatic_arc_melting_system/install/main_process/lib/main_process/MainProcess
[2.058s] -- Set runtime path of "/home/arc/Documents/automatic_arc_melting_system/install/main_process/lib/main_process/MainProcess" to ""
[2.058s] -- Up-to-date: /home/arc/Documents/automatic_arc_melting_system/install/main_process/share/ament_index/resource_index/package_run_dependencies/main_process
[2.058s] -- Up-to-date: /home/arc/Documents/automatic_arc_melting_system/install/main_process/share/ament_index/resource_index/parent_prefix_path/main_process
[2.058s] -- Up-to-date: /home/arc/Documents/automatic_arc_melting_system/install/main_process/share/main_process/environment/ament_prefix_path.sh
[2.058s] -- Up-to-date: /home/arc/Documents/automatic_arc_melting_system/install/main_process/share/main_process/environment/ament_prefix_path.dsv
[2.059s] -- Up-to-date: /home/arc/Documents/automatic_arc_melting_system/install/main_process/share/main_process/environment/path.sh
[2.059s] -- Up-to-date: /home/arc/Documents/automatic_arc_melting_system/install/main_process/share/main_process/environment/path.dsv
[2.059s] -- Up-to-date: /home/arc/Documents/automatic_arc_melting_system/install/main_process/share/main_process/local_setup.bash
[2.059s] -- Up-to-date: /home/arc/Documents/automatic_arc_melting_system/install/main_process/share/main_process/local_setup.sh
[2.059s] -- Up-to-date: /home/arc/Documents/automatic_arc_melting_system/install/main_process/share/main_process/local_setup.zsh
[2.059s] -- Up-to-date: /home/arc/Documents/automatic_arc_melting_system/install/main_process/share/main_process/local_setup.dsv
[2.059s] -- Installing: /home/arc/Documents/automatic_arc_melting_system/install/main_process/share/main_process/package.dsv
[2.059s] -- Up-to-date: /home/arc/Documents/automatic_arc_melting_system/install/main_process/share/ament_index/resource_index/packages/main_process
[2.059s] -- Up-to-date: /home/arc/Documents/automatic_arc_melting_system/install/main_process/share/main_process/cmake/main_processConfig.cmake
[2.059s] -- Up-to-date: /home/arc/Documents/automatic_arc_melting_system/install/main_process/share/main_process/cmake/main_processConfig-version.cmake
[2.059s] -- Up-to-date: /home/arc/Documents/automatic_arc_melting_system/install/main_process/share/main_process/package.xml
[2.062s] Invoked command in '/home/arc/Documents/automatic_arc_melting_system/build/main_process' returned '0': CMAKE_PREFIX_PATH=/opt/ros/foxy /usr/bin/cmake --install /home/arc/Documents/automatic_arc_melting_system/build/main_process
