-- Found ament_cmake: 0.9.9 (/opt/ros/foxy/share/ament_cmake/cmake)
-- Using PYTHON_EXECUTABLE: /usr/bin/python3
-- Found rclcpp: 2.4.1 (/opt/ros/foxy/share/rclcpp/cmake)
-- Using all available rosidl_typesupport_c: rosidl_typesupport_fastrtps_c;rosidl_typesupport_introspection_c
-- Found rosidl_adapter: 1.2.1 (/opt/ros/foxy/share/rosidl_adapter/cmake)
-- Using all available rosidl_typesupport_cpp: rosidl_typesupport_fastrtps_cpp;rosidl_typesupport_introspection_cpp
-- Found rmw_implementation_cmake: 1.0.3 (/opt/ros/foxy/share/rmw_implementation_cmake/cmake)
-- Using RMW implementation 'rmw_fastrtps_cpp' as default
-- Found msg_format: 0.0.0 (/home/arc/Documents/automatic_arc_melting_system/install/msg_format/share/msg_format/cmake)
-- Found ament_lint_auto: 0.9.6 (/opt/ros/foxy/share/ament_lint_auto/cmake)
-- Added test 'copyright' to check source files copyright and LICENSE
-- Added test 'cppcheck' to perform static code analysis on C / C++ code
-- Configured cppcheck include dirs: /home/arc/Documents/automatic_arc_melting_system/src/plc_control/include
-- Configured cppcheck exclude dirs and/or files: 
-- Added test 'cpplint' to check C / C++ code against the Google style
-- Configured cpplint exclude dirs and/or files: 
-- Added test 'lint_cmake' to check CMake code style
-- Added test 'uncrustify' to check C / C++ code style
-- Configured uncrustify additional arguments: 
-- Added test 'xmllint' to check XML markup files
-- Configuring done
-- Generating done
-- Build files have been written to: /home/arc/Documents/automatic_arc_melting_system/build/plc_control
[35m[1mScanning dependencies of target PlcServer[0m
[ 50%] [32mBuilding CXX object CMakeFiles/PlcServer.dir/src/plc_server.cpp.o[0m
[01m[K/home/arc/Documents/automatic_arc_melting_system/src/plc_control/src/plc_server.cpp:[m[K In function ‘[01m[Kvoid plc_main(std::shared_ptr<msg_format::srv::PlcFormat_Request_<std::allocator<void> > >, std::shared_ptr<msg_format::srv::PlcFormat_Response_<std::allocator<void> > >)[m[K’:
[01m[K/home/arc/Documents/automatic_arc_melting_system/src/plc_control/src/plc_server.cpp:18:25:[m[K [01;35m[Kwarning: [m[KISO C++ forbids converting a string constant to ‘[01m[Kchar*[m[K’ [[01;35m[K-Wwrite-strings[m[K]
   18 |     char* receive_msg = [01;35m[K"init msg"[m[K;
      |                         [01;35m[K^~~~~~~~~~[m[K
[100%] [32m[1mLinking CXX executable PlcServer[0m
/usr/bin/ld: CMakeFiles/PlcServer.dir/src/plc_server.cpp.o: in function `plc_main(std::shared_ptr<msg_format::srv::PlcFormat_Request_<std::allocator<void> > >, std::shared_ptr<msg_format::srv::PlcFormat_Response_<std::allocator<void> > >)':
plc_server.cpp:(.text+0x412): undefined reference to `plc_socket::plc_socket(std::__cxx11::basic_string<char, std::char_traits<char>, std::allocator<char> >, int)'
/usr/bin/ld: plc_server.cpp:(.text+0x479): undefined reference to `plc_socket::write(char*)'
/usr/bin/ld: plc_server.cpp:(.text+0x4a0): undefined reference to `plc_socket::receive(char*)'
/usr/bin/ld: plc_server.cpp:(.text+0x4af): undefined reference to `plc_socket::end()'
collect2: error: ld returned 1 exit status
make[2]: *** [CMakeFiles/PlcServer.dir/build.make:141: PlcServer] Error 1
make[1]: *** [CMakeFiles/Makefile2:78: CMakeFiles/PlcServer.dir/all] Error 2
make: *** [Makefile:141: all] Error 2
