[0.225s] Invoking command in '/home/arc/Documents/automatic_arc_melting_system/build/msg_format': CMAKE_PREFIX_PATH=/opt/ros/foxy /usr/bin/cmake --build /home/arc/Documents/automatic_arc_melting_system/build/msg_format -- -j16 -l16
[0.262s] [  1%] Built target msg_format__cpp
[0.262s] [ 12%] Built target msg_format__rosidl_generator_c
[0.279s] [ 45%] Built target msg_format__rosidl_typesupport_introspection_c
[0.279s] [ 45%] Built target msg_format__rosidl_typesupport_cpp
[0.279s] [ 46%] Built target msg_format__rosidl_typesupport_c
[0.303s] [ 57%] Built target msg_format__rosidl_typesupport_introspection_cpp
[0.303s] [ 69%] Built target msg_format__rosidl_typesupport_fastrtps_cpp
[0.340s] [ 80%] Built target msg_format__rosidl_typesupport_fastrtps_c
[0.341s] [ 80%] Built target msg_format
[0.353s] [ 81%] Built target msg_format__py
[0.373s] [ 91%] Built target msg_format__python
[0.393s] [ 97%] Built target msg_format__rosidl_typesupport_introspection_c__pyext
[0.394s] [ 97%] Built target msg_format__rosidl_typesupport_c__pyext
[0.397s] [100%] Built target msg_format__rosidl_typesupport_fastrtps_c__pyext
[0.429s] Invoked command in '/home/arc/Documents/automatic_arc_melting_system/build/msg_format' returned '0': CMAKE_PREFIX_PATH=/opt/ros/foxy /usr/bin/cmake --build /home/arc/Documents/automatic_arc_melting_system/build/msg_format -- -j16 -l16
[0.531s] Invoking command in '/home/arc/Documents/automatic_arc_melting_system/build/msg_format': CMAKE_PREFIX_PATH=/opt/ros/foxy /usr/bin/cmake --install /home/arc/Documents/automatic_arc_melting_system/build/msg_format
[0.551s] -- Install configuration: ""
[0.552s] -- Up-to-date: /home/arc/Documents/automatic_arc_melting_system/install/msg_format/share/ament_index/resource_index/rosidl_interfaces/msg_format
[0.552s] -- Up-to-date: /home/arc/Documents/automatic_arc_melting_system/install/msg_format/include/msg_format
[0.552s] -- Up-to-date: /home/arc/Documents/automatic_arc_melting_system/install/msg_format/include/msg_format/srv
[0.552s] -- Up-to-date: /home/arc/Documents/automatic_arc_melting_system/install/msg_format/include/msg_format/srv/cobotta_format.h
[0.553s] -- Up-to-date: /home/arc/Documents/automatic_arc_melting_system/install/msg_format/include/msg_format/srv/plc_format.h
[0.555s] -- Up-to-date: /home/arc/Documents/automatic_arc_melting_system/install/msg_format/include/msg_format/srv/weighing_format.h
[0.555s] -- Up-to-date: /home/arc/Documents/automatic_arc_melting_system/install/msg_format/include/msg_format/srv/detail
[0.555s] -- Up-to-date: /home/arc/Documents/automatic_arc_melting_system/install/msg_format/include/msg_format/srv/detail/plc_format__functions.c
[0.555s] -- Up-to-date: /home/arc/Documents/automatic_arc_melting_system/install/msg_format/include/msg_format/srv/detail/weighing_format__struct.h
[0.555s] -- Up-to-date: /home/arc/Documents/automatic_arc_melting_system/install/msg_format/include/msg_format/srv/detail/plc_format__type_support.h
[0.556s] -- Up-to-date: /home/arc/Documents/automatic_arc_melting_system/install/msg_format/include/msg_format/srv/detail/cobotta_format__functions.c
[0.556s] -- Up-to-date: /home/arc/Documents/automatic_arc_melting_system/install/msg_format/include/msg_format/srv/detail/cobotta_format__functions.h
[0.556s] -- Up-to-date: /home/arc/Documents/automatic_arc_melting_system/install/msg_format/include/msg_format/srv/detail/furnace_format__functions.c
[0.556s] -- Up-to-date: /home/arc/Documents/automatic_arc_melting_system/install/msg_format/include/msg_format/srv/detail/slider_format__functions.h
[0.556s] -- Up-to-date: /home/arc/Documents/automatic_arc_melting_system/install/msg_format/include/msg_format/srv/detail/cobotta_format__type_support.h
[0.556s] -- Up-to-date: /home/arc/Documents/automatic_arc_melting_system/install/msg_format/include/msg_format/srv/detail/gripper_format__struct.h
[0.557s] -- Up-to-date: /home/arc/Documents/automatic_arc_melting_system/install/msg_format/include/msg_format/srv/detail/furnace_format__functions.h
[0.559s] -- Up-to-date: /home/arc/Documents/automatic_arc_melting_system/install/msg_format/include/msg_format/srv/detail/furnace_format__type_support.h
[0.560s] -- Up-to-date: /home/arc/Documents/automatic_arc_melting_system/install/msg_format/include/msg_format/srv/detail/slider_format__functions.c
[0.560s] -- Up-to-date: /home/arc/Documents/automatic_arc_melting_system/install/msg_format/include/msg_format/srv/detail/plc_format__struct.h
[0.560s] -- Up-to-date: /home/arc/Documents/automatic_arc_melting_system/install/msg_format/include/msg_format/srv/detail/weighing_format__type_support.h
[0.560s] -- Up-to-date: /home/arc/Documents/automatic_arc_melting_system/install/msg_format/include/msg_format/srv/detail/cobotta_format__struct.h
[0.560s] -- Up-to-date: /home/arc/Documents/automatic_arc_melting_system/install/msg_format/include/msg_format/srv/detail/gripper_format__type_support.h
[0.561s] -- Up-to-date: /home/arc/Documents/automatic_arc_melting_system/install/msg_format/include/msg_format/srv/detail/slider_format__type_support.h
[0.561s] -- Up-to-date: /home/arc/Documents/automatic_arc_melting_system/install/msg_format/include/msg_format/srv/detail/plc_format__functions.h
[0.561s] -- Up-to-date: /home/arc/Documents/automatic_arc_melting_system/install/msg_format/include/msg_format/srv/detail/furnace_format__struct.h
[0.561s] -- Up-to-date: /home/arc/Documents/automatic_arc_melting_system/install/msg_format/include/msg_format/srv/detail/weighing_format__functions.c
[0.561s] -- Up-to-date: /home/arc/Documents/automatic_arc_melting_system/install/msg_format/include/msg_format/srv/detail/gripper_format__functions.c
[0.562s] -- Up-to-date: /home/arc/Documents/automatic_arc_melting_system/install/msg_format/include/msg_format/srv/detail/slider_format__struct.h
[0.562s] -- Up-to-date: /home/arc/Documents/automatic_arc_melting_system/install/msg_format/include/msg_format/srv/detail/weighing_format__functions.h
[0.562s] -- Up-to-date: /home/arc/Documents/automatic_arc_melting_system/install/msg_format/include/msg_format/srv/detail/gripper_format__functions.h
[0.562s] -- Up-to-date: /home/arc/Documents/automatic_arc_melting_system/install/msg_format/include/msg_format/srv/gripper_format.h
[0.562s] -- Up-to-date: /home/arc/Documents/automatic_arc_melting_system/install/msg_format/include/msg_format/srv/furnace_format.h
[0.562s] -- Up-to-date: /home/arc/Documents/automatic_arc_melting_system/install/msg_format/include/msg_format/srv/slider_format.h
[0.563s] -- Up-to-date: /home/arc/Documents/automatic_arc_melting_system/install/msg_format/include/msg_format/msg
[0.563s] -- Up-to-date: /home/arc/Documents/automatic_arc_melting_system/install/msg_format/include/msg_format/msg/rosidl_generator_c__visibility_control.h
[0.563s] -- Up-to-date: /home/arc/Documents/automatic_arc_melting_system/install/msg_format/share/msg_format/environment/library_path.sh
[0.565s] -- Up-to-date: /home/arc/Documents/automatic_arc_melting_system/install/msg_format/share/msg_format/environment/library_path.dsv
[0.566s] -- Up-to-date: /home/arc/Documents/automatic_arc_melting_system/install/msg_format/lib/libmsg_format__rosidl_generator_c.so
[0.567s] -- Up-to-date: /home/arc/Documents/automatic_arc_melting_system/install/msg_format/include/msg_format
[0.567s] -- Up-to-date: /home/arc/Documents/automatic_arc_melting_system/install/msg_format/include/msg_format/srv
[0.570s] -- Up-to-date: /home/arc/Documents/automatic_arc_melting_system/install/msg_format/include/msg_format/srv/detail
[0.570s] -- Up-to-date: /home/arc/Documents/automatic_arc_melting_system/install/msg_format/include/msg_format/srv/detail/plc_format__rosidl_typesupport_fastrtps_c.h
[0.570s] -- Up-to-date: /home/arc/Documents/automatic_arc_melting_system/install/msg_format/include/msg_format/srv/detail/gripper_format__rosidl_typesupport_fastrtps_c.h
[0.571s] -- Up-to-date: /home/arc/Documents/automatic_arc_melting_system/install/msg_format/include/msg_format/srv/detail/furnace_format__rosidl_typesupport_fastrtps_c.h
[0.571s] -- Up-to-date: /home/arc/Documents/automatic_arc_melting_system/install/msg_format/include/msg_format/srv/detail/slider_format__rosidl_typesupport_fastrtps_c.h
[0.571s] -- Up-to-date: /home/arc/Documents/automatic_arc_melting_system/install/msg_format/include/msg_format/srv/detail/weighing_format__rosidl_typesupport_fastrtps_c.h
[0.571s] -- Up-to-date: /home/arc/Documents/automatic_arc_melting_system/install/msg_format/include/msg_format/srv/detail/cobotta_format__rosidl_typesupport_fastrtps_c.h
[0.571s] -- Up-to-date: /home/arc/Documents/automatic_arc_melting_system/install/msg_format/include/msg_format/msg
[0.571s] -- Up-to-date: /home/arc/Documents/automatic_arc_melting_system/install/msg_format/include/msg_format/msg/rosidl_typesupport_fastrtps_c__visibility_control.h
[0.571s] -- Up-to-date: /home/arc/Documents/automatic_arc_melting_system/install/msg_format/lib/libmsg_format__rosidl_typesupport_fastrtps_c.so
[0.573s] -- Up-to-date: /home/arc/Documents/automatic_arc_melting_system/install/msg_format/include/msg_format
[0.573s] -- Up-to-date: /home/arc/Documents/automatic_arc_melting_system/install/msg_format/include/msg_format/srv
[0.574s] -- Up-to-date: /home/arc/Documents/automatic_arc_melting_system/install/msg_format/include/msg_format/srv/detail
[0.574s] -- Up-to-date: /home/arc/Documents/automatic_arc_melting_system/install/msg_format/include/msg_format/srv/detail/dds_fastrtps
[0.574s] -- Up-to-date: /home/arc/Documents/automatic_arc_melting_system/install/msg_format/include/msg_format/srv/detail/gripper_format__rosidl_typesupport_fastrtps_cpp.hpp
[0.574s] -- Up-to-date: /home/arc/Documents/automatic_arc_melting_system/install/msg_format/include/msg_format/srv/detail/weighing_format__rosidl_typesupport_fastrtps_cpp.hpp
[0.574s] -- Up-to-date: /home/arc/Documents/automatic_arc_melting_system/install/msg_format/include/msg_format/srv/detail/slider_format__rosidl_typesupport_fastrtps_cpp.hpp
[0.575s] -- Up-to-date: /home/arc/Documents/automatic_arc_melting_system/install/msg_format/include/msg_format/srv/detail/plc_format__rosidl_typesupport_fastrtps_cpp.hpp
[0.575s] -- Up-to-date: /home/arc/Documents/automatic_arc_melting_system/install/msg_format/include/msg_format/srv/detail/furnace_format__rosidl_typesupport_fastrtps_cpp.hpp
[0.575s] -- Up-to-date: /home/arc/Documents/automatic_arc_melting_system/install/msg_format/include/msg_format/srv/detail/cobotta_format__rosidl_typesupport_fastrtps_cpp.hpp
[0.575s] -- Up-to-date: /home/arc/Documents/automatic_arc_melting_system/install/msg_format/include/msg_format/msg
[0.575s] -- Up-to-date: /home/arc/Documents/automatic_arc_melting_system/install/msg_format/include/msg_format/msg/rosidl_typesupport_fastrtps_cpp__visibility_control.h
[0.576s] -- Up-to-date: /home/arc/Documents/automatic_arc_melting_system/install/msg_format/lib/libmsg_format__rosidl_typesupport_fastrtps_cpp.so
[0.576s] -- Up-to-date: /home/arc/Documents/automatic_arc_melting_system/install/msg_format/include/msg_format
[0.576s] -- Up-to-date: /home/arc/Documents/automatic_arc_melting_system/install/msg_format/include/msg_format/srv
[0.578s] -- Up-to-date: /home/arc/Documents/automatic_arc_melting_system/install/msg_format/include/msg_format/srv/detail
[0.579s] -- Up-to-date: /home/arc/Documents/automatic_arc_melting_system/install/msg_format/include/msg_format/srv/detail/plc_format__type_support.c
[0.579s] -- Up-to-date: /home/arc/Documents/automatic_arc_melting_system/install/msg_format/include/msg_format/srv/detail/slider_format__type_support.c
[0.579s] -- Up-to-date: /home/arc/Documents/automatic_arc_melting_system/install/msg_format/include/msg_format/srv/detail/slider_format__rosidl_typesupport_introspection_c.h
[0.579s] -- Up-to-date: /home/arc/Documents/automatic_arc_melting_system/install/msg_format/include/msg_format/srv/detail/furnace_format__type_support.c
[0.579s] -- Up-to-date: /home/arc/Documents/automatic_arc_melting_system/install/msg_format/include/msg_format/srv/detail/gripper_format__type_support.c
[0.580s] -- Up-to-date: /home/arc/Documents/automatic_arc_melting_system/install/msg_format/include/msg_format/srv/detail/cobotta_format__rosidl_typesupport_introspection_c.h
[0.580s] -- Up-to-date: /home/arc/Documents/automatic_arc_melting_system/install/msg_format/include/msg_format/srv/detail/plc_format__rosidl_typesupport_introspection_c.h
[0.580s] -- Up-to-date: /home/arc/Documents/automatic_arc_melting_system/install/msg_format/include/msg_format/srv/detail/cobotta_format__type_support.c
[0.580s] -- Up-to-date: /home/arc/Documents/automatic_arc_melting_system/install/msg_format/include/msg_format/srv/detail/gripper_format__rosidl_typesupport_introspection_c.h
[0.580s] -- Up-to-date: /home/arc/Documents/automatic_arc_melting_system/install/msg_format/include/msg_format/srv/detail/furnace_format__rosidl_typesupport_introspection_c.h
[0.580s] -- Up-to-date: /home/arc/Documents/automatic_arc_melting_system/install/msg_format/include/msg_format/srv/detail/weighing_format__type_support.c
[0.581s] -- Up-to-date: /home/arc/Documents/automatic_arc_melting_system/install/msg_format/include/msg_format/srv/detail/weighing_format__rosidl_typesupport_introspection_c.h
[0.581s] -- Up-to-date: /home/arc/Documents/automatic_arc_melting_system/install/msg_format/include/msg_format/msg
[0.581s] -- Up-to-date: /home/arc/Documents/automatic_arc_melting_system/install/msg_format/include/msg_format/msg/rosidl_typesupport_introspection_c__visibility_control.h
[0.581s] -- Up-to-date: /home/arc/Documents/automatic_arc_melting_system/install/msg_format/lib/libmsg_format__rosidl_typesupport_introspection_c.so
[0.581s] -- Up-to-date: /home/arc/Documents/automatic_arc_melting_system/install/msg_format/lib/libmsg_format__rosidl_typesupport_c.so
[0.581s] -- Up-to-date: /home/arc/Documents/automatic_arc_melting_system/install/msg_format/include/msg_format
[0.581s] -- Up-to-date: /home/arc/Documents/automatic_arc_melting_system/install/msg_format/include/msg_format/srv
[0.583s] -- Up-to-date: /home/arc/Documents/automatic_arc_melting_system/install/msg_format/include/msg_format/srv/slider_format.hpp
[0.583s] -- Up-to-date: /home/arc/Documents/automatic_arc_melting_system/install/msg_format/include/msg_format/srv/detail
[0.583s] -- Up-to-date: /home/arc/Documents/automatic_arc_melting_system/install/msg_format/include/msg_format/srv/detail/gripper_format__traits.hpp
[0.583s] -- Up-to-date: /home/arc/Documents/automatic_arc_melting_system/install/msg_format/include/msg_format/srv/detail/weighing_format__struct.hpp
[0.583s] -- Up-to-date: /home/arc/Documents/automatic_arc_melting_system/install/msg_format/include/msg_format/srv/detail/gripper_format__builder.hpp
[0.583s] -- Up-to-date: /home/arc/Documents/automatic_arc_melting_system/install/msg_format/include/msg_format/srv/detail/slider_format__struct.hpp
[0.583s] -- Up-to-date: /home/arc/Documents/automatic_arc_melting_system/install/msg_format/include/msg_format/srv/detail/plc_format__struct.hpp
[0.583s] -- Up-to-date: /home/arc/Documents/automatic_arc_melting_system/install/msg_format/include/msg_format/srv/detail/weighing_format__builder.hpp
[0.583s] -- Up-to-date: /home/arc/Documents/automatic_arc_melting_system/install/msg_format/include/msg_format/srv/detail/slider_format__builder.hpp
[0.583s] -- Up-to-date: /home/arc/Documents/automatic_arc_melting_system/install/msg_format/include/msg_format/srv/detail/plc_format__traits.hpp
[0.584s] -- Up-to-date: /home/arc/Documents/automatic_arc_melting_system/install/msg_format/include/msg_format/srv/detail/gripper_format__struct.hpp
[0.584s] -- Up-to-date: /home/arc/Documents/automatic_arc_melting_system/install/msg_format/include/msg_format/srv/detail/slider_format__traits.hpp
[0.584s] -- Up-to-date: /home/arc/Documents/automatic_arc_melting_system/install/msg_format/include/msg_format/srv/detail/furnace_format__struct.hpp
[0.587s] -- Up-to-date: /home/arc/Documents/automatic_arc_melting_system/install/msg_format/include/msg_format/srv/detail/cobotta_format__builder.hpp
[0.587s] -- Up-to-date: /home/arc/Documents/automatic_arc_melting_system/install/msg_format/include/msg_format/srv/detail/furnace_format__builder.hpp
[0.587s] -- Up-to-date: /home/arc/Documents/automatic_arc_melting_system/install/msg_format/include/msg_format/srv/detail/plc_format__builder.hpp
[0.587s] -- Up-to-date: /home/arc/Documents/automatic_arc_melting_system/install/msg_format/include/msg_format/srv/detail/cobotta_format__struct.hpp
[0.587s] -- Up-to-date: /home/arc/Documents/automatic_arc_melting_system/install/msg_format/include/msg_format/srv/detail/furnace_format__traits.hpp
[0.587s] -- Up-to-date: /home/arc/Documents/automatic_arc_melting_system/install/msg_format/include/msg_format/srv/detail/cobotta_format__traits.hpp
[0.587s] -- Up-to-date: /home/arc/Documents/automatic_arc_melting_system/install/msg_format/include/msg_format/srv/detail/weighing_format__traits.hpp
[0.587s] -- Up-to-date: /home/arc/Documents/automatic_arc_melting_system/install/msg_format/include/msg_format/srv/cobotta_format.hpp
[0.588s] -- Up-to-date: /home/arc/Documents/automatic_arc_melting_system/install/msg_format/include/msg_format/srv/gripper_format.hpp
[0.589s] -- Up-to-date: /home/arc/Documents/automatic_arc_melting_system/install/msg_format/include/msg_format/srv/weighing_format.hpp
[0.589s] -- Up-to-date: /home/arc/Documents/automatic_arc_melting_system/install/msg_format/include/msg_format/srv/plc_format.hpp
[0.589s] -- Up-to-date: /home/arc/Documents/automatic_arc_melting_system/install/msg_format/include/msg_format/srv/furnace_format.hpp
[0.589s] -- Up-to-date: /home/arc/Documents/automatic_arc_melting_system/install/msg_format/include/msg_format
[0.589s] -- Up-to-date: /home/arc/Documents/automatic_arc_melting_system/install/msg_format/include/msg_format/srv
[0.590s] -- Up-to-date: /home/arc/Documents/automatic_arc_melting_system/install/msg_format/include/msg_format/srv/detail
[0.590s] -- Up-to-date: /home/arc/Documents/automatic_arc_melting_system/install/msg_format/include/msg_format/srv/detail/plc_format__type_support.cpp
[0.590s] -- Up-to-date: /home/arc/Documents/automatic_arc_melting_system/install/msg_format/include/msg_format/srv/detail/slider_format__rosidl_typesupport_introspection_cpp.hpp
[0.590s] -- Up-to-date: /home/arc/Documents/automatic_arc_melting_system/install/msg_format/include/msg_format/srv/detail/cobotta_format__type_support.cpp
[0.590s] -- Up-to-date: /home/arc/Documents/automatic_arc_melting_system/install/msg_format/include/msg_format/srv/detail/furnace_format__rosidl_typesupport_introspection_cpp.hpp
[0.590s] -- Up-to-date: /home/arc/Documents/automatic_arc_melting_system/install/msg_format/include/msg_format/srv/detail/weighing_format__rosidl_typesupport_introspection_cpp.hpp
[0.590s] -- Up-to-date: /home/arc/Documents/automatic_arc_melting_system/install/msg_format/include/msg_format/srv/detail/gripper_format__rosidl_typesupport_introspection_cpp.hpp
[0.591s] -- Up-to-date: /home/arc/Documents/automatic_arc_melting_system/install/msg_format/include/msg_format/srv/detail/plc_format__rosidl_typesupport_introspection_cpp.hpp
[0.592s] -- Up-to-date: /home/arc/Documents/automatic_arc_melting_system/install/msg_format/include/msg_format/srv/detail/slider_format__type_support.cpp
[0.592s] -- Up-to-date: /home/arc/Documents/automatic_arc_melting_system/install/msg_format/include/msg_format/srv/detail/gripper_format__type_support.cpp
[0.593s] -- Up-to-date: /home/arc/Documents/automatic_arc_melting_system/install/msg_format/include/msg_format/srv/detail/furnace_format__type_support.cpp
[0.593s] -- Up-to-date: /home/arc/Documents/automatic_arc_melting_system/install/msg_format/include/msg_format/srv/detail/cobotta_format__rosidl_typesupport_introspection_cpp.hpp
[0.593s] -- Up-to-date: /home/arc/Documents/automatic_arc_melting_system/install/msg_format/include/msg_format/srv/detail/weighing_format__type_support.cpp
[0.593s] -- Up-to-date: /home/arc/Documents/automatic_arc_melting_system/install/msg_format/lib/libmsg_format__rosidl_typesupport_introspection_cpp.so
[0.593s] -- Up-to-date: /home/arc/Documents/automatic_arc_melting_system/install/msg_format/lib/libmsg_format__rosidl_typesupport_cpp.so
[0.593s] -- Up-to-date: /home/arc/Documents/automatic_arc_melting_system/install/msg_format/share/msg_format/environment/pythonpath.sh
[0.594s] -- Up-to-date: /home/arc/Documents/automatic_arc_melting_system/install/msg_format/share/msg_format/environment/pythonpath.dsv
[0.594s] -- Up-to-date: /home/arc/Documents/automatic_arc_melting_system/install/msg_format/lib/python3.9/site-packages/msg_format/__init__.py
[0.606s] -- Up-to-date: /home/arc/Documents/automatic_arc_melting_system/install/msg_format/lib/python3.9/site-packages/msg_format/srv
[0.607s] -- Up-to-date: /home/arc/Documents/automatic_arc_melting_system/install/msg_format/lib/python3.9/site-packages/msg_format/srv/_furnace_format.py
[0.607s] -- Up-to-date: /home/arc/Documents/automatic_arc_melting_system/install/msg_format/lib/python3.9/site-packages/msg_format/srv/__init__.py
[0.607s] -- Up-to-date: /home/arc/Documents/automatic_arc_melting_system/install/msg_format/lib/python3.9/site-packages/msg_format/srv/_weighing_format_s.c
[0.607s] -- Up-to-date: /home/arc/Documents/automatic_arc_melting_system/install/msg_format/lib/python3.9/site-packages/msg_format/srv/_slider_format_s.c
[0.607s] -- Up-to-date: /home/arc/Documents/automatic_arc_melting_system/install/msg_format/lib/python3.9/site-packages/msg_format/srv/_gripper_format.py
[0.607s] -- Up-to-date: /home/arc/Documents/automatic_arc_melting_system/install/msg_format/lib/python3.9/site-packages/msg_format/srv/_cobotta_format_s.c
[0.608s] -- Up-to-date: /home/arc/Documents/automatic_arc_melting_system/install/msg_format/lib/python3.9/site-packages/msg_format/srv/_plc_format_s.c
[0.608s] -- Up-to-date: /home/arc/Documents/automatic_arc_melting_system/install/msg_format/lib/python3.9/site-packages/msg_format/srv/_cobotta_format.py
[0.608s] -- Up-to-date: /home/arc/Documents/automatic_arc_melting_system/install/msg_format/lib/python3.9/site-packages/msg_format/srv/_plc_format.py
[0.608s] -- Up-to-date: /home/arc/Documents/automatic_arc_melting_system/install/msg_format/lib/python3.9/site-packages/msg_format/srv/_slider_format.py
[0.608s] -- Up-to-date: /home/arc/Documents/automatic_arc_melting_system/install/msg_format/lib/python3.9/site-packages/msg_format/srv/_weighing_format.py
[0.608s] -- Up-to-date: /home/arc/Documents/automatic_arc_melting_system/install/msg_format/lib/python3.9/site-packages/msg_format/srv/_furnace_format_s.c
[0.609s] -- Up-to-date: /home/arc/Documents/automatic_arc_melting_system/install/msg_format/lib/python3.9/site-packages/msg_format/srv/_gripper_format_s.c
[0.609s] -- Up-to-date: /home/arc/Documents/automatic_arc_melting_system/install/msg_format/lib/python3.9/site-packages/msg_format/msg_format_s__rosidl_typesupport_fastrtps_c.cpython-39-x86_64-linux-gnu.so
[0.610s] -- Up-to-date: /home/arc/Documents/automatic_arc_melting_system/install/msg_format/lib/python3.9/site-packages/msg_format/msg_format_s__rosidl_typesupport_introspection_c.cpython-39-x86_64-linux-gnu.so
[0.610s] -- Up-to-date: /home/arc/Documents/automatic_arc_melting_system/install/msg_format/lib/python3.9/site-packages/msg_format/msg_format_s__rosidl_typesupport_c.cpython-39-x86_64-linux-gnu.so
[0.611s] -- Up-to-date: /home/arc/Documents/automatic_arc_melting_system/install/msg_format/lib/libmsg_format__python.so
[0.611s] -- Up-to-date: /home/arc/Documents/automatic_arc_melting_system/install/msg_format/share/msg_format/srv/CobottaFormat.idl
[0.611s] -- Up-to-date: /home/arc/Documents/automatic_arc_melting_system/install/msg_format/share/msg_format/srv/FurnaceFormat.idl
[0.611s] -- Up-to-date: /home/arc/Documents/automatic_arc_melting_system/install/msg_format/share/msg_format/srv/GripperFormat.idl
[0.611s] -- Up-to-date: /home/arc/Documents/automatic_arc_melting_system/install/msg_format/share/msg_format/srv/PlcFormat.idl
[0.612s] -- Up-to-date: /home/arc/Documents/automatic_arc_melting_system/install/msg_format/share/msg_format/srv/SliderFormat.idl
[0.614s] -- Up-to-date: /home/arc/Documents/automatic_arc_melting_system/install/msg_format/share/msg_format/srv/WeighingFormat.idl
[0.614s] -- Up-to-date: /home/arc/Documents/automatic_arc_melting_system/install/msg_format/share/msg_format/srv/CobottaFormat.srv
[0.614s] -- Up-to-date: /home/arc/Documents/automatic_arc_melting_system/install/msg_format/share/msg_format/srv/CobottaFormat_Request.msg
[0.615s] -- Up-to-date: /home/arc/Documents/automatic_arc_melting_system/install/msg_format/share/msg_format/srv/CobottaFormat_Response.msg
[0.615s] -- Up-to-date: /home/arc/Documents/automatic_arc_melting_system/install/msg_format/share/msg_format/srv/FurnaceFormat.srv
[0.615s] -- Up-to-date: /home/arc/Documents/automatic_arc_melting_system/install/msg_format/share/msg_format/srv/FurnaceFormat_Request.msg
[0.615s] -- Up-to-date: /home/arc/Documents/automatic_arc_melting_system/install/msg_format/share/msg_format/srv/FurnaceFormat_Response.msg
[0.615s] -- Up-to-date: /home/arc/Documents/automatic_arc_melting_system/install/msg_format/share/msg_format/srv/GripperFormat.srv
[0.615s] -- Up-to-date: /home/arc/Documents/automatic_arc_melting_system/install/msg_format/share/msg_format/srv/GripperFormat_Request.msg
[0.615s] -- Up-to-date: /home/arc/Documents/automatic_arc_melting_system/install/msg_format/share/msg_format/srv/GripperFormat_Response.msg
[0.615s] -- Up-to-date: /home/arc/Documents/automatic_arc_melting_system/install/msg_format/share/msg_format/srv/PlcFormat.srv
[0.616s] -- Up-to-date: /home/arc/Documents/automatic_arc_melting_system/install/msg_format/share/msg_format/srv/PlcFormat_Request.msg
[0.616s] -- Up-to-date: /home/arc/Documents/automatic_arc_melting_system/install/msg_format/share/msg_format/srv/PlcFormat_Response.msg
[0.617s] -- Up-to-date: /home/arc/Documents/automatic_arc_melting_system/install/msg_format/share/msg_format/srv/SliderFormat.srv
[0.617s] -- Up-to-date: /home/arc/Documents/automatic_arc_melting_system/install/msg_format/share/msg_format/srv/SliderFormat_Request.msg
[0.617s] -- Up-to-date: /home/arc/Documents/automatic_arc_melting_system/install/msg_format/share/msg_format/srv/SliderFormat_Response.msg
[0.618s] -- Up-to-date: /home/arc/Documents/automatic_arc_melting_system/install/msg_format/share/msg_format/srv/WeighingFormat.srv
[0.618s] -- Up-to-date: /home/arc/Documents/automatic_arc_melting_system/install/msg_format/share/msg_format/srv/WeighingFormat_Request.msg
[0.618s] -- Up-to-date: /home/arc/Documents/automatic_arc_melting_system/install/msg_format/share/msg_format/srv/WeighingFormat_Response.msg
[0.618s] -- Up-to-date: /home/arc/Documents/automatic_arc_melting_system/install/msg_format/share/ament_index/resource_index/package_run_dependencies/msg_format
[0.618s] -- Up-to-date: /home/arc/Documents/automatic_arc_melting_system/install/msg_format/share/ament_index/resource_index/parent_prefix_path/msg_format
[0.618s] -- Up-to-date: /home/arc/Documents/automatic_arc_melting_system/install/msg_format/share/msg_format/environment/ament_prefix_path.sh
[0.619s] -- Up-to-date: /home/arc/Documents/automatic_arc_melting_system/install/msg_format/share/msg_format/environment/ament_prefix_path.dsv
[0.619s] -- Up-to-date: /home/arc/Documents/automatic_arc_melting_system/install/msg_format/share/msg_format/environment/path.sh
[0.619s] -- Up-to-date: /home/arc/Documents/automatic_arc_melting_system/install/msg_format/share/msg_format/environment/path.dsv
[0.620s] -- Up-to-date: /home/arc/Documents/automatic_arc_melting_system/install/msg_format/share/msg_format/local_setup.bash
[0.620s] -- Up-to-date: /home/arc/Documents/automatic_arc_melting_system/install/msg_format/share/msg_format/local_setup.sh
[0.620s] -- Up-to-date: /home/arc/Documents/automatic_arc_melting_system/install/msg_format/share/msg_format/local_setup.zsh
[0.620s] -- Up-to-date: /home/arc/Documents/automatic_arc_melting_system/install/msg_format/share/msg_format/local_setup.dsv
[0.620s] -- Installing: /home/arc/Documents/automatic_arc_melting_system/install/msg_format/share/msg_format/package.dsv
[0.621s] -- Up-to-date: /home/arc/Documents/automatic_arc_melting_system/install/msg_format/share/ament_index/resource_index/packages/msg_format
[0.621s] -- Up-to-date: /home/arc/Documents/automatic_arc_melting_system/install/msg_format/share/msg_format/cmake/msg_format__rosidl_generator_cExport.cmake
[0.621s] -- Up-to-date: /home/arc/Documents/automatic_arc_melting_system/install/msg_format/share/msg_format/cmake/msg_format__rosidl_generator_cExport-noconfig.cmake
[0.621s] -- Up-to-date: /home/arc/Documents/automatic_arc_melting_system/install/msg_format/share/msg_format/cmake/msg_format__rosidl_typesupport_introspection_cExport.cmake
[0.621s] -- Up-to-date: /home/arc/Documents/automatic_arc_melting_system/install/msg_format/share/msg_format/cmake/msg_format__rosidl_typesupport_introspection_cExport-noconfig.cmake
[0.621s] -- Up-to-date: /home/arc/Documents/automatic_arc_melting_system/install/msg_format/share/msg_format/cmake/msg_format__rosidl_typesupport_cExport.cmake
[0.623s] -- Up-to-date: /home/arc/Documents/automatic_arc_melting_system/install/msg_format/share/msg_format/cmake/msg_format__rosidl_typesupport_cExport-noconfig.cmake
[0.623s] -- Up-to-date: /home/arc/Documents/automatic_arc_melting_system/install/msg_format/share/msg_format/cmake/msg_format__rosidl_generator_cppExport.cmake
[0.623s] -- Up-to-date: /home/arc/Documents/automatic_arc_melting_system/install/msg_format/share/msg_format/cmake/msg_format__rosidl_typesupport_introspection_cppExport.cmake
[0.623s] -- Up-to-date: /home/arc/Documents/automatic_arc_melting_system/install/msg_format/share/msg_format/cmake/msg_format__rosidl_typesupport_introspection_cppExport-noconfig.cmake
[0.624s] -- Up-to-date: /home/arc/Documents/automatic_arc_melting_system/install/msg_format/share/msg_format/cmake/msg_format__rosidl_typesupport_cppExport.cmake
[0.624s] -- Up-to-date: /home/arc/Documents/automatic_arc_melting_system/install/msg_format/share/msg_format/cmake/msg_format__rosidl_typesupport_cppExport-noconfig.cmake
[0.624s] -- Up-to-date: /home/arc/Documents/automatic_arc_melting_system/install/msg_format/share/msg_format/cmake/rosidl_cmake-extras.cmake
[0.624s] -- Up-to-date: /home/arc/Documents/automatic_arc_melting_system/install/msg_format/share/msg_format/cmake/ament_cmake_export_dependencies-extras.cmake
[0.624s] -- Up-to-date: /home/arc/Documents/automatic_arc_melting_system/install/msg_format/share/msg_format/cmake/ament_cmake_export_libraries-extras.cmake
[0.624s] -- Up-to-date: /home/arc/Documents/automatic_arc_melting_system/install/msg_format/share/msg_format/cmake/ament_cmake_export_targets-extras.cmake
[0.624s] -- Up-to-date: /home/arc/Documents/automatic_arc_melting_system/install/msg_format/share/msg_format/cmake/ament_cmake_export_include_directories-extras.cmake
[0.625s] -- Up-to-date: /home/arc/Documents/automatic_arc_melting_system/install/msg_format/share/msg_format/cmake/rosidl_cmake_export_typesupport_libraries-extras.cmake
[0.625s] -- Up-to-date: /home/arc/Documents/automatic_arc_melting_system/install/msg_format/share/msg_format/cmake/rosidl_cmake_export_typesupport_targets-extras.cmake
[0.625s] -- Up-to-date: /home/arc/Documents/automatic_arc_melting_system/install/msg_format/share/msg_format/cmake/msg_formatConfig.cmake
[0.625s] -- Up-to-date: /home/arc/Documents/automatic_arc_melting_system/install/msg_format/share/msg_format/cmake/msg_formatConfig-version.cmake
[0.625s] -- Up-to-date: /home/arc/Documents/automatic_arc_melting_system/install/msg_format/share/msg_format/package.xml
[0.626s] Invoked command in '/home/arc/Documents/automatic_arc_melting_system/build/msg_format' returned '0': CMAKE_PREFIX_PATH=/opt/ros/foxy /usr/bin/cmake --install /home/arc/Documents/automatic_arc_melting_system/build/msg_format
