[0.020s] Invoking command in '/home/arc/Documents/automatic_arc_melting_system/build/tcp_format': CMAKE_PREFIX_PATH=/opt/ros/foxy /usr/bin/cmake --build /home/arc/Documents/automatic_arc_melting_system/build/tcp_format -- -j16 -l16
[0.038s] -- Found ament_cmake: 0.9.9 (/opt/ros/foxy/share/ament_cmake/cmake)
[0.053s] -- Found PythonInterp: /usr/bin/python3 (found suitable version "3.8.10", minimum required is "3") 
[0.053s] -- Using PYTHON_EXECUTABLE: /usr/bin/python3
[0.187s] -- Found rosidl_default_generators: 1.0.1 (/opt/ros/foxy/share/rosidl_default_generators/cmake)
[0.188s] -- Using all available rosidl_typesupport_c: rosidl_typesupport_fastrtps_c;rosidl_typesupport_introspection_c
[0.191s] -- Found rosidl_adapter: 1.2.1 (/opt/ros/foxy/share/rosidl_adapter/cmake)
[0.280s] -- Using all available rosidl_typesupport_cpp: rosidl_typesupport_fastrtps_cpp;rosidl_typesupport_introspection_cpp
[0.312s] -- Found PythonInterp: /usr/bin/python3 (found version "3.8.10") 
[0.400s] -- Found ament_cmake_ros: 0.9.2 (/opt/ros/foxy/share/ament_cmake_ros/cmake)
[0.462s] -- Using all available rosidl_typesupport_c: rosidl_typesupport_fastrtps_c;rosidl_typesupport_introspection_c
[0.466s] -- Using all available rosidl_typesupport_cpp: rosidl_typesupport_fastrtps_cpp;rosidl_typesupport_introspection_cpp
[0.482s] -- Found PythonInterp: /usr/bin/python3 (found suitable version "3.8.10", minimum required is "3.5") 
[0.482s] -- Found python_cmake_module: 0.8.1 (/opt/ros/foxy/share/python_cmake_module/cmake)
[0.498s] -- Using PYTHON_EXECUTABLE: /usr/bin/python3
[0.498s] -- Using PYTHON_INCLUDE_DIRS: /usr/include/python3.8
[0.498s] -- Using PYTHON_LIBRARIES: /usr/lib/x86_64-linux-gnu/libpython3.8.so
[0.508s] -- Found ament_lint_auto: 0.9.6 (/opt/ros/foxy/share/ament_lint_auto/cmake)
[0.515s] -- Added test 'copyright' to check source files copyright and LICENSE
[0.516s] -- Added test 'lint_cmake' to check CMake code style
[0.516s] -- Added test 'xmllint' to check XML markup files
[0.519s] -- Configuring done
[0.545s] -- Generating done
[0.547s] -- Build files have been written to: /home/arc/Documents/automatic_arc_melting_system/build/tcp_format
[0.564s] [  2%] [34m[1mGenerating C code for ROS interfaces[0m
[0.566s] [35m[1mScanning dependencies of target tcp_format__cpp[0m
[0.573s] [  5%] [34m[1mGenerating C++ code for ROS interfaces[0m
[0.805s] [  5%] Built target tcp_format__cpp
[0.813s] [ 12%] [34m[1mGenerating C++ type support for eProsima Fast-RTPS[0m
[0.813s] [ 12%] [34m[1mGenerating C++ type support dispatch for ROS interfaces[0m
[0.814s] [ 12%] [34m[1mGenerating C++ introspection for ROS interfaces[0m
[0.833s] [35m[1mScanning dependencies of target tcp_format__rosidl_generator_c[0m
[0.842s] [ 15%] [32mBuilding C object CMakeFiles/tcp_format__rosidl_generator_c.dir/rosidl_generator_c/tcp_format/srv/detail/socket_format__functions.c.o[0m
[0.844s] [ 17%] [32mBuilding C object CMakeFiles/tcp_format__rosidl_generator_c.dir/rosidl_generator_c/tcp_format/srv/detail/cobotta_bcap__functions.c.o[0m
[0.877s] [ 20%] [32m[1mLinking C shared library libtcp_format__rosidl_generator_c.so[0m
[0.901s] [ 20%] Built target tcp_format__rosidl_generator_c
[0.908s] [ 25%] [34m[1mGenerating C type support dispatch for ROS interfaces[0m
[0.908s] [ 25%] [34m[1mGenerating C introspection for ROS interfaces[0m
[1.044s] [35m[1mScanning dependencies of target tcp_format__rosidl_typesupport_fastrtps_cpp[0m
[1.046s] [35m[1mScanning dependencies of target tcp_format__rosidl_typesupport_introspection_cpp[0m
[1.053s] [ 30%] [32mBuilding CXX object CMakeFiles/tcp_format__rosidl_typesupport_fastrtps_cpp.dir/rosidl_typesupport_fastrtps_cpp/tcp_format/srv/detail/dds_fastrtps/socket_format__type_support.cpp.o[0m
[1.053s] [ 30%] [32mBuilding CXX object CMakeFiles/tcp_format__rosidl_typesupport_fastrtps_cpp.dir/rosidl_typesupport_fastrtps_cpp/tcp_format/srv/detail/dds_fastrtps/cobotta_bcap__type_support.cpp.o[0m
[1.053s] [ 33%] [32mBuilding CXX object CMakeFiles/tcp_format__rosidl_typesupport_introspection_cpp.dir/rosidl_typesupport_introspection_cpp/tcp_format/srv/detail/socket_format__type_support.cpp.o[0m
[1.054s] [ 35%] [32mBuilding CXX object CMakeFiles/tcp_format__rosidl_typesupport_introspection_cpp.dir/rosidl_typesupport_introspection_cpp/tcp_format/srv/detail/cobotta_bcap__type_support.cpp.o[0m
[1.079s] [35m[1mScanning dependencies of target tcp_format__rosidl_typesupport_cpp[0m
[1.085s] [35m[1mScanning dependencies of target tcp_format__rosidl_typesupport_c[0m
[1.087s] [ 41%] [32mBuilding CXX object CMakeFiles/tcp_format__rosidl_typesupport_cpp.dir/rosidl_typesupport_cpp/tcp_format/srv/socket_format__type_support.cpp.o[0m
[1.087s] [ 41%] [32mBuilding CXX object CMakeFiles/tcp_format__rosidl_typesupport_cpp.dir/rosidl_typesupport_cpp/tcp_format/srv/cobotta_bcap__type_support.cpp.o[0m
[1.094s] [ 43%] [32mBuilding CXX object CMakeFiles/tcp_format__rosidl_typesupport_c.dir/rosidl_typesupport_c/tcp_format/srv/cobotta_bcap__type_support.cpp.o[0m
[1.096s] [ 46%] [32mBuilding CXX object CMakeFiles/tcp_format__rosidl_typesupport_c.dir/rosidl_typesupport_c/tcp_format/srv/socket_format__type_support.cpp.o[0m
[1.110s] [35m[1mScanning dependencies of target tcp_format__rosidl_typesupport_introspection_c[0m
[1.118s] [ 48%] [32mBuilding C object CMakeFiles/tcp_format__rosidl_typesupport_introspection_c.dir/rosidl_typesupport_introspection_c/tcp_format/srv/detail/cobotta_bcap__type_support.c.o[0m
[1.121s] [ 51%] [32mBuilding C object CMakeFiles/tcp_format__rosidl_typesupport_introspection_c.dir/rosidl_typesupport_introspection_c/tcp_format/srv/detail/socket_format__type_support.c.o[0m
[1.127s] [ 53%] [32m[1mLinking CXX shared library libtcp_format__rosidl_typesupport_c.so[0m
[1.152s] [ 56%] [32m[1mLinking C shared library libtcp_format__rosidl_typesupport_introspection_c.so[0m
[1.161s] [ 56%] Built target tcp_format__rosidl_typesupport_c
[1.175s] [ 56%] Built target tcp_format__rosidl_typesupport_introspection_c
[1.267s] [ 58%] [32m[1mLinking CXX shared library libtcp_format__rosidl_typesupport_introspection_cpp.so[0m
[1.308s] [ 61%] [32m[1mLinking CXX shared library libtcp_format__rosidl_typesupport_cpp.so[0m
[1.319s] [ 61%] Built target tcp_format__rosidl_typesupport_introspection_cpp
[1.336s] [ 61%] Built target tcp_format__rosidl_typesupport_cpp
[1.401s] [ 64%] [32m[1mLinking CXX shared library libtcp_format__rosidl_typesupport_fastrtps_cpp.so[0m
[1.471s] [ 64%] Built target tcp_format__rosidl_typesupport_fastrtps_cpp
[1.478s] [ 66%] [34m[1mGenerating C type support for eProsima Fast-RTPS[0m
[1.681s] [35m[1mScanning dependencies of target tcp_format__rosidl_typesupport_fastrtps_c[0m
[1.691s] [ 71%] [32mBuilding CXX object CMakeFiles/tcp_format__rosidl_typesupport_fastrtps_c.dir/rosidl_typesupport_fastrtps_c/tcp_format/srv/detail/cobotta_bcap__type_support_c.cpp.o[0m
[1.691s] [ 71%] [32mBuilding CXX object CMakeFiles/tcp_format__rosidl_typesupport_fastrtps_c.dir/rosidl_typesupport_fastrtps_c/tcp_format/srv/detail/socket_format__type_support_c.cpp.o[0m
[1.957s] [ 74%] [32m[1mLinking CXX shared library libtcp_format__rosidl_typesupport_fastrtps_c.so[0m
[2.009s] [ 74%] Built target tcp_format__rosidl_typesupport_fastrtps_c
[2.021s] [ 74%] Built target tcp_format
[2.028s] [35m[1mScanning dependencies of target tcp_format__py[0m
[2.035s] [ 76%] [34m[1mGenerating Python code for ROS interfaces[0m
[2.459s] [ 76%] Built target tcp_format__py
[2.466s] [35m[1mScanning dependencies of target tcp_format__python[0m
[2.477s] [ 82%] [32mBuilding C object CMakeFiles/tcp_format__python.dir/rosidl_generator_py/tcp_format/srv/_socket_format_s.c.o[0m
[2.477s] [ 82%] [32mBuilding C object CMakeFiles/tcp_format__python.dir/rosidl_generator_py/tcp_format/srv/_cobotta_bcap_s.c.o[0m
[2.553s] [ 84%] [32m[1mLinking C shared library rosidl_generator_py/tcp_format/libtcp_format__python.so[0m
[2.578s] [ 84%] Built target tcp_format__python
[2.585s] [35m[1mScanning dependencies of target tcp_format__rosidl_typesupport_c__pyext[0m
[2.585s] [35m[1mScanning dependencies of target tcp_format__rosidl_typesupport_introspection_c__pyext[0m
[2.585s] [35m[1mScanning dependencies of target tcp_format__rosidl_typesupport_fastrtps_c__pyext[0m
[2.595s] [ 92%] [32mBuilding C object CMakeFiles/tcp_format__rosidl_typesupport_introspection_c__pyext.dir/rosidl_generator_py/tcp_format/_tcp_format_s.ep.rosidl_typesupport_introspection_c.c.o[0m
[2.595s] [ 92%] [32mBuilding C object CMakeFiles/tcp_format__rosidl_typesupport_c__pyext.dir/rosidl_generator_py/tcp_format/_tcp_format_s.ep.rosidl_typesupport_c.c.o[0m
[2.595s] [ 92%] [32mBuilding C object CMakeFiles/tcp_format__rosidl_typesupport_fastrtps_c__pyext.dir/rosidl_generator_py/tcp_format/_tcp_format_s.ep.rosidl_typesupport_fastrtps_c.c.o[0m
[2.655s] [ 94%] [32m[1mLinking C shared library rosidl_generator_py/tcp_format/tcp_format_s__rosidl_typesupport_c.cpython-38-x86_64-linux-gnu.so[0m
[2.655s] [ 97%] [32m[1mLinking C shared library rosidl_generator_py/tcp_format/tcp_format_s__rosidl_typesupport_introspection_c.cpython-38-x86_64-linux-gnu.so[0m
[2.664s] [100%] [32m[1mLinking CXX shared library rosidl_generator_py/tcp_format/tcp_format_s__rosidl_typesupport_fastrtps_c.cpython-38-x86_64-linux-gnu.so[0m
[2.677s] [100%] Built target tcp_format__rosidl_typesupport_introspection_c__pyext
[2.677s] [100%] Built target tcp_format__rosidl_typesupport_c__pyext
[2.706s] [100%] Built target tcp_format__rosidl_typesupport_fastrtps_c__pyext
[2.716s] Invoked command in '/home/arc/Documents/automatic_arc_melting_system/build/tcp_format' returned '0': CMAKE_PREFIX_PATH=/opt/ros/foxy /usr/bin/cmake --build /home/arc/Documents/automatic_arc_melting_system/build/tcp_format -- -j16 -l16
[2.759s] Invoking command in '/home/arc/Documents/automatic_arc_melting_system/build/tcp_format': CMAKE_PREFIX_PATH=/opt/ros/foxy /usr/bin/cmake --install /home/arc/Documents/automatic_arc_melting_system/build/tcp_format
[2.764s] -- Install configuration: ""
[2.765s] -- Installing: /home/arc/Documents/automatic_arc_melting_system/install/tcp_format/share/ament_index/resource_index/rosidl_interfaces/tcp_format
[2.765s] -- Up-to-date: /home/arc/Documents/automatic_arc_melting_system/install/tcp_format/include/tcp_format
[2.765s] -- Up-to-date: /home/arc/Documents/automatic_arc_melting_system/install/tcp_format/include/tcp_format/srv
[2.765s] -- Installing: /home/arc/Documents/automatic_arc_melting_system/install/tcp_format/include/tcp_format/srv/cobotta_bcap.h
[2.765s] -- Up-to-date: /home/arc/Documents/automatic_arc_melting_system/install/tcp_format/include/tcp_format/srv/detail
[2.765s] -- Installing: /home/arc/Documents/automatic_arc_melting_system/install/tcp_format/include/tcp_format/srv/detail/cobotta_bcap__functions.c
[2.765s] -- Installing: /home/arc/Documents/automatic_arc_melting_system/install/tcp_format/include/tcp_format/srv/detail/cobotta_bcap__type_support.h
[2.765s] -- Installing: /home/arc/Documents/automatic_arc_melting_system/install/tcp_format/include/tcp_format/srv/detail/socket_format__functions.h
[2.765s] -- Installing: /home/arc/Documents/automatic_arc_melting_system/install/tcp_format/include/tcp_format/srv/detail/socket_format__struct.h
[2.765s] -- Installing: /home/arc/Documents/automatic_arc_melting_system/install/tcp_format/include/tcp_format/srv/detail/socket_format__functions.c
[2.765s] -- Installing: /home/arc/Documents/automatic_arc_melting_system/install/tcp_format/include/tcp_format/srv/detail/cobotta_bcap__functions.h
[2.765s] -- Installing: /home/arc/Documents/automatic_arc_melting_system/install/tcp_format/include/tcp_format/srv/detail/socket_format__type_support.h
[2.765s] -- Installing: /home/arc/Documents/automatic_arc_melting_system/install/tcp_format/include/tcp_format/srv/detail/cobotta_bcap__struct.h
[2.765s] -- Installing: /home/arc/Documents/automatic_arc_melting_system/install/tcp_format/include/tcp_format/srv/socket_format.h
[2.765s] -- Up-to-date: /home/arc/Documents/automatic_arc_melting_system/install/tcp_format/include/tcp_format/msg
[2.765s] -- Up-to-date: /home/arc/Documents/automatic_arc_melting_system/install/tcp_format/include/tcp_format/msg/rosidl_generator_c__visibility_control.h
[2.766s] -- Up-to-date: /home/arc/Documents/automatic_arc_melting_system/install/tcp_format/share/tcp_format/environment/library_path.sh
[2.766s] -- Installing: /home/arc/Documents/automatic_arc_melting_system/install/tcp_format/share/tcp_format/environment/library_path.dsv
[2.766s] -- Installing: /home/arc/Documents/automatic_arc_melting_system/install/tcp_format/lib/libtcp_format__rosidl_generator_c.so
[2.766s] -- Set runtime path of "/home/arc/Documents/automatic_arc_melting_system/install/tcp_format/lib/libtcp_format__rosidl_generator_c.so" to ""
[2.766s] -- Up-to-date: /home/arc/Documents/automatic_arc_melting_system/install/tcp_format/include/tcp_format
[2.766s] -- Up-to-date: /home/arc/Documents/automatic_arc_melting_system/install/tcp_format/include/tcp_format/srv
[2.766s] -- Up-to-date: /home/arc/Documents/automatic_arc_melting_system/install/tcp_format/include/tcp_format/srv/detail
[2.766s] -- Installing: /home/arc/Documents/automatic_arc_melting_system/install/tcp_format/include/tcp_format/srv/detail/socket_format__rosidl_typesupport_fastrtps_c.h
[2.766s] -- Installing: /home/arc/Documents/automatic_arc_melting_system/install/tcp_format/include/tcp_format/srv/detail/cobotta_bcap__rosidl_typesupport_fastrtps_c.h
[2.766s] -- Up-to-date: /home/arc/Documents/automatic_arc_melting_system/install/tcp_format/include/tcp_format/msg
[2.766s] -- Up-to-date: /home/arc/Documents/automatic_arc_melting_system/install/tcp_format/include/tcp_format/msg/rosidl_typesupport_fastrtps_c__visibility_control.h
[2.766s] -- Installing: /home/arc/Documents/automatic_arc_melting_system/install/tcp_format/lib/libtcp_format__rosidl_typesupport_fastrtps_c.so
[2.766s] -- Set runtime path of "/home/arc/Documents/automatic_arc_melting_system/install/tcp_format/lib/libtcp_format__rosidl_typesupport_fastrtps_c.so" to ""
[2.767s] -- Up-to-date: /home/arc/Documents/automatic_arc_melting_system/install/tcp_format/include/tcp_format
[2.767s] -- Up-to-date: /home/arc/Documents/automatic_arc_melting_system/install/tcp_format/include/tcp_format/srv
[2.767s] -- Up-to-date: /home/arc/Documents/automatic_arc_melting_system/install/tcp_format/include/tcp_format/srv/detail
[2.767s] -- Installing: /home/arc/Documents/automatic_arc_melting_system/install/tcp_format/include/tcp_format/srv/detail/socket_format__rosidl_typesupport_fastrtps_cpp.hpp
[2.767s] -- Up-to-date: /home/arc/Documents/automatic_arc_melting_system/install/tcp_format/include/tcp_format/srv/detail/dds_fastrtps
[2.767s] -- Installing: /home/arc/Documents/automatic_arc_melting_system/install/tcp_format/include/tcp_format/srv/detail/cobotta_bcap__rosidl_typesupport_fastrtps_cpp.hpp
[2.767s] -- Up-to-date: /home/arc/Documents/automatic_arc_melting_system/install/tcp_format/include/tcp_format/msg
[2.767s] -- Up-to-date: /home/arc/Documents/automatic_arc_melting_system/install/tcp_format/include/tcp_format/msg/rosidl_typesupport_fastrtps_cpp__visibility_control.h
[2.767s] -- Installing: /home/arc/Documents/automatic_arc_melting_system/install/tcp_format/lib/libtcp_format__rosidl_typesupport_fastrtps_cpp.so
[2.767s] -- Set runtime path of "/home/arc/Documents/automatic_arc_melting_system/install/tcp_format/lib/libtcp_format__rosidl_typesupport_fastrtps_cpp.so" to ""
[2.767s] -- Up-to-date: /home/arc/Documents/automatic_arc_melting_system/install/tcp_format/include/tcp_format
[2.767s] -- Up-to-date: /home/arc/Documents/automatic_arc_melting_system/install/tcp_format/include/tcp_format/srv
[2.767s] -- Up-to-date: /home/arc/Documents/automatic_arc_melting_system/install/tcp_format/include/tcp_format/srv/detail
[2.767s] -- Installing: /home/arc/Documents/automatic_arc_melting_system/install/tcp_format/include/tcp_format/srv/detail/socket_format__rosidl_typesupport_introspection_c.h
[2.767s] -- Installing: /home/arc/Documents/automatic_arc_melting_system/install/tcp_format/include/tcp_format/srv/detail/socket_format__type_support.c
[2.767s] -- Installing: /home/arc/Documents/automatic_arc_melting_system/install/tcp_format/include/tcp_format/srv/detail/cobotta_bcap__rosidl_typesupport_introspection_c.h
[2.768s] -- Installing: /home/arc/Documents/automatic_arc_melting_system/install/tcp_format/include/tcp_format/srv/detail/cobotta_bcap__type_support.c
[2.768s] -- Up-to-date: /home/arc/Documents/automatic_arc_melting_system/install/tcp_format/include/tcp_format/msg
[2.768s] -- Up-to-date: /home/arc/Documents/automatic_arc_melting_system/install/tcp_format/include/tcp_format/msg/rosidl_typesupport_introspection_c__visibility_control.h
[2.768s] -- Installing: /home/arc/Documents/automatic_arc_melting_system/install/tcp_format/lib/libtcp_format__rosidl_typesupport_introspection_c.so
[2.768s] -- Set runtime path of "/home/arc/Documents/automatic_arc_melting_system/install/tcp_format/lib/libtcp_format__rosidl_typesupport_introspection_c.so" to ""
[2.768s] -- Installing: /home/arc/Documents/automatic_arc_melting_system/install/tcp_format/lib/libtcp_format__rosidl_typesupport_c.so
[2.768s] -- Set runtime path of "/home/arc/Documents/automatic_arc_melting_system/install/tcp_format/lib/libtcp_format__rosidl_typesupport_c.so" to ""
[2.768s] -- Up-to-date: /home/arc/Documents/automatic_arc_melting_system/install/tcp_format/include/tcp_format
[2.768s] -- Up-to-date: /home/arc/Documents/automatic_arc_melting_system/install/tcp_format/include/tcp_format/srv
[2.768s] -- Up-to-date: /home/arc/Documents/automatic_arc_melting_system/install/tcp_format/include/tcp_format/srv/detail
[2.768s] -- Installing: /home/arc/Documents/automatic_arc_melting_system/install/tcp_format/include/tcp_format/srv/detail/socket_format__struct.hpp
[2.768s] -- Installing: /home/arc/Documents/automatic_arc_melting_system/install/tcp_format/include/tcp_format/srv/detail/socket_format__builder.hpp
[2.769s] -- Installing: /home/arc/Documents/automatic_arc_melting_system/install/tcp_format/include/tcp_format/srv/detail/cobotta_bcap__traits.hpp
[2.769s] -- Installing: /home/arc/Documents/automatic_arc_melting_system/install/tcp_format/include/tcp_format/srv/detail/cobotta_bcap__struct.hpp
[2.769s] -- Installing: /home/arc/Documents/automatic_arc_melting_system/install/tcp_format/include/tcp_format/srv/detail/socket_format__traits.hpp
[2.769s] -- Installing: /home/arc/Documents/automatic_arc_melting_system/install/tcp_format/include/tcp_format/srv/detail/cobotta_bcap__builder.hpp
[2.769s] -- Installing: /home/arc/Documents/automatic_arc_melting_system/install/tcp_format/include/tcp_format/srv/cobotta_bcap.hpp
[2.769s] -- Installing: /home/arc/Documents/automatic_arc_melting_system/install/tcp_format/include/tcp_format/srv/socket_format.hpp
[2.769s] -- Up-to-date: /home/arc/Documents/automatic_arc_melting_system/install/tcp_format/include/tcp_format
[2.769s] -- Up-to-date: /home/arc/Documents/automatic_arc_melting_system/install/tcp_format/include/tcp_format/srv
[2.769s] -- Up-to-date: /home/arc/Documents/automatic_arc_melting_system/install/tcp_format/include/tcp_format/srv/detail
[2.769s] -- Installing: /home/arc/Documents/automatic_arc_melting_system/install/tcp_format/include/tcp_format/srv/detail/socket_format__type_support.cpp
[2.769s] -- Installing: /home/arc/Documents/automatic_arc_melting_system/install/tcp_format/include/tcp_format/srv/detail/cobotta_bcap__rosidl_typesupport_introspection_cpp.hpp
[2.769s] -- Installing: /home/arc/Documents/automatic_arc_melting_system/install/tcp_format/include/tcp_format/srv/detail/cobotta_bcap__type_support.cpp
[2.769s] -- Installing: /home/arc/Documents/automatic_arc_melting_system/install/tcp_format/include/tcp_format/srv/detail/socket_format__rosidl_typesupport_introspection_cpp.hpp
[2.769s] -- Installing: /home/arc/Documents/automatic_arc_melting_system/install/tcp_format/lib/libtcp_format__rosidl_typesupport_introspection_cpp.so
[2.770s] -- Set runtime path of "/home/arc/Documents/automatic_arc_melting_system/install/tcp_format/lib/libtcp_format__rosidl_typesupport_introspection_cpp.so" to ""
[2.770s] -- Installing: /home/arc/Documents/automatic_arc_melting_system/install/tcp_format/lib/libtcp_format__rosidl_typesupport_cpp.so
[2.770s] -- Set runtime path of "/home/arc/Documents/automatic_arc_melting_system/install/tcp_format/lib/libtcp_format__rosidl_typesupport_cpp.so" to ""
[2.770s] -- Up-to-date: /home/arc/Documents/automatic_arc_melting_system/install/tcp_format/share/tcp_format/environment/pythonpath.sh
[2.770s] -- Installing: /home/arc/Documents/automatic_arc_melting_system/install/tcp_format/share/tcp_format/environment/pythonpath.dsv
[2.770s] -- Installing: /home/arc/Documents/automatic_arc_melting_system/install/tcp_format/lib/python3.8/site-packages/tcp_format/__init__.py
[2.790s] Compiling '/home/arc/Documents/automatic_arc_melting_system/install/tcp_format/lib/python3.8/site-packages/tcp_format/__init__.py'...
[2.793s] -- Up-to-date: /home/arc/Documents/automatic_arc_melting_system/install/tcp_format/lib/python3.8/site-packages/tcp_format/srv
[2.793s] -- Installing: /home/arc/Documents/automatic_arc_melting_system/install/tcp_format/lib/python3.8/site-packages/tcp_format/srv/__init__.py
[2.793s] -- Installing: /home/arc/Documents/automatic_arc_melting_system/install/tcp_format/lib/python3.8/site-packages/tcp_format/srv/_cobotta_bcap_s.c
[2.793s] -- Installing: /home/arc/Documents/automatic_arc_melting_system/install/tcp_format/lib/python3.8/site-packages/tcp_format/srv/_cobotta_bcap.py
[2.793s] -- Installing: /home/arc/Documents/automatic_arc_melting_system/install/tcp_format/lib/python3.8/site-packages/tcp_format/srv/_socket_format.py
[2.793s] -- Installing: /home/arc/Documents/automatic_arc_melting_system/install/tcp_format/lib/python3.8/site-packages/tcp_format/srv/_socket_format_s.c
[2.793s] -- Installing: /home/arc/Documents/automatic_arc_melting_system/install/tcp_format/lib/python3.8/site-packages/tcp_format/tcp_format_s__rosidl_typesupport_fastrtps_c.cpython-38-x86_64-linux-gnu.so
[2.794s] -- Set runtime path of "/home/arc/Documents/automatic_arc_melting_system/install/tcp_format/lib/python3.8/site-packages/tcp_format/tcp_format_s__rosidl_typesupport_fastrtps_c.cpython-38-x86_64-linux-gnu.so" to ""
[2.794s] -- Installing: /home/arc/Documents/automatic_arc_melting_system/install/tcp_format/lib/python3.8/site-packages/tcp_format/tcp_format_s__rosidl_typesupport_introspection_c.cpython-38-x86_64-linux-gnu.so
[2.794s] -- Set runtime path of "/home/arc/Documents/automatic_arc_melting_system/install/tcp_format/lib/python3.8/site-packages/tcp_format/tcp_format_s__rosidl_typesupport_introspection_c.cpython-38-x86_64-linux-gnu.so" to ""
[2.794s] -- Installing: /home/arc/Documents/automatic_arc_melting_system/install/tcp_format/lib/python3.8/site-packages/tcp_format/tcp_format_s__rosidl_typesupport_c.cpython-38-x86_64-linux-gnu.so
[2.795s] -- Set runtime path of "/home/arc/Documents/automatic_arc_melting_system/install/tcp_format/lib/python3.8/site-packages/tcp_format/tcp_format_s__rosidl_typesupport_c.cpython-38-x86_64-linux-gnu.so" to ""
[2.795s] -- Installing: /home/arc/Documents/automatic_arc_melting_system/install/tcp_format/lib/libtcp_format__python.so
[2.795s] -- Set runtime path of "/home/arc/Documents/automatic_arc_melting_system/install/tcp_format/lib/libtcp_format__python.so" to ""
[2.795s] -- Up-to-date: /home/arc/Documents/automatic_arc_melting_system/install/tcp_format/share/tcp_format/srv/SocketFormat.idl
[2.795s] -- Installing: /home/arc/Documents/automatic_arc_melting_system/install/tcp_format/share/tcp_format/srv/CobottaBcap.idl
[2.795s] -- Installing: /home/arc/Documents/automatic_arc_melting_system/install/tcp_format/share/tcp_format/srv/SocketFormat.srv
[2.795s] -- Up-to-date: /home/arc/Documents/automatic_arc_melting_system/install/tcp_format/share/tcp_format/srv/SocketFormat_Request.msg
[2.795s] -- Up-to-date: /home/arc/Documents/automatic_arc_melting_system/install/tcp_format/share/tcp_format/srv/SocketFormat_Response.msg
[2.795s] -- Installing: /home/arc/Documents/automatic_arc_melting_system/install/tcp_format/share/tcp_format/srv/CobottaBcap.srv
[2.796s] -- Installing: /home/arc/Documents/automatic_arc_melting_system/install/tcp_format/share/tcp_format/srv/CobottaBcap_Request.msg
[2.796s] -- Installing: /home/arc/Documents/automatic_arc_melting_system/install/tcp_format/share/tcp_format/srv/CobottaBcap_Response.msg
[2.796s] -- Up-to-date: /home/arc/Documents/automatic_arc_melting_system/install/tcp_format/share/ament_index/resource_index/package_run_dependencies/tcp_format
[2.796s] -- Up-to-date: /home/arc/Documents/automatic_arc_melting_system/install/tcp_format/share/ament_index/resource_index/parent_prefix_path/tcp_format
[2.796s] -- Up-to-date: /home/arc/Documents/automatic_arc_melting_system/install/tcp_format/share/tcp_format/environment/ament_prefix_path.sh
[2.796s] -- Installing: /home/arc/Documents/automatic_arc_melting_system/install/tcp_format/share/tcp_format/environment/ament_prefix_path.dsv
[2.796s] -- Up-to-date: /home/arc/Documents/automatic_arc_melting_system/install/tcp_format/share/tcp_format/environment/path.sh
[2.796s] -- Installing: /home/arc/Documents/automatic_arc_melting_system/install/tcp_format/share/tcp_format/environment/path.dsv
[2.796s] -- Up-to-date: /home/arc/Documents/automatic_arc_melting_system/install/tcp_format/share/tcp_format/local_setup.bash
[2.796s] -- Up-to-date: /home/arc/Documents/automatic_arc_melting_system/install/tcp_format/share/tcp_format/local_setup.sh
[2.796s] -- Up-to-date: /home/arc/Documents/automatic_arc_melting_system/install/tcp_format/share/tcp_format/local_setup.zsh
[2.796s] -- Installing: /home/arc/Documents/automatic_arc_melting_system/install/tcp_format/share/tcp_format/local_setup.dsv
[2.796s] -- Installing: /home/arc/Documents/automatic_arc_melting_system/install/tcp_format/share/tcp_format/package.dsv
[2.796s] -- Up-to-date: /home/arc/Documents/automatic_arc_melting_system/install/tcp_format/share/ament_index/resource_index/packages/tcp_format
[2.797s] -- Up-to-date: /home/arc/Documents/automatic_arc_melting_system/install/tcp_format/share/tcp_format/cmake/tcp_format__rosidl_generator_cExport.cmake
[2.797s] -- Installing: /home/arc/Documents/automatic_arc_melting_system/install/tcp_format/share/tcp_format/cmake/tcp_format__rosidl_generator_cExport-noconfig.cmake
[2.797s] -- Up-to-date: /home/arc/Documents/automatic_arc_melting_system/install/tcp_format/share/tcp_format/cmake/tcp_format__rosidl_typesupport_introspection_cExport.cmake
[2.797s] -- Installing: /home/arc/Documents/automatic_arc_melting_system/install/tcp_format/share/tcp_format/cmake/tcp_format__rosidl_typesupport_introspection_cExport-noconfig.cmake
[2.797s] -- Up-to-date: /home/arc/Documents/automatic_arc_melting_system/install/tcp_format/share/tcp_format/cmake/tcp_format__rosidl_typesupport_cExport.cmake
[2.797s] -- Installing: /home/arc/Documents/automatic_arc_melting_system/install/tcp_format/share/tcp_format/cmake/tcp_format__rosidl_typesupport_cExport-noconfig.cmake
[2.797s] -- Up-to-date: /home/arc/Documents/automatic_arc_melting_system/install/tcp_format/share/tcp_format/cmake/tcp_format__rosidl_generator_cppExport.cmake
[2.797s] -- Up-to-date: /home/arc/Documents/automatic_arc_melting_system/install/tcp_format/share/tcp_format/cmake/tcp_format__rosidl_typesupport_introspection_cppExport.cmake
[2.797s] -- Installing: /home/arc/Documents/automatic_arc_melting_system/install/tcp_format/share/tcp_format/cmake/tcp_format__rosidl_typesupport_introspection_cppExport-noconfig.cmake
[2.798s] -- Up-to-date: /home/arc/Documents/automatic_arc_melting_system/install/tcp_format/share/tcp_format/cmake/tcp_format__rosidl_typesupport_cppExport.cmake
[2.798s] -- Installing: /home/arc/Documents/automatic_arc_melting_system/install/tcp_format/share/tcp_format/cmake/tcp_format__rosidl_typesupport_cppExport-noconfig.cmake
[2.798s] -- Installing: /home/arc/Documents/automatic_arc_melting_system/install/tcp_format/share/tcp_format/cmake/rosidl_cmake-extras.cmake
[2.798s] -- Up-to-date: /home/arc/Documents/automatic_arc_melting_system/install/tcp_format/share/tcp_format/cmake/ament_cmake_export_dependencies-extras.cmake
[2.798s] -- Up-to-date: /home/arc/Documents/automatic_arc_melting_system/install/tcp_format/share/tcp_format/cmake/ament_cmake_export_libraries-extras.cmake
[2.798s] -- Up-to-date: /home/arc/Documents/automatic_arc_melting_system/install/tcp_format/share/tcp_format/cmake/ament_cmake_export_targets-extras.cmake
[2.798s] -- Up-to-date: /home/arc/Documents/automatic_arc_melting_system/install/tcp_format/share/tcp_format/cmake/ament_cmake_export_include_directories-extras.cmake
[2.798s] -- Up-to-date: /home/arc/Documents/automatic_arc_melting_system/install/tcp_format/share/tcp_format/cmake/rosidl_cmake_export_typesupport_libraries-extras.cmake
[2.798s] -- Up-to-date: /home/arc/Documents/automatic_arc_melting_system/install/tcp_format/share/tcp_format/cmake/rosidl_cmake_export_typesupport_targets-extras.cmake
[2.798s] -- Up-to-date: /home/arc/Documents/automatic_arc_melting_system/install/tcp_format/share/tcp_format/cmake/tcp_formatConfig.cmake
[2.798s] -- Up-to-date: /home/arc/Documents/automatic_arc_melting_system/install/tcp_format/share/tcp_format/cmake/tcp_formatConfig-version.cmake
[2.798s] -- Up-to-date: /home/arc/Documents/automatic_arc_melting_system/install/tcp_format/share/tcp_format/package.xml
[2.802s] Invoked command in '/home/arc/Documents/automatic_arc_melting_system/build/tcp_format' returned '0': CMAKE_PREFIX_PATH=/opt/ros/foxy /usr/bin/cmake --install /home/arc/Documents/automatic_arc_melting_system/build/tcp_format
