[0.607s] Invoking command in '/home/arc/Documents/automatic_arc_melting_system/src/cobotta_bcap': PYTHONPATH=/home/arc/Documents/automatic_arc_melting_system/install/cobotta_bcap/lib/python3.8/site-packages:${PYTHONPATH} /usr/bin/python3 setup.py egg_info --egg-base ../../build/cobotta_bcap build --build-base /home/arc/Documents/automatic_arc_melting_system/build/cobotta_bcap/build install --prefix /home/arc/Documents/automatic_arc_melting_system/install/cobotta_bcap --record /home/arc/Documents/automatic_arc_melting_system/build/cobotta_bcap/install.log --single-version-externally-managed
[0.767s] running egg_info
[0.768s] writing ../../build/cobotta_bcap/cobotta_bcap.egg-info/PKG-INFO
[0.768s] writing dependency_links to ../../build/cobotta_bcap/cobotta_bcap.egg-info/dependency_links.txt
[0.768s] writing entry points to ../../build/cobotta_bcap/cobotta_bcap.egg-info/entry_points.txt
[0.768s] writing requirements to ../../build/cobotta_bcap/cobotta_bcap.egg-info/requires.txt
[0.768s] writing top-level names to ../../build/cobotta_bcap/cobotta_bcap.egg-info/top_level.txt
[0.792s] reading manifest file '../../build/cobotta_bcap/cobotta_bcap.egg-info/SOURCES.txt'
[0.792s] writing manifest file '../../build/cobotta_bcap/cobotta_bcap.egg-info/SOURCES.txt'
[0.793s] running build
[0.793s] running build_py
[0.793s] running install
[0.794s] running install_lib
[0.795s] running install_data
[0.795s] running install_egg_info
[0.796s] removing '/home/arc/Documents/automatic_arc_melting_system/install/cobotta_bcap/lib/python3.8/site-packages/cobotta_bcap-0.0.0-py3.8.egg-info' (and everything under it)
[0.796s] Copying ../../build/cobotta_bcap/cobotta_bcap.egg-info to /home/arc/Documents/automatic_arc_melting_system/install/cobotta_bcap/lib/python3.8/site-packages/cobotta_bcap-0.0.0-py3.8.egg-info
[0.797s] running install_scripts
[0.809s] Installing client script to /home/arc/Documents/automatic_arc_melting_system/install/cobotta_bcap/lib/cobotta_bcap
[0.809s] Installing service script to /home/arc/Documents/automatic_arc_melting_system/install/cobotta_bcap/lib/cobotta_bcap
[0.809s] writing list of installed files to '/home/arc/Documents/automatic_arc_melting_system/build/cobotta_bcap/install.log'
[0.825s] Invoked command in '/home/arc/Documents/automatic_arc_melting_system/src/cobotta_bcap' returned '0': PYTHONPATH=/home/arc/Documents/automatic_arc_melting_system/install/cobotta_bcap/lib/python3.8/site-packages:${PYTHONPATH} /usr/bin/python3 setup.py egg_info --egg-base ../../build/cobotta_bcap build --build-base /home/arc/Documents/automatic_arc_melting_system/build/cobotta_bcap/build install --prefix /home/arc/Documents/automatic_arc_melting_system/install/cobotta_bcap --record /home/arc/Documents/automatic_arc_melting_system/build/cobotta_bcap/install.log --single-version-externally-managed
