[0.025s] Invoking command in '/home/arc/Documents/automatic_arc_melting_system/build/action_tutorials_interfaces': CMAKE_PREFIX_PATH=/opt/ros/foxy /usr/bin/cmake /home/arc/Documents/automatic_arc_melting_system/src/action_tutorials_interfaces -DCMAKE_INSTALL_PREFIX=/home/arc/Documents/automatic_arc_melting_system/install/action_tutorials_interfaces
[0.205s] -- The C compiler identification is GNU 9.4.0
[0.206s] -- The CXX compiler identification is GNU 9.4.0
[0.206s] -- Check for working C compiler: /usr/bin/cc
[0.206s] -- Check for working C compiler: /usr/bin/cc -- works
[0.206s] -- Detecting C compiler ABI info
[0.207s] -- Detecting C compiler ABI info - done
[0.207s] -- Detecting C compile features
[0.207s] -- Detecting C compile features - done
[0.207s] -- Check for working CXX compiler: /usr/bin/c++
[0.259s] -- Check for working CXX compiler: /usr/bin/c++ -- works
[0.260s] -- Detecting CXX compiler ABI info
[0.312s] -- Detecting CXX compiler ABI info - done
[0.320s] -- Detecting CXX compile features
[0.321s] -- Detecting CXX compile features - done
[0.322s] -- Found ament_cmake: 0.9.9 (/opt/ros/foxy/share/ament_cmake/cmake)
[0.338s] -- Found PythonInterp: /usr/bin/python3 (found suitable version "3.8.10", minimum required is "3") 
[0.338s] -- Using PYTHON_EXECUTABLE: /usr/bin/python3
[0.478s] -- Found rosidl_default_generators: 1.0.1 (/opt/ros/foxy/share/rosidl_default_generators/cmake)
[0.480s] -- Using all available rosidl_typesupport_c: rosidl_typesupport_fastrtps_c;rosidl_typesupport_introspection_c
[0.485s] -- Found rosidl_adapter: 1.2.1 (/opt/ros/foxy/share/rosidl_adapter/cmake)
[0.544s] -- Found OpenSSL: /usr/lib/x86_64-linux-gnu/libcrypto.so (found version "1.1.1f")  
[0.563s] -- Found FastRTPS: /opt/ros/foxy/include  
[0.618s] -- Using all available rosidl_typesupport_cpp: rosidl_typesupport_fastrtps_cpp;rosidl_typesupport_introspection_cpp
[0.652s] -- Found PythonInterp: /usr/bin/python3 (found version "3.8.10") 
[0.789s] -- Found ament_cmake_ros: 0.9.2 (/opt/ros/foxy/share/ament_cmake_ros/cmake)
[0.877s] -- Using all available rosidl_typesupport_c: rosidl_typesupport_fastrtps_c;rosidl_typesupport_introspection_c
[0.894s] -- Using all available rosidl_typesupport_cpp: rosidl_typesupport_fastrtps_cpp;rosidl_typesupport_introspection_cpp
[0.911s] -- Found PythonInterp: /usr/bin/python3 (found suitable version "3.8.10", minimum required is "3.5") 
[0.911s] -- Found python_cmake_module: 0.8.1 (/opt/ros/foxy/share/python_cmake_module/cmake)
[0.929s] -- Found PythonLibs: /usr/lib/x86_64-linux-gnu/libpython3.8.so (found suitable version "3.8.10", minimum required is "3.5") 
[0.930s] -- Using PYTHON_EXECUTABLE: /usr/bin/python3
[0.930s] -- Using PYTHON_INCLUDE_DIRS: /usr/include/python3.8
[0.930s] -- Using PYTHON_LIBRARIES: /usr/lib/x86_64-linux-gnu/libpython3.8.so
[0.945s] -- Found PythonExtra: .so  
[0.979s] -- Found ament_lint_auto: 0.9.6 (/opt/ros/foxy/share/ament_lint_auto/cmake)
[0.992s] -- Added test 'copyright' to check source files copyright and LICENSE
[0.993s] -- Added test 'lint_cmake' to check CMake code style
[0.993s] -- Added test 'xmllint' to check XML markup files
[0.997s] -- Configuring done
[1.028s] -- Generating done
[1.030s] -- Build files have been written to: /home/arc/Documents/automatic_arc_melting_system/build/action_tutorials_interfaces
[1.036s] Invoked command in '/home/arc/Documents/automatic_arc_melting_system/build/action_tutorials_interfaces' returned '0': CMAKE_PREFIX_PATH=/opt/ros/foxy /usr/bin/cmake /home/arc/Documents/automatic_arc_melting_system/src/action_tutorials_interfaces -DCMAKE_INSTALL_PREFIX=/home/arc/Documents/automatic_arc_melting_system/install/action_tutorials_interfaces
[1.039s] Invoking command in '/home/arc/Documents/automatic_arc_melting_system/build/action_tutorials_interfaces': CMAKE_PREFIX_PATH=/opt/ros/foxy /usr/bin/cmake --build /home/arc/Documents/automatic_arc_melting_system/build/action_tutorials_interfaces -- -j16 -l16
[1.066s] [  3%] [34m[1mGenerating C code for ROS interfaces[0m
[1.066s] [35m[1mScanning dependencies of target action_tutorials_interfaces__cpp[0m
[1.073s] [  6%] [34m[1mGenerating C++ code for ROS interfaces[0m
[1.323s] [35m[1mScanning dependencies of target action_tutorials_interfaces__rosidl_generator_c[0m
[1.333s] [  9%] [32mBuilding C object CMakeFiles/action_tutorials_interfaces__rosidl_generator_c.dir/rosidl_generator_c/action_tutorials_interfaces/action/detail/fibonacci__functions.c.o[0m
[1.336s] [  9%] Built target action_tutorials_interfaces__cpp
[1.343s] [ 12%] [34m[1mGenerating C++ introspection for ROS interfaces[0m
[1.346s] [ 19%] [34m[1mGenerating C++ type support dispatch for ROS interfaces[0m
[1.346s] [ 19%] [34m[1mGenerating C++ type support for eProsima Fast-RTPS[0m
[1.395s] [ 22%] [32m[1mLinking C shared library libaction_tutorials_interfaces__rosidl_generator_c.so[0m
[1.423s] [ 22%] Built target action_tutorials_interfaces__rosidl_generator_c
[1.433s] [ 29%] [34m[1mGenerating C type support dispatch for ROS interfaces[0m
[1.433s] [ 29%] [34m[1mGenerating C introspection for ROS interfaces[0m
[1.583s] [35m[1mScanning dependencies of target action_tutorials_interfaces__rosidl_typesupport_cpp[0m
[1.596s] [ 32%] [32mBuilding CXX object CMakeFiles/action_tutorials_interfaces__rosidl_typesupport_cpp.dir/rosidl_typesupport_cpp/action_tutorials_interfaces/action/fibonacci__type_support.cpp.o[0m
[1.613s] [35m[1mScanning dependencies of target action_tutorials_interfaces__rosidl_typesupport_introspection_cpp[0m
[1.624s] [ 35%] [32mBuilding CXX object CMakeFiles/action_tutorials_interfaces__rosidl_typesupport_introspection_cpp.dir/rosidl_typesupport_introspection_cpp/action_tutorials_interfaces/action/detail/fibonacci__type_support.cpp.o[0m
[1.701s] [35m[1mScanning dependencies of target action_tutorials_interfaces__rosidl_typesupport_fastrtps_cpp[0m
[1.717s] [ 38%] [32mBuilding CXX object CMakeFiles/action_tutorials_interfaces__rosidl_typesupport_fastrtps_cpp.dir/rosidl_typesupport_fastrtps_cpp/action_tutorials_interfaces/action/detail/dds_fastrtps/fibonacci__type_support.cpp.o[0m
[1.752s] [35m[1mScanning dependencies of target action_tutorials_interfaces__rosidl_typesupport_c[0m
[1.766s] [ 41%] [32mBuilding CXX object CMakeFiles/action_tutorials_interfaces__rosidl_typesupport_c.dir/rosidl_typesupport_c/action_tutorials_interfaces/action/fibonacci__type_support.cpp.o[0m
[1.799s] [35m[1mScanning dependencies of target action_tutorials_interfaces__rosidl_typesupport_introspection_c[0m
[1.808s] [ 45%] [32mBuilding C object CMakeFiles/action_tutorials_interfaces__rosidl_typesupport_introspection_c.dir/rosidl_typesupport_introspection_c/action_tutorials_interfaces/action/detail/fibonacci__type_support.c.o[0m
[1.815s] [ 48%] [32m[1mLinking CXX shared library libaction_tutorials_interfaces__rosidl_typesupport_c.so[0m
[1.842s] [ 51%] [32m[1mLinking C shared library libaction_tutorials_interfaces__rosidl_typesupport_introspection_c.so[0m
[1.846s] [ 51%] Built target action_tutorials_interfaces__rosidl_typesupport_c
[1.864s] [ 51%] Built target action_tutorials_interfaces__rosidl_typesupport_introspection_c
[1.876s] [ 54%] [32m[1mLinking CXX shared library libaction_tutorials_interfaces__rosidl_typesupport_cpp.so[0m
[1.906s] [ 54%] Built target action_tutorials_interfaces__rosidl_typesupport_cpp
[1.916s] [ 58%] [32m[1mLinking CXX shared library libaction_tutorials_interfaces__rosidl_typesupport_introspection_cpp.so[0m
[1.968s] [ 58%] Built target action_tutorials_interfaces__rosidl_typesupport_introspection_cpp
[2.111s] [ 61%] [32m[1mLinking CXX shared library libaction_tutorials_interfaces__rosidl_typesupport_fastrtps_cpp.so[0m
[2.171s] [ 61%] Built target action_tutorials_interfaces__rosidl_typesupport_fastrtps_cpp
[2.177s] [ 64%] [34m[1mGenerating C type support for eProsima Fast-RTPS[0m
[2.423s] [35m[1mScanning dependencies of target action_tutorials_interfaces__rosidl_typesupport_fastrtps_c[0m
[2.435s] [ 67%] [32mBuilding CXX object CMakeFiles/action_tutorials_interfaces__rosidl_typesupport_fastrtps_c.dir/rosidl_typesupport_fastrtps_c/action_tutorials_interfaces/action/detail/fibonacci__type_support_c.cpp.o[0m
[2.716s] [ 70%] [32m[1mLinking CXX shared library libaction_tutorials_interfaces__rosidl_typesupport_fastrtps_c.so[0m
[2.771s] [ 70%] Built target action_tutorials_interfaces__rosidl_typesupport_fastrtps_c
[2.777s] [35m[1mScanning dependencies of target action_tutorials_interfaces[0m
[2.784s] [ 70%] Built target action_tutorials_interfaces
[2.790s] [35m[1mScanning dependencies of target action_tutorials_interfaces__py[0m
[2.796s] [ 74%] [34m[1mGenerating Python code for ROS interfaces[0m
[3.348s] [ 74%] Built target action_tutorials_interfaces__py
[3.356s] [35m[1mScanning dependencies of target action_tutorials_interfaces__python[0m
[3.374s] [ 77%] [32mBuilding C object CMakeFiles/action_tutorials_interfaces__python.dir/rosidl_generator_py/action_tutorials_interfaces/action/_fibonacci_s.c.o[0m
[3.475s] [ 80%] [32m[1mLinking C shared library rosidl_generator_py/action_tutorials_interfaces/libaction_tutorials_interfaces__python.so[0m
[3.504s] [ 80%] Built target action_tutorials_interfaces__python
[3.511s] [35m[1mScanning dependencies of target action_tutorials_interfaces__rosidl_typesupport_introspection_c__pyext[0m
[3.511s] [35m[1mScanning dependencies of target action_tutorials_interfaces__rosidl_typesupport_c__pyext[0m
[3.511s] [35m[1mScanning dependencies of target action_tutorials_interfaces__rosidl_typesupport_fastrtps_c__pyext[0m
[3.522s] [ 83%] [32mBuilding C object CMakeFiles/action_tutorials_interfaces__rosidl_typesupport_c__pyext.dir/rosidl_generator_py/action_tutorials_interfaces/_action_tutorials_interfaces_s.ep.rosidl_typesupport_c.c.o[0m
[3.524s] [ 87%] [32mBuilding C object CMakeFiles/action_tutorials_interfaces__rosidl_typesupport_introspection_c__pyext.dir/rosidl_generator_py/action_tutorials_interfaces/_action_tutorials_interfaces_s.ep.rosidl_typesupport_introspection_c.c.o[0m
[3.525s] [ 90%] [32mBuilding C object CMakeFiles/action_tutorials_interfaces__rosidl_typesupport_fastrtps_c__pyext.dir/rosidl_generator_py/action_tutorials_interfaces/_action_tutorials_interfaces_s.ep.rosidl_typesupport_fastrtps_c.c.o[0m
[3.593s] [ 93%] [32m[1mLinking C shared library rosidl_generator_py/action_tutorials_interfaces/action_tutorials_interfaces_s__rosidl_typesupport_c.cpython-38-x86_64-linux-gnu.so[0m
[3.593s] [ 96%] [32m[1mLinking C shared library rosidl_generator_py/action_tutorials_interfaces/action_tutorials_interfaces_s__rosidl_typesupport_introspection_c.cpython-38-x86_64-linux-gnu.so[0m
[3.596s] [100%] [32m[1mLinking CXX shared library rosidl_generator_py/action_tutorials_interfaces/action_tutorials_interfaces_s__rosidl_typesupport_fastrtps_c.cpython-38-x86_64-linux-gnu.so[0m
[3.621s] [100%] Built target action_tutorials_interfaces__rosidl_typesupport_introspection_c__pyext
[3.621s] [100%] Built target action_tutorials_interfaces__rosidl_typesupport_c__pyext
[3.645s] [100%] Built target action_tutorials_interfaces__rosidl_typesupport_fastrtps_c__pyext
[3.654s] Invoked command in '/home/arc/Documents/automatic_arc_melting_system/build/action_tutorials_interfaces' returned '0': CMAKE_PREFIX_PATH=/opt/ros/foxy /usr/bin/cmake --build /home/arc/Documents/automatic_arc_melting_system/build/action_tutorials_interfaces -- -j16 -l16
[3.687s] Invoking command in '/home/arc/Documents/automatic_arc_melting_system/build/action_tutorials_interfaces': CMAKE_PREFIX_PATH=/opt/ros/foxy /usr/bin/cmake --install /home/arc/Documents/automatic_arc_melting_system/build/action_tutorials_interfaces
[3.693s] -- Install configuration: ""
[3.693s] -- Installing: /home/arc/Documents/automatic_arc_melting_system/install/action_tutorials_interfaces/share/ament_index/resource_index/rosidl_interfaces/action_tutorials_interfaces
[3.694s] -- Installing: /home/arc/Documents/automatic_arc_melting_system/install/action_tutorials_interfaces/include/action_tutorials_interfaces
[3.694s] -- Installing: /home/arc/Documents/automatic_arc_melting_system/install/action_tutorials_interfaces/include/action_tutorials_interfaces/msg
[3.694s] -- Installing: /home/arc/Documents/automatic_arc_melting_system/install/action_tutorials_interfaces/include/action_tutorials_interfaces/msg/rosidl_generator_c__visibility_control.h
[3.694s] -- Installing: /home/arc/Documents/automatic_arc_melting_system/install/action_tutorials_interfaces/include/action_tutorials_interfaces/action
[3.694s] -- Installing: /home/arc/Documents/automatic_arc_melting_system/install/action_tutorials_interfaces/include/action_tutorials_interfaces/action/fibonacci.h
[3.694s] -- Installing: /home/arc/Documents/automatic_arc_melting_system/install/action_tutorials_interfaces/include/action_tutorials_interfaces/action/detail
[3.694s] -- Installing: /home/arc/Documents/automatic_arc_melting_system/install/action_tutorials_interfaces/include/action_tutorials_interfaces/action/detail/fibonacci__functions.h
[3.694s] -- Installing: /home/arc/Documents/automatic_arc_melting_system/install/action_tutorials_interfaces/include/action_tutorials_interfaces/action/detail/fibonacci__functions.c
[3.694s] -- Installing: /home/arc/Documents/automatic_arc_melting_system/install/action_tutorials_interfaces/include/action_tutorials_interfaces/action/detail/fibonacci__struct.h
[3.694s] -- Installing: /home/arc/Documents/automatic_arc_melting_system/install/action_tutorials_interfaces/include/action_tutorials_interfaces/action/detail/fibonacci__type_support.h
[3.694s] -- Installing: /home/arc/Documents/automatic_arc_melting_system/install/action_tutorials_interfaces/share/action_tutorials_interfaces/environment/library_path.sh
[3.694s] -- Installing: /home/arc/Documents/automatic_arc_melting_system/install/action_tutorials_interfaces/share/action_tutorials_interfaces/environment/library_path.dsv
[3.694s] -- Installing: /home/arc/Documents/automatic_arc_melting_system/install/action_tutorials_interfaces/lib/libaction_tutorials_interfaces__rosidl_generator_c.so
[3.694s] -- Set runtime path of "/home/arc/Documents/automatic_arc_melting_system/install/action_tutorials_interfaces/lib/libaction_tutorials_interfaces__rosidl_generator_c.so" to ""
[3.694s] -- Up-to-date: /home/arc/Documents/automatic_arc_melting_system/install/action_tutorials_interfaces/include/action_tutorials_interfaces
[3.695s] -- Up-to-date: /home/arc/Documents/automatic_arc_melting_system/install/action_tutorials_interfaces/include/action_tutorials_interfaces/msg
[3.695s] -- Installing: /home/arc/Documents/automatic_arc_melting_system/install/action_tutorials_interfaces/include/action_tutorials_interfaces/msg/rosidl_typesupport_fastrtps_c__visibility_control.h
[3.695s] -- Up-to-date: /home/arc/Documents/automatic_arc_melting_system/install/action_tutorials_interfaces/include/action_tutorials_interfaces/action
[3.695s] -- Up-to-date: /home/arc/Documents/automatic_arc_melting_system/install/action_tutorials_interfaces/include/action_tutorials_interfaces/action/detail
[3.695s] -- Installing: /home/arc/Documents/automatic_arc_melting_system/install/action_tutorials_interfaces/include/action_tutorials_interfaces/action/detail/fibonacci__rosidl_typesupport_fastrtps_c.h
[3.695s] -- Installing: /home/arc/Documents/automatic_arc_melting_system/install/action_tutorials_interfaces/lib/libaction_tutorials_interfaces__rosidl_typesupport_fastrtps_c.so
[3.695s] -- Set runtime path of "/home/arc/Documents/automatic_arc_melting_system/install/action_tutorials_interfaces/lib/libaction_tutorials_interfaces__rosidl_typesupport_fastrtps_c.so" to ""
[3.695s] -- Up-to-date: /home/arc/Documents/automatic_arc_melting_system/install/action_tutorials_interfaces/include/action_tutorials_interfaces
[3.695s] -- Up-to-date: /home/arc/Documents/automatic_arc_melting_system/install/action_tutorials_interfaces/include/action_tutorials_interfaces/msg
[3.695s] -- Installing: /home/arc/Documents/automatic_arc_melting_system/install/action_tutorials_interfaces/include/action_tutorials_interfaces/msg/rosidl_typesupport_fastrtps_cpp__visibility_control.h
[3.695s] -- Up-to-date: /home/arc/Documents/automatic_arc_melting_system/install/action_tutorials_interfaces/include/action_tutorials_interfaces/action
[3.695s] -- Up-to-date: /home/arc/Documents/automatic_arc_melting_system/install/action_tutorials_interfaces/include/action_tutorials_interfaces/action/detail
[3.695s] -- Installing: /home/arc/Documents/automatic_arc_melting_system/install/action_tutorials_interfaces/include/action_tutorials_interfaces/action/detail/dds_fastrtps
[3.695s] -- Installing: /home/arc/Documents/automatic_arc_melting_system/install/action_tutorials_interfaces/include/action_tutorials_interfaces/action/detail/fibonacci__rosidl_typesupport_fastrtps_cpp.hpp
[3.696s] -- Installing: /home/arc/Documents/automatic_arc_melting_system/install/action_tutorials_interfaces/lib/libaction_tutorials_interfaces__rosidl_typesupport_fastrtps_cpp.so
[3.696s] -- Set runtime path of "/home/arc/Documents/automatic_arc_melting_system/install/action_tutorials_interfaces/lib/libaction_tutorials_interfaces__rosidl_typesupport_fastrtps_cpp.so" to ""
[3.696s] -- Up-to-date: /home/arc/Documents/automatic_arc_melting_system/install/action_tutorials_interfaces/include/action_tutorials_interfaces
[3.696s] -- Up-to-date: /home/arc/Documents/automatic_arc_melting_system/install/action_tutorials_interfaces/include/action_tutorials_interfaces/msg
[3.696s] -- Installing: /home/arc/Documents/automatic_arc_melting_system/install/action_tutorials_interfaces/include/action_tutorials_interfaces/msg/rosidl_typesupport_introspection_c__visibility_control.h
[3.696s] -- Up-to-date: /home/arc/Documents/automatic_arc_melting_system/install/action_tutorials_interfaces/include/action_tutorials_interfaces/action
[3.696s] -- Up-to-date: /home/arc/Documents/automatic_arc_melting_system/install/action_tutorials_interfaces/include/action_tutorials_interfaces/action/detail
[3.696s] -- Installing: /home/arc/Documents/automatic_arc_melting_system/install/action_tutorials_interfaces/include/action_tutorials_interfaces/action/detail/fibonacci__rosidl_typesupport_introspection_c.h
[3.696s] -- Installing: /home/arc/Documents/automatic_arc_melting_system/install/action_tutorials_interfaces/include/action_tutorials_interfaces/action/detail/fibonacci__type_support.c
[3.696s] -- Installing: /home/arc/Documents/automatic_arc_melting_system/install/action_tutorials_interfaces/lib/libaction_tutorials_interfaces__rosidl_typesupport_introspection_c.so
[3.696s] -- Set runtime path of "/home/arc/Documents/automatic_arc_melting_system/install/action_tutorials_interfaces/lib/libaction_tutorials_interfaces__rosidl_typesupport_introspection_c.so" to ""
[3.696s] -- Installing: /home/arc/Documents/automatic_arc_melting_system/install/action_tutorials_interfaces/lib/libaction_tutorials_interfaces__rosidl_typesupport_c.so
[3.697s] -- Set runtime path of "/home/arc/Documents/automatic_arc_melting_system/install/action_tutorials_interfaces/lib/libaction_tutorials_interfaces__rosidl_typesupport_c.so" to ""
[3.697s] -- Up-to-date: /home/arc/Documents/automatic_arc_melting_system/install/action_tutorials_interfaces/include/action_tutorials_interfaces
[3.697s] -- Up-to-date: /home/arc/Documents/automatic_arc_melting_system/install/action_tutorials_interfaces/include/action_tutorials_interfaces/action
[3.697s] -- Up-to-date: /home/arc/Documents/automatic_arc_melting_system/install/action_tutorials_interfaces/include/action_tutorials_interfaces/action/detail
[3.697s] -- Installing: /home/arc/Documents/automatic_arc_melting_system/install/action_tutorials_interfaces/include/action_tutorials_interfaces/action/detail/fibonacci__traits.hpp
[3.697s] -- Installing: /home/arc/Documents/automatic_arc_melting_system/install/action_tutorials_interfaces/include/action_tutorials_interfaces/action/detail/fibonacci__builder.hpp
[3.697s] -- Installing: /home/arc/Documents/automatic_arc_melting_system/install/action_tutorials_interfaces/include/action_tutorials_interfaces/action/detail/fibonacci__struct.hpp
[3.697s] -- Installing: /home/arc/Documents/automatic_arc_melting_system/install/action_tutorials_interfaces/include/action_tutorials_interfaces/action/fibonacci.hpp
[3.698s] -- Up-to-date: /home/arc/Documents/automatic_arc_melting_system/install/action_tutorials_interfaces/include/action_tutorials_interfaces
[3.698s] -- Up-to-date: /home/arc/Documents/automatic_arc_melting_system/install/action_tutorials_interfaces/include/action_tutorials_interfaces/action
[3.698s] -- Up-to-date: /home/arc/Documents/automatic_arc_melting_system/install/action_tutorials_interfaces/include/action_tutorials_interfaces/action/detail
[3.698s] -- Installing: /home/arc/Documents/automatic_arc_melting_system/install/action_tutorials_interfaces/include/action_tutorials_interfaces/action/detail/fibonacci__type_support.cpp
[3.698s] -- Installing: /home/arc/Documents/automatic_arc_melting_system/install/action_tutorials_interfaces/include/action_tutorials_interfaces/action/detail/fibonacci__rosidl_typesupport_introspection_cpp.hpp
[3.698s] -- Installing: /home/arc/Documents/automatic_arc_melting_system/install/action_tutorials_interfaces/lib/libaction_tutorials_interfaces__rosidl_typesupport_introspection_cpp.so
[3.698s] -- Set runtime path of "/home/arc/Documents/automatic_arc_melting_system/install/action_tutorials_interfaces/lib/libaction_tutorials_interfaces__rosidl_typesupport_introspection_cpp.so" to ""
[3.698s] -- Installing: /home/arc/Documents/automatic_arc_melting_system/install/action_tutorials_interfaces/lib/libaction_tutorials_interfaces__rosidl_typesupport_cpp.so
[3.698s] -- Set runtime path of "/home/arc/Documents/automatic_arc_melting_system/install/action_tutorials_interfaces/lib/libaction_tutorials_interfaces__rosidl_typesupport_cpp.so" to ""
[3.699s] -- Installing: /home/arc/Documents/automatic_arc_melting_system/install/action_tutorials_interfaces/share/action_tutorials_interfaces/environment/pythonpath.sh
[3.699s] -- Installing: /home/arc/Documents/automatic_arc_melting_system/install/action_tutorials_interfaces/share/action_tutorials_interfaces/environment/pythonpath.dsv
[3.699s] -- Installing: /home/arc/Documents/automatic_arc_melting_system/install/action_tutorials_interfaces/lib/python3.8/site-packages/action_tutorials_interfaces/__init__.py
[3.722s] Compiling '/home/arc/Documents/automatic_arc_melting_system/install/action_tutorials_interfaces/lib/python3.8/site-packages/action_tutorials_interfaces/__init__.py'...
[3.725s] -- Installing: /home/arc/Documents/automatic_arc_melting_system/install/action_tutorials_interfaces/lib/python3.8/site-packages/action_tutorials_interfaces/action
[3.725s] -- Installing: /home/arc/Documents/automatic_arc_melting_system/install/action_tutorials_interfaces/lib/python3.8/site-packages/action_tutorials_interfaces/action/__init__.py
[3.725s] -- Installing: /home/arc/Documents/automatic_arc_melting_system/install/action_tutorials_interfaces/lib/python3.8/site-packages/action_tutorials_interfaces/action/_fibonacci.py
[3.725s] -- Installing: /home/arc/Documents/automatic_arc_melting_system/install/action_tutorials_interfaces/lib/python3.8/site-packages/action_tutorials_interfaces/action/_fibonacci_s.c
[3.726s] -- Installing: /home/arc/Documents/automatic_arc_melting_system/install/action_tutorials_interfaces/lib/python3.8/site-packages/action_tutorials_interfaces/action_tutorials_interfaces_s__rosidl_typesupport_fastrtps_c.cpython-38-x86_64-linux-gnu.so
[3.726s] -- Set runtime path of "/home/arc/Documents/automatic_arc_melting_system/install/action_tutorials_interfaces/lib/python3.8/site-packages/action_tutorials_interfaces/action_tutorials_interfaces_s__rosidl_typesupport_fastrtps_c.cpython-38-x86_64-linux-gnu.so" to ""
[3.726s] -- Installing: /home/arc/Documents/automatic_arc_melting_system/install/action_tutorials_interfaces/lib/python3.8/site-packages/action_tutorials_interfaces/action_tutorials_interfaces_s__rosidl_typesupport_introspection_c.cpython-38-x86_64-linux-gnu.so
[3.727s] -- Set runtime path of "/home/arc/Documents/automatic_arc_melting_system/install/action_tutorials_interfaces/lib/python3.8/site-packages/action_tutorials_interfaces/action_tutorials_interfaces_s__rosidl_typesupport_introspection_c.cpython-38-x86_64-linux-gnu.so" to ""
[3.727s] -- Installing: /home/arc/Documents/automatic_arc_melting_system/install/action_tutorials_interfaces/lib/python3.8/site-packages/action_tutorials_interfaces/action_tutorials_interfaces_s__rosidl_typesupport_c.cpython-38-x86_64-linux-gnu.so
[3.727s] -- Set runtime path of "/home/arc/Documents/automatic_arc_melting_system/install/action_tutorials_interfaces/lib/python3.8/site-packages/action_tutorials_interfaces/action_tutorials_interfaces_s__rosidl_typesupport_c.cpython-38-x86_64-linux-gnu.so" to ""
[3.727s] -- Installing: /home/arc/Documents/automatic_arc_melting_system/install/action_tutorials_interfaces/lib/libaction_tutorials_interfaces__python.so
[3.727s] -- Set runtime path of "/home/arc/Documents/automatic_arc_melting_system/install/action_tutorials_interfaces/lib/libaction_tutorials_interfaces__python.so" to ""
[3.728s] -- Installing: /home/arc/Documents/automatic_arc_melting_system/install/action_tutorials_interfaces/share/action_tutorials_interfaces/action/Fibonacci.idl
[3.728s] -- Installing: /home/arc/Documents/automatic_arc_melting_system/install/action_tutorials_interfaces/share/action_tutorials_interfaces/action/Fibonacci.action
[3.728s] -- Installing: /home/arc/Documents/automatic_arc_melting_system/install/action_tutorials_interfaces/share/ament_index/resource_index/package_run_dependencies/action_tutorials_interfaces
[3.728s] -- Installing: /home/arc/Documents/automatic_arc_melting_system/install/action_tutorials_interfaces/share/ament_index/resource_index/parent_prefix_path/action_tutorials_interfaces
[3.728s] -- Installing: /home/arc/Documents/automatic_arc_melting_system/install/action_tutorials_interfaces/share/action_tutorials_interfaces/environment/ament_prefix_path.sh
[3.728s] -- Installing: /home/arc/Documents/automatic_arc_melting_system/install/action_tutorials_interfaces/share/action_tutorials_interfaces/environment/ament_prefix_path.dsv
[3.728s] -- Installing: /home/arc/Documents/automatic_arc_melting_system/install/action_tutorials_interfaces/share/action_tutorials_interfaces/environment/path.sh
[3.728s] -- Installing: /home/arc/Documents/automatic_arc_melting_system/install/action_tutorials_interfaces/share/action_tutorials_interfaces/environment/path.dsv
[3.728s] -- Installing: /home/arc/Documents/automatic_arc_melting_system/install/action_tutorials_interfaces/share/action_tutorials_interfaces/local_setup.bash
[3.729s] -- Installing: /home/arc/Documents/automatic_arc_melting_system/install/action_tutorials_interfaces/share/action_tutorials_interfaces/local_setup.sh
[3.729s] -- Installing: /home/arc/Documents/automatic_arc_melting_system/install/action_tutorials_interfaces/share/action_tutorials_interfaces/local_setup.zsh
[3.729s] -- Installing: /home/arc/Documents/automatic_arc_melting_system/install/action_tutorials_interfaces/share/action_tutorials_interfaces/local_setup.dsv
[3.729s] -- Installing: /home/arc/Documents/automatic_arc_melting_system/install/action_tutorials_interfaces/share/action_tutorials_interfaces/package.dsv
[3.729s] -- Installing: /home/arc/Documents/automatic_arc_melting_system/install/action_tutorials_interfaces/share/ament_index/resource_index/packages/action_tutorials_interfaces
[3.729s] -- Installing: /home/arc/Documents/automatic_arc_melting_system/install/action_tutorials_interfaces/share/action_tutorials_interfaces/cmake/action_tutorials_interfaces__rosidl_generator_cExport.cmake
[3.729s] -- Installing: /home/arc/Documents/automatic_arc_melting_system/install/action_tutorials_interfaces/share/action_tutorials_interfaces/cmake/action_tutorials_interfaces__rosidl_generator_cExport-noconfig.cmake
[3.729s] -- Installing: /home/arc/Documents/automatic_arc_melting_system/install/action_tutorials_interfaces/share/action_tutorials_interfaces/cmake/action_tutorials_interfaces__rosidl_typesupport_introspection_cExport.cmake
[3.729s] -- Installing: /home/arc/Documents/automatic_arc_melting_system/install/action_tutorials_interfaces/share/action_tutorials_interfaces/cmake/action_tutorials_interfaces__rosidl_typesupport_introspection_cExport-noconfig.cmake
[3.730s] -- Installing: /home/arc/Documents/automatic_arc_melting_system/install/action_tutorials_interfaces/share/action_tutorials_interfaces/cmake/action_tutorials_interfaces__rosidl_typesupport_cExport.cmake
[3.730s] -- Installing: /home/arc/Documents/automatic_arc_melting_system/install/action_tutorials_interfaces/share/action_tutorials_interfaces/cmake/action_tutorials_interfaces__rosidl_typesupport_cExport-noconfig.cmake
[3.730s] -- Installing: /home/arc/Documents/automatic_arc_melting_system/install/action_tutorials_interfaces/share/action_tutorials_interfaces/cmake/action_tutorials_interfaces__rosidl_generator_cppExport.cmake
[3.730s] -- Installing: /home/arc/Documents/automatic_arc_melting_system/install/action_tutorials_interfaces/share/action_tutorials_interfaces/cmake/action_tutorials_interfaces__rosidl_typesupport_introspection_cppExport.cmake
[3.730s] -- Installing: /home/arc/Documents/automatic_arc_melting_system/install/action_tutorials_interfaces/share/action_tutorials_interfaces/cmake/action_tutorials_interfaces__rosidl_typesupport_introspection_cppExport-noconfig.cmake
[3.730s] -- Installing: /home/arc/Documents/automatic_arc_melting_system/install/action_tutorials_interfaces/share/action_tutorials_interfaces/cmake/action_tutorials_interfaces__rosidl_typesupport_cppExport.cmake
[3.730s] -- Installing: /home/arc/Documents/automatic_arc_melting_system/install/action_tutorials_interfaces/share/action_tutorials_interfaces/cmake/action_tutorials_interfaces__rosidl_typesupport_cppExport-noconfig.cmake
[3.730s] -- Installing: /home/arc/Documents/automatic_arc_melting_system/install/action_tutorials_interfaces/share/action_tutorials_interfaces/cmake/rosidl_cmake-extras.cmake
[3.731s] -- Installing: /home/arc/Documents/automatic_arc_melting_system/install/action_tutorials_interfaces/share/action_tutorials_interfaces/cmake/ament_cmake_export_dependencies-extras.cmake
[3.731s] -- Installing: /home/arc/Documents/automatic_arc_melting_system/install/action_tutorials_interfaces/share/action_tutorials_interfaces/cmake/ament_cmake_export_libraries-extras.cmake
[3.731s] -- Installing: /home/arc/Documents/automatic_arc_melting_system/install/action_tutorials_interfaces/share/action_tutorials_interfaces/cmake/ament_cmake_export_targets-extras.cmake
[3.731s] -- Installing: /home/arc/Documents/automatic_arc_melting_system/install/action_tutorials_interfaces/share/action_tutorials_interfaces/cmake/ament_cmake_export_include_directories-extras.cmake
[3.731s] -- Installing: /home/arc/Documents/automatic_arc_melting_system/install/action_tutorials_interfaces/share/action_tutorials_interfaces/cmake/rosidl_cmake_export_typesupport_libraries-extras.cmake
[3.731s] -- Installing: /home/arc/Documents/automatic_arc_melting_system/install/action_tutorials_interfaces/share/action_tutorials_interfaces/cmake/rosidl_cmake_export_typesupport_targets-extras.cmake
[3.731s] -- Installing: /home/arc/Documents/automatic_arc_melting_system/install/action_tutorials_interfaces/share/action_tutorials_interfaces/cmake/action_tutorials_interfacesConfig.cmake
[3.731s] -- Installing: /home/arc/Documents/automatic_arc_melting_system/install/action_tutorials_interfaces/share/action_tutorials_interfaces/cmake/action_tutorials_interfacesConfig-version.cmake
[3.731s] -- Installing: /home/arc/Documents/automatic_arc_melting_system/install/action_tutorials_interfaces/share/action_tutorials_interfaces/package.xml
[3.736s] Invoked command in '/home/arc/Documents/automatic_arc_melting_system/build/action_tutorials_interfaces' returned '0': CMAKE_PREFIX_PATH=/opt/ros/foxy /usr/bin/cmake --install /home/arc/Documents/automatic_arc_melting_system/build/action_tutorials_interfaces
