[0.209s] Invoking command in '/home/arc/Documents/automatic_arc_melting_system/build/plc_control': CMAKE_PREFIX_PATH=${CMAKE_PREFIX_PATH}:/home/arc/Documents/automatic_arc_melting_system/install/cobotta_bcap:/opt/ros/foxy /usr/bin/cmake --build /home/arc/Documents/automatic_arc_melting_system/build/plc_control -- -j16 -l16
[0.227s] -- Found ament_cmake: 0.9.9 (/opt/ros/foxy/share/ament_cmake/cmake)
[0.245s] -- Using PYTHON_EXECUTABLE: /usr/bin/python3
[0.410s] -- Found rclcpp: 2.4.1 (/opt/ros/foxy/share/rclcpp/cmake)
[0.439s] -- Using all available rosidl_typesupport_c: rosidl_typesupport_fastrtps_c;rosidl_typesupport_introspection_c
[0.440s] -- Found rosidl_adapter: 1.2.1 (/opt/ros/foxy/share/rosidl_adapter/cmake)
[0.576s] -- Using all available rosidl_typesupport_cpp: rosidl_typesupport_fastrtps_cpp;rosidl_typesupport_introspection_cpp
[0.587s] -- Found rmw_implementation_cmake: 1.0.3 (/opt/ros/foxy/share/rmw_implementation_cmake/cmake)
[0.587s] -- Using RMW implementation 'rmw_fastrtps_cpp' as default
[0.699s] -- Found msg_format: 0.0.0 (/home/arc/Documents/automatic_arc_melting_system/install/msg_format/share/msg_format/cmake)
[0.783s] -- Found ament_lint_auto: 0.9.6 (/opt/ros/foxy/share/ament_lint_auto/cmake)
[0.827s] CMake Error at CMakeLists.txt:42 (install):
[0.827s]   install TARGETS given target "plcServer" which does not exist.
[0.827s] 
[0.827s] 
[0.829s] -- Added test 'copyright' to check source files copyright and LICENSE
[0.829s] -- Added test 'cppcheck' to perform static code analysis on C / C++ code
[0.830s] -- Configured cppcheck include dirs: 
[0.830s] -- Configured cppcheck exclude dirs and/or files: 
[0.830s] -- Added test 'cpplint' to check C / C++ code against the Google style
[0.830s] -- Configured cpplint exclude dirs and/or files: 
[0.830s] -- Added test 'lint_cmake' to check CMake code style
[0.831s] -- Added test 'uncrustify' to check C / C++ code style
[0.831s] -- Configured uncrustify additional arguments: 
[0.831s] -- Added test 'xmllint' to check XML markup files
[0.833s] -- Configuring incomplete, errors occurred!
[0.833s] See also "/home/arc/Documents/automatic_arc_melting_system/build/plc_control/CMakeFiles/CMakeOutput.log".
[0.833s] See also "/home/arc/Documents/automatic_arc_melting_system/build/plc_control/CMakeFiles/CMakeError.log".
[0.837s] make: *** [Makefile:222: cmake_check_build_system] Error 1
[0.839s] Invoked command in '/home/arc/Documents/automatic_arc_melting_system/build/plc_control' returned '2': CMAKE_PREFIX_PATH=${CMAKE_PREFIX_PATH}:/home/arc/Documents/automatic_arc_melting_system/install/cobotta_bcap:/opt/ros/foxy /usr/bin/cmake --build /home/arc/Documents/automatic_arc_melting_system/build/plc_control -- -j16 -l16
