[0.018s] Invoking command in '/home/arc/Documents/automatic_arc_melting_system/build/tcp_handle': AMENT_PREFIX_PATH=/home/arc/Documents/automatic_arc_melting_system/install/tcp_format:${AMENT_PREFIX_PATH} CMAKE_PREFIX_PATH=/home/arc/Documents/automatic_arc_melting_system/install/tcp_format:/opt/ros/foxy LD_LIBRARY_PATH=/home/arc/Documents/automatic_arc_melting_system/install/tcp_format/lib:${LD_LIBRARY_PATH} PYTHONPATH=/home/arc/Documents/automatic_arc_melting_system/install/tcp_format/lib/python3.8/site-packages:${PYTHONPATH} /usr/bin/cmake /home/arc/Documents/automatic_arc_melting_system/src/tcp_handle -DCMAKE_INSTALL_PREFIX=/home/arc/Documents/automatic_arc_melting_system/install/tcp_handle
[0.059s] -- The C compiler identification is GNU 9.4.0
[0.095s] -- The CXX compiler identification is GNU 9.4.0
[0.099s] -- Check for working C compiler: /usr/bin/cc
[0.143s] -- Check for working C compiler: /usr/bin/cc -- works
[0.144s] -- Detecting C compiler ABI info
[0.188s] -- Detecting C compiler ABI info - done
[0.196s] -- Detecting C compile features
[0.196s] -- Detecting C compile features - done
[0.198s] -- Check for working CXX compiler: /usr/bin/c++
[0.250s] -- Check for working CXX compiler: /usr/bin/c++ -- works
[0.251s] -- Detecting CXX compiler ABI info
[0.305s] -- Detecting CXX compiler ABI info - done
[0.316s] -- Detecting CXX compile features
[0.317s] -- Detecting CXX compile features - done
[0.318s] -- Found ament_cmake: 0.9.9 (/opt/ros/foxy/share/ament_cmake/cmake)
[0.336s] -- Found PythonInterp: /usr/bin/python3 (found suitable version "3.8.10", minimum required is "3") 
[0.336s] -- Using PYTHON_EXECUTABLE: /usr/bin/python3
[0.486s] -- Found rclcpp: 2.4.1 (/opt/ros/foxy/share/rclcpp/cmake)
[0.516s] -- Using all available rosidl_typesupport_c: rosidl_typesupport_fastrtps_c;rosidl_typesupport_introspection_c
[0.520s] -- Found rosidl_adapter: 1.2.1 (/opt/ros/foxy/share/rosidl_adapter/cmake)
[0.568s] -- Found OpenSSL: /usr/lib/x86_64-linux-gnu/libcrypto.so (found version "1.1.1f")  
[0.587s] -- Found FastRTPS: /opt/ros/foxy/include  
[0.640s] -- Using all available rosidl_typesupport_cpp: rosidl_typesupport_fastrtps_cpp;rosidl_typesupport_introspection_cpp
[0.683s] -- Found rmw_implementation_cmake: 1.0.3 (/opt/ros/foxy/share/rmw_implementation_cmake/cmake)
[0.684s] -- Using RMW implementation 'rmw_fastrtps_cpp' as default
[0.685s] -- Looking for pthread.h
[0.735s] -- Looking for pthread.h - found
[0.735s] -- Performing Test CMAKE_HAVE_LIBC_PTHREAD
[0.785s] -- Performing Test CMAKE_HAVE_LIBC_PTHREAD - Failed
[0.785s] -- Looking for pthread_create in pthreads
[0.822s] -- Looking for pthread_create in pthreads - not found
[0.822s] -- Looking for pthread_create in pthread
[0.866s] -- Looking for pthread_create in pthread - found
[0.867s] -- Found Threads: TRUE  
[0.987s] -- Found tcp_format: 0.0.0 (/home/arc/Documents/automatic_arc_melting_system/install/tcp_format/share/tcp_format/cmake)
[0.993s] -- Found ament_lint_auto: 0.9.6 (/opt/ros/foxy/share/ament_lint_auto/cmake)
[1.043s] -- Added test 'copyright' to check source files copyright and LICENSE
[1.044s] -- Added test 'cppcheck' to perform static code analysis on C / C++ code
[1.044s] -- Configured cppcheck include dirs: 
[1.044s] -- Configured cppcheck exclude dirs and/or files: 
[1.044s] -- Added test 'cpplint' to check C / C++ code against the Google style
[1.045s] -- Configured cpplint exclude dirs and/or files: 
[1.045s] -- Added test 'lint_cmake' to check CMake code style
[1.046s] -- Added test 'uncrustify' to check C / C++ code style
[1.046s] -- Configured uncrustify additional arguments: 
[1.047s] -- Added test 'xmllint' to check XML markup files
[1.051s] -- Configuring done
[1.061s] -- Generating done
[1.063s] -- Build files have been written to: /home/arc/Documents/automatic_arc_melting_system/build/tcp_handle
[1.075s] Invoked command in '/home/arc/Documents/automatic_arc_melting_system/build/tcp_handle' returned '0': AMENT_PREFIX_PATH=/home/arc/Documents/automatic_arc_melting_system/install/tcp_format:${AMENT_PREFIX_PATH} CMAKE_PREFIX_PATH=/home/arc/Documents/automatic_arc_melting_system/install/tcp_format:/opt/ros/foxy LD_LIBRARY_PATH=/home/arc/Documents/automatic_arc_melting_system/install/tcp_format/lib:${LD_LIBRARY_PATH} PYTHONPATH=/home/arc/Documents/automatic_arc_melting_system/install/tcp_format/lib/python3.8/site-packages:${PYTHONPATH} /usr/bin/cmake /home/arc/Documents/automatic_arc_melting_system/src/tcp_handle -DCMAKE_INSTALL_PREFIX=/home/arc/Documents/automatic_arc_melting_system/install/tcp_handle
[1.078s] Invoking command in '/home/arc/Documents/automatic_arc_melting_system/build/tcp_handle': AMENT_PREFIX_PATH=/home/arc/Documents/automatic_arc_melting_system/install/tcp_format:${AMENT_PREFIX_PATH} CMAKE_PREFIX_PATH=/home/arc/Documents/automatic_arc_melting_system/install/tcp_format:/opt/ros/foxy LD_LIBRARY_PATH=/home/arc/Documents/automatic_arc_melting_system/install/tcp_format/lib:${LD_LIBRARY_PATH} PYTHONPATH=/home/arc/Documents/automatic_arc_melting_system/install/tcp_format/lib/python3.8/site-packages:${PYTHONPATH} /usr/bin/cmake --build /home/arc/Documents/automatic_arc_melting_system/build/tcp_handle -- -j16 -l16
[1.107s] [35m[1mScanning dependencies of target client[0m
[1.107s] [35m[1mScanning dependencies of target server[0m
[1.129s] [ 25%] [32mBuilding CXX object CMakeFiles/client.dir/src/message_test.cpp.o[0m
[1.130s] [ 50%] [32mBuilding CXX object CMakeFiles/server.dir/src/tcp_client.cpp.o[0m
[2.695s] [ 75%] [32m[1mLinking CXX executable server[0m
[2.801s] [ 75%] Built target server
[3.017s] [100%] [32m[1mLinking CXX executable client[0m
[3.131s] [100%] Built target client
[3.140s] Invoked command in '/home/arc/Documents/automatic_arc_melting_system/build/tcp_handle' returned '0': AMENT_PREFIX_PATH=/home/arc/Documents/automatic_arc_melting_system/install/tcp_format:${AMENT_PREFIX_PATH} CMAKE_PREFIX_PATH=/home/arc/Documents/automatic_arc_melting_system/install/tcp_format:/opt/ros/foxy LD_LIBRARY_PATH=/home/arc/Documents/automatic_arc_melting_system/install/tcp_format/lib:${LD_LIBRARY_PATH} PYTHONPATH=/home/arc/Documents/automatic_arc_melting_system/install/tcp_format/lib/python3.8/site-packages:${PYTHONPATH} /usr/bin/cmake --build /home/arc/Documents/automatic_arc_melting_system/build/tcp_handle -- -j16 -l16
[3.159s] Invoking command in '/home/arc/Documents/automatic_arc_melting_system/build/tcp_handle': AMENT_PREFIX_PATH=/home/arc/Documents/automatic_arc_melting_system/install/tcp_format:${AMENT_PREFIX_PATH} CMAKE_PREFIX_PATH=/home/arc/Documents/automatic_arc_melting_system/install/tcp_format:/opt/ros/foxy LD_LIBRARY_PATH=/home/arc/Documents/automatic_arc_melting_system/install/tcp_format/lib:${LD_LIBRARY_PATH} PYTHONPATH=/home/arc/Documents/automatic_arc_melting_system/install/tcp_format/lib/python3.8/site-packages:${PYTHONPATH} /usr/bin/cmake --install /home/arc/Documents/automatic_arc_melting_system/build/tcp_handle
[3.167s] -- Install configuration: ""
[3.167s] -- Installing: /home/arc/Documents/automatic_arc_melting_system/install/tcp_handle/lib/tcp_handle/server
[3.168s] -- Set runtime path of "/home/arc/Documents/automatic_arc_melting_system/install/tcp_handle/lib/tcp_handle/server" to ""
[3.168s] -- Installing: /home/arc/Documents/automatic_arc_melting_system/install/tcp_handle/lib/tcp_handle/client
[3.168s] -- Set runtime path of "/home/arc/Documents/automatic_arc_melting_system/install/tcp_handle/lib/tcp_handle/client" to ""
[3.168s] -- Installing: /home/arc/Documents/automatic_arc_melting_system/install/tcp_handle/share/ament_index/resource_index/package_run_dependencies/tcp_handle
[3.168s] -- Installing: /home/arc/Documents/automatic_arc_melting_system/install/tcp_handle/share/ament_index/resource_index/parent_prefix_path/tcp_handle
[3.169s] -- Installing: /home/arc/Documents/automatic_arc_melting_system/install/tcp_handle/share/tcp_handle/environment/ament_prefix_path.sh
[3.169s] -- Installing: /home/arc/Documents/automatic_arc_melting_system/install/tcp_handle/share/tcp_handle/environment/ament_prefix_path.dsv
[3.169s] -- Installing: /home/arc/Documents/automatic_arc_melting_system/install/tcp_handle/share/tcp_handle/environment/path.sh
[3.169s] -- Installing: /home/arc/Documents/automatic_arc_melting_system/install/tcp_handle/share/tcp_handle/environment/path.dsv
[3.169s] -- Installing: /home/arc/Documents/automatic_arc_melting_system/install/tcp_handle/share/tcp_handle/local_setup.bash
[3.169s] -- Installing: /home/arc/Documents/automatic_arc_melting_system/install/tcp_handle/share/tcp_handle/local_setup.sh
[3.169s] -- Installing: /home/arc/Documents/automatic_arc_melting_system/install/tcp_handle/share/tcp_handle/local_setup.zsh
[3.169s] -- Installing: /home/arc/Documents/automatic_arc_melting_system/install/tcp_handle/share/tcp_handle/local_setup.dsv
[3.169s] -- Installing: /home/arc/Documents/automatic_arc_melting_system/install/tcp_handle/share/tcp_handle/package.dsv
[3.170s] -- Installing: /home/arc/Documents/automatic_arc_melting_system/install/tcp_handle/share/ament_index/resource_index/packages/tcp_handle
[3.170s] -- Installing: /home/arc/Documents/automatic_arc_melting_system/install/tcp_handle/share/tcp_handle/cmake/tcp_handleConfig.cmake
[3.170s] -- Installing: /home/arc/Documents/automatic_arc_melting_system/install/tcp_handle/share/tcp_handle/cmake/tcp_handleConfig-version.cmake
[3.170s] -- Installing: /home/arc/Documents/automatic_arc_melting_system/install/tcp_handle/share/tcp_handle/package.xml
[3.174s] Invoked command in '/home/arc/Documents/automatic_arc_melting_system/build/tcp_handle' returned '0': AMENT_PREFIX_PATH=/home/arc/Documents/automatic_arc_melting_system/install/tcp_format:${AMENT_PREFIX_PATH} CMAKE_PREFIX_PATH=/home/arc/Documents/automatic_arc_melting_system/install/tcp_format:/opt/ros/foxy LD_LIBRARY_PATH=/home/arc/Documents/automatic_arc_melting_system/install/tcp_format/lib:${LD_LIBRARY_PATH} PYTHONPATH=/home/arc/Documents/automatic_arc_melting_system/install/tcp_format/lib/python3.8/site-packages:${PYTHONPATH} /usr/bin/cmake --install /home/arc/Documents/automatic_arc_melting_system/build/tcp_handle
