[0.199s] Invoking command in '/home/arc/Documents/automatic_arc_melting_system/build/plc_control': CMAKE_PREFIX_PATH=/opt/ros/foxy /usr/bin/cmake --build /home/arc/Documents/automatic_arc_melting_system/build/plc_control -- -j16 -l16
[0.217s] -- Found ament_cmake: 0.9.9 (/opt/ros/foxy/share/ament_cmake/cmake)
[0.235s] -- Using PYTHON_EXECUTABLE: /usr/bin/python3
[0.388s] -- Found rclcpp: 2.4.1 (/opt/ros/foxy/share/rclcpp/cmake)
[0.423s] -- Using all available rosidl_typesupport_c: rosidl_typesupport_fastrtps_c;rosidl_typesupport_introspection_c
[0.425s] -- Found rosidl_adapter: 1.2.1 (/opt/ros/foxy/share/rosidl_adapter/cmake)
[0.518s] -- Using all available rosidl_typesupport_cpp: rosidl_typesupport_fastrtps_cpp;rosidl_typesupport_introspection_cpp
[0.569s] -- Found rmw_implementation_cmake: 1.0.3 (/opt/ros/foxy/share/rmw_implementation_cmake/cmake)
[0.569s] -- Using RMW implementation 'rmw_fastrtps_cpp' as default
[0.678s] -- Found msg_format: 0.0.0 (/home/arc/Documents/automatic_arc_melting_system/install/msg_format/share/msg_format/cmake)
[0.753s] -- Found ament_lint_auto: 0.9.6 (/opt/ros/foxy/share/ament_lint_auto/cmake)
[0.798s] -- Added test 'copyright' to check source files copyright and LICENSE
[0.799s] -- Added test 'cppcheck' to perform static code analysis on C / C++ code
[0.799s] -- Configured cppcheck include dirs: /home/arc/Documents/automatic_arc_melting_system/src/plc_control/include
[0.799s] -- Configured cppcheck exclude dirs and/or files: 
[0.800s] -- Added test 'cpplint' to check C / C++ code against the Google style
[0.800s] -- Configured cpplint exclude dirs and/or files: 
[0.800s] -- Added test 'lint_cmake' to check CMake code style
[0.801s] -- Added test 'uncrustify' to check C / C++ code style
[0.801s] -- Configured uncrustify additional arguments: 
[0.801s] -- Added test 'xmllint' to check XML markup files
[0.803s] -- Configuring done
[0.809s] -- Generating done
[0.810s] -- Build files have been written to: /home/arc/Documents/automatic_arc_melting_system/build/plc_control
[0.835s] [ 50%] Built target plc_socket
[0.840s] [ 75%] [32m[1mLinking CXX executable PlcServer[0m
[0.915s] /usr/bin/ld: CMakeFiles/PlcServer.dir/src/plc_server.cpp.o: in function `plc_main(std::shared_ptr<msg_format::srv::PlcFormat_Request_<std::allocator<void> > >, std::shared_ptr<msg_format::srv::PlcFormat_Response_<std::allocator<void> > >)':
[0.915s] plc_server.cpp:(.text+0x412): undefined reference to `plc_socket::plc_socket(std::__cxx11::basic_string<char, std::char_traits<char>, std::allocator<char> >, int)'
[0.915s] /usr/bin/ld: plc_server.cpp:(.text+0x479): undefined reference to `plc_socket::write(char*)'
[0.915s] /usr/bin/ld: plc_server.cpp:(.text+0x4a0): undefined reference to `plc_socket::receive(char*)'
[0.916s] /usr/bin/ld: plc_server.cpp:(.text+0x4af): undefined reference to `plc_socket::end()'
[0.916s] collect2: error: ld returned 1 exit status
[0.916s] make[2]: *** [CMakeFiles/PlcServer.dir/build.make:141: PlcServer] Error 1
[0.916s] make[1]: *** [CMakeFiles/Makefile2:80: CMakeFiles/PlcServer.dir/all] Error 2
[0.917s] make: *** [Makefile:141: all] Error 2
[0.918s] Invoked command in '/home/arc/Documents/automatic_arc_melting_system/build/plc_control' returned '2': CMAKE_PREFIX_PATH=/opt/ros/foxy /usr/bin/cmake --build /home/arc/Documents/automatic_arc_melting_system/build/plc_control -- -j16 -l16
