/usr/bin/ld: CMakeFiles/PlcServer.dir/src/plc_server.cpp.o: in function `plc_main(std::shared_ptr<msg_format::srv::PlcFormat_Request_<std::allocator<void> > >, std::shared_ptr<msg_format::srv::PlcFormat_Response_<std::allocator<void> > >)':
plc_server.cpp:(.text+0x412): undefined reference to `plc_socket::plc_socket(std::__cxx11::basic_string<char, std::char_traits<char>, std::allocator<char> >, int)'
/usr/bin/ld: plc_server.cpp:(.text+0x479): undefined reference to `plc_socket::write(char*)'
/usr/bin/ld: plc_server.cpp:(.text+0x4a0): undefined reference to `plc_socket::receive(char*)'
/usr/bin/ld: plc_server.cpp:(.text+0x4af): undefined reference to `plc_socket::end()'
collect2: error: ld returned 1 exit status
make[2]: *** [CMakeFiles/PlcServer.dir/build.make:141: PlcServer] Error 1
make[1]: *** [CMakeFiles/Makefile2:80: CMakeFiles/PlcServer.dir/all] Error 2
make[1]: *** Waiting for unfinished jobs....
[01m[K/home/arc/Documents/automatic_arc_melting_system/src/plc_control/src/plc_socket.cpp:[m[K In member function ‘[01m[Kint plc_socket::write(char*)[m[K’:
[01m[K/home/arc/Documents/automatic_arc_melting_system/src/plc_control/src/plc_socket.cpp:82:23:[m[K [01;35m[Kwarning: [m[Kformat ‘[01m[K%d[m[K’ expects argument of type ‘[01m[Kint[m[K’, but argument 2 has type ‘[01m[Ksize_t (*)(const char*) throw ()[m[K’ {aka ‘[01m[Klong unsigned int (*)(const char*)[m[K’} [[01;35m[K-Wformat=[m[K]
   82 |    printf("read len: [01;35m[K%d[m[K\n", [32m[Kstrlen[m[K);
      |                      [01;35m[K~^[m[K     [32m[K~~~~~~[m[K
      |                       [01;35m[K|[m[K     [32m[K|[m[K
      |                       [01;35m[Kint[m[K   [32m[Ksize_t (*)(const char*) throw () {aka long unsigned int (*)(const char*)}[m[K
[01m[K/home/arc/Documents/automatic_arc_melting_system/src/plc_control/src/plc_socket.cpp:[m[K In member function ‘[01m[Kint plc_socket::receive(char*)[m[K’:
[01m[K/home/arc/Documents/automatic_arc_melting_system/src/plc_control/src/plc_socket.cpp:112:23:[m[K [01;35m[Kwarning: [m[Kformat ‘[01m[K%d[m[K’ expects argument of type ‘[01m[Kint[m[K’, but argument 2 has type ‘[01m[Ksize_t (*)(const char*) throw ()[m[K’ {aka ‘[01m[Klong unsigned int (*)(const char*)[m[K’} [[01;35m[K-Wformat=[m[K]
  112 |    printf("read len: [01;35m[K%d[m[K\n", [32m[Kstrlen[m[K);
      |                      [01;35m[K~^[m[K     [32m[K~~~~~~[m[K
      |                       [01;35m[K|[m[K     [32m[K|[m[K
      |                       [01;35m[Kint[m[K   [32m[Ksize_t (*)(const char*) throw () {aka long unsigned int (*)(const char*)}[m[K
make: *** [Makefile:141: all] Error 2
