-- Found ament_cmake: 0.9.9 (/opt/ros/foxy/share/ament_cmake/cmake)
-- Using PYTHON_EXECUTABLE: /usr/bin/python3
-- Found rclcpp: 2.4.1 (/opt/ros/foxy/share/rclcpp/cmake)
-- Using all available rosidl_typesupport_c: rosidl_typesupport_fastrtps_c;rosidl_typesupport_introspection_c
-- Found rosidl_adapter: 1.2.1 (/opt/ros/foxy/share/rosidl_adapter/cmake)
-- Using all available rosidl_typesupport_cpp: rosidl_typesupport_fastrtps_cpp;rosidl_typesupport_introspection_cpp
-- Found rmw_implementation_cmake: 1.0.3 (/opt/ros/foxy/share/rmw_implementation_cmake/cmake)
-- Using RMW implementation 'rmw_fastrtps_cpp' as default
-- Found msg_format: 0.0.0 (/home/arc/Documents/automatic_arc_melting_system/install/msg_format/share/msg_format/cmake)
-- Found ament_lint_auto: 0.9.6 (/opt/ros/foxy/share/ament_lint_auto/cmake)
-- Added test 'copyright' to check source files copyright and LICENSE
-- Added test 'cppcheck' to perform static code analysis on C / C++ code
-- Configured cppcheck include dirs: /home/arc/Documents/automatic_arc_melting_system/src/plc_control/include
-- Configured cppcheck exclude dirs and/or files: 
-- Added test 'cpplint' to check C / C++ code against the Google style
-- Configured cpplint exclude dirs and/or files: 
-- Added test 'lint_cmake' to check CMake code style
-- Added test 'uncrustify' to check C / C++ code style
-- Configured uncrustify additional arguments: 
-- Added test 'xmllint' to check XML markup files
-- Configuring done
-- Generating done
-- Build files have been written to: /home/arc/Documents/automatic_arc_melting_system/build/plc_control
[35m[1mScanning dependencies of target plc_socket[0m
[ 25%] [32mBuilding CXX object CMakeFiles/plc_socket.dir/src/plc_socket.cpp.o[0m
[ 50%] [32m[1mLinking CXX executable PlcServer[0m
/usr/bin/ld: CMakeFiles/PlcServer.dir/src/plc_server.cpp.o: in function `plc_main(std::shared_ptr<msg_format::srv::PlcFormat_Request_<std::allocator<void> > >, std::shared_ptr<msg_format::srv::PlcFormat_Response_<std::allocator<void> > >)':
plc_server.cpp:(.text+0x412): undefined reference to `plc_socket::plc_socket(std::__cxx11::basic_string<char, std::char_traits<char>, std::allocator<char> >, int)'
/usr/bin/ld: plc_server.cpp:(.text+0x479): undefined reference to `plc_socket::write(char*)'
/usr/bin/ld: plc_server.cpp:(.text+0x4a0): undefined reference to `plc_socket::receive(char*)'
/usr/bin/ld: plc_server.cpp:(.text+0x4af): undefined reference to `plc_socket::end()'
collect2: error: ld returned 1 exit status
make[2]: *** [CMakeFiles/PlcServer.dir/build.make:141: PlcServer] Error 1
make[1]: *** [CMakeFiles/Makefile2:80: CMakeFiles/PlcServer.dir/all] Error 2
make[1]: *** Waiting for unfinished jobs....
[01m[K/home/arc/Documents/automatic_arc_melting_system/src/plc_control/src/plc_socket.cpp:[m[K In member function ‘[01m[Kint plc_socket::write(char*)[m[K’:
[01m[K/home/arc/Documents/automatic_arc_melting_system/src/plc_control/src/plc_socket.cpp:82:23:[m[K [01;35m[Kwarning: [m[Kformat ‘[01m[K%d[m[K’ expects argument of type ‘[01m[Kint[m[K’, but argument 2 has type ‘[01m[Ksize_t (*)(const char*) throw ()[m[K’ {aka ‘[01m[Klong unsigned int (*)(const char*)[m[K’} [[01;35m[K-Wformat=[m[K]
   82 |    printf("read len: [01;35m[K%d[m[K\n", [32m[Kstrlen[m[K);
      |                      [01;35m[K~^[m[K     [32m[K~~~~~~[m[K
      |                       [01;35m[K|[m[K     [32m[K|[m[K
      |                       [01;35m[Kint[m[K   [32m[Ksize_t (*)(const char*) throw () {aka long unsigned int (*)(const char*)}[m[K
[01m[K/home/arc/Documents/automatic_arc_melting_system/src/plc_control/src/plc_socket.cpp:[m[K In member function ‘[01m[Kint plc_socket::receive(char*)[m[K’:
[01m[K/home/arc/Documents/automatic_arc_melting_system/src/plc_control/src/plc_socket.cpp:112:23:[m[K [01;35m[Kwarning: [m[Kformat ‘[01m[K%d[m[K’ expects argument of type ‘[01m[Kint[m[K’, but argument 2 has type ‘[01m[Ksize_t (*)(const char*) throw ()[m[K’ {aka ‘[01m[Klong unsigned int (*)(const char*)[m[K’} [[01;35m[K-Wformat=[m[K]
  112 |    printf("read len: [01;35m[K%d[m[K\n", [32m[Kstrlen[m[K);
      |                      [01;35m[K~^[m[K     [32m[K~~~~~~[m[K
      |                       [01;35m[K|[m[K     [32m[K|[m[K
      |                       [01;35m[Kint[m[K   [32m[Ksize_t (*)(const char*) throw () {aka long unsigned int (*)(const char*)}[m[K
[ 75%] [32m[1mLinking CXX static library libplc_socket.a[0m
[ 75%] Built target plc_socket
make: *** [Makefile:141: all] Error 2
