[0.199s] Invoking command in '/home/arc/Documents/automatic_arc_melting_system/build/plc_control': CMAKE_PREFIX_PATH=/opt/ros/foxy /usr/bin/cmake --build /home/arc/Documents/automatic_arc_melting_system/build/plc_control -- -j16 -l16
[0.216s] -- Found ament_cmake: 0.9.9 (/opt/ros/foxy/share/ament_cmake/cmake)
[0.231s] -- Using PYTHON_EXECUTABLE: /usr/bin/python3
[0.387s] -- Found rclcpp: 2.4.1 (/opt/ros/foxy/share/rclcpp/cmake)
[0.416s] -- Using all available rosidl_typesupport_c: rosidl_typesupport_fastrtps_c;rosidl_typesupport_introspection_c
[0.420s] -- Found rosidl_adapter: 1.2.1 (/opt/ros/foxy/share/rosidl_adapter/cmake)
[0.548s] -- Using all available rosidl_typesupport_cpp: rosidl_typesupport_fastrtps_cpp;rosidl_typesupport_introspection_cpp
[0.574s] -- Found rmw_implementation_cmake: 1.0.3 (/opt/ros/foxy/share/rmw_implementation_cmake/cmake)
[0.584s] -- Using RMW implementation 'rmw_fastrtps_cpp' as default
[0.731s] -- Found msg_format: 0.0.0 (/home/arc/Documents/automatic_arc_melting_system/install/msg_format/share/msg_format/cmake)
[0.813s] -- Found ament_lint_auto: 0.9.6 (/opt/ros/foxy/share/ament_lint_auto/cmake)
[0.857s] -- Added test 'copyright' to check source files copyright and LICENSE
[0.858s] -- Added test 'cppcheck' to perform static code analysis on C / C++ code
[0.858s] -- Configured cppcheck include dirs: /home/arc/Documents/automatic_arc_melting_system/src/plc_control/include
[0.858s] -- Configured cppcheck exclude dirs and/or files: 
[0.859s] -- Added test 'cpplint' to check C / C++ code against the Google style
[0.859s] -- Configured cpplint exclude dirs and/or files: 
[0.859s] -- Added test 'lint_cmake' to check CMake code style
[0.859s] -- Added test 'uncrustify' to check C / C++ code style
[0.859s] -- Configured uncrustify additional arguments: 
[0.860s] -- Added test 'xmllint' to check XML markup files
[0.861s] -- Configuring done
[0.868s] -- Generating done
[0.869s] -- Build files have been written to: /home/arc/Documents/automatic_arc_melting_system/build/plc_control
[0.886s] [35m[1mScanning dependencies of target plc_socket[0m
[0.892s] [ 25%] [32mBuilding CXX object CMakeFiles/plc_socket.dir/src/plc_socket.cpp.o[0m
[0.898s] [ 50%] [32m[1mLinking CXX executable PlcServer[0m
[0.976s] /usr/bin/ld: CMakeFiles/PlcServer.dir/src/plc_server.cpp.o: in function `plc_main(std::shared_ptr<msg_format::srv::PlcFormat_Request_<std::allocator<void> > >, std::shared_ptr<msg_format::srv::PlcFormat_Response_<std::allocator<void> > >)':
[0.976s] plc_server.cpp:(.text+0x412): undefined reference to `plc_socket::plc_socket(std::__cxx11::basic_string<char, std::char_traits<char>, std::allocator<char> >, int)'
[0.976s] /usr/bin/ld: plc_server.cpp:(.text+0x479): undefined reference to `plc_socket::write(char*)'
[0.976s] /usr/bin/ld: plc_server.cpp:(.text+0x4a0): undefined reference to `plc_socket::receive(char*)'
[0.976s] /usr/bin/ld: plc_server.cpp:(.text+0x4af): undefined reference to `plc_socket::end()'
[0.976s] collect2: error: ld returned 1 exit status
[0.977s] make[2]: *** [CMakeFiles/PlcServer.dir/build.make:141: PlcServer] Error 1
[0.977s] make[1]: *** [CMakeFiles/Makefile2:80: CMakeFiles/PlcServer.dir/all] Error 2
[0.977s] make[1]: *** Waiting for unfinished jobs....
[1.055s] [01m[K/home/arc/Documents/automatic_arc_melting_system/src/plc_control/src/plc_socket.cpp:[m[K In member function ‘[01m[Kint plc_socket::write(char*)[m[K’:
[1.055s] [01m[K/home/arc/Documents/automatic_arc_melting_system/src/plc_control/src/plc_socket.cpp:82:23:[m[K [01;35m[Kwarning: [m[Kformat ‘[01m[K%d[m[K’ expects argument of type ‘[01m[Kint[m[K’, but argument 2 has type ‘[01m[Ksize_t (*)(const char*) throw ()[m[K’ {aka ‘[01m[Klong unsigned int (*)(const char*)[m[K’} [[01;35m[K-Wformat=[m[K]
[1.055s]    82 |    printf("read len: [01;35m[K%d[m[K\n", [32m[Kstrlen[m[K);
[1.055s]       |                      [01;35m[K~^[m[K     [32m[K~~~~~~[m[K
[1.055s]       |                       [01;35m[K|[m[K     [32m[K|[m[K
[1.055s]       |                       [01;35m[Kint[m[K   [32m[Ksize_t (*)(const char*) throw () {aka long unsigned int (*)(const char*)}[m[K
[1.055s] [01m[K/home/arc/Documents/automatic_arc_melting_system/src/plc_control/src/plc_socket.cpp:[m[K In member function ‘[01m[Kint plc_socket::receive(char*)[m[K’:
[1.055s] [01m[K/home/arc/Documents/automatic_arc_melting_system/src/plc_control/src/plc_socket.cpp:112:23:[m[K [01;35m[Kwarning: [m[Kformat ‘[01m[K%d[m[K’ expects argument of type ‘[01m[Kint[m[K’, but argument 2 has type ‘[01m[Ksize_t (*)(const char*) throw ()[m[K’ {aka ‘[01m[Klong unsigned int (*)(const char*)[m[K’} [[01;35m[K-Wformat=[m[K]
[1.055s]   112 |    printf("read len: [01;35m[K%d[m[K\n", [32m[Kstrlen[m[K);
[1.055s]       |                      [01;35m[K~^[m[K     [32m[K~~~~~~[m[K
[1.055s]       |                       [01;35m[K|[m[K     [32m[K|[m[K
[1.055s]       |                       [01;35m[Kint[m[K   [32m[Ksize_t (*)(const char*) throw () {aka long unsigned int (*)(const char*)}[m[K
[1.096s] [ 75%] [32m[1mLinking CXX static library libplc_socket.a[0m
[1.115s] [ 75%] Built target plc_socket
[1.116s] make: *** [Makefile:141: all] Error 2
[1.117s] Invoked command in '/home/arc/Documents/automatic_arc_melting_system/build/plc_control' returned '2': CMAKE_PREFIX_PATH=/opt/ros/foxy /usr/bin/cmake --build /home/arc/Documents/automatic_arc_melting_system/build/plc_control -- -j16 -l16
