[0.037s] Invoking command in '/home/arc/Documents/automatic_arc_melting_system/build/tcp_handle': CMAKE_PREFIX_PATH=/home/arc/Documents/automatic_arc_melting_system/install/tcp_format:/home/arc/Documents/automatic_arc_melting_system/install/tcp_handle:/home/arc/Documents/automatic_arc_melting_system/install/cobotta_process:/home/arc/Documents/automatic_arc_melting_system/install/auto_weighting:/home/arc/Documents/automatic_arc_melting_system/install/plc_control:/home/arc/Documents/automatic_arc_melting_system/install/msg_format:/home/arc/Documents/automatic_arc_melting_system/install/main_process:/home/arc/Documents/automatic_arc_melting_system/install/action_tutorials_cpp:/home/arc/Documents/automatic_arc_melting_system/install/action_tutorials_interfaces:/home/arc/Documents/automatic_arc_melting_system/install/cobotta_bcap:/opt/ros/foxy /usr/bin/cmake --build /home/arc/Documents/automatic_arc_melting_system/build/tcp_handle -- -j16 -l16
[0.102s] [ 50%] Built target client
[0.109s] [100%] Built target server
[0.144s] Invoked command in '/home/arc/Documents/automatic_arc_melting_system/build/tcp_handle' returned '0': CMAKE_PREFIX_PATH=/home/arc/Documents/automatic_arc_melting_system/install/tcp_format:/home/arc/Documents/automatic_arc_melting_system/install/tcp_handle:/home/arc/Documents/automatic_arc_melting_system/install/cobotta_process:/home/arc/Documents/automatic_arc_melting_system/install/auto_weighting:/home/arc/Documents/automatic_arc_melting_system/install/plc_control:/home/arc/Documents/automatic_arc_melting_system/install/msg_format:/home/arc/Documents/automatic_arc_melting_system/install/main_process:/home/arc/Documents/automatic_arc_melting_system/install/action_tutorials_cpp:/home/arc/Documents/automatic_arc_melting_system/install/action_tutorials_interfaces:/home/arc/Documents/automatic_arc_melting_system/install/cobotta_bcap:/opt/ros/foxy /usr/bin/cmake --build /home/arc/Documents/automatic_arc_melting_system/build/tcp_handle -- -j16 -l16
[0.186s] Invoking command in '/home/arc/Documents/automatic_arc_melting_system/build/tcp_handle': CMAKE_PREFIX_PATH=/home/arc/Documents/automatic_arc_melting_system/install/tcp_format:/home/arc/Documents/automatic_arc_melting_system/install/tcp_handle:/home/arc/Documents/automatic_arc_melting_system/install/cobotta_process:/home/arc/Documents/automatic_arc_melting_system/install/auto_weighting:/home/arc/Documents/automatic_arc_melting_system/install/plc_control:/home/arc/Documents/automatic_arc_melting_system/install/msg_format:/home/arc/Documents/automatic_arc_melting_system/install/main_process:/home/arc/Documents/automatic_arc_melting_system/install/action_tutorials_cpp:/home/arc/Documents/automatic_arc_melting_system/install/action_tutorials_interfaces:/home/arc/Documents/automatic_arc_melting_system/install/cobotta_bcap:/opt/ros/foxy /usr/bin/cmake --install /home/arc/Documents/automatic_arc_melting_system/build/tcp_handle
[0.196s] -- Install configuration: ""
[0.196s] -- Up-to-date: /home/arc/Documents/automatic_arc_melting_system/install/tcp_handle/lib/tcp_handle/server
[0.196s] -- Up-to-date: /home/arc/Documents/automatic_arc_melting_system/install/tcp_handle/lib/tcp_handle/client
[0.197s] -- Up-to-date: /home/arc/Documents/automatic_arc_melting_system/install/tcp_handle/share/ament_index/resource_index/package_run_dependencies/tcp_handle
[0.197s] -- Up-to-date: /home/arc/Documents/automatic_arc_melting_system/install/tcp_handle/share/ament_index/resource_index/parent_prefix_path/tcp_handle
[0.197s] -- Up-to-date: /home/arc/Documents/automatic_arc_melting_system/install/tcp_handle/share/tcp_handle/environment/ament_prefix_path.sh
[0.197s] -- Up-to-date: /home/arc/Documents/automatic_arc_melting_system/install/tcp_handle/share/tcp_handle/environment/ament_prefix_path.dsv
[0.197s] -- Up-to-date: /home/arc/Documents/automatic_arc_melting_system/install/tcp_handle/share/tcp_handle/environment/path.sh
[0.197s] -- Up-to-date: /home/arc/Documents/automatic_arc_melting_system/install/tcp_handle/share/tcp_handle/environment/path.dsv
[0.198s] -- Up-to-date: /home/arc/Documents/automatic_arc_melting_system/install/tcp_handle/share/tcp_handle/local_setup.bash
[0.200s] -- Up-to-date: /home/arc/Documents/automatic_arc_melting_system/install/tcp_handle/share/tcp_handle/local_setup.sh
[0.200s] -- Up-to-date: /home/arc/Documents/automatic_arc_melting_system/install/tcp_handle/share/tcp_handle/local_setup.zsh
[0.200s] -- Up-to-date: /home/arc/Documents/automatic_arc_melting_system/install/tcp_handle/share/tcp_handle/local_setup.dsv
[0.200s] -- Installing: /home/arc/Documents/automatic_arc_melting_system/install/tcp_handle/share/tcp_handle/package.dsv
[0.201s] -- Up-to-date: /home/arc/Documents/automatic_arc_melting_system/install/tcp_handle/share/ament_index/resource_index/packages/tcp_handle
[0.201s] -- Up-to-date: /home/arc/Documents/automatic_arc_melting_system/install/tcp_handle/share/tcp_handle/cmake/tcp_handleConfig.cmake
[0.201s] -- Up-to-date: /home/arc/Documents/automatic_arc_melting_system/install/tcp_handle/share/tcp_handle/cmake/tcp_handleConfig-version.cmake
[0.201s] -- Up-to-date: /home/arc/Documents/automatic_arc_melting_system/install/tcp_handle/share/tcp_handle/package.xml
[0.221s] Invoked command in '/home/arc/Documents/automatic_arc_melting_system/build/tcp_handle' returned '0': CMAKE_PREFIX_PATH=/home/arc/Documents/automatic_arc_melting_system/install/tcp_format:/home/arc/Documents/automatic_arc_melting_system/install/tcp_handle:/home/arc/Documents/automatic_arc_melting_system/install/cobotta_process:/home/arc/Documents/automatic_arc_melting_system/install/auto_weighting:/home/arc/Documents/automatic_arc_melting_system/install/plc_control:/home/arc/Documents/automatic_arc_melting_system/install/msg_format:/home/arc/Documents/automatic_arc_melting_system/install/main_process:/home/arc/Documents/automatic_arc_melting_system/install/action_tutorials_cpp:/home/arc/Documents/automatic_arc_melting_system/install/action_tutorials_interfaces:/home/arc/Documents/automatic_arc_melting_system/install/cobotta_bcap:/opt/ros/foxy /usr/bin/cmake --install /home/arc/Documents/automatic_arc_melting_system/build/tcp_handle
