[0.197s] Invoking command in '/home/arc/Documents/automatic_arc_melting_system/build/plc_control': CMAKE_PREFIX_PATH=/opt/ros/foxy /usr/bin/cmake --build /home/arc/Documents/automatic_arc_melting_system/build/plc_control -- -j16 -l16
[0.225s] [35m[1mScanning dependencies of target PlcServer[0m
[0.257s] [ 33%] [32mBuilding CXX object CMakeFiles/PlcServer.dir/src/plc_server.cpp.o[0m
[0.257s] [ 66%] [32mBuilding CXX object CMakeFiles/PlcServer.dir/src/plc_socket.cpp.o[0m
[1.225s] [01m[K/home/arc/Documents/automatic_arc_melting_system/src/plc_control/src/plc_server.cpp:[m[K In function ‘[01m[Kvoid plc_main(std::shared_ptr<msg_format::srv::PlcFormat_Request_<std::allocator<void> > >, std::shared_ptr<msg_format::srv::PlcFormat_Response_<std::allocator<void> > >)[m[K’:
[1.225s] [01m[K/home/arc/Documents/automatic_arc_melting_system/src/plc_control/src/plc_server.cpp:18:10:[m[K [01;35m[Kwarning: [m[KISO C++ forbids variable length array ‘[01m[Kwrite_msg[m[K’ [[01;35m[K-Wvla[m[K]
[1.225s]    18 |     char [01;35m[Kwrite_msg[m[K[n + 1];
[1.225s]       |          [01;35m[K^~~~~~~~~[m[K
[1.776s] [100%] [32m[1mLinking CXX executable PlcServer[0m
[1.863s] [100%] Built target PlcServer
[1.870s] Invoked command in '/home/arc/Documents/automatic_arc_melting_system/build/plc_control' returned '0': CMAKE_PREFIX_PATH=/opt/ros/foxy /usr/bin/cmake --build /home/arc/Documents/automatic_arc_melting_system/build/plc_control -- -j16 -l16
[1.887s] Invoking command in '/home/arc/Documents/automatic_arc_melting_system/build/plc_control': CMAKE_PREFIX_PATH=/opt/ros/foxy /usr/bin/cmake --install /home/arc/Documents/automatic_arc_melting_system/build/plc_control
[1.893s] -- Install configuration: ""
[1.893s] -- Installing: /home/arc/Documents/automatic_arc_melting_system/install/plc_control/lib/plc_control/PlcServer
[1.894s] -- Set runtime path of "/home/arc/Documents/automatic_arc_melting_system/install/plc_control/lib/plc_control/PlcServer" to ""
[1.894s] -- Up-to-date: /home/arc/Documents/automatic_arc_melting_system/install/plc_control/include
[1.894s] -- Up-to-date: /home/arc/Documents/automatic_arc_melting_system/install/plc_control/include/plc_control
[1.894s] -- Installing: /home/arc/Documents/automatic_arc_melting_system/install/plc_control/include/plc_control/plc_socket.hpp
[1.894s] -- Up-to-date: /home/arc/Documents/automatic_arc_melting_system/install/plc_control/share/ament_index/resource_index/package_run_dependencies/plc_control
[1.894s] -- Up-to-date: /home/arc/Documents/automatic_arc_melting_system/install/plc_control/share/ament_index/resource_index/parent_prefix_path/plc_control
[1.894s] -- Up-to-date: /home/arc/Documents/automatic_arc_melting_system/install/plc_control/share/plc_control/environment/ament_prefix_path.sh
[1.894s] -- Up-to-date: /home/arc/Documents/automatic_arc_melting_system/install/plc_control/share/plc_control/environment/ament_prefix_path.dsv
[1.895s] -- Up-to-date: /home/arc/Documents/automatic_arc_melting_system/install/plc_control/share/plc_control/environment/path.sh
[1.895s] -- Up-to-date: /home/arc/Documents/automatic_arc_melting_system/install/plc_control/share/plc_control/environment/path.dsv
[1.895s] -- Up-to-date: /home/arc/Documents/automatic_arc_melting_system/install/plc_control/share/plc_control/local_setup.bash
[1.895s] -- Up-to-date: /home/arc/Documents/automatic_arc_melting_system/install/plc_control/share/plc_control/local_setup.sh
[1.895s] -- Up-to-date: /home/arc/Documents/automatic_arc_melting_system/install/plc_control/share/plc_control/local_setup.zsh
[1.895s] -- Up-to-date: /home/arc/Documents/automatic_arc_melting_system/install/plc_control/share/plc_control/local_setup.dsv
[1.895s] -- Installing: /home/arc/Documents/automatic_arc_melting_system/install/plc_control/share/plc_control/package.dsv
[1.895s] -- Up-to-date: /home/arc/Documents/automatic_arc_melting_system/install/plc_control/share/ament_index/resource_index/packages/plc_control
[1.895s] -- Up-to-date: /home/arc/Documents/automatic_arc_melting_system/install/plc_control/share/plc_control/cmake/plc_controlConfig.cmake
[1.898s] -- Up-to-date: /home/arc/Documents/automatic_arc_melting_system/install/plc_control/share/plc_control/cmake/plc_controlConfig-version.cmake
[1.898s] -- Up-to-date: /home/arc/Documents/automatic_arc_melting_system/install/plc_control/share/plc_control/package.xml
[1.898s] Invoked command in '/home/arc/Documents/automatic_arc_melting_system/build/plc_control' returned '0': CMAKE_PREFIX_PATH=/opt/ros/foxy /usr/bin/cmake --install /home/arc/Documents/automatic_arc_melting_system/build/plc_control
