[0.007s] Invoking command in '/home/arc/Documents/automatic_arc_melting_system/build/tcp_handle': AMENT_PREFIX_PATH=/home/arc/Documents/automatic_arc_melting_system/install/tcp_format:${AMENT_PREFIX_PATH} CMAKE_PREFIX_PATH=/home/arc/Documents/automatic_arc_melting_system/install/tcp_format:/opt/ros/foxy CONDA_PROMPT_MODIFIER=(base) LD_LIBRARY_PATH=/home/arc/Documents/automatic_arc_melting_system/install/tcp_format/lib:${LD_LIBRARY_PATH} PYTHONPATH=/home/arc/Documents/automatic_arc_melting_system/install/tcp_format/lib/python3.8/site-packages:${PYTHONPATH} /usr/bin/cmake --build /home/arc/Documents/automatic_arc_melting_system/build/tcp_handle -- -j16 -l16
[0.036s] [35m[1mScanning dependencies of target creat[0m
[0.049s] [ 50%] Built target close
[0.049s] [ 50%] Built target client
[0.050s] [ 75%] Built target send
[0.053s] [ 87%] [32mBuilding CXX object CMakeFiles/creat.dir/src/tcp_client.cpp.o[0m
[1.403s] [100%] [32m[1mLinking CXX executable creat[0m
[1.480s] [100%] Built target creat
[1.488s] Invoked command in '/home/arc/Documents/automatic_arc_melting_system/build/tcp_handle' returned '0': AMENT_PREFIX_PATH=/home/arc/Documents/automatic_arc_melting_system/install/tcp_format:${AMENT_PREFIX_PATH} CMAKE_PREFIX_PATH=/home/arc/Documents/automatic_arc_melting_system/install/tcp_format:/opt/ros/foxy CONDA_PROMPT_MODIFIER=(base) LD_LIBRARY_PATH=/home/arc/Documents/automatic_arc_melting_system/install/tcp_format/lib:${LD_LIBRARY_PATH} PYTHONPATH=/home/arc/Documents/automatic_arc_melting_system/install/tcp_format/lib/python3.8/site-packages:${PYTHONPATH} /usr/bin/cmake --build /home/arc/Documents/automatic_arc_melting_system/build/tcp_handle -- -j16 -l16
[1.506s] Invoking command in '/home/arc/Documents/automatic_arc_melting_system/build/tcp_handle': AMENT_PREFIX_PATH=/home/arc/Documents/automatic_arc_melting_system/install/tcp_format:${AMENT_PREFIX_PATH} CMAKE_PREFIX_PATH=/home/arc/Documents/automatic_arc_melting_system/install/tcp_format:/opt/ros/foxy CONDA_PROMPT_MODIFIER=(base) LD_LIBRARY_PATH=/home/arc/Documents/automatic_arc_melting_system/install/tcp_format/lib:${LD_LIBRARY_PATH} PYTHONPATH=/home/arc/Documents/automatic_arc_melting_system/install/tcp_format/lib/python3.8/site-packages:${PYTHONPATH} /usr/bin/cmake --install /home/arc/Documents/automatic_arc_melting_system/build/tcp_handle
[1.512s] -- Install configuration: ""
[1.512s] -- Installing: /home/arc/Documents/automatic_arc_melting_system/install/tcp_handle/lib/tcp_handle/creat
[1.512s] -- Set runtime path of "/home/arc/Documents/automatic_arc_melting_system/install/tcp_handle/lib/tcp_handle/creat" to ""
[1.512s] -- Up-to-date: /home/arc/Documents/automatic_arc_melting_system/install/tcp_handle/lib/tcp_handle/send
[1.512s] -- Up-to-date: /home/arc/Documents/automatic_arc_melting_system/install/tcp_handle/lib/tcp_handle/close
[1.513s] -- Up-to-date: /home/arc/Documents/automatic_arc_melting_system/install/tcp_handle/lib/tcp_handle/client
[1.513s] -- Up-to-date: /home/arc/Documents/automatic_arc_melting_system/install/tcp_handle/share/ament_index/resource_index/package_run_dependencies/tcp_handle
[1.513s] -- Up-to-date: /home/arc/Documents/automatic_arc_melting_system/install/tcp_handle/share/ament_index/resource_index/parent_prefix_path/tcp_handle
[1.513s] -- Up-to-date: /home/arc/Documents/automatic_arc_melting_system/install/tcp_handle/share/tcp_handle/environment/ament_prefix_path.sh
[1.513s] -- Up-to-date: /home/arc/Documents/automatic_arc_melting_system/install/tcp_handle/share/tcp_handle/environment/ament_prefix_path.dsv
[1.513s] -- Up-to-date: /home/arc/Documents/automatic_arc_melting_system/install/tcp_handle/share/tcp_handle/environment/path.sh
[1.513s] -- Up-to-date: /home/arc/Documents/automatic_arc_melting_system/install/tcp_handle/share/tcp_handle/environment/path.dsv
[1.513s] -- Up-to-date: /home/arc/Documents/automatic_arc_melting_system/install/tcp_handle/share/tcp_handle/local_setup.bash
[1.513s] -- Up-to-date: /home/arc/Documents/automatic_arc_melting_system/install/tcp_handle/share/tcp_handle/local_setup.sh
[1.513s] -- Up-to-date: /home/arc/Documents/automatic_arc_melting_system/install/tcp_handle/share/tcp_handle/local_setup.zsh
[1.513s] -- Up-to-date: /home/arc/Documents/automatic_arc_melting_system/install/tcp_handle/share/tcp_handle/local_setup.dsv
[1.514s] -- Installing: /home/arc/Documents/automatic_arc_melting_system/install/tcp_handle/share/tcp_handle/package.dsv
[1.514s] -- Up-to-date: /home/arc/Documents/automatic_arc_melting_system/install/tcp_handle/share/ament_index/resource_index/packages/tcp_handle
[1.514s] -- Up-to-date: /home/arc/Documents/automatic_arc_melting_system/install/tcp_handle/share/tcp_handle/cmake/tcp_handleConfig.cmake
[1.514s] -- Up-to-date: /home/arc/Documents/automatic_arc_melting_system/install/tcp_handle/share/tcp_handle/cmake/tcp_handleConfig-version.cmake
[1.514s] -- Up-to-date: /home/arc/Documents/automatic_arc_melting_system/install/tcp_handle/share/tcp_handle/package.xml
[1.516s] Invoked command in '/home/arc/Documents/automatic_arc_melting_system/build/tcp_handle' returned '0': AMENT_PREFIX_PATH=/home/arc/Documents/automatic_arc_melting_system/install/tcp_format:${AMENT_PREFIX_PATH} CMAKE_PREFIX_PATH=/home/arc/Documents/automatic_arc_melting_system/install/tcp_format:/opt/ros/foxy CONDA_PROMPT_MODIFIER=(base) LD_LIBRARY_PATH=/home/arc/Documents/automatic_arc_melting_system/install/tcp_format/lib:${LD_LIBRARY_PATH} PYTHONPATH=/home/arc/Documents/automatic_arc_melting_system/install/tcp_format/lib/python3.8/site-packages:${PYTHONPATH} /usr/bin/cmake --install /home/arc/Documents/automatic_arc_melting_system/build/tcp_handle
