[0.008s] Invoking command in '/home/arc/Documents/automatic_arc_melting_system/build/tcp_handle': CMAKE_PREFIX_PATH=/home/arc/Documents/automatic_arc_melting_system/install/tcp_format:/home/arc/Documents/automatic_arc_melting_system/install/tcp_handle:/home/arc/Documents/automatic_arc_melting_system/install/cobotta_bcap:/opt/ros/foxy CONDA_PROMPT_MODIFIER=(base) /usr/bin/cmake --build /home/arc/Documents/automatic_arc_melting_system/build/tcp_handle -- -j16 -l16
[0.034s] [35m[1mScanning dependencies of target send[0m
[0.034s] [35m[1mScanning dependencies of target client[0m
[0.046s] [ 50%] Built target close
[0.046s] [ 50%] Built target creat
[0.050s] [ 62%] [32mBuilding CXX object CMakeFiles/client.dir/src/message_test.cpp.o[0m
[0.053s] [ 75%] [32mBuilding CXX object CMakeFiles/send.dir/src/tcp_send.cpp.o[0m
[1.470s] [ 87%] [32m[1mLinking CXX executable send[0m
[1.551s] [ 87%] Built target send
[2.304s] [100%] [32m[1mLinking CXX executable client[0m
[2.403s] [100%] Built target client
[2.410s] Invoked command in '/home/arc/Documents/automatic_arc_melting_system/build/tcp_handle' returned '0': CMAKE_PREFIX_PATH=/home/arc/Documents/automatic_arc_melting_system/install/tcp_format:/home/arc/Documents/automatic_arc_melting_system/install/tcp_handle:/home/arc/Documents/automatic_arc_melting_system/install/cobotta_bcap:/opt/ros/foxy CONDA_PROMPT_MODIFIER=(base) /usr/bin/cmake --build /home/arc/Documents/automatic_arc_melting_system/build/tcp_handle -- -j16 -l16
[2.430s] Invoking command in '/home/arc/Documents/automatic_arc_melting_system/build/tcp_handle': CMAKE_PREFIX_PATH=/home/arc/Documents/automatic_arc_melting_system/install/tcp_format:/home/arc/Documents/automatic_arc_melting_system/install/tcp_handle:/home/arc/Documents/automatic_arc_melting_system/install/cobotta_bcap:/opt/ros/foxy CONDA_PROMPT_MODIFIER=(base) /usr/bin/cmake --install /home/arc/Documents/automatic_arc_melting_system/build/tcp_handle
[2.435s] -- Install configuration: ""
[2.435s] -- Up-to-date: /home/arc/Documents/automatic_arc_melting_system/install/tcp_handle/lib/tcp_handle/creat
[2.435s] -- Installing: /home/arc/Documents/automatic_arc_melting_system/install/tcp_handle/lib/tcp_handle/send
[2.436s] -- Set runtime path of "/home/arc/Documents/automatic_arc_melting_system/install/tcp_handle/lib/tcp_handle/send" to ""
[2.436s] -- Up-to-date: /home/arc/Documents/automatic_arc_melting_system/install/tcp_handle/lib/tcp_handle/close
[2.436s] -- Installing: /home/arc/Documents/automatic_arc_melting_system/install/tcp_handle/lib/tcp_handle/client
[2.437s] -- Set runtime path of "/home/arc/Documents/automatic_arc_melting_system/install/tcp_handle/lib/tcp_handle/client" to ""
[2.437s] -- Up-to-date: /home/arc/Documents/automatic_arc_melting_system/install/tcp_handle/share/ament_index/resource_index/package_run_dependencies/tcp_handle
[2.437s] -- Up-to-date: /home/arc/Documents/automatic_arc_melting_system/install/tcp_handle/share/ament_index/resource_index/parent_prefix_path/tcp_handle
[2.437s] -- Up-to-date: /home/arc/Documents/automatic_arc_melting_system/install/tcp_handle/share/tcp_handle/environment/ament_prefix_path.sh
[2.437s] -- Up-to-date: /home/arc/Documents/automatic_arc_melting_system/install/tcp_handle/share/tcp_handle/environment/ament_prefix_path.dsv
[2.437s] -- Up-to-date: /home/arc/Documents/automatic_arc_melting_system/install/tcp_handle/share/tcp_handle/environment/path.sh
[2.437s] -- Up-to-date: /home/arc/Documents/automatic_arc_melting_system/install/tcp_handle/share/tcp_handle/environment/path.dsv
[2.437s] -- Up-to-date: /home/arc/Documents/automatic_arc_melting_system/install/tcp_handle/share/tcp_handle/local_setup.bash
[2.437s] -- Up-to-date: /home/arc/Documents/automatic_arc_melting_system/install/tcp_handle/share/tcp_handle/local_setup.sh
[2.437s] -- Up-to-date: /home/arc/Documents/automatic_arc_melting_system/install/tcp_handle/share/tcp_handle/local_setup.zsh
[2.437s] -- Up-to-date: /home/arc/Documents/automatic_arc_melting_system/install/tcp_handle/share/tcp_handle/local_setup.dsv
[2.437s] -- Installing: /home/arc/Documents/automatic_arc_melting_system/install/tcp_handle/share/tcp_handle/package.dsv
[2.438s] -- Up-to-date: /home/arc/Documents/automatic_arc_melting_system/install/tcp_handle/share/ament_index/resource_index/packages/tcp_handle
[2.438s] -- Up-to-date: /home/arc/Documents/automatic_arc_melting_system/install/tcp_handle/share/tcp_handle/cmake/tcp_handleConfig.cmake
[2.438s] -- Up-to-date: /home/arc/Documents/automatic_arc_melting_system/install/tcp_handle/share/tcp_handle/cmake/tcp_handleConfig-version.cmake
[2.438s] -- Up-to-date: /home/arc/Documents/automatic_arc_melting_system/install/tcp_handle/share/tcp_handle/package.xml
[2.440s] Invoked command in '/home/arc/Documents/automatic_arc_melting_system/build/tcp_handle' returned '0': CMAKE_PREFIX_PATH=/home/arc/Documents/automatic_arc_melting_system/install/tcp_format:/home/arc/Documents/automatic_arc_melting_system/install/tcp_handle:/home/arc/Documents/automatic_arc_melting_system/install/cobotta_bcap:/opt/ros/foxy CONDA_PROMPT_MODIFIER=(base) /usr/bin/cmake --install /home/arc/Documents/automatic_arc_melting_system/build/tcp_handle
