-- Found ament_cmake: 0.9.9 (/opt/ros/foxy/share/ament_cmake/cmake)
-- Using PYTHON_EXECUTABLE: /usr/bin/python3
-- Found rclcpp: 2.4.1 (/opt/ros/foxy/share/rclcpp/cmake)
-- Using all available rosidl_typesupport_c: rosidl_typesupport_fastrtps_c;rosidl_typesupport_introspection_c
-- Found rosidl_adapter: 1.2.1 (/opt/ros/foxy/share/rosidl_adapter/cmake)
-- Using all available rosidl_typesupport_cpp: rosidl_typesupport_fastrtps_cpp;rosidl_typesupport_introspection_cpp
-- Found rmw_implementation_cmake: 1.0.3 (/opt/ros/foxy/share/rmw_implementation_cmake/cmake)
-- Using RMW implementation 'rmw_fastrtps_cpp' as default
-- Found tcp_format: 0.0.0 (/home/arc/Documents/automatic_arc_melting_system/install/tcp_format/share/tcp_format/cmake)
-- Found ament_lint_auto: 0.9.6 (/opt/ros/foxy/share/ament_lint_auto/cmake)
-- Added test 'copyright' to check source files copyright and LICENSE
-- Added test 'cppcheck' to perform static code analysis on C / C++ code
-- Configured cppcheck include dirs: 
-- Configured cppcheck exclude dirs and/or files: 
-- Added test 'cpplint' to check C / C++ code against the Google style
-- Configured cpplint exclude dirs and/or files: 
-- Added test 'lint_cmake' to check CMake code style
-- Added test 'uncrustify' to check C / C++ code style
-- Configured uncrustify additional arguments: 
-- Added test 'xmllint' to check XML markup files
-- Configuring done
-- Generating done
-- Build files have been written to: /home/arc/Documents/automatic_arc_melting_system/build/tcp_handle
[35m[1mScanning dependencies of target client[0m
[35m[1mScanning dependencies of target server[0m
[ 50%] [32mBuilding CXX object CMakeFiles/server.dir/src/tcp_client.cpp.o[0m
[ 50%] [32mBuilding CXX object CMakeFiles/client.dir/src/message_test.cpp.o[0m
In file included from [01m[K/opt/ros/foxy/include/rclcpp/client.hpp:40[m[K,
                 from [01m[K/opt/ros/foxy/include/rclcpp/callback_group.hpp:23[m[K,
                 from [01m[K/opt/ros/foxy/include/rclcpp/any_executable.hpp:20[m[K,
                 from [01m[K/opt/ros/foxy/include/rclcpp/memory_strategy.hpp:24[m[K,
                 from [01m[K/opt/ros/foxy/include/rclcpp/memory_strategies.hpp:18[m[K,
                 from [01m[K/opt/ros/foxy/include/rclcpp/executor_options.hpp:20[m[K,
                 from [01m[K/opt/ros/foxy/include/rclcpp/executor.hpp:33[m[K,
                 from [01m[K/opt/ros/foxy/include/rclcpp/executors/multi_threaded_executor.hpp:26[m[K,
                 from [01m[K/opt/ros/foxy/include/rclcpp/executors.hpp:21[m[K,
                 from [01m[K/opt/ros/foxy/include/rclcpp/rclcpp.hpp:146[m[K,
                 from [01m[K/home/arc/Documents/automatic_arc_melting_system/src/tcp_handle/src/message_test.cpp:1[m[K:
[01m[K/home/arc/Documents/automatic_arc_melting_system/src/tcp_handle/src/message_test.cpp:[m[K In function ‘[01m[Kint main(int, char**)[m[K’:
[01m[K/home/arc/Documents/automatic_arc_melting_system/src/tcp_handle/src/message_test.cpp:62:78:[m[K [01;31m[Kerror: [m[K‘[01m[Kusing element_type = struct tcp_format::srv::SocketFormat_Response_<std::allocator<void> >[m[K’ {aka ‘[01m[Kstruct tcp_format::srv::SocketFormat_Response_<std::allocator<void> >[m[K’} has no member named ‘[01m[Ksocketfd[m[K’; did you mean ‘[01m[Ksocket_fd[m[K’?
   62 | P_INFO(rclcpp::get_logger("rclcpp"), "socket_fd: %d", result.get()->[01;31m[Ksocketfd[m[K.c_str());
      |                                                                     [01;31m[K^~~~~~~~[m[K

make[2]: *** [CMakeFiles/client.dir/build.make:63: CMakeFiles/client.dir/src/message_test.cpp.o] Error 1
make[1]: *** [CMakeFiles/Makefile2:80: CMakeFiles/client.dir/all] Error 2
make[1]: *** Waiting for unfinished jobs....
[ 75%] [32m[1mLinking CXX executable server[0m
[ 75%] Built target server
make: *** [Makefile:141: all] Error 2
