[0.008s] Invoking command in '/home/arc/Documents/automatic_arc_melting_system/build/tcp_handle': AMENT_PREFIX_PATH=/home/arc/Documents/automatic_arc_melting_system/install/tcp_format:${AMENT_PREFIX_PATH} CMAKE_PREFIX_PATH=/home/arc/Documents/automatic_arc_melting_system/install/tcp_format:/opt/ros/foxy LD_LIBRARY_PATH=/home/arc/Documents/automatic_arc_melting_system/install/tcp_format/lib:${LD_LIBRARY_PATH} PYTHONPATH=/home/arc/Documents/automatic_arc_melting_system/install/tcp_format/lib/python3.8/site-packages:${PYTHONPATH} /usr/bin/cmake --build /home/arc/Documents/automatic_arc_melting_system/build/tcp_handle -- -j16 -l16
[0.025s] -- Found ament_cmake: 0.9.9 (/opt/ros/foxy/share/ament_cmake/cmake)
[0.040s] -- Using PYTHON_EXECUTABLE: /usr/bin/python3
[0.162s] -- Found rclcpp: 2.4.1 (/opt/ros/foxy/share/rclcpp/cmake)
[0.185s] -- Using all available rosidl_typesupport_c: rosidl_typesupport_fastrtps_c;rosidl_typesupport_introspection_c
[0.187s] -- Found rosidl_adapter: 1.2.1 (/opt/ros/foxy/share/rosidl_adapter/cmake)
[0.265s] -- Using all available rosidl_typesupport_cpp: rosidl_typesupport_fastrtps_cpp;rosidl_typesupport_introspection_cpp
[0.300s] -- Found rmw_implementation_cmake: 1.0.3 (/opt/ros/foxy/share/rmw_implementation_cmake/cmake)
[0.301s] -- Using RMW implementation 'rmw_fastrtps_cpp' as default
[0.423s] -- Found tcp_format: 0.0.0 (/home/arc/Documents/automatic_arc_melting_system/install/tcp_format/share/tcp_format/cmake)
[0.429s] -- Found ament_lint_auto: 0.9.6 (/opt/ros/foxy/share/ament_lint_auto/cmake)
[0.473s] -- Added test 'copyright' to check source files copyright and LICENSE
[0.474s] -- Added test 'cppcheck' to perform static code analysis on C / C++ code
[0.474s] -- Configured cppcheck include dirs: 
[0.474s] -- Configured cppcheck exclude dirs and/or files: 
[0.475s] -- Added test 'cpplint' to check C / C++ code against the Google style
[0.475s] -- Configured cpplint exclude dirs and/or files: 
[0.475s] -- Added test 'lint_cmake' to check CMake code style
[0.476s] -- Added test 'uncrustify' to check C / C++ code style
[0.476s] -- Configured uncrustify additional arguments: 
[0.476s] -- Added test 'xmllint' to check XML markup files
[0.479s] -- Configuring done
[0.488s] -- Generating done
[0.489s] -- Build files have been written to: /home/arc/Documents/automatic_arc_melting_system/build/tcp_handle
[0.506s] [35m[1mScanning dependencies of target client[0m
[0.506s] [35m[1mScanning dependencies of target server[0m
[0.523s] [ 50%] [32mBuilding CXX object CMakeFiles/server.dir/src/tcp_client.cpp.o[0m
[0.523s] [ 50%] [32mBuilding CXX object CMakeFiles/client.dir/src/message_test.cpp.o[0m
[1.440s] In file included from [01m[K/opt/ros/foxy/include/rclcpp/client.hpp:40[m[K,
[1.440s]                  from [01m[K/opt/ros/foxy/include/rclcpp/callback_group.hpp:23[m[K,
[1.440s]                  from [01m[K/opt/ros/foxy/include/rclcpp/any_executable.hpp:20[m[K,
[1.440s]                  from [01m[K/opt/ros/foxy/include/rclcpp/memory_strategy.hpp:24[m[K,
[1.440s]                  from [01m[K/opt/ros/foxy/include/rclcpp/memory_strategies.hpp:18[m[K,
[1.440s]                  from [01m[K/opt/ros/foxy/include/rclcpp/executor_options.hpp:20[m[K,
[1.440s]                  from [01m[K/opt/ros/foxy/include/rclcpp/executor.hpp:33[m[K,
[1.441s]                  from [01m[K/opt/ros/foxy/include/rclcpp/executors/multi_threaded_executor.hpp:26[m[K,
[1.441s]                  from [01m[K/opt/ros/foxy/include/rclcpp/executors.hpp:21[m[K,
[1.441s]                  from [01m[K/opt/ros/foxy/include/rclcpp/rclcpp.hpp:146[m[K,
[1.441s]                  from [01m[K/home/arc/Documents/automatic_arc_melting_system/src/tcp_handle/src/message_test.cpp:1[m[K:
[1.441s] [01m[K/home/arc/Documents/automatic_arc_melting_system/src/tcp_handle/src/message_test.cpp:[m[K In function ‘[01m[Kint main(int, char**)[m[K’:
[1.441s] [01m[K/home/arc/Documents/automatic_arc_melting_system/src/tcp_handle/src/message_test.cpp:62:78:[m[K [01;31m[Kerror: [m[K‘[01m[Kusing element_type = struct tcp_format::srv::SocketFormat_Response_<std::allocator<void> >[m[K’ {aka ‘[01m[Kstruct tcp_format::srv::SocketFormat_Response_<std::allocator<void> >[m[K’} has no member named ‘[01m[Ksocketfd[m[K’; did you mean ‘[01m[Ksocket_fd[m[K’?
[1.441s]    62 | P_INFO(rclcpp::get_logger("rclcpp"), "socket_fd: %d", result.get()->[01;31m[Ksocketfd[m[K.c_str());
[1.441s]       |                                                                     [01;31m[K^~~~~~~~[m[K
[1.441s] 
[1.811s] make[2]: *** [CMakeFiles/client.dir/build.make:63: CMakeFiles/client.dir/src/message_test.cpp.o] Error 1
[1.812s] make[1]: *** [CMakeFiles/Makefile2:80: CMakeFiles/client.dir/all] Error 2
[1.812s] make[1]: *** Waiting for unfinished jobs....
[1.931s] [ 75%] [32m[1mLinking CXX executable server[0m
[2.010s] [ 75%] Built target server
[2.010s] make: *** [Makefile:141: all] Error 2
[2.011s] Invoked command in '/home/arc/Documents/automatic_arc_melting_system/build/tcp_handle' returned '2': AMENT_PREFIX_PATH=/home/arc/Documents/automatic_arc_melting_system/install/tcp_format:${AMENT_PREFIX_PATH} CMAKE_PREFIX_PATH=/home/arc/Documents/automatic_arc_melting_system/install/tcp_format:/opt/ros/foxy LD_LIBRARY_PATH=/home/arc/Documents/automatic_arc_melting_system/install/tcp_format/lib:${LD_LIBRARY_PATH} PYTHONPATH=/home/arc/Documents/automatic_arc_melting_system/install/tcp_format/lib/python3.8/site-packages:${PYTHONPATH} /usr/bin/cmake --build /home/arc/Documents/automatic_arc_melting_system/build/tcp_handle -- -j16 -l16
