[0.201s] Invoking command in '/home/arc/Documents/automatic_arc_melting_system/build/plc_control': CMAKE_PREFIX_PATH=/opt/ros/foxy /usr/bin/cmake --build /home/arc/Documents/automatic_arc_melting_system/build/plc_control -- -j16 -l16
[0.246s] [100%] Built target PlcServer
[0.272s] Invoked command in '/home/arc/Documents/automatic_arc_melting_system/build/plc_control' returned '0': CMAKE_PREFIX_PATH=/opt/ros/foxy /usr/bin/cmake --build /home/arc/Documents/automatic_arc_melting_system/build/plc_control -- -j16 -l16
[0.291s] Invoking command in '/home/arc/Documents/automatic_arc_melting_system/build/plc_control': CMAKE_PREFIX_PATH=/opt/ros/foxy /usr/bin/cmake --install /home/arc/Documents/automatic_arc_melting_system/build/plc_control
[0.299s] -- Install configuration: ""
[0.300s] -- Up-to-date: /home/arc/Documents/automatic_arc_melting_system/install/plc_control/lib/plc_control/PlcServer
[0.300s] -- Up-to-date: /home/arc/Documents/automatic_arc_melting_system/install/plc_control/include
[0.300s] -- Up-to-date: /home/arc/Documents/automatic_arc_melting_system/install/plc_control/include/plc_control
[0.302s] -- Up-to-date: /home/arc/Documents/automatic_arc_melting_system/install/plc_control/include/plc_control/plc_socket.hpp
[0.302s] -- Up-to-date: /home/arc/Documents/automatic_arc_melting_system/install/plc_control/share/ament_index/resource_index/package_run_dependencies/plc_control
[0.302s] -- Up-to-date: /home/arc/Documents/automatic_arc_melting_system/install/plc_control/share/ament_index/resource_index/parent_prefix_path/plc_control
[0.302s] -- Up-to-date: /home/arc/Documents/automatic_arc_melting_system/install/plc_control/share/plc_control/environment/ament_prefix_path.sh
[0.302s] -- Up-to-date: /home/arc/Documents/automatic_arc_melting_system/install/plc_control/share/plc_control/environment/ament_prefix_path.dsv
[0.303s] -- Up-to-date: /home/arc/Documents/automatic_arc_melting_system/install/plc_control/share/plc_control/environment/path.sh
[0.303s] -- Up-to-date: /home/arc/Documents/automatic_arc_melting_system/install/plc_control/share/plc_control/environment/path.dsv
[0.303s] -- Up-to-date: /home/arc/Documents/automatic_arc_melting_system/install/plc_control/share/plc_control/local_setup.bash
[0.303s] -- Up-to-date: /home/arc/Documents/automatic_arc_melting_system/install/plc_control/share/plc_control/local_setup.sh
[0.304s] -- Up-to-date: /home/arc/Documents/automatic_arc_melting_system/install/plc_control/share/plc_control/local_setup.zsh
[0.307s] -- Up-to-date: /home/arc/Documents/automatic_arc_melting_system/install/plc_control/share/plc_control/local_setup.dsv
[0.307s] -- Installing: /home/arc/Documents/automatic_arc_melting_system/install/plc_control/share/plc_control/package.dsv
[0.307s] -- Up-to-date: /home/arc/Documents/automatic_arc_melting_system/install/plc_control/share/ament_index/resource_index/packages/plc_control
[0.307s] -- Up-to-date: /home/arc/Documents/automatic_arc_melting_system/install/plc_control/share/plc_control/cmake/plc_controlConfig.cmake
[0.307s] -- Up-to-date: /home/arc/Documents/automatic_arc_melting_system/install/plc_control/share/plc_control/cmake/plc_controlConfig-version.cmake
[0.307s] -- Up-to-date: /home/arc/Documents/automatic_arc_melting_system/install/plc_control/share/plc_control/package.xml
[0.331s] Invoked command in '/home/arc/Documents/automatic_arc_melting_system/build/plc_control' returned '0': CMAKE_PREFIX_PATH=/opt/ros/foxy /usr/bin/cmake --install /home/arc/Documents/automatic_arc_melting_system/build/plc_control
