[0.040s] Invoking command in '/home/arc/Documents/automatic_arc_melting_system/build/action_tutorials_interfaces': CMAKE_PREFIX_PATH=/opt/ros/foxy /usr/bin/cmake --build /home/arc/Documents/automatic_arc_melting_system/build/action_tutorials_interfaces -- -j16 -l16
[0.249s] [  6%] Built target action_tutorials_interfaces__cpp
[0.250s] [ 12%] Built target action_tutorials_interfaces__rosidl_generator_c
[0.250s] [ 22%] Built target action_tutorials_interfaces__rosidl_typesupport_introspection_cpp
[0.252s] [ 41%] Built target action_tutorials_interfaces__rosidl_typesupport_c
[0.252s] [ 51%] Built target action_tutorials_interfaces__rosidl_typesupport_cpp
[0.252s] [ 51%] Built target action_tutorials_interfaces__rosidl_typesupport_introspection_c
[0.253s] [ 61%] Built target action_tutorials_interfaces__rosidl_typesupport_fastrtps_cpp
[0.253s] [ 70%] Built target action_tutorials_interfaces__rosidl_typesupport_fastrtps_c
[0.253s] [ 70%] Built target action_tutorials_interfaces
[0.253s] [ 74%] Built target action_tutorials_interfaces__py
[0.253s] [ 80%] Built target action_tutorials_interfaces__python
[0.253s] [ 93%] Built target action_tutorials_interfaces__rosidl_typesupport_c__pyext
[0.253s] [ 93%] Built target action_tutorials_interfaces__rosidl_typesupport_introspection_c__pyext
[0.253s] [100%] Built target action_tutorials_interfaces__rosidl_typesupport_fastrtps_c__pyext
[0.254s] Invoked command in '/home/arc/Documents/automatic_arc_melting_system/build/action_tutorials_interfaces' returned '0': CMAKE_PREFIX_PATH=/opt/ros/foxy /usr/bin/cmake --build /home/arc/Documents/automatic_arc_melting_system/build/action_tutorials_interfaces -- -j16 -l16
[0.285s] Invoking command in '/home/arc/Documents/automatic_arc_melting_system/build/action_tutorials_interfaces': CMAKE_PREFIX_PATH=/opt/ros/foxy /usr/bin/cmake --install /home/arc/Documents/automatic_arc_melting_system/build/action_tutorials_interfaces
[0.293s] -- Install configuration: ""
[0.294s] -- Up-to-date: /home/arc/Documents/automatic_arc_melting_system/install/action_tutorials_interfaces/share/ament_index/resource_index/rosidl_interfaces/action_tutorials_interfaces
[0.295s] -- Up-to-date: /home/arc/Documents/automatic_arc_melting_system/install/action_tutorials_interfaces/include/action_tutorials_interfaces
[0.295s] -- Up-to-date: /home/arc/Documents/automatic_arc_melting_system/install/action_tutorials_interfaces/include/action_tutorials_interfaces/msg
[0.295s] -- Up-to-date: /home/arc/Documents/automatic_arc_melting_system/install/action_tutorials_interfaces/include/action_tutorials_interfaces/msg/rosidl_generator_c__visibility_control.h
[0.295s] -- Up-to-date: /home/arc/Documents/automatic_arc_melting_system/install/action_tutorials_interfaces/include/action_tutorials_interfaces/action
[0.295s] -- Up-to-date: /home/arc/Documents/automatic_arc_melting_system/install/action_tutorials_interfaces/include/action_tutorials_interfaces/action/fibonacci.h
[0.295s] -- Up-to-date: /home/arc/Documents/automatic_arc_melting_system/install/action_tutorials_interfaces/include/action_tutorials_interfaces/action/detail
[0.295s] -- Up-to-date: /home/arc/Documents/automatic_arc_melting_system/install/action_tutorials_interfaces/include/action_tutorials_interfaces/action/detail/fibonacci__functions.h
[0.295s] -- Up-to-date: /home/arc/Documents/automatic_arc_melting_system/install/action_tutorials_interfaces/include/action_tutorials_interfaces/action/detail/fibonacci__functions.c
[0.296s] -- Up-to-date: /home/arc/Documents/automatic_arc_melting_system/install/action_tutorials_interfaces/include/action_tutorials_interfaces/action/detail/fibonacci__struct.h
[0.296s] -- Up-to-date: /home/arc/Documents/automatic_arc_melting_system/install/action_tutorials_interfaces/include/action_tutorials_interfaces/action/detail/fibonacci__type_support.h
[0.296s] -- Up-to-date: /home/arc/Documents/automatic_arc_melting_system/install/action_tutorials_interfaces/share/action_tutorials_interfaces/environment/library_path.sh
[0.296s] -- Up-to-date: /home/arc/Documents/automatic_arc_melting_system/install/action_tutorials_interfaces/share/action_tutorials_interfaces/environment/library_path.dsv
[0.296s] -- Up-to-date: /home/arc/Documents/automatic_arc_melting_system/install/action_tutorials_interfaces/lib/libaction_tutorials_interfaces__rosidl_generator_c.so
[0.296s] -- Up-to-date: /home/arc/Documents/automatic_arc_melting_system/install/action_tutorials_interfaces/include/action_tutorials_interfaces
[0.296s] -- Up-to-date: /home/arc/Documents/automatic_arc_melting_system/install/action_tutorials_interfaces/include/action_tutorials_interfaces/msg
[0.296s] -- Up-to-date: /home/arc/Documents/automatic_arc_melting_system/install/action_tutorials_interfaces/include/action_tutorials_interfaces/msg/rosidl_typesupport_fastrtps_c__visibility_control.h
[0.296s] -- Up-to-date: /home/arc/Documents/automatic_arc_melting_system/install/action_tutorials_interfaces/include/action_tutorials_interfaces/action
[0.296s] -- Up-to-date: /home/arc/Documents/automatic_arc_melting_system/install/action_tutorials_interfaces/include/action_tutorials_interfaces/action/detail
[0.296s] -- Up-to-date: /home/arc/Documents/automatic_arc_melting_system/install/action_tutorials_interfaces/include/action_tutorials_interfaces/action/detail/fibonacci__rosidl_typesupport_fastrtps_c.h
[0.296s] -- Up-to-date: /home/arc/Documents/automatic_arc_melting_system/install/action_tutorials_interfaces/lib/libaction_tutorials_interfaces__rosidl_typesupport_fastrtps_c.so
[0.296s] -- Up-to-date: /home/arc/Documents/automatic_arc_melting_system/install/action_tutorials_interfaces/include/action_tutorials_interfaces
[0.296s] -- Up-to-date: /home/arc/Documents/automatic_arc_melting_system/install/action_tutorials_interfaces/include/action_tutorials_interfaces/msg
[0.297s] -- Up-to-date: /home/arc/Documents/automatic_arc_melting_system/install/action_tutorials_interfaces/include/action_tutorials_interfaces/msg/rosidl_typesupport_fastrtps_cpp__visibility_control.h
[0.297s] -- Up-to-date: /home/arc/Documents/automatic_arc_melting_system/install/action_tutorials_interfaces/include/action_tutorials_interfaces/action
[0.297s] -- Up-to-date: /home/arc/Documents/automatic_arc_melting_system/install/action_tutorials_interfaces/include/action_tutorials_interfaces/action/detail
[0.297s] -- Up-to-date: /home/arc/Documents/automatic_arc_melting_system/install/action_tutorials_interfaces/include/action_tutorials_interfaces/action/detail/dds_fastrtps
[0.297s] -- Up-to-date: /home/arc/Documents/automatic_arc_melting_system/install/action_tutorials_interfaces/include/action_tutorials_interfaces/action/detail/fibonacci__rosidl_typesupport_fastrtps_cpp.hpp
[0.297s] -- Up-to-date: /home/arc/Documents/automatic_arc_melting_system/install/action_tutorials_interfaces/lib/libaction_tutorials_interfaces__rosidl_typesupport_fastrtps_cpp.so
[0.297s] -- Up-to-date: /home/arc/Documents/automatic_arc_melting_system/install/action_tutorials_interfaces/include/action_tutorials_interfaces
[0.297s] -- Up-to-date: /home/arc/Documents/automatic_arc_melting_system/install/action_tutorials_interfaces/include/action_tutorials_interfaces/msg
[0.297s] -- Up-to-date: /home/arc/Documents/automatic_arc_melting_system/install/action_tutorials_interfaces/include/action_tutorials_interfaces/msg/rosidl_typesupport_introspection_c__visibility_control.h
[0.297s] -- Up-to-date: /home/arc/Documents/automatic_arc_melting_system/install/action_tutorials_interfaces/include/action_tutorials_interfaces/action
[0.297s] -- Up-to-date: /home/arc/Documents/automatic_arc_melting_system/install/action_tutorials_interfaces/include/action_tutorials_interfaces/action/detail
[0.297s] -- Up-to-date: /home/arc/Documents/automatic_arc_melting_system/install/action_tutorials_interfaces/include/action_tutorials_interfaces/action/detail/fibonacci__rosidl_typesupport_introspection_c.h
[0.297s] -- Up-to-date: /home/arc/Documents/automatic_arc_melting_system/install/action_tutorials_interfaces/include/action_tutorials_interfaces/action/detail/fibonacci__type_support.c
[0.298s] -- Up-to-date: /home/arc/Documents/automatic_arc_melting_system/install/action_tutorials_interfaces/lib/libaction_tutorials_interfaces__rosidl_typesupport_introspection_c.so
[0.298s] -- Up-to-date: /home/arc/Documents/automatic_arc_melting_system/install/action_tutorials_interfaces/lib/libaction_tutorials_interfaces__rosidl_typesupport_c.so
[0.298s] -- Up-to-date: /home/arc/Documents/automatic_arc_melting_system/install/action_tutorials_interfaces/include/action_tutorials_interfaces
[0.298s] -- Up-to-date: /home/arc/Documents/automatic_arc_melting_system/install/action_tutorials_interfaces/include/action_tutorials_interfaces/action
[0.298s] -- Up-to-date: /home/arc/Documents/automatic_arc_melting_system/install/action_tutorials_interfaces/include/action_tutorials_interfaces/action/detail
[0.298s] -- Up-to-date: /home/arc/Documents/automatic_arc_melting_system/install/action_tutorials_interfaces/include/action_tutorials_interfaces/action/detail/fibonacci__traits.hpp
[0.298s] -- Up-to-date: /home/arc/Documents/automatic_arc_melting_system/install/action_tutorials_interfaces/include/action_tutorials_interfaces/action/detail/fibonacci__builder.hpp
[0.298s] -- Up-to-date: /home/arc/Documents/automatic_arc_melting_system/install/action_tutorials_interfaces/include/action_tutorials_interfaces/action/detail/fibonacci__struct.hpp
[0.298s] -- Up-to-date: /home/arc/Documents/automatic_arc_melting_system/install/action_tutorials_interfaces/include/action_tutorials_interfaces/action/fibonacci.hpp
[0.298s] -- Up-to-date: /home/arc/Documents/automatic_arc_melting_system/install/action_tutorials_interfaces/include/action_tutorials_interfaces
[0.298s] -- Up-to-date: /home/arc/Documents/automatic_arc_melting_system/install/action_tutorials_interfaces/include/action_tutorials_interfaces/action
[0.298s] -- Up-to-date: /home/arc/Documents/automatic_arc_melting_system/install/action_tutorials_interfaces/include/action_tutorials_interfaces/action/detail
[0.299s] -- Up-to-date: /home/arc/Documents/automatic_arc_melting_system/install/action_tutorials_interfaces/include/action_tutorials_interfaces/action/detail/fibonacci__type_support.cpp
[0.299s] -- Up-to-date: /home/arc/Documents/automatic_arc_melting_system/install/action_tutorials_interfaces/include/action_tutorials_interfaces/action/detail/fibonacci__rosidl_typesupport_introspection_cpp.hpp
[0.299s] -- Up-to-date: /home/arc/Documents/automatic_arc_melting_system/install/action_tutorials_interfaces/lib/libaction_tutorials_interfaces__rosidl_typesupport_introspection_cpp.so
[0.299s] -- Up-to-date: /home/arc/Documents/automatic_arc_melting_system/install/action_tutorials_interfaces/lib/libaction_tutorials_interfaces__rosidl_typesupport_cpp.so
[0.299s] -- Up-to-date: /home/arc/Documents/automatic_arc_melting_system/install/action_tutorials_interfaces/share/action_tutorials_interfaces/environment/pythonpath.sh
[0.299s] -- Up-to-date: /home/arc/Documents/automatic_arc_melting_system/install/action_tutorials_interfaces/share/action_tutorials_interfaces/environment/pythonpath.dsv
[0.299s] -- Up-to-date: /home/arc/Documents/automatic_arc_melting_system/install/action_tutorials_interfaces/lib/python3.8/site-packages/action_tutorials_interfaces/__init__.py
[0.324s] -- Up-to-date: /home/arc/Documents/automatic_arc_melting_system/install/action_tutorials_interfaces/lib/python3.8/site-packages/action_tutorials_interfaces/action
[0.324s] -- Up-to-date: /home/arc/Documents/automatic_arc_melting_system/install/action_tutorials_interfaces/lib/python3.8/site-packages/action_tutorials_interfaces/action/__init__.py
[0.324s] -- Up-to-date: /home/arc/Documents/automatic_arc_melting_system/install/action_tutorials_interfaces/lib/python3.8/site-packages/action_tutorials_interfaces/action/_fibonacci.py
[0.324s] -- Up-to-date: /home/arc/Documents/automatic_arc_melting_system/install/action_tutorials_interfaces/lib/python3.8/site-packages/action_tutorials_interfaces/action/_fibonacci_s.c
[0.325s] -- Up-to-date: /home/arc/Documents/automatic_arc_melting_system/install/action_tutorials_interfaces/lib/python3.8/site-packages/action_tutorials_interfaces/action_tutorials_interfaces_s__rosidl_typesupport_fastrtps_c.cpython-38-x86_64-linux-gnu.so
[0.326s] -- Up-to-date: /home/arc/Documents/automatic_arc_melting_system/install/action_tutorials_interfaces/lib/python3.8/site-packages/action_tutorials_interfaces/action_tutorials_interfaces_s__rosidl_typesupport_introspection_c.cpython-38-x86_64-linux-gnu.so
[0.326s] -- Up-to-date: /home/arc/Documents/automatic_arc_melting_system/install/action_tutorials_interfaces/lib/python3.8/site-packages/action_tutorials_interfaces/action_tutorials_interfaces_s__rosidl_typesupport_c.cpython-38-x86_64-linux-gnu.so
[0.326s] -- Up-to-date: /home/arc/Documents/automatic_arc_melting_system/install/action_tutorials_interfaces/lib/libaction_tutorials_interfaces__python.so
[0.326s] -- Up-to-date: /home/arc/Documents/automatic_arc_melting_system/install/action_tutorials_interfaces/share/action_tutorials_interfaces/action/Fibonacci.idl
[0.327s] -- Up-to-date: /home/arc/Documents/automatic_arc_melting_system/install/action_tutorials_interfaces/share/action_tutorials_interfaces/action/Fibonacci.action
[0.327s] -- Up-to-date: /home/arc/Documents/automatic_arc_melting_system/install/action_tutorials_interfaces/share/ament_index/resource_index/package_run_dependencies/action_tutorials_interfaces
[0.327s] -- Up-to-date: /home/arc/Documents/automatic_arc_melting_system/install/action_tutorials_interfaces/share/ament_index/resource_index/parent_prefix_path/action_tutorials_interfaces
[0.327s] -- Up-to-date: /home/arc/Documents/automatic_arc_melting_system/install/action_tutorials_interfaces/share/action_tutorials_interfaces/environment/ament_prefix_path.sh
[0.327s] -- Up-to-date: /home/arc/Documents/automatic_arc_melting_system/install/action_tutorials_interfaces/share/action_tutorials_interfaces/environment/ament_prefix_path.dsv
[0.328s] -- Up-to-date: /home/arc/Documents/automatic_arc_melting_system/install/action_tutorials_interfaces/share/action_tutorials_interfaces/environment/path.sh
[0.328s] -- Up-to-date: /home/arc/Documents/automatic_arc_melting_system/install/action_tutorials_interfaces/share/action_tutorials_interfaces/environment/path.dsv
[0.328s] -- Up-to-date: /home/arc/Documents/automatic_arc_melting_system/install/action_tutorials_interfaces/share/action_tutorials_interfaces/local_setup.bash
[0.328s] -- Up-to-date: /home/arc/Documents/automatic_arc_melting_system/install/action_tutorials_interfaces/share/action_tutorials_interfaces/local_setup.sh
[0.328s] -- Up-to-date: /home/arc/Documents/automatic_arc_melting_system/install/action_tutorials_interfaces/share/action_tutorials_interfaces/local_setup.zsh
[0.328s] -- Up-to-date: /home/arc/Documents/automatic_arc_melting_system/install/action_tutorials_interfaces/share/action_tutorials_interfaces/local_setup.dsv
[0.328s] -- Installing: /home/arc/Documents/automatic_arc_melting_system/install/action_tutorials_interfaces/share/action_tutorials_interfaces/package.dsv
[0.328s] -- Up-to-date: /home/arc/Documents/automatic_arc_melting_system/install/action_tutorials_interfaces/share/ament_index/resource_index/packages/action_tutorials_interfaces
[0.329s] -- Up-to-date: /home/arc/Documents/automatic_arc_melting_system/install/action_tutorials_interfaces/share/action_tutorials_interfaces/cmake/action_tutorials_interfaces__rosidl_generator_cExport.cmake
[0.329s] -- Up-to-date: /home/arc/Documents/automatic_arc_melting_system/install/action_tutorials_interfaces/share/action_tutorials_interfaces/cmake/action_tutorials_interfaces__rosidl_generator_cExport-noconfig.cmake
[0.331s] -- Up-to-date: /home/arc/Documents/automatic_arc_melting_system/install/action_tutorials_interfaces/share/action_tutorials_interfaces/cmake/action_tutorials_interfaces__rosidl_typesupport_introspection_cExport.cmake
[0.331s] -- Up-to-date: /home/arc/Documents/automatic_arc_melting_system/install/action_tutorials_interfaces/share/action_tutorials_interfaces/cmake/action_tutorials_interfaces__rosidl_typesupport_introspection_cExport-noconfig.cmake
[0.331s] -- Up-to-date: /home/arc/Documents/automatic_arc_melting_system/install/action_tutorials_interfaces/share/action_tutorials_interfaces/cmake/action_tutorials_interfaces__rosidl_typesupport_cExport.cmake
[0.332s] -- Up-to-date: /home/arc/Documents/automatic_arc_melting_system/install/action_tutorials_interfaces/share/action_tutorials_interfaces/cmake/action_tutorials_interfaces__rosidl_typesupport_cExport-noconfig.cmake
[0.332s] -- Up-to-date: /home/arc/Documents/automatic_arc_melting_system/install/action_tutorials_interfaces/share/action_tutorials_interfaces/cmake/action_tutorials_interfaces__rosidl_generator_cppExport.cmake
[0.332s] -- Up-to-date: /home/arc/Documents/automatic_arc_melting_system/install/action_tutorials_interfaces/share/action_tutorials_interfaces/cmake/action_tutorials_interfaces__rosidl_typesupport_introspection_cppExport.cmake
[0.332s] -- Up-to-date: /home/arc/Documents/automatic_arc_melting_system/install/action_tutorials_interfaces/share/action_tutorials_interfaces/cmake/action_tutorials_interfaces__rosidl_typesupport_introspection_cppExport-noconfig.cmake
[0.333s] -- Up-to-date: /home/arc/Documents/automatic_arc_melting_system/install/action_tutorials_interfaces/share/action_tutorials_interfaces/cmake/action_tutorials_interfaces__rosidl_typesupport_cppExport.cmake
[0.333s] -- Up-to-date: /home/arc/Documents/automatic_arc_melting_system/install/action_tutorials_interfaces/share/action_tutorials_interfaces/cmake/action_tutorials_interfaces__rosidl_typesupport_cppExport-noconfig.cmake
[0.334s] -- Up-to-date: /home/arc/Documents/automatic_arc_melting_system/install/action_tutorials_interfaces/share/action_tutorials_interfaces/cmake/rosidl_cmake-extras.cmake
[0.334s] -- Up-to-date: /home/arc/Documents/automatic_arc_melting_system/install/action_tutorials_interfaces/share/action_tutorials_interfaces/cmake/ament_cmake_export_dependencies-extras.cmake
[0.334s] -- Up-to-date: /home/arc/Documents/automatic_arc_melting_system/install/action_tutorials_interfaces/share/action_tutorials_interfaces/cmake/ament_cmake_export_libraries-extras.cmake
[0.336s] -- Up-to-date: /home/arc/Documents/automatic_arc_melting_system/install/action_tutorials_interfaces/share/action_tutorials_interfaces/cmake/ament_cmake_export_targets-extras.cmake
[0.337s] -- Up-to-date: /home/arc/Documents/automatic_arc_melting_system/install/action_tutorials_interfaces/share/action_tutorials_interfaces/cmake/ament_cmake_export_include_directories-extras.cmake
[0.337s] -- Up-to-date: /home/arc/Documents/automatic_arc_melting_system/install/action_tutorials_interfaces/share/action_tutorials_interfaces/cmake/rosidl_cmake_export_typesupport_libraries-extras.cmake
[0.338s] -- Up-to-date: /home/arc/Documents/automatic_arc_melting_system/install/action_tutorials_interfaces/share/action_tutorials_interfaces/cmake/rosidl_cmake_export_typesupport_targets-extras.cmake
[0.338s] -- Up-to-date: /home/arc/Documents/automatic_arc_melting_system/install/action_tutorials_interfaces/share/action_tutorials_interfaces/cmake/action_tutorials_interfacesConfig.cmake
[0.338s] -- Up-to-date: /home/arc/Documents/automatic_arc_melting_system/install/action_tutorials_interfaces/share/action_tutorials_interfaces/cmake/action_tutorials_interfacesConfig-version.cmake
[0.339s] -- Up-to-date: /home/arc/Documents/automatic_arc_melting_system/install/action_tutorials_interfaces/share/action_tutorials_interfaces/package.xml
[0.359s] Invoked command in '/home/arc/Documents/automatic_arc_melting_system/build/action_tutorials_interfaces' returned '0': CMAKE_PREFIX_PATH=/opt/ros/foxy /usr/bin/cmake --install /home/arc/Documents/automatic_arc_melting_system/build/action_tutorials_interfaces
