[0.104s] DEBUG:colcon:Command line arguments: ['/usr/bin/colcon', 'build']
[0.104s] DEBUG:colcon:Parsed command line arguments: Namespace(allow_overriding=[], ament_cmake_args=None, base_paths=['.'], build_base='build', catkin_cmake_args=None, catkin_skip_building_tests=False, cmake_args=None, cmake_clean_cache=False, cmake_clean_first=False, cmake_force_configure=False, cmake_target=None, cmake_target_skip_unavailable=False, continue_on_error=False, event_handlers=None, executor='parallel', ignore_user_meta=False, install_base='install', log_base=None, log_level=None, main=<bound method BuildVerb.main of <colcon_core.verb.build.BuildVerb object at 0x7f6bf006f700>>, merge_install=False, metas=['./colcon.meta'], packages_above=None, packages_above_and_dependencies=None, packages_above_depth=None, packages_end=None, packages_ignore=None, packages_ignore_regex=None, packages_select=None, packages_select_build_failed=False, packages_select_by_dep=None, packages_select_regex=None, packages_select_test_failures=False, packages_skip=None, packages_skip_build_finished=False, packages_skip_by_dep=None, packages_skip_regex=None, packages_skip_test_passed=False, packages_skip_up_to=None, packages_start=None, packages_up_to=None, packages_up_to_regex=None, parallel_workers=16, paths=None, symlink_install=False, test_result_base=None, verb_extension=<colcon_core.verb.build.BuildVerb object at 0x7f6bf006f700>, verb_name='build', verb_parser=<colcon_defaults.argument_parser.defaults.DefaultArgumentsDecorator object at 0x7f6bf006fc40>)
[0.121s] Level 1:colcon.colcon_core.package_discovery:discover_packages(colcon_meta) check parameters
[0.121s] Level 1:colcon.colcon_core.package_discovery:discover_packages(recursive) check parameters
[0.121s] Level 1:colcon.colcon_core.package_discovery:discover_packages(ignore) check parameters
[0.121s] Level 1:colcon.colcon_core.package_discovery:discover_packages(path) check parameters
[0.121s] Level 1:colcon.colcon_core.package_discovery:discover_packages(colcon_meta) discover
[0.121s] Level 1:colcon.colcon_core.package_discovery:discover_packages(recursive) discover
[0.121s] INFO:colcon.colcon_core.package_discovery:Crawling recursively for packages in '/home/arc/Documents/automatic_arc_melting_system'
[0.121s] Level 1:colcon.colcon_core.package_identification:_identify(.) by extensions ['ignore', 'ignore_ament_install']
[0.121s] Level 1:colcon.colcon_core.package_identification:_identify(.) by extension 'ignore'
[0.121s] Level 1:colcon.colcon_core.package_identification:_identify(.) by extension 'ignore_ament_install'
[0.121s] Level 1:colcon.colcon_core.package_identification:_identify(.) by extensions ['colcon_pkg']
[0.121s] Level 1:colcon.colcon_core.package_identification:_identify(.) by extension 'colcon_pkg'
[0.121s] Level 1:colcon.colcon_core.package_identification:_identify(.) by extensions ['colcon_meta']
[0.122s] Level 1:colcon.colcon_core.package_identification:_identify(.) by extension 'colcon_meta'
[0.122s] Level 1:colcon.colcon_core.package_identification:_identify(.) by extensions ['ros']
[0.122s] Level 1:colcon.colcon_core.package_identification:_identify(.) by extension 'ros'
[0.129s] Level 1:colcon.colcon_core.package_identification:_identify(.) by extensions ['cmake', 'python']
[0.129s] Level 1:colcon.colcon_core.package_identification:_identify(.) by extension 'cmake'
[0.129s] Level 1:colcon.colcon_core.package_identification:_identify(.) by extension 'python'
[0.129s] Level 1:colcon.colcon_core.package_identification:_identify(.) by extensions ['python_setup_py']
[0.129s] Level 1:colcon.colcon_core.package_identification:_identify(.) by extension 'python_setup_py'
[0.130s] Level 1:colcon.colcon_core.package_identification:_identify(build) by extensions ['ignore', 'ignore_ament_install']
[0.130s] Level 1:colcon.colcon_core.package_identification:_identify(build) by extension 'ignore'
[0.130s] Level 1:colcon.colcon_core.package_identification:_identify(build) ignored
[0.130s] Level 1:colcon.colcon_core.package_identification:_identify(install) by extensions ['ignore', 'ignore_ament_install']
[0.130s] Level 1:colcon.colcon_core.package_identification:_identify(install) by extension 'ignore'
[0.130s] Level 1:colcon.colcon_core.package_identification:_identify(install) ignored
[0.130s] Level 1:colcon.colcon_core.package_identification:_identify(log) by extensions ['ignore', 'ignore_ament_install']
[0.130s] Level 1:colcon.colcon_core.package_identification:_identify(log) by extension 'ignore'
[0.130s] Level 1:colcon.colcon_core.package_identification:_identify(log) ignored
[0.130s] Level 1:colcon.colcon_core.package_identification:_identify(src) by extensions ['ignore', 'ignore_ament_install']
[0.130s] Level 1:colcon.colcon_core.package_identification:_identify(src) by extension 'ignore'
[0.130s] Level 1:colcon.colcon_core.package_identification:_identify(src) by extension 'ignore_ament_install'
[0.130s] Level 1:colcon.colcon_core.package_identification:_identify(src) by extensions ['colcon_pkg']
[0.130s] Level 1:colcon.colcon_core.package_identification:_identify(src) by extension 'colcon_pkg'
[0.130s] Level 1:colcon.colcon_core.package_identification:_identify(src) by extensions ['colcon_meta']
[0.130s] Level 1:colcon.colcon_core.package_identification:_identify(src) by extension 'colcon_meta'
[0.130s] Level 1:colcon.colcon_core.package_identification:_identify(src) by extensions ['ros']
[0.130s] Level 1:colcon.colcon_core.package_identification:_identify(src) by extension 'ros'
[0.130s] Level 1:colcon.colcon_core.package_identification:_identify(src) by extensions ['cmake', 'python']
[0.130s] Level 1:colcon.colcon_core.package_identification:_identify(src) by extension 'cmake'
[0.131s] Level 1:colcon.colcon_core.package_identification:_identify(src) by extension 'python'
[0.131s] Level 1:colcon.colcon_core.package_identification:_identify(src) by extensions ['python_setup_py']
[0.131s] Level 1:colcon.colcon_core.package_identification:_identify(src) by extension 'python_setup_py'
[0.131s] Level 1:colcon.colcon_core.package_identification:_identify(src/auto_weighting) by extensions ['ignore', 'ignore_ament_install']
[0.131s] Level 1:colcon.colcon_core.package_identification:_identify(src/auto_weighting) by extension 'ignore'
[0.131s] Level 1:colcon.colcon_core.package_identification:_identify(src/auto_weighting) by extension 'ignore_ament_install'
[0.131s] Level 1:colcon.colcon_core.package_identification:_identify(src/auto_weighting) by extensions ['colcon_pkg']
[0.131s] Level 1:colcon.colcon_core.package_identification:_identify(src/auto_weighting) by extension 'colcon_pkg'
[0.131s] Level 1:colcon.colcon_core.package_identification:_identify(src/auto_weighting) by extensions ['colcon_meta']
[0.131s] Level 1:colcon.colcon_core.package_identification:_identify(src/auto_weighting) by extension 'colcon_meta'
[0.131s] Level 1:colcon.colcon_core.package_identification:_identify(src/auto_weighting) by extensions ['ros']
[0.131s] Level 1:colcon.colcon_core.package_identification:_identify(src/auto_weighting) by extension 'ros'
[0.133s] DEBUG:colcon.colcon_core.package_identification:Package 'src/auto_weighting' with type 'ros.ament_cmake' and name 'auto_weighting'
[0.133s] Level 1:colcon.colcon_core.package_identification:_identify(src/build) by extensions ['ignore', 'ignore_ament_install']
[0.133s] Level 1:colcon.colcon_core.package_identification:_identify(src/build) by extension 'ignore'
[0.133s] Level 1:colcon.colcon_core.package_identification:_identify(src/build) ignored
[0.133s] Level 1:colcon.colcon_core.package_identification:_identify(src/cobotta_bcap) by extensions ['ignore', 'ignore_ament_install']
[0.133s] Level 1:colcon.colcon_core.package_identification:_identify(src/cobotta_bcap) by extension 'ignore'
[0.133s] Level 1:colcon.colcon_core.package_identification:_identify(src/cobotta_bcap) by extension 'ignore_ament_install'
[0.133s] Level 1:colcon.colcon_core.package_identification:_identify(src/cobotta_bcap) by extensions ['colcon_pkg']
[0.133s] Level 1:colcon.colcon_core.package_identification:_identify(src/cobotta_bcap) by extension 'colcon_pkg'
[0.133s] Level 1:colcon.colcon_core.package_identification:_identify(src/cobotta_bcap) by extensions ['colcon_meta']
[0.133s] Level 1:colcon.colcon_core.package_identification:_identify(src/cobotta_bcap) by extension 'colcon_meta'
[0.133s] Level 1:colcon.colcon_core.package_identification:_identify(src/cobotta_bcap) by extensions ['ros']
[0.133s] Level 1:colcon.colcon_core.package_identification:_identify(src/cobotta_bcap) by extension 'ros'
[0.134s] DEBUG:colcon.colcon_core.package_identification:Package 'src/cobotta_bcap' with type 'ros.ament_python' and name 'cobotta_bcap'
[0.134s] Level 1:colcon.colcon_core.package_identification:_identify(src/cobotta_process) by extensions ['ignore', 'ignore_ament_install']
[0.134s] Level 1:colcon.colcon_core.package_identification:_identify(src/cobotta_process) by extension 'ignore'
[0.134s] Level 1:colcon.colcon_core.package_identification:_identify(src/cobotta_process) by extension 'ignore_ament_install'
[0.134s] Level 1:colcon.colcon_core.package_identification:_identify(src/cobotta_process) by extensions ['colcon_pkg']
[0.134s] Level 1:colcon.colcon_core.package_identification:_identify(src/cobotta_process) by extension 'colcon_pkg'
[0.134s] Level 1:colcon.colcon_core.package_identification:_identify(src/cobotta_process) by extensions ['colcon_meta']
[0.134s] Level 1:colcon.colcon_core.package_identification:_identify(src/cobotta_process) by extension 'colcon_meta'
[0.134s] Level 1:colcon.colcon_core.package_identification:_identify(src/cobotta_process) by extensions ['ros']
[0.134s] Level 1:colcon.colcon_core.package_identification:_identify(src/cobotta_process) by extension 'ros'
[0.134s] DEBUG:colcon.colcon_core.package_identification:Package 'src/cobotta_process' with type 'ros.ament_cmake' and name 'cobotta_process'
[0.134s] Level 1:colcon.colcon_core.package_identification:_identify(src/install) by extensions ['ignore', 'ignore_ament_install']
[0.134s] Level 1:colcon.colcon_core.package_identification:_identify(src/install) by extension 'ignore'
[0.134s] Level 1:colcon.colcon_core.package_identification:_identify(src/install) ignored
[0.135s] Level 1:colcon.colcon_core.package_identification:_identify(src/log) by extensions ['ignore', 'ignore_ament_install']
[0.135s] Level 1:colcon.colcon_core.package_identification:_identify(src/log) by extension 'ignore'
[0.135s] Level 1:colcon.colcon_core.package_identification:_identify(src/log) ignored
[0.135s] Level 1:colcon.colcon_core.package_identification:_identify(src/tcp_format) by extensions ['ignore', 'ignore_ament_install']
[0.135s] Level 1:colcon.colcon_core.package_identification:_identify(src/tcp_format) by extension 'ignore'
[0.135s] Level 1:colcon.colcon_core.package_identification:_identify(src/tcp_format) by extension 'ignore_ament_install'
[0.135s] Level 1:colcon.colcon_core.package_identification:_identify(src/tcp_format) by extensions ['colcon_pkg']
[0.135s] Level 1:colcon.colcon_core.package_identification:_identify(src/tcp_format) by extension 'colcon_pkg'
[0.135s] Level 1:colcon.colcon_core.package_identification:_identify(src/tcp_format) by extensions ['colcon_meta']
[0.135s] Level 1:colcon.colcon_core.package_identification:_identify(src/tcp_format) by extension 'colcon_meta'
[0.135s] Level 1:colcon.colcon_core.package_identification:_identify(src/tcp_format) by extensions ['ros']
[0.135s] Level 1:colcon.colcon_core.package_identification:_identify(src/tcp_format) by extension 'ros'
[0.135s] DEBUG:colcon.colcon_core.package_identification:Package 'src/tcp_format' with type 'ros.ament_cmake' and name 'tcp_format'
[0.135s] Level 1:colcon.colcon_core.package_identification:_identify(src/tcp_handle) by extensions ['ignore', 'ignore_ament_install']
[0.135s] Level 1:colcon.colcon_core.package_identification:_identify(src/tcp_handle) by extension 'ignore'
[0.136s] Level 1:colcon.colcon_core.package_identification:_identify(src/tcp_handle) by extension 'ignore_ament_install'
[0.136s] Level 1:colcon.colcon_core.package_identification:_identify(src/tcp_handle) by extensions ['colcon_pkg']
[0.136s] Level 1:colcon.colcon_core.package_identification:_identify(src/tcp_handle) by extension 'colcon_pkg'
[0.136s] Level 1:colcon.colcon_core.package_identification:_identify(src/tcp_handle) by extensions ['colcon_meta']
[0.136s] Level 1:colcon.colcon_core.package_identification:_identify(src/tcp_handle) by extension 'colcon_meta'
[0.136s] Level 1:colcon.colcon_core.package_identification:_identify(src/tcp_handle) by extensions ['ros']
[0.136s] Level 1:colcon.colcon_core.package_identification:_identify(src/tcp_handle) by extension 'ros'
[0.136s] DEBUG:colcon.colcon_core.package_identification:Package 'src/tcp_handle' with type 'ros.ament_cmake' and name 'tcp_handle'
[0.136s] Level 1:colcon.colcon_core.package_discovery:discover_packages(recursive) using defaults
[0.136s] Level 1:colcon.colcon_core.package_discovery:discover_packages(ignore) discover
[0.136s] Level 1:colcon.colcon_core.package_discovery:discover_packages(ignore) using defaults
[0.136s] Level 1:colcon.colcon_core.package_discovery:discover_packages(path) discover
[0.136s] Level 1:colcon.colcon_core.package_discovery:discover_packages(path) using defaults
[0.156s] Level 1:colcon.colcon_core.package_discovery:discover_packages(prefix_path) check parameters
[0.156s] Level 1:colcon.colcon_core.package_discovery:discover_packages(prefix_path) discover
[0.158s] DEBUG:colcon.colcon_installed_package_information.package_discovery:Found 5 installed packages in /home/arc/Documents/automatic_arc_melting_system/install
[0.159s] DEBUG:colcon.colcon_installed_package_information.package_discovery:Found 256 installed packages in /opt/ros/foxy
[0.160s] Level 1:colcon.colcon_core.package_discovery:discover_packages(prefix_path) using defaults
[0.208s] Level 5:colcon.colcon_core.verb:set package 'cobotta_bcap' build argument 'cmake_args' from command line to 'None'
[0.208s] Level 5:colcon.colcon_core.verb:set package 'cobotta_bcap' build argument 'cmake_target' from command line to 'None'
[0.208s] Level 5:colcon.colcon_core.verb:set package 'cobotta_bcap' build argument 'cmake_target_skip_unavailable' from command line to 'False'
[0.208s] Level 5:colcon.colcon_core.verb:set package 'cobotta_bcap' build argument 'cmake_clean_cache' from command line to 'False'
[0.208s] Level 5:colcon.colcon_core.verb:set package 'cobotta_bcap' build argument 'cmake_clean_first' from command line to 'False'
[0.208s] Level 5:colcon.colcon_core.verb:set package 'cobotta_bcap' build argument 'cmake_force_configure' from command line to 'False'
[0.208s] Level 5:colcon.colcon_core.verb:set package 'cobotta_bcap' build argument 'ament_cmake_args' from command line to 'None'
[0.208s] Level 5:colcon.colcon_core.verb:set package 'cobotta_bcap' build argument 'catkin_cmake_args' from command line to 'None'
[0.208s] Level 5:colcon.colcon_core.verb:set package 'cobotta_bcap' build argument 'catkin_skip_building_tests' from command line to 'False'
[0.208s] DEBUG:colcon.colcon_core.verb:Building package 'cobotta_bcap' with the following arguments: {'ament_cmake_args': None, 'build_base': '/home/arc/Documents/automatic_arc_melting_system/build/cobotta_bcap', 'catkin_cmake_args': None, 'catkin_skip_building_tests': False, 'cmake_args': None, 'cmake_clean_cache': False, 'cmake_clean_first': False, 'cmake_force_configure': False, 'cmake_target': None, 'cmake_target_skip_unavailable': False, 'install_base': '/home/arc/Documents/automatic_arc_melting_system/install/cobotta_bcap', 'merge_install': False, 'path': '/home/arc/Documents/automatic_arc_melting_system/src/cobotta_bcap', 'symlink_install': False, 'test_result_base': None}
[0.209s] Level 5:colcon.colcon_core.verb:set package 'tcp_format' build argument 'cmake_args' from command line to 'None'
[0.209s] Level 5:colcon.colcon_core.verb:set package 'tcp_format' build argument 'cmake_target' from command line to 'None'
[0.209s] Level 5:colcon.colcon_core.verb:set package 'tcp_format' build argument 'cmake_target_skip_unavailable' from command line to 'False'
[0.209s] Level 5:colcon.colcon_core.verb:set package 'tcp_format' build argument 'cmake_clean_cache' from command line to 'False'
[0.209s] Level 5:colcon.colcon_core.verb:set package 'tcp_format' build argument 'cmake_clean_first' from command line to 'False'
[0.209s] Level 5:colcon.colcon_core.verb:set package 'tcp_format' build argument 'cmake_force_configure' from command line to 'False'
[0.209s] Level 5:colcon.colcon_core.verb:set package 'tcp_format' build argument 'ament_cmake_args' from command line to 'None'
[0.209s] Level 5:colcon.colcon_core.verb:set package 'tcp_format' build argument 'catkin_cmake_args' from command line to 'None'
[0.209s] Level 5:colcon.colcon_core.verb:set package 'tcp_format' build argument 'catkin_skip_building_tests' from command line to 'False'
[0.209s] DEBUG:colcon.colcon_core.verb:Building package 'tcp_format' with the following arguments: {'ament_cmake_args': None, 'build_base': '/home/arc/Documents/automatic_arc_melting_system/build/tcp_format', 'catkin_cmake_args': None, 'catkin_skip_building_tests': False, 'cmake_args': None, 'cmake_clean_cache': False, 'cmake_clean_first': False, 'cmake_force_configure': False, 'cmake_target': None, 'cmake_target_skip_unavailable': False, 'install_base': '/home/arc/Documents/automatic_arc_melting_system/install/tcp_format', 'merge_install': False, 'path': '/home/arc/Documents/automatic_arc_melting_system/src/tcp_format', 'symlink_install': False, 'test_result_base': None}
[0.210s] Level 5:colcon.colcon_core.verb:set package 'auto_weighting' build argument 'cmake_args' from command line to 'None'
[0.210s] Level 5:colcon.colcon_core.verb:set package 'auto_weighting' build argument 'cmake_target' from command line to 'None'
[0.210s] Level 5:colcon.colcon_core.verb:set package 'auto_weighting' build argument 'cmake_target_skip_unavailable' from command line to 'False'
[0.210s] Level 5:colcon.colcon_core.verb:set package 'auto_weighting' build argument 'cmake_clean_cache' from command line to 'False'
[0.210s] Level 5:colcon.colcon_core.verb:set package 'auto_weighting' build argument 'cmake_clean_first' from command line to 'False'
[0.210s] Level 5:colcon.colcon_core.verb:set package 'auto_weighting' build argument 'cmake_force_configure' from command line to 'False'
[0.210s] Level 5:colcon.colcon_core.verb:set package 'auto_weighting' build argument 'ament_cmake_args' from command line to 'None'
[0.210s] Level 5:colcon.colcon_core.verb:set package 'auto_weighting' build argument 'catkin_cmake_args' from command line to 'None'
[0.210s] Level 5:colcon.colcon_core.verb:set package 'auto_weighting' build argument 'catkin_skip_building_tests' from command line to 'False'
[0.210s] DEBUG:colcon.colcon_core.verb:Building package 'auto_weighting' with the following arguments: {'ament_cmake_args': None, 'build_base': '/home/arc/Documents/automatic_arc_melting_system/build/auto_weighting', 'catkin_cmake_args': None, 'catkin_skip_building_tests': False, 'cmake_args': None, 'cmake_clean_cache': False, 'cmake_clean_first': False, 'cmake_force_configure': False, 'cmake_target': None, 'cmake_target_skip_unavailable': False, 'install_base': '/home/arc/Documents/automatic_arc_melting_system/install/auto_weighting', 'merge_install': False, 'path': '/home/arc/Documents/automatic_arc_melting_system/src/auto_weighting', 'symlink_install': False, 'test_result_base': None}
[0.211s] Level 5:colcon.colcon_core.verb:set package 'cobotta_process' build argument 'cmake_args' from command line to 'None'
[0.211s] Level 5:colcon.colcon_core.verb:set package 'cobotta_process' build argument 'cmake_target' from command line to 'None'
[0.211s] Level 5:colcon.colcon_core.verb:set package 'cobotta_process' build argument 'cmake_target_skip_unavailable' from command line to 'False'
[0.211s] Level 5:colcon.colcon_core.verb:set package 'cobotta_process' build argument 'cmake_clean_cache' from command line to 'False'
[0.211s] Level 5:colcon.colcon_core.verb:set package 'cobotta_process' build argument 'cmake_clean_first' from command line to 'False'
[0.211s] Level 5:colcon.colcon_core.verb:set package 'cobotta_process' build argument 'cmake_force_configure' from command line to 'False'
[0.211s] Level 5:colcon.colcon_core.verb:set package 'cobotta_process' build argument 'ament_cmake_args' from command line to 'None'
[0.211s] Level 5:colcon.colcon_core.verb:set package 'cobotta_process' build argument 'catkin_cmake_args' from command line to 'None'
[0.211s] Level 5:colcon.colcon_core.verb:set package 'cobotta_process' build argument 'catkin_skip_building_tests' from command line to 'False'
[0.211s] DEBUG:colcon.colcon_core.verb:Building package 'cobotta_process' with the following arguments: {'ament_cmake_args': None, 'build_base': '/home/arc/Documents/automatic_arc_melting_system/build/cobotta_process', 'catkin_cmake_args': None, 'catkin_skip_building_tests': False, 'cmake_args': None, 'cmake_clean_cache': False, 'cmake_clean_first': False, 'cmake_force_configure': False, 'cmake_target': None, 'cmake_target_skip_unavailable': False, 'install_base': '/home/arc/Documents/automatic_arc_melting_system/install/cobotta_process', 'merge_install': False, 'path': '/home/arc/Documents/automatic_arc_melting_system/src/cobotta_process', 'symlink_install': False, 'test_result_base': None}
[0.211s] Level 5:colcon.colcon_core.verb:set package 'tcp_handle' build argument 'cmake_args' from command line to 'None'
[0.211s] Level 5:colcon.colcon_core.verb:set package 'tcp_handle' build argument 'cmake_target' from command line to 'None'
[0.211s] Level 5:colcon.colcon_core.verb:set package 'tcp_handle' build argument 'cmake_target_skip_unavailable' from command line to 'False'
[0.211s] Level 5:colcon.colcon_core.verb:set package 'tcp_handle' build argument 'cmake_clean_cache' from command line to 'False'
[0.212s] Level 5:colcon.colcon_core.verb:set package 'tcp_handle' build argument 'cmake_clean_first' from command line to 'False'
[0.212s] Level 5:colcon.colcon_core.verb:set package 'tcp_handle' build argument 'cmake_force_configure' from command line to 'False'
[0.212s] Level 5:colcon.colcon_core.verb:set package 'tcp_handle' build argument 'ament_cmake_args' from command line to 'None'
[0.212s] Level 5:colcon.colcon_core.verb:set package 'tcp_handle' build argument 'catkin_cmake_args' from command line to 'None'
[0.212s] Level 5:colcon.colcon_core.verb:set package 'tcp_handle' build argument 'catkin_skip_building_tests' from command line to 'False'
[0.212s] DEBUG:colcon.colcon_core.verb:Building package 'tcp_handle' with the following arguments: {'ament_cmake_args': None, 'build_base': '/home/arc/Documents/automatic_arc_melting_system/build/tcp_handle', 'catkin_cmake_args': None, 'catkin_skip_building_tests': False, 'cmake_args': None, 'cmake_clean_cache': False, 'cmake_clean_first': False, 'cmake_force_configure': False, 'cmake_target': None, 'cmake_target_skip_unavailable': False, 'install_base': '/home/arc/Documents/automatic_arc_melting_system/install/tcp_handle', 'merge_install': False, 'path': '/home/arc/Documents/automatic_arc_melting_system/src/tcp_handle', 'symlink_install': False, 'test_result_base': None}
[0.212s] INFO:colcon.colcon_core.executor:Executing jobs using 'parallel' executor
[0.216s] DEBUG:colcon.colcon_parallel_executor.executor.parallel:run_until_complete
[0.216s] INFO:colcon.colcon_ros.task.ament_cmake.build:Building ROS package in '/home/arc/Documents/automatic_arc_melting_system/src/tcp_format' with build type 'ament_cmake'
[0.216s] INFO:colcon.colcon_cmake.task.cmake.build:Building CMake package in '/home/arc/Documents/automatic_arc_melting_system/src/tcp_format'
[0.219s] INFO:colcon.colcon_core.plugin_system:Skipping extension 'colcon_core.shell.bat': Not used on non-Windows systems
[0.219s] INFO:colcon.colcon_core.shell:Skip shell extension 'powershell' for command environment: Not usable outside of PowerShell
[0.219s] DEBUG:colcon.colcon_core.shell:Skip shell extension 'dsv' for command environment
[0.224s] INFO:colcon.colcon_ros.task.ament_python.build:Building ROS package in '/home/arc/Documents/automatic_arc_melting_system/src/cobotta_bcap' with build type 'ament_python'
[0.224s] Level 1:colcon.colcon_core.shell:create_environment_hook('cobotta_bcap', 'ament_prefix_path')
[0.225s] INFO:colcon.colcon_core.shell:Creating environment hook '/home/arc/Documents/automatic_arc_melting_system/install/cobotta_bcap/share/cobotta_bcap/hook/ament_prefix_path.ps1'
[0.226s] INFO:colcon.colcon_core.shell:Creating environment descriptor '/home/arc/Documents/automatic_arc_melting_system/install/cobotta_bcap/share/cobotta_bcap/hook/ament_prefix_path.dsv'
[0.226s] INFO:colcon.colcon_core.shell:Creating environment hook '/home/arc/Documents/automatic_arc_melting_system/install/cobotta_bcap/share/cobotta_bcap/hook/ament_prefix_path.sh'
[0.227s] INFO:colcon.colcon_core.shell:Skip shell extension 'powershell' for command environment: Not usable outside of PowerShell
[0.227s] DEBUG:colcon.colcon_core.shell:Skip shell extension 'dsv' for command environment
[0.236s] DEBUG:colcon.colcon_core.event_handler.log_command:Invoking command in '/home/arc/Documents/automatic_arc_melting_system/build/tcp_format': CMAKE_PREFIX_PATH=${CMAKE_PREFIX_PATH}:/home/arc/Documents/automatic_arc_melting_system/install/cobotta_bcap:/opt/ros/foxy /usr/bin/cmake --build /home/arc/Documents/automatic_arc_melting_system/build/tcp_format -- -j16 -l16
[0.399s] INFO:colcon.colcon_core.task.python.build:Building Python package in '/home/arc/Documents/automatic_arc_melting_system/src/cobotta_bcap'
[0.400s] INFO:colcon.colcon_core.shell:Skip shell extension 'powershell' for command environment: Not usable outside of PowerShell
[0.400s] DEBUG:colcon.colcon_core.shell:Skip shell extension 'dsv' for command environment
[0.407s] DEBUG:colcon.colcon_core.event_handler.log_command:Invoked command in '/home/arc/Documents/automatic_arc_melting_system/build/tcp_format' returned '0': CMAKE_PREFIX_PATH=${CMAKE_PREFIX_PATH}:/home/arc/Documents/automatic_arc_melting_system/install/cobotta_bcap:/opt/ros/foxy /usr/bin/cmake --build /home/arc/Documents/automatic_arc_melting_system/build/tcp_format -- -j16 -l16
[0.452s] DEBUG:colcon.colcon_core.event_handler.log_command:Invoking command in '/home/arc/Documents/automatic_arc_melting_system/build/tcp_format': CMAKE_PREFIX_PATH=${CMAKE_PREFIX_PATH}:/home/arc/Documents/automatic_arc_melting_system/install/cobotta_bcap:/opt/ros/foxy /usr/bin/cmake --install /home/arc/Documents/automatic_arc_melting_system/build/tcp_format
[0.487s] Level 1:colcon.colcon_core.environment:create_environment_scripts_only(tcp_format)
[0.488s] DEBUG:colcon.colcon_core.event_handler.log_command:Invoked command in '/home/arc/Documents/automatic_arc_melting_system/build/tcp_format' returned '0': CMAKE_PREFIX_PATH=${CMAKE_PREFIX_PATH}:/home/arc/Documents/automatic_arc_melting_system/install/cobotta_bcap:/opt/ros/foxy /usr/bin/cmake --install /home/arc/Documents/automatic_arc_melting_system/build/tcp_format
[0.493s] Level 1:colcon.colcon_core.environment:checking '/home/arc/Documents/automatic_arc_melting_system/install/tcp_format' for CMake module files
[0.494s] Level 1:colcon.colcon_core.environment:checking '/home/arc/Documents/automatic_arc_melting_system/install/tcp_format' for CMake config files
[0.494s] Level 1:colcon.colcon_core.shell:create_environment_hook('tcp_format', 'cmake_prefix_path')
[0.496s] INFO:colcon.colcon_core.shell:Creating environment hook '/home/arc/Documents/automatic_arc_melting_system/install/tcp_format/share/tcp_format/hook/cmake_prefix_path.ps1'
[0.496s] INFO:colcon.colcon_core.shell:Creating environment descriptor '/home/arc/Documents/automatic_arc_melting_system/install/tcp_format/share/tcp_format/hook/cmake_prefix_path.dsv'
[0.497s] INFO:colcon.colcon_core.shell:Creating environment hook '/home/arc/Documents/automatic_arc_melting_system/install/tcp_format/share/tcp_format/hook/cmake_prefix_path.sh'
[0.497s] Level 1:colcon.colcon_core.environment:checking '/home/arc/Documents/automatic_arc_melting_system/install/tcp_format/lib'
[0.497s] Level 1:colcon.colcon_core.shell:create_environment_hook('tcp_format', 'ld_library_path_lib')
[0.499s] INFO:colcon.colcon_core.shell:Creating environment hook '/home/arc/Documents/automatic_arc_melting_system/install/tcp_format/share/tcp_format/hook/ld_library_path_lib.ps1'
[0.500s] INFO:colcon.colcon_core.shell:Creating environment descriptor '/home/arc/Documents/automatic_arc_melting_system/install/tcp_format/share/tcp_format/hook/ld_library_path_lib.dsv'
[0.500s] INFO:colcon.colcon_core.shell:Creating environment hook '/home/arc/Documents/automatic_arc_melting_system/install/tcp_format/share/tcp_format/hook/ld_library_path_lib.sh'
[0.500s] Level 1:colcon.colcon_core.environment:checking '/home/arc/Documents/automatic_arc_melting_system/install/tcp_format/bin'
[0.500s] Level 1:colcon.colcon_core.environment:checking '/home/arc/Documents/automatic_arc_melting_system/install/tcp_format/lib/pkgconfig/tcp_format.pc'
[0.501s] Level 1:colcon.colcon_core.environment:checking '/home/arc/Documents/automatic_arc_melting_system/install/tcp_format/lib/python3.8/site-packages'
[0.501s] Level 1:colcon.colcon_core.shell:create_environment_hook('tcp_format', 'pythonpath')
[0.502s] INFO:colcon.colcon_core.shell:Creating environment hook '/home/arc/Documents/automatic_arc_melting_system/install/tcp_format/share/tcp_format/hook/pythonpath.ps1'
[0.503s] INFO:colcon.colcon_core.shell:Creating environment descriptor '/home/arc/Documents/automatic_arc_melting_system/install/tcp_format/share/tcp_format/hook/pythonpath.dsv'
[0.503s] INFO:colcon.colcon_core.shell:Creating environment hook '/home/arc/Documents/automatic_arc_melting_system/install/tcp_format/share/tcp_format/hook/pythonpath.sh'
[0.503s] Level 1:colcon.colcon_core.environment:checking '/home/arc/Documents/automatic_arc_melting_system/install/tcp_format/bin'
[0.505s] INFO:colcon.colcon_core.shell:Creating package script '/home/arc/Documents/automatic_arc_melting_system/install/tcp_format/share/tcp_format/package.ps1'
[0.506s] INFO:colcon.colcon_core.shell:Creating package descriptor '/home/arc/Documents/automatic_arc_melting_system/install/tcp_format/share/tcp_format/package.dsv'
[0.507s] INFO:colcon.colcon_core.shell:Creating package script '/home/arc/Documents/automatic_arc_melting_system/install/tcp_format/share/tcp_format/package.sh'
[0.507s] INFO:colcon.colcon_core.shell:Creating package script '/home/arc/Documents/automatic_arc_melting_system/install/tcp_format/share/tcp_format/package.bash'
[0.508s] INFO:colcon.colcon_core.shell:Creating package script '/home/arc/Documents/automatic_arc_melting_system/install/tcp_format/share/tcp_format/package.zsh'
[0.509s] Level 1:colcon.colcon_core.environment:create_file_with_runtime_dependencies(/home/arc/Documents/automatic_arc_melting_system/install/tcp_format/share/colcon-core/packages/tcp_format)
[0.547s] Level 1:colcon.colcon_core.environment:create_environment_scripts_only(tcp_format)
[0.550s] Level 1:colcon.colcon_core.environment:checking '/home/arc/Documents/automatic_arc_melting_system/install/tcp_format' for CMake module files
[0.551s] Level 1:colcon.colcon_core.environment:checking '/home/arc/Documents/automatic_arc_melting_system/install/tcp_format' for CMake config files
[0.551s] Level 1:colcon.colcon_core.shell:create_environment_hook('tcp_format', 'cmake_prefix_path')
[0.553s] INFO:colcon.colcon_core.shell:Creating environment hook '/home/arc/Documents/automatic_arc_melting_system/install/tcp_format/share/tcp_format/hook/cmake_prefix_path.ps1'
[0.553s] INFO:colcon.colcon_core.shell:Creating environment descriptor '/home/arc/Documents/automatic_arc_melting_system/install/tcp_format/share/tcp_format/hook/cmake_prefix_path.dsv'
[0.553s] INFO:colcon.colcon_core.shell:Creating environment hook '/home/arc/Documents/automatic_arc_melting_system/install/tcp_format/share/tcp_format/hook/cmake_prefix_path.sh'
[0.554s] Level 1:colcon.colcon_core.environment:checking '/home/arc/Documents/automatic_arc_melting_system/install/tcp_format/lib'
[0.554s] Level 1:colcon.colcon_core.shell:create_environment_hook('tcp_format', 'ld_library_path_lib')
[0.555s] INFO:colcon.colcon_core.shell:Creating environment hook '/home/arc/Documents/automatic_arc_melting_system/install/tcp_format/share/tcp_format/hook/ld_library_path_lib.ps1'
[0.556s] INFO:colcon.colcon_core.shell:Creating environment descriptor '/home/arc/Documents/automatic_arc_melting_system/install/tcp_format/share/tcp_format/hook/ld_library_path_lib.dsv'
[0.556s] INFO:colcon.colcon_core.shell:Creating environment hook '/home/arc/Documents/automatic_arc_melting_system/install/tcp_format/share/tcp_format/hook/ld_library_path_lib.sh'
[0.556s] Level 1:colcon.colcon_core.environment:checking '/home/arc/Documents/automatic_arc_melting_system/install/tcp_format/bin'
[0.556s] Level 1:colcon.colcon_core.environment:checking '/home/arc/Documents/automatic_arc_melting_system/install/tcp_format/lib/pkgconfig/tcp_format.pc'
[0.557s] Level 1:colcon.colcon_core.environment:checking '/home/arc/Documents/automatic_arc_melting_system/install/tcp_format/lib/python3.8/site-packages'
[0.557s] Level 1:colcon.colcon_core.shell:create_environment_hook('tcp_format', 'pythonpath')
[0.558s] INFO:colcon.colcon_core.shell:Creating environment hook '/home/arc/Documents/automatic_arc_melting_system/install/tcp_format/share/tcp_format/hook/pythonpath.ps1'
[0.559s] INFO:colcon.colcon_core.shell:Creating environment descriptor '/home/arc/Documents/automatic_arc_melting_system/install/tcp_format/share/tcp_format/hook/pythonpath.dsv'
[0.559s] INFO:colcon.colcon_core.shell:Creating environment hook '/home/arc/Documents/automatic_arc_melting_system/install/tcp_format/share/tcp_format/hook/pythonpath.sh'
[0.560s] Level 1:colcon.colcon_core.environment:checking '/home/arc/Documents/automatic_arc_melting_system/install/tcp_format/bin'
[0.561s] INFO:colcon.colcon_core.shell:Creating package script '/home/arc/Documents/automatic_arc_melting_system/install/tcp_format/share/tcp_format/package.ps1'
[0.562s] INFO:colcon.colcon_core.shell:Creating package descriptor '/home/arc/Documents/automatic_arc_melting_system/install/tcp_format/share/tcp_format/package.dsv'
[0.562s] INFO:colcon.colcon_core.shell:Creating package script '/home/arc/Documents/automatic_arc_melting_system/install/tcp_format/share/tcp_format/package.sh'
[0.563s] INFO:colcon.colcon_core.shell:Creating package script '/home/arc/Documents/automatic_arc_melting_system/install/tcp_format/share/tcp_format/package.bash'
[0.563s] INFO:colcon.colcon_core.shell:Creating package script '/home/arc/Documents/automatic_arc_melting_system/install/tcp_format/share/tcp_format/package.zsh'
[0.563s] Level 1:colcon.colcon_core.environment:create_file_with_runtime_dependencies(/home/arc/Documents/automatic_arc_melting_system/install/tcp_format/share/colcon-core/packages/tcp_format)
[0.564s] INFO:colcon.colcon_ros.task.ament_cmake.build:Building ROS package in '/home/arc/Documents/automatic_arc_melting_system/src/auto_weighting' with build type 'ament_cmake'
[0.564s] INFO:colcon.colcon_cmake.task.cmake.build:Building CMake package in '/home/arc/Documents/automatic_arc_melting_system/src/auto_weighting'
[0.565s] INFO:colcon.colcon_core.shell:Skip shell extension 'powershell' for command environment: Not usable outside of PowerShell
[0.565s] DEBUG:colcon.colcon_core.shell:Skip shell extension 'dsv' for command environment
[0.569s] INFO:colcon.colcon_ros.task.ament_cmake.build:Building ROS package in '/home/arc/Documents/automatic_arc_melting_system/src/cobotta_process' with build type 'ament_cmake'
[0.570s] INFO:colcon.colcon_cmake.task.cmake.build:Building CMake package in '/home/arc/Documents/automatic_arc_melting_system/src/cobotta_process'
[0.571s] INFO:colcon.colcon_core.shell:Skip shell extension 'powershell' for command environment: Not usable outside of PowerShell
[0.571s] DEBUG:colcon.colcon_core.shell:Skip shell extension 'dsv' for command environment
[0.576s] INFO:colcon.colcon_ros.task.ament_cmake.build:Building ROS package in '/home/arc/Documents/automatic_arc_melting_system/src/tcp_handle' with build type 'ament_cmake'
[0.576s] INFO:colcon.colcon_cmake.task.cmake.build:Building CMake package in '/home/arc/Documents/automatic_arc_melting_system/src/tcp_handle'
[0.578s] INFO:colcon.colcon_core.shell:Skip shell extension 'powershell' for command environment: Not usable outside of PowerShell
[0.578s] DEBUG:colcon.colcon_core.shell:Skip shell extension 'dsv' for command environment
[0.586s] DEBUG:colcon.colcon_core.event_handler.log_command:Invoking command in '/home/arc/Documents/automatic_arc_melting_system/build/auto_weighting': CMAKE_PREFIX_PATH=/home/arc/Documents/automatic_arc_melting_system/install/tcp_format:/home/arc/Documents/automatic_arc_melting_system/install/tcp_handle:/home/arc/Documents/automatic_arc_melting_system/install/cobotta_process:/home/arc/Documents/automatic_arc_melting_system/install/auto_weighting:/home/arc/Documents/automatic_arc_melting_system/install/cobotta_bcap:/opt/ros/foxy /usr/bin/cmake --build /home/arc/Documents/automatic_arc_melting_system/build/auto_weighting -- -j16 -l16
[0.589s] DEBUG:colcon.colcon_core.event_handler.log_command:Invoking command in '/home/arc/Documents/automatic_arc_melting_system/build/cobotta_process': CMAKE_PREFIX_PATH=/home/arc/Documents/automatic_arc_melting_system/install/tcp_format:/home/arc/Documents/automatic_arc_melting_system/install/tcp_handle:/home/arc/Documents/automatic_arc_melting_system/install/cobotta_process:/home/arc/Documents/automatic_arc_melting_system/install/auto_weighting:/home/arc/Documents/automatic_arc_melting_system/install/cobotta_bcap:/opt/ros/foxy /usr/bin/cmake --build /home/arc/Documents/automatic_arc_melting_system/build/cobotta_process -- -j16 -l16
[0.593s] DEBUG:colcon.colcon_core.event_handler.log_command:Invoking command in '/home/arc/Documents/automatic_arc_melting_system/build/tcp_handle': CMAKE_PREFIX_PATH=/home/arc/Documents/automatic_arc_melting_system/install/tcp_format:/home/arc/Documents/automatic_arc_melting_system/install/tcp_handle:/home/arc/Documents/automatic_arc_melting_system/install/cobotta_process:/home/arc/Documents/automatic_arc_melting_system/install/auto_weighting:/home/arc/Documents/automatic_arc_melting_system/install/cobotta_bcap:/opt/ros/foxy /usr/bin/cmake --build /home/arc/Documents/automatic_arc_melting_system/build/tcp_handle -- -j16 -l16
[0.638s] DEBUG:colcon.colcon_core.event_handler.log_command:Invoked command in '/home/arc/Documents/automatic_arc_melting_system/build/auto_weighting' returned '0': CMAKE_PREFIX_PATH=/home/arc/Documents/automatic_arc_melting_system/install/tcp_format:/home/arc/Documents/automatic_arc_melting_system/install/tcp_handle:/home/arc/Documents/automatic_arc_melting_system/install/cobotta_process:/home/arc/Documents/automatic_arc_melting_system/install/auto_weighting:/home/arc/Documents/automatic_arc_melting_system/install/cobotta_bcap:/opt/ros/foxy /usr/bin/cmake --build /home/arc/Documents/automatic_arc_melting_system/build/auto_weighting -- -j16 -l16
[0.642s] DEBUG:colcon.colcon_core.event_handler.log_command:Invoked command in '/home/arc/Documents/automatic_arc_melting_system/build/cobotta_process' returned '0': CMAKE_PREFIX_PATH=/home/arc/Documents/automatic_arc_melting_system/install/tcp_format:/home/arc/Documents/automatic_arc_melting_system/install/tcp_handle:/home/arc/Documents/automatic_arc_melting_system/install/cobotta_process:/home/arc/Documents/automatic_arc_melting_system/install/auto_weighting:/home/arc/Documents/automatic_arc_melting_system/install/cobotta_bcap:/opt/ros/foxy /usr/bin/cmake --build /home/arc/Documents/automatic_arc_melting_system/build/cobotta_process -- -j16 -l16
[0.651s] DEBUG:colcon.colcon_core.event_handler.log_command:Invoked command in '/home/arc/Documents/automatic_arc_melting_system/build/tcp_handle' returned '0': CMAKE_PREFIX_PATH=/home/arc/Documents/automatic_arc_melting_system/install/tcp_format:/home/arc/Documents/automatic_arc_melting_system/install/tcp_handle:/home/arc/Documents/automatic_arc_melting_system/install/cobotta_process:/home/arc/Documents/automatic_arc_melting_system/install/auto_weighting:/home/arc/Documents/automatic_arc_melting_system/install/cobotta_bcap:/opt/ros/foxy /usr/bin/cmake --build /home/arc/Documents/automatic_arc_melting_system/build/tcp_handle -- -j16 -l16
[0.656s] DEBUG:colcon.colcon_core.event_handler.log_command:Invoking command in '/home/arc/Documents/automatic_arc_melting_system/build/auto_weighting': CMAKE_PREFIX_PATH=/home/arc/Documents/automatic_arc_melting_system/install/tcp_format:/home/arc/Documents/automatic_arc_melting_system/install/tcp_handle:/home/arc/Documents/automatic_arc_melting_system/install/cobotta_process:/home/arc/Documents/automatic_arc_melting_system/install/auto_weighting:/home/arc/Documents/automatic_arc_melting_system/install/cobotta_bcap:/opt/ros/foxy /usr/bin/cmake --install /home/arc/Documents/automatic_arc_melting_system/build/auto_weighting
[0.659s] DEBUG:colcon.colcon_core.event_handler.log_command:Invoking command in '/home/arc/Documents/automatic_arc_melting_system/build/cobotta_process': CMAKE_PREFIX_PATH=/home/arc/Documents/automatic_arc_melting_system/install/tcp_format:/home/arc/Documents/automatic_arc_melting_system/install/tcp_handle:/home/arc/Documents/automatic_arc_melting_system/install/cobotta_process:/home/arc/Documents/automatic_arc_melting_system/install/auto_weighting:/home/arc/Documents/automatic_arc_melting_system/install/cobotta_bcap:/opt/ros/foxy /usr/bin/cmake --install /home/arc/Documents/automatic_arc_melting_system/build/cobotta_process
[0.664s] Level 1:colcon.colcon_core.environment:create_environment_scripts_only(auto_weighting)
[0.666s] Level 1:colcon.colcon_core.environment:checking '/home/arc/Documents/automatic_arc_melting_system/install/auto_weighting' for CMake module files
[0.666s] DEBUG:colcon.colcon_core.event_handler.log_command:Invoked command in '/home/arc/Documents/automatic_arc_melting_system/build/auto_weighting' returned '0': CMAKE_PREFIX_PATH=/home/arc/Documents/automatic_arc_melting_system/install/tcp_format:/home/arc/Documents/automatic_arc_melting_system/install/tcp_handle:/home/arc/Documents/automatic_arc_melting_system/install/cobotta_process:/home/arc/Documents/automatic_arc_melting_system/install/auto_weighting:/home/arc/Documents/automatic_arc_melting_system/install/cobotta_bcap:/opt/ros/foxy /usr/bin/cmake --install /home/arc/Documents/automatic_arc_melting_system/build/auto_weighting
[0.667s] Level 1:colcon.colcon_core.environment:checking '/home/arc/Documents/automatic_arc_melting_system/install/auto_weighting' for CMake config files
[0.667s] Level 1:colcon.colcon_core.shell:create_environment_hook('auto_weighting', 'cmake_prefix_path')
[0.668s] INFO:colcon.colcon_core.shell:Creating environment hook '/home/arc/Documents/automatic_arc_melting_system/install/auto_weighting/share/auto_weighting/hook/cmake_prefix_path.ps1'
[0.668s] INFO:colcon.colcon_core.shell:Creating environment descriptor '/home/arc/Documents/automatic_arc_melting_system/install/auto_weighting/share/auto_weighting/hook/cmake_prefix_path.dsv'
[0.669s] INFO:colcon.colcon_core.shell:Creating environment hook '/home/arc/Documents/automatic_arc_melting_system/install/auto_weighting/share/auto_weighting/hook/cmake_prefix_path.sh'
[0.669s] Level 1:colcon.colcon_core.environment:checking '/home/arc/Documents/automatic_arc_melting_system/install/auto_weighting/lib'
[0.670s] Level 1:colcon.colcon_core.environment:checking '/home/arc/Documents/automatic_arc_melting_system/install/auto_weighting/bin'
[0.670s] Level 1:colcon.colcon_core.environment:checking '/home/arc/Documents/automatic_arc_melting_system/install/auto_weighting/lib/pkgconfig/auto_weighting.pc'
[0.670s] Level 1:colcon.colcon_core.environment:checking '/home/arc/Documents/automatic_arc_melting_system/install/auto_weighting/lib/python3.8/site-packages'
[0.670s] Level 1:colcon.colcon_core.environment:checking '/home/arc/Documents/automatic_arc_melting_system/install/auto_weighting/bin'
[0.671s] INFO:colcon.colcon_core.shell:Creating package script '/home/arc/Documents/automatic_arc_melting_system/install/auto_weighting/share/auto_weighting/package.ps1'
[0.671s] INFO:colcon.colcon_core.shell:Creating package descriptor '/home/arc/Documents/automatic_arc_melting_system/install/auto_weighting/share/auto_weighting/package.dsv'
[0.672s] INFO:colcon.colcon_core.shell:Creating package script '/home/arc/Documents/automatic_arc_melting_system/install/auto_weighting/share/auto_weighting/package.sh'
[0.672s] INFO:colcon.colcon_core.shell:Creating package script '/home/arc/Documents/automatic_arc_melting_system/install/auto_weighting/share/auto_weighting/package.bash'
[0.672s] INFO:colcon.colcon_core.shell:Creating package script '/home/arc/Documents/automatic_arc_melting_system/install/auto_weighting/share/auto_weighting/package.zsh'
[0.672s] Level 1:colcon.colcon_core.environment:create_file_with_runtime_dependencies(/home/arc/Documents/automatic_arc_melting_system/install/auto_weighting/share/colcon-core/packages/auto_weighting)
[0.677s] DEBUG:colcon.colcon_core.event_handler.log_command:Invoking command in '/home/arc/Documents/automatic_arc_melting_system/build/tcp_handle': CMAKE_PREFIX_PATH=/home/arc/Documents/automatic_arc_melting_system/install/tcp_format:/home/arc/Documents/automatic_arc_melting_system/install/tcp_handle:/home/arc/Documents/automatic_arc_melting_system/install/cobotta_process:/home/arc/Documents/automatic_arc_melting_system/install/auto_weighting:/home/arc/Documents/automatic_arc_melting_system/install/cobotta_bcap:/opt/ros/foxy /usr/bin/cmake --install /home/arc/Documents/automatic_arc_melting_system/build/tcp_handle
[0.677s] Level 1:colcon.colcon_core.environment:create_environment_scripts_only(cobotta_process)
[0.678s] DEBUG:colcon.colcon_core.event_handler.log_command:Invoked command in '/home/arc/Documents/automatic_arc_melting_system/build/cobotta_process' returned '0': CMAKE_PREFIX_PATH=/home/arc/Documents/automatic_arc_melting_system/install/tcp_format:/home/arc/Documents/automatic_arc_melting_system/install/tcp_handle:/home/arc/Documents/automatic_arc_melting_system/install/cobotta_process:/home/arc/Documents/automatic_arc_melting_system/install/auto_weighting:/home/arc/Documents/automatic_arc_melting_system/install/cobotta_bcap:/opt/ros/foxy /usr/bin/cmake --install /home/arc/Documents/automatic_arc_melting_system/build/cobotta_process
[0.679s] Level 1:colcon.colcon_core.environment:checking '/home/arc/Documents/automatic_arc_melting_system/install/cobotta_process' for CMake module files
[0.680s] Level 1:colcon.colcon_core.environment:checking '/home/arc/Documents/automatic_arc_melting_system/install/cobotta_process' for CMake config files
[0.680s] Level 1:colcon.colcon_core.shell:create_environment_hook('cobotta_process', 'cmake_prefix_path')
[0.681s] INFO:colcon.colcon_core.shell:Creating environment hook '/home/arc/Documents/automatic_arc_melting_system/install/cobotta_process/share/cobotta_process/hook/cmake_prefix_path.ps1'
[0.682s] INFO:colcon.colcon_core.shell:Creating environment descriptor '/home/arc/Documents/automatic_arc_melting_system/install/cobotta_process/share/cobotta_process/hook/cmake_prefix_path.dsv'
[0.682s] INFO:colcon.colcon_core.shell:Creating environment hook '/home/arc/Documents/automatic_arc_melting_system/install/cobotta_process/share/cobotta_process/hook/cmake_prefix_path.sh'
[0.682s] Level 1:colcon.colcon_core.environment:checking '/home/arc/Documents/automatic_arc_melting_system/install/cobotta_process/lib'
[0.682s] Level 1:colcon.colcon_core.environment:checking '/home/arc/Documents/automatic_arc_melting_system/install/cobotta_process/bin'
[0.683s] Level 1:colcon.colcon_core.environment:checking '/home/arc/Documents/automatic_arc_melting_system/install/cobotta_process/lib/pkgconfig/cobotta_process.pc'
[0.683s] Level 1:colcon.colcon_core.environment:checking '/home/arc/Documents/automatic_arc_melting_system/install/cobotta_process/lib/python3.8/site-packages'
[0.683s] Level 1:colcon.colcon_core.environment:checking '/home/arc/Documents/automatic_arc_melting_system/install/cobotta_process/bin'
[0.684s] INFO:colcon.colcon_core.shell:Creating package script '/home/arc/Documents/automatic_arc_melting_system/install/cobotta_process/share/cobotta_process/package.ps1'
[0.685s] INFO:colcon.colcon_core.shell:Creating package descriptor '/home/arc/Documents/automatic_arc_melting_system/install/cobotta_process/share/cobotta_process/package.dsv'
[0.685s] INFO:colcon.colcon_core.shell:Creating package script '/home/arc/Documents/automatic_arc_melting_system/install/cobotta_process/share/cobotta_process/package.sh'
[0.686s] INFO:colcon.colcon_core.shell:Creating package script '/home/arc/Documents/automatic_arc_melting_system/install/cobotta_process/share/cobotta_process/package.bash'
[0.686s] INFO:colcon.colcon_core.shell:Creating package script '/home/arc/Documents/automatic_arc_melting_system/install/cobotta_process/share/cobotta_process/package.zsh'
[0.687s] Level 1:colcon.colcon_core.environment:create_file_with_runtime_dependencies(/home/arc/Documents/automatic_arc_melting_system/install/cobotta_process/share/colcon-core/packages/cobotta_process)
[0.690s] Level 1:colcon.colcon_core.environment:create_environment_scripts_only(auto_weighting)
[0.692s] Level 1:colcon.colcon_core.environment:checking '/home/arc/Documents/automatic_arc_melting_system/install/auto_weighting' for CMake module files
[0.692s] Level 1:colcon.colcon_core.environment:checking '/home/arc/Documents/automatic_arc_melting_system/install/auto_weighting' for CMake config files
[0.692s] Level 1:colcon.colcon_core.shell:create_environment_hook('auto_weighting', 'cmake_prefix_path')
[0.693s] INFO:colcon.colcon_core.shell:Creating environment hook '/home/arc/Documents/automatic_arc_melting_system/install/auto_weighting/share/auto_weighting/hook/cmake_prefix_path.ps1'
[0.694s] INFO:colcon.colcon_core.shell:Creating environment descriptor '/home/arc/Documents/automatic_arc_melting_system/install/auto_weighting/share/auto_weighting/hook/cmake_prefix_path.dsv'
[0.694s] INFO:colcon.colcon_core.shell:Creating environment hook '/home/arc/Documents/automatic_arc_melting_system/install/auto_weighting/share/auto_weighting/hook/cmake_prefix_path.sh'
[0.694s] Level 1:colcon.colcon_core.environment:checking '/home/arc/Documents/automatic_arc_melting_system/install/auto_weighting/lib'
[0.694s] Level 1:colcon.colcon_core.environment:checking '/home/arc/Documents/automatic_arc_melting_system/install/auto_weighting/bin'
[0.694s] Level 1:colcon.colcon_core.environment:checking '/home/arc/Documents/automatic_arc_melting_system/install/auto_weighting/lib/pkgconfig/auto_weighting.pc'
[0.695s] Level 1:colcon.colcon_core.environment:checking '/home/arc/Documents/automatic_arc_melting_system/install/auto_weighting/lib/python3.8/site-packages'
[0.695s] Level 1:colcon.colcon_core.environment:checking '/home/arc/Documents/automatic_arc_melting_system/install/auto_weighting/bin'
[0.696s] INFO:colcon.colcon_core.shell:Creating package script '/home/arc/Documents/automatic_arc_melting_system/install/auto_weighting/share/auto_weighting/package.ps1'
[0.696s] INFO:colcon.colcon_core.shell:Creating package descriptor '/home/arc/Documents/automatic_arc_melting_system/install/auto_weighting/share/auto_weighting/package.dsv'
[0.696s] INFO:colcon.colcon_core.shell:Creating package script '/home/arc/Documents/automatic_arc_melting_system/install/auto_weighting/share/auto_weighting/package.sh'
[0.697s] INFO:colcon.colcon_core.shell:Creating package script '/home/arc/Documents/automatic_arc_melting_system/install/auto_weighting/share/auto_weighting/package.bash'
[0.697s] INFO:colcon.colcon_core.shell:Creating package script '/home/arc/Documents/automatic_arc_melting_system/install/auto_weighting/share/auto_weighting/package.zsh'
[0.697s] Level 1:colcon.colcon_core.environment:create_file_with_runtime_dependencies(/home/arc/Documents/automatic_arc_melting_system/install/auto_weighting/share/colcon-core/packages/auto_weighting)
[0.698s] Level 1:colcon.colcon_core.environment:create_environment_scripts_only(tcp_handle)
[0.699s] Level 1:colcon.colcon_core.environment:checking '/home/arc/Documents/automatic_arc_melting_system/install/tcp_handle' for CMake module files
[0.700s] DEBUG:colcon.colcon_core.event_handler.log_command:Invoked command in '/home/arc/Documents/automatic_arc_melting_system/build/tcp_handle' returned '0': CMAKE_PREFIX_PATH=/home/arc/Documents/automatic_arc_melting_system/install/tcp_format:/home/arc/Documents/automatic_arc_melting_system/install/tcp_handle:/home/arc/Documents/automatic_arc_melting_system/install/cobotta_process:/home/arc/Documents/automatic_arc_melting_system/install/auto_weighting:/home/arc/Documents/automatic_arc_melting_system/install/cobotta_bcap:/opt/ros/foxy /usr/bin/cmake --install /home/arc/Documents/automatic_arc_melting_system/build/tcp_handle
[0.700s] Level 1:colcon.colcon_core.environment:checking '/home/arc/Documents/automatic_arc_melting_system/install/tcp_handle' for CMake config files
[0.700s] Level 1:colcon.colcon_core.shell:create_environment_hook('tcp_handle', 'cmake_prefix_path')
[0.701s] INFO:colcon.colcon_core.shell:Creating environment hook '/home/arc/Documents/automatic_arc_melting_system/install/tcp_handle/share/tcp_handle/hook/cmake_prefix_path.ps1'
[0.702s] INFO:colcon.colcon_core.shell:Creating environment descriptor '/home/arc/Documents/automatic_arc_melting_system/install/tcp_handle/share/tcp_handle/hook/cmake_prefix_path.dsv'
[0.702s] INFO:colcon.colcon_core.shell:Creating environment hook '/home/arc/Documents/automatic_arc_melting_system/install/tcp_handle/share/tcp_handle/hook/cmake_prefix_path.sh'
[0.702s] Level 1:colcon.colcon_core.environment:checking '/home/arc/Documents/automatic_arc_melting_system/install/tcp_handle/lib'
[0.702s] Level 1:colcon.colcon_core.environment:checking '/home/arc/Documents/automatic_arc_melting_system/install/tcp_handle/bin'
[0.702s] Level 1:colcon.colcon_core.environment:checking '/home/arc/Documents/automatic_arc_melting_system/install/tcp_handle/lib/pkgconfig/tcp_handle.pc'
[0.702s] Level 1:colcon.colcon_core.environment:checking '/home/arc/Documents/automatic_arc_melting_system/install/tcp_handle/lib/python3.8/site-packages'
[0.703s] Level 1:colcon.colcon_core.environment:checking '/home/arc/Documents/automatic_arc_melting_system/install/tcp_handle/bin'
[0.704s] INFO:colcon.colcon_core.shell:Creating package script '/home/arc/Documents/automatic_arc_melting_system/install/tcp_handle/share/tcp_handle/package.ps1'
[0.704s] INFO:colcon.colcon_core.shell:Creating package descriptor '/home/arc/Documents/automatic_arc_melting_system/install/tcp_handle/share/tcp_handle/package.dsv'
[0.705s] INFO:colcon.colcon_core.shell:Creating package script '/home/arc/Documents/automatic_arc_melting_system/install/tcp_handle/share/tcp_handle/package.sh'
[0.705s] INFO:colcon.colcon_core.shell:Creating package script '/home/arc/Documents/automatic_arc_melting_system/install/tcp_handle/share/tcp_handle/package.bash'
[0.705s] INFO:colcon.colcon_core.shell:Creating package script '/home/arc/Documents/automatic_arc_melting_system/install/tcp_handle/share/tcp_handle/package.zsh'
[0.705s] Level 1:colcon.colcon_core.environment:create_file_with_runtime_dependencies(/home/arc/Documents/automatic_arc_melting_system/install/tcp_handle/share/colcon-core/packages/tcp_handle)
[0.709s] Level 1:colcon.colcon_core.environment:create_environment_scripts_only(cobotta_process)
[0.711s] Level 1:colcon.colcon_core.environment:checking '/home/arc/Documents/automatic_arc_melting_system/install/cobotta_process' for CMake module files
[0.711s] Level 1:colcon.colcon_core.environment:checking '/home/arc/Documents/automatic_arc_melting_system/install/cobotta_process' for CMake config files
[0.711s] Level 1:colcon.colcon_core.shell:create_environment_hook('cobotta_process', 'cmake_prefix_path')
[0.712s] INFO:colcon.colcon_core.shell:Creating environment hook '/home/arc/Documents/automatic_arc_melting_system/install/cobotta_process/share/cobotta_process/hook/cmake_prefix_path.ps1'
[0.713s] INFO:colcon.colcon_core.shell:Creating environment descriptor '/home/arc/Documents/automatic_arc_melting_system/install/cobotta_process/share/cobotta_process/hook/cmake_prefix_path.dsv'
[0.713s] INFO:colcon.colcon_core.shell:Creating environment hook '/home/arc/Documents/automatic_arc_melting_system/install/cobotta_process/share/cobotta_process/hook/cmake_prefix_path.sh'
[0.713s] Level 1:colcon.colcon_core.environment:checking '/home/arc/Documents/automatic_arc_melting_system/install/cobotta_process/lib'
[0.714s] Level 1:colcon.colcon_core.environment:checking '/home/arc/Documents/automatic_arc_melting_system/install/cobotta_process/bin'
[0.714s] Level 1:colcon.colcon_core.environment:checking '/home/arc/Documents/automatic_arc_melting_system/install/cobotta_process/lib/pkgconfig/cobotta_process.pc'
[0.714s] Level 1:colcon.colcon_core.environment:checking '/home/arc/Documents/automatic_arc_melting_system/install/cobotta_process/lib/python3.8/site-packages'
[0.714s] Level 1:colcon.colcon_core.environment:checking '/home/arc/Documents/automatic_arc_melting_system/install/cobotta_process/bin'
[0.715s] INFO:colcon.colcon_core.shell:Creating package script '/home/arc/Documents/automatic_arc_melting_system/install/cobotta_process/share/cobotta_process/package.ps1'
[0.715s] INFO:colcon.colcon_core.shell:Creating package descriptor '/home/arc/Documents/automatic_arc_melting_system/install/cobotta_process/share/cobotta_process/package.dsv'
[0.716s] INFO:colcon.colcon_core.shell:Creating package script '/home/arc/Documents/automatic_arc_melting_system/install/cobotta_process/share/cobotta_process/package.sh'
[0.716s] INFO:colcon.colcon_core.shell:Creating package script '/home/arc/Documents/automatic_arc_melting_system/install/cobotta_process/share/cobotta_process/package.bash'
[0.717s] INFO:colcon.colcon_core.shell:Creating package script '/home/arc/Documents/automatic_arc_melting_system/install/cobotta_process/share/cobotta_process/package.zsh'
[0.717s] Level 1:colcon.colcon_core.environment:create_file_with_runtime_dependencies(/home/arc/Documents/automatic_arc_melting_system/install/cobotta_process/share/colcon-core/packages/cobotta_process)
[0.724s] Level 1:colcon.colcon_core.environment:create_environment_scripts_only(tcp_handle)
[0.726s] Level 1:colcon.colcon_core.environment:checking '/home/arc/Documents/automatic_arc_melting_system/install/tcp_handle' for CMake module files
[0.726s] Level 1:colcon.colcon_core.environment:checking '/home/arc/Documents/automatic_arc_melting_system/install/tcp_handle' for CMake config files
[0.726s] Level 1:colcon.colcon_core.shell:create_environment_hook('tcp_handle', 'cmake_prefix_path')
[0.727s] INFO:colcon.colcon_core.shell:Creating environment hook '/home/arc/Documents/automatic_arc_melting_system/install/tcp_handle/share/tcp_handle/hook/cmake_prefix_path.ps1'
[0.728s] INFO:colcon.colcon_core.shell:Creating environment descriptor '/home/arc/Documents/automatic_arc_melting_system/install/tcp_handle/share/tcp_handle/hook/cmake_prefix_path.dsv'
[0.728s] INFO:colcon.colcon_core.shell:Creating environment hook '/home/arc/Documents/automatic_arc_melting_system/install/tcp_handle/share/tcp_handle/hook/cmake_prefix_path.sh'
[0.728s] Level 1:colcon.colcon_core.environment:checking '/home/arc/Documents/automatic_arc_melting_system/install/tcp_handle/lib'
[0.728s] Level 1:colcon.colcon_core.environment:checking '/home/arc/Documents/automatic_arc_melting_system/install/tcp_handle/bin'
[0.728s] Level 1:colcon.colcon_core.environment:checking '/home/arc/Documents/automatic_arc_melting_system/install/tcp_handle/lib/pkgconfig/tcp_handle.pc'
[0.729s] Level 1:colcon.colcon_core.environment:checking '/home/arc/Documents/automatic_arc_melting_system/install/tcp_handle/lib/python3.8/site-packages'
[0.729s] Level 1:colcon.colcon_core.environment:checking '/home/arc/Documents/automatic_arc_melting_system/install/tcp_handle/bin'
[0.730s] INFO:colcon.colcon_core.shell:Creating package script '/home/arc/Documents/automatic_arc_melting_system/install/tcp_handle/share/tcp_handle/package.ps1'
[0.730s] INFO:colcon.colcon_core.shell:Creating package descriptor '/home/arc/Documents/automatic_arc_melting_system/install/tcp_handle/share/tcp_handle/package.dsv'
[0.730s] INFO:colcon.colcon_core.shell:Creating package script '/home/arc/Documents/automatic_arc_melting_system/install/tcp_handle/share/tcp_handle/package.sh'
[0.731s] INFO:colcon.colcon_core.shell:Creating package script '/home/arc/Documents/automatic_arc_melting_system/install/tcp_handle/share/tcp_handle/package.bash'
[0.731s] INFO:colcon.colcon_core.shell:Creating package script '/home/arc/Documents/automatic_arc_melting_system/install/tcp_handle/share/tcp_handle/package.zsh'
[0.731s] Level 1:colcon.colcon_core.environment:create_file_with_runtime_dependencies(/home/arc/Documents/automatic_arc_melting_system/install/tcp_handle/share/colcon-core/packages/tcp_handle)
[0.735s] DEBUG:colcon.colcon_core.event_handler.log_command:Invoking command in '/home/arc/Documents/automatic_arc_melting_system/src/cobotta_bcap': PYTHONPATH=/home/arc/Documents/automatic_arc_melting_system/install/cobotta_bcap/lib/python3.8/site-packages:${PYTHONPATH} /usr/bin/python3 setup.py egg_info --egg-base ../../build/cobotta_bcap build --build-base /home/arc/Documents/automatic_arc_melting_system/build/cobotta_bcap/build install --prefix /home/arc/Documents/automatic_arc_melting_system/install/cobotta_bcap --record /home/arc/Documents/automatic_arc_melting_system/build/cobotta_bcap/install.log --single-version-externally-managed
[0.938s] Level 1:colcon.colcon_core.environment:checking '/home/arc/Documents/automatic_arc_melting_system/install/cobotta_bcap' for CMake module files
[0.938s] DEBUG:colcon.colcon_core.event_handler.log_command:Invoked command in '/home/arc/Documents/automatic_arc_melting_system/src/cobotta_bcap' returned '0': PYTHONPATH=/home/arc/Documents/automatic_arc_melting_system/install/cobotta_bcap/lib/python3.8/site-packages:${PYTHONPATH} /usr/bin/python3 setup.py egg_info --egg-base ../../build/cobotta_bcap build --build-base /home/arc/Documents/automatic_arc_melting_system/build/cobotta_bcap/build install --prefix /home/arc/Documents/automatic_arc_melting_system/install/cobotta_bcap --record /home/arc/Documents/automatic_arc_melting_system/build/cobotta_bcap/install.log --single-version-externally-managed
[0.938s] Level 1:colcon.colcon_core.environment:checking '/home/arc/Documents/automatic_arc_melting_system/install/cobotta_bcap' for CMake config files
[0.939s] Level 1:colcon.colcon_core.environment:checking '/home/arc/Documents/automatic_arc_melting_system/install/cobotta_bcap/lib'
[0.939s] Level 1:colcon.colcon_core.environment:checking '/home/arc/Documents/automatic_arc_melting_system/install/cobotta_bcap/bin'
[0.939s] Level 1:colcon.colcon_core.environment:checking '/home/arc/Documents/automatic_arc_melting_system/install/cobotta_bcap/lib/pkgconfig/cobotta_bcap.pc'
[0.939s] Level 1:colcon.colcon_core.environment:checking '/home/arc/Documents/automatic_arc_melting_system/install/cobotta_bcap/lib/python3.8/site-packages'
[0.939s] Level 1:colcon.colcon_core.shell:create_environment_hook('cobotta_bcap', 'pythonpath')
[0.940s] INFO:colcon.colcon_core.shell:Creating environment hook '/home/arc/Documents/automatic_arc_melting_system/install/cobotta_bcap/share/cobotta_bcap/hook/pythonpath.ps1'
[0.940s] INFO:colcon.colcon_core.shell:Creating environment descriptor '/home/arc/Documents/automatic_arc_melting_system/install/cobotta_bcap/share/cobotta_bcap/hook/pythonpath.dsv'
[0.941s] INFO:colcon.colcon_core.shell:Creating environment hook '/home/arc/Documents/automatic_arc_melting_system/install/cobotta_bcap/share/cobotta_bcap/hook/pythonpath.sh'
[0.941s] Level 1:colcon.colcon_core.environment:checking '/home/arc/Documents/automatic_arc_melting_system/install/cobotta_bcap/bin'
[0.941s] Level 1:colcon.colcon_core.environment:create_environment_scripts_only(cobotta_bcap)
[0.942s] INFO:colcon.colcon_core.shell:Creating package script '/home/arc/Documents/automatic_arc_melting_system/install/cobotta_bcap/share/cobotta_bcap/package.ps1'
[0.942s] INFO:colcon.colcon_core.shell:Creating package descriptor '/home/arc/Documents/automatic_arc_melting_system/install/cobotta_bcap/share/cobotta_bcap/package.dsv'
[0.943s] INFO:colcon.colcon_core.shell:Creating package script '/home/arc/Documents/automatic_arc_melting_system/install/cobotta_bcap/share/cobotta_bcap/package.sh'
[0.943s] INFO:colcon.colcon_core.shell:Creating package script '/home/arc/Documents/automatic_arc_melting_system/install/cobotta_bcap/share/cobotta_bcap/package.bash'
[0.943s] INFO:colcon.colcon_core.shell:Creating package script '/home/arc/Documents/automatic_arc_melting_system/install/cobotta_bcap/share/cobotta_bcap/package.zsh'
[0.944s] Level 1:colcon.colcon_core.environment:create_file_with_runtime_dependencies(/home/arc/Documents/automatic_arc_melting_system/install/cobotta_bcap/share/colcon-core/packages/cobotta_bcap)
[0.944s] DEBUG:colcon.colcon_parallel_executor.executor.parallel:closing loop
[0.944s] DEBUG:colcon.colcon_parallel_executor.executor.parallel:loop closed
[0.944s] DEBUG:colcon.colcon_parallel_executor.executor.parallel:run_until_complete finished with '0'
[0.944s] DEBUG:colcon.colcon_core.event_reactor:joining thread
[0.949s] INFO:colcon.colcon_core.plugin_system:Skipping extension 'colcon_notification.desktop_notification.terminal_notifier': Not used on non-Darwin systems
[0.949s] INFO:colcon.colcon_core.plugin_system:Skipping extension 'colcon_notification.desktop_notification.win32': Not used on non-Windows systems
[0.949s] INFO:colcon.colcon_notification.desktop_notification:Sending desktop notification using 'notify2'
[0.956s] DEBUG:colcon.colcon_core.event_reactor:joined thread
[0.957s] INFO:colcon.colcon_core.shell:Creating prefix script '/home/arc/Documents/automatic_arc_melting_system/install/local_setup.ps1'
[0.958s] INFO:colcon.colcon_core.shell:Creating prefix util module '/home/arc/Documents/automatic_arc_melting_system/install/_local_setup_util_ps1.py'
[0.959s] INFO:colcon.colcon_core.shell:Creating prefix chain script '/home/arc/Documents/automatic_arc_melting_system/install/setup.ps1'
[0.960s] INFO:colcon.colcon_core.shell:Creating prefix script '/home/arc/Documents/automatic_arc_melting_system/install/local_setup.sh'
[0.960s] INFO:colcon.colcon_core.shell:Creating prefix util module '/home/arc/Documents/automatic_arc_melting_system/install/_local_setup_util_sh.py'
[0.961s] INFO:colcon.colcon_core.shell:Creating prefix chain script '/home/arc/Documents/automatic_arc_melting_system/install/setup.sh'
[0.962s] INFO:colcon.colcon_core.shell:Creating prefix script '/home/arc/Documents/automatic_arc_melting_system/install/local_setup.bash'
[0.962s] INFO:colcon.colcon_core.shell:Creating prefix chain script '/home/arc/Documents/automatic_arc_melting_system/install/setup.bash'
[0.964s] INFO:colcon.colcon_core.shell:Creating prefix script '/home/arc/Documents/automatic_arc_melting_system/install/local_setup.zsh'
[0.964s] INFO:colcon.colcon_core.shell:Creating prefix chain script '/home/arc/Documents/automatic_arc_melting_system/install/setup.zsh'
