[0.041s] Invoking command in '/home/arc/Documents/automatic_arc_melting_system/build/action_tutorials_cpp': AMENT_PREFIX_PATH=/home/arc/Documents/automatic_arc_melting_system/install/action_tutorials_interfaces:${AMENT_PREFIX_PATH} CMAKE_PREFIX_PATH=/home/arc/Documents/automatic_arc_melting_system/install/action_tutorials_interfaces:/opt/ros/foxy LD_LIBRARY_PATH=/home/arc/Documents/automatic_arc_melting_system/install/action_tutorials_interfaces/lib:${LD_LIBRARY_PATH} PYTHONPATH=/home/arc/Documents/automatic_arc_melting_system/install/action_tutorials_interfaces/lib/python3.8/site-packages:${PYTHONPATH} /usr/bin/cmake --build /home/arc/Documents/automatic_arc_melting_system/build/action_tutorials_cpp -- -j16 -l16
[0.095s] [ 25%] Built target action_server
[0.096s] [ 75%] Built target fibonacci_action_server
[0.096s] [ 75%] Built target fibonacci_action_client
[0.103s] [100%] Built target action_client
[0.118s] Invoked command in '/home/arc/Documents/automatic_arc_melting_system/build/action_tutorials_cpp' returned '0': AMENT_PREFIX_PATH=/home/arc/Documents/automatic_arc_melting_system/install/action_tutorials_interfaces:${AMENT_PREFIX_PATH} CMAKE_PREFIX_PATH=/home/arc/Documents/automatic_arc_melting_system/install/action_tutorials_interfaces:/opt/ros/foxy LD_LIBRARY_PATH=/home/arc/Documents/automatic_arc_melting_system/install/action_tutorials_interfaces/lib:${LD_LIBRARY_PATH} PYTHONPATH=/home/arc/Documents/automatic_arc_melting_system/install/action_tutorials_interfaces/lib/python3.8/site-packages:${PYTHONPATH} /usr/bin/cmake --build /home/arc/Documents/automatic_arc_melting_system/build/action_tutorials_cpp -- -j16 -l16
[0.195s] Invoking command in '/home/arc/Documents/automatic_arc_melting_system/build/action_tutorials_cpp': AMENT_PREFIX_PATH=/home/arc/Documents/automatic_arc_melting_system/install/action_tutorials_interfaces:${AMENT_PREFIX_PATH} CMAKE_PREFIX_PATH=/home/arc/Documents/automatic_arc_melting_system/install/action_tutorials_interfaces:/opt/ros/foxy LD_LIBRARY_PATH=/home/arc/Documents/automatic_arc_melting_system/install/action_tutorials_interfaces/lib:${LD_LIBRARY_PATH} PYTHONPATH=/home/arc/Documents/automatic_arc_melting_system/install/action_tutorials_interfaces/lib/python3.8/site-packages:${PYTHONPATH} /usr/bin/cmake --install /home/arc/Documents/automatic_arc_melting_system/build/action_tutorials_cpp
[0.203s] -- Install configuration: ""
[0.204s] -- Up-to-date: /home/arc/Documents/automatic_arc_melting_system/install/action_tutorials_cpp/lib/action_tutorials_cpp/fibonacci_action_server
[0.204s] -- Up-to-date: /home/arc/Documents/automatic_arc_melting_system/install/action_tutorials_cpp/lib/libaction_server.so
[0.204s] -- Up-to-date: /home/arc/Documents/automatic_arc_melting_system/install/action_tutorials_cpp/lib/action_tutorials_cpp/fibonacci_action_client
[0.204s] -- Up-to-date: /home/arc/Documents/automatic_arc_melting_system/install/action_tutorials_cpp/lib/libaction_client.so
[0.206s] -- Up-to-date: /home/arc/Documents/automatic_arc_melting_system/install/action_tutorials_cpp/share/ament_index/resource_index/package_run_dependencies/action_tutorials_cpp
[0.206s] -- Up-to-date: /home/arc/Documents/automatic_arc_melting_system/install/action_tutorials_cpp/share/ament_index/resource_index/parent_prefix_path/action_tutorials_cpp
[0.207s] -- Up-to-date: /home/arc/Documents/automatic_arc_melting_system/install/action_tutorials_cpp/share/action_tutorials_cpp/environment/ament_prefix_path.sh
[0.207s] -- Up-to-date: /home/arc/Documents/automatic_arc_melting_system/install/action_tutorials_cpp/share/action_tutorials_cpp/environment/ament_prefix_path.dsv
[0.207s] -- Up-to-date: /home/arc/Documents/automatic_arc_melting_system/install/action_tutorials_cpp/share/action_tutorials_cpp/environment/path.sh
[0.207s] -- Up-to-date: /home/arc/Documents/automatic_arc_melting_system/install/action_tutorials_cpp/share/action_tutorials_cpp/environment/path.dsv
[0.207s] -- Up-to-date: /home/arc/Documents/automatic_arc_melting_system/install/action_tutorials_cpp/share/action_tutorials_cpp/local_setup.bash
[0.207s] -- Up-to-date: /home/arc/Documents/automatic_arc_melting_system/install/action_tutorials_cpp/share/action_tutorials_cpp/local_setup.sh
[0.208s] -- Up-to-date: /home/arc/Documents/automatic_arc_melting_system/install/action_tutorials_cpp/share/action_tutorials_cpp/local_setup.zsh
[0.208s] -- Up-to-date: /home/arc/Documents/automatic_arc_melting_system/install/action_tutorials_cpp/share/action_tutorials_cpp/local_setup.dsv
[0.208s] -- Installing: /home/arc/Documents/automatic_arc_melting_system/install/action_tutorials_cpp/share/action_tutorials_cpp/package.dsv
[0.208s] -- Up-to-date: /home/arc/Documents/automatic_arc_melting_system/install/action_tutorials_cpp/share/ament_index/resource_index/packages/action_tutorials_cpp
[0.208s] -- Up-to-date: /home/arc/Documents/automatic_arc_melting_system/install/action_tutorials_cpp/share/ament_index/resource_index/rclcpp_components/action_tutorials_cpp
[0.209s] -- Up-to-date: /home/arc/Documents/automatic_arc_melting_system/install/action_tutorials_cpp/share/action_tutorials_cpp/cmake/action_tutorials_cppConfig.cmake
[0.209s] -- Up-to-date: /home/arc/Documents/automatic_arc_melting_system/install/action_tutorials_cpp/share/action_tutorials_cpp/cmake/action_tutorials_cppConfig-version.cmake
[0.211s] -- Up-to-date: /home/arc/Documents/automatic_arc_melting_system/install/action_tutorials_cpp/share/action_tutorials_cpp/package.xml
[0.222s] Invoked command in '/home/arc/Documents/automatic_arc_melting_system/build/action_tutorials_cpp' returned '0': AMENT_PREFIX_PATH=/home/arc/Documents/automatic_arc_melting_system/install/action_tutorials_interfaces:${AMENT_PREFIX_PATH} CMAKE_PREFIX_PATH=/home/arc/Documents/automatic_arc_melting_system/install/action_tutorials_interfaces:/opt/ros/foxy LD_LIBRARY_PATH=/home/arc/Documents/automatic_arc_melting_system/install/action_tutorials_interfaces/lib:${LD_LIBRARY_PATH} PYTHONPATH=/home/arc/Documents/automatic_arc_melting_system/install/action_tutorials_interfaces/lib/python3.8/site-packages:${PYTHONPATH} /usr/bin/cmake --install /home/arc/Documents/automatic_arc_melting_system/build/action_tutorials_cpp
