[0.213s] Invoking command in '/home/arc/Documents/automatic_arc_melting_system/build/main_process': CMAKE_PREFIX_PATH=${CMAKE_PREFIX_PATH}:/home/arc/Documents/automatic_arc_melting_system/install/cobotta_bcap:/opt/ros/foxy /usr/bin/cmake /home/arc/Documents/automatic_arc_melting_system/src/main_process -DCMAKE_INSTALL_PREFIX=/home/arc/Documents/automatic_arc_melting_system/install/main_process
[0.250s] -- The C compiler identification is GNU 9.4.0
[0.297s] -- The CXX compiler identification is GNU 9.4.0
[0.302s] -- Check for working C compiler: /usr/bin/cc
[0.353s] -- Check for working C compiler: /usr/bin/cc -- works
[0.354s] -- Detecting C compiler ABI info
[0.403s] -- Detecting C compiler ABI info - done
[0.413s] -- Detecting C compile features
[0.414s] -- Detecting C compile features - done
[0.420s] -- Check for working CXX compiler: /usr/bin/c++
[0.499s] -- Check for working CXX compiler: /usr/bin/c++ -- works
[0.499s] -- Detecting CXX compiler ABI info
[0.571s] -- Detecting CXX compiler ABI info - done
[0.584s] -- Detecting CXX compile features
[0.585s] -- Detecting CXX compile features - done
[0.596s] -- Found ament_cmake: 0.9.9 (/opt/ros/foxy/share/ament_cmake/cmake)
[0.605s] -- Found PythonInterp: /usr/bin/python3 (found suitable version "3.8.10", minimum required is "3") 
[0.606s] -- Using PYTHON_EXECUTABLE: /usr/bin/python3
[0.771s] -- Found ament_lint_auto: 0.9.6 (/opt/ros/foxy/share/ament_lint_auto/cmake)
[0.831s] -- Added test 'copyright' to check source files copyright and LICENSE
[0.832s] -- Added test 'lint_cmake' to check CMake code style
[0.833s] -- Added test 'xmllint' to check XML markup files
[0.835s] -- Configuring done
[0.836s] -- Generating done
[0.837s] -- Build files have been written to: /home/arc/Documents/automatic_arc_melting_system/build/main_process
[0.840s] Invoked command in '/home/arc/Documents/automatic_arc_melting_system/build/main_process' returned '0': CMAKE_PREFIX_PATH=${CMAKE_PREFIX_PATH}:/home/arc/Documents/automatic_arc_melting_system/install/cobotta_bcap:/opt/ros/foxy /usr/bin/cmake /home/arc/Documents/automatic_arc_melting_system/src/main_process -DCMAKE_INSTALL_PREFIX=/home/arc/Documents/automatic_arc_melting_system/install/main_process
[0.842s] Invoking command in '/home/arc/Documents/automatic_arc_melting_system/build/main_process': CMAKE_PREFIX_PATH=${CMAKE_PREFIX_PATH}:/home/arc/Documents/automatic_arc_melting_system/install/cobotta_bcap:/opt/ros/foxy /usr/bin/cmake --build /home/arc/Documents/automatic_arc_melting_system/build/main_process -- -j16 -l16
[0.875s] Invoked command in '/home/arc/Documents/automatic_arc_melting_system/build/main_process' returned '0': CMAKE_PREFIX_PATH=${CMAKE_PREFIX_PATH}:/home/arc/Documents/automatic_arc_melting_system/install/cobotta_bcap:/opt/ros/foxy /usr/bin/cmake --build /home/arc/Documents/automatic_arc_melting_system/build/main_process -- -j16 -l16
[0.892s] Invoking command in '/home/arc/Documents/automatic_arc_melting_system/build/main_process': CMAKE_PREFIX_PATH=${CMAKE_PREFIX_PATH}:/home/arc/Documents/automatic_arc_melting_system/install/cobotta_bcap:/opt/ros/foxy /usr/bin/cmake --install /home/arc/Documents/automatic_arc_melting_system/build/main_process
[0.900s] -- Install configuration: ""
[0.900s] -- Installing: /home/arc/Documents/automatic_arc_melting_system/install/main_process/share/ament_index/resource_index/package_run_dependencies/main_process
[0.900s] -- Installing: /home/arc/Documents/automatic_arc_melting_system/install/main_process/share/ament_index/resource_index/parent_prefix_path/main_process
[0.900s] -- Installing: /home/arc/Documents/automatic_arc_melting_system/install/main_process/share/main_process/environment/ament_prefix_path.sh
[0.900s] -- Installing: /home/arc/Documents/automatic_arc_melting_system/install/main_process/share/main_process/environment/ament_prefix_path.dsv
[0.900s] -- Installing: /home/arc/Documents/automatic_arc_melting_system/install/main_process/share/main_process/environment/path.sh
[0.900s] -- Installing: /home/arc/Documents/automatic_arc_melting_system/install/main_process/share/main_process/environment/path.dsv
[0.900s] -- Installing: /home/arc/Documents/automatic_arc_melting_system/install/main_process/share/main_process/local_setup.bash
[0.900s] -- Installing: /home/arc/Documents/automatic_arc_melting_system/install/main_process/share/main_process/local_setup.sh
[0.900s] -- Installing: /home/arc/Documents/automatic_arc_melting_system/install/main_process/share/main_process/local_setup.zsh
[0.900s] -- Installing: /home/arc/Documents/automatic_arc_melting_system/install/main_process/share/main_process/local_setup.dsv
[0.900s] -- Installing: /home/arc/Documents/automatic_arc_melting_system/install/main_process/share/main_process/package.dsv
[0.900s] -- Installing: /home/arc/Documents/automatic_arc_melting_system/install/main_process/share/ament_index/resource_index/packages/main_process
[0.901s] -- Installing: /home/arc/Documents/automatic_arc_melting_system/install/main_process/share/main_process/cmake/main_processConfig.cmake
[0.901s] -- Installing: /home/arc/Documents/automatic_arc_melting_system/install/main_process/share/main_process/cmake/main_processConfig-version.cmake
[0.901s] -- Installing: /home/arc/Documents/automatic_arc_melting_system/install/main_process/share/main_process/package.xml
[0.904s] Invoked command in '/home/arc/Documents/automatic_arc_melting_system/build/main_process' returned '0': CMAKE_PREFIX_PATH=${CMAKE_PREFIX_PATH}:/home/arc/Documents/automatic_arc_melting_system/install/cobotta_bcap:/opt/ros/foxy /usr/bin/cmake --install /home/arc/Documents/automatic_arc_melting_system/build/main_process
