[35m[1mScanning dependencies of target client[0m
[ 50%] [32mBuilding CXX object CMakeFiles/client.dir/src/cobotta_io.cpp.o[0m
[01m[K/home/arc/Documents/automatic_arc_melting_system/src/cobotta_process/src/cobotta_io.cpp:[m[K In function ‘[01m[Kint service_process()[m[K’:
[01m[K/home/arc/Documents/automatic_arc_melting_system/src/cobotta_process/src/cobotta_io.cpp:101:1:[m[K [01;35m[Kwarning: [m[Kcontrol reaches end of non-void function [[01;35m[K-Wreturn-type[m[K]
  101 | [01;35m[K}[m[K
      | [01;35m[K^[m[K
[100%] [32m[1mLinking CXX executable client[0m
[100%] Built target client
-- Install configuration: ""
-- Installing: /home/arc/Documents/automatic_arc_melting_system/install/cobotta_process/lib/cobotta_process/client
-- Set runtime path of "/home/arc/Documents/automatic_arc_melting_system/install/cobotta_process/lib/cobotta_process/client" to ""
-- Up-to-date: /home/arc/Documents/automatic_arc_melting_system/install/cobotta_process/share/ament_index/resource_index/package_run_dependencies/cobotta_process
-- Up-to-date: /home/arc/Documents/automatic_arc_melting_system/install/cobotta_process/share/ament_index/resource_index/parent_prefix_path/cobotta_process
-- Up-to-date: /home/arc/Documents/automatic_arc_melting_system/install/cobotta_process/share/cobotta_process/environment/ament_prefix_path.sh
-- Up-to-date: /home/arc/Documents/automatic_arc_melting_system/install/cobotta_process/share/cobotta_process/environment/ament_prefix_path.dsv
-- Up-to-date: /home/arc/Documents/automatic_arc_melting_system/install/cobotta_process/share/cobotta_process/environment/path.sh
-- Up-to-date: /home/arc/Documents/automatic_arc_melting_system/install/cobotta_process/share/cobotta_process/environment/path.dsv
-- Up-to-date: /home/arc/Documents/automatic_arc_melting_system/install/cobotta_process/share/cobotta_process/local_setup.bash
-- Up-to-date: /home/arc/Documents/automatic_arc_melting_system/install/cobotta_process/share/cobotta_process/local_setup.sh
-- Up-to-date: /home/arc/Documents/automatic_arc_melting_system/install/cobotta_process/share/cobotta_process/local_setup.zsh
-- Up-to-date: /home/arc/Documents/automatic_arc_melting_system/install/cobotta_process/share/cobotta_process/local_setup.dsv
-- Installing: /home/arc/Documents/automatic_arc_melting_system/install/cobotta_process/share/cobotta_process/package.dsv
-- Up-to-date: /home/arc/Documents/automatic_arc_melting_system/install/cobotta_process/share/ament_index/resource_index/packages/cobotta_process
-- Up-to-date: /home/arc/Documents/automatic_arc_melting_system/install/cobotta_process/share/cobotta_process/cmake/cobotta_processConfig.cmake
-- Up-to-date: /home/arc/Documents/automatic_arc_melting_system/install/cobotta_process/share/cobotta_process/cmake/cobotta_processConfig-version.cmake
-- Up-to-date: /home/arc/Documents/automatic_arc_melting_system/install/cobotta_process/share/cobotta_process/package.xml
