[0.045s] Invoking command in '/home/arc/Documents/automatic_arc_melting_system/build/action_tutorials_interfaces': CMAKE_PREFIX_PATH=${CMAKE_PREFIX_PATH}:/home/arc/Documents/automatic_arc_melting_system/install/cobotta_bcap:/opt/ros/foxy /usr/bin/cmake --build /home/arc/Documents/automatic_arc_melting_system/build/action_tutorials_interfaces -- -j16 -l16
[0.246s] [  9%] Built target action_tutorials_interfaces__cpp
[0.246s] [ 12%] Built target action_tutorials_interfaces__rosidl_generator_c
[0.247s] [ 22%] Built target action_tutorials_interfaces__rosidl_typesupport_c
[0.248s] [ 32%] Built target action_tutorials_interfaces__rosidl_typesupport_introspection_cpp
[0.248s] [ 41%] Built target action_tutorials_interfaces__rosidl_typesupport_cpp
[0.249s] [ 51%] Built target action_tutorials_interfaces__rosidl_typesupport_introspection_c
[0.250s] [ 61%] Built target action_tutorials_interfaces__rosidl_typesupport_fastrtps_cpp
[0.250s] [ 70%] Built target action_tutorials_interfaces__rosidl_typesupport_fastrtps_c
[0.250s] [ 70%] Built target action_tutorials_interfaces
[0.251s] [ 74%] Built target action_tutorials_interfaces__py
[0.252s] [ 80%] Built target action_tutorials_interfaces__python
[0.252s] [ 93%] Built target action_tutorials_interfaces__rosidl_typesupport_c__pyext
[0.252s] [ 93%] Built target action_tutorials_interfaces__rosidl_typesupport_fastrtps_c__pyext
[0.252s] [100%] Built target action_tutorials_interfaces__rosidl_typesupport_introspection_c__pyext
[0.253s] Invoked command in '/home/arc/Documents/automatic_arc_melting_system/build/action_tutorials_interfaces' returned '0': CMAKE_PREFIX_PATH=${CMAKE_PREFIX_PATH}:/home/arc/Documents/automatic_arc_melting_system/install/cobotta_bcap:/opt/ros/foxy /usr/bin/cmake --build /home/arc/Documents/automatic_arc_melting_system/build/action_tutorials_interfaces -- -j16 -l16
[0.290s] Invoking command in '/home/arc/Documents/automatic_arc_melting_system/build/action_tutorials_interfaces': CMAKE_PREFIX_PATH=${CMAKE_PREFIX_PATH}:/home/arc/Documents/automatic_arc_melting_system/install/cobotta_bcap:/opt/ros/foxy /usr/bin/cmake --install /home/arc/Documents/automatic_arc_melting_system/build/action_tutorials_interfaces
[0.300s] -- Install configuration: ""
[0.301s] -- Up-to-date: /home/arc/Documents/automatic_arc_melting_system/install/action_tutorials_interfaces/share/ament_index/resource_index/rosidl_interfaces/action_tutorials_interfaces
[0.301s] -- Up-to-date: /home/arc/Documents/automatic_arc_melting_system/install/action_tutorials_interfaces/include/action_tutorials_interfaces
[0.301s] -- Up-to-date: /home/arc/Documents/automatic_arc_melting_system/install/action_tutorials_interfaces/include/action_tutorials_interfaces/msg
[0.301s] -- Up-to-date: /home/arc/Documents/automatic_arc_melting_system/install/action_tutorials_interfaces/include/action_tutorials_interfaces/msg/rosidl_generator_c__visibility_control.h
[0.301s] -- Up-to-date: /home/arc/Documents/automatic_arc_melting_system/install/action_tutorials_interfaces/include/action_tutorials_interfaces/action
[0.301s] -- Up-to-date: /home/arc/Documents/automatic_arc_melting_system/install/action_tutorials_interfaces/include/action_tutorials_interfaces/action/fibonacci.h
[0.301s] -- Up-to-date: /home/arc/Documents/automatic_arc_melting_system/install/action_tutorials_interfaces/include/action_tutorials_interfaces/action/detail
[0.301s] -- Up-to-date: /home/arc/Documents/automatic_arc_melting_system/install/action_tutorials_interfaces/include/action_tutorials_interfaces/action/detail/fibonacci__functions.h
[0.301s] -- Up-to-date: /home/arc/Documents/automatic_arc_melting_system/install/action_tutorials_interfaces/include/action_tutorials_interfaces/action/detail/fibonacci__functions.c
[0.301s] -- Up-to-date: /home/arc/Documents/automatic_arc_melting_system/install/action_tutorials_interfaces/include/action_tutorials_interfaces/action/detail/fibonacci__struct.h
[0.302s] -- Up-to-date: /home/arc/Documents/automatic_arc_melting_system/install/action_tutorials_interfaces/include/action_tutorials_interfaces/action/detail/fibonacci__type_support.h
[0.302s] -- Up-to-date: /home/arc/Documents/automatic_arc_melting_system/install/action_tutorials_interfaces/share/action_tutorials_interfaces/environment/library_path.sh
[0.302s] -- Up-to-date: /home/arc/Documents/automatic_arc_melting_system/install/action_tutorials_interfaces/share/action_tutorials_interfaces/environment/library_path.dsv
[0.302s] -- Up-to-date: /home/arc/Documents/automatic_arc_melting_system/install/action_tutorials_interfaces/lib/libaction_tutorials_interfaces__rosidl_generator_c.so
[0.302s] -- Up-to-date: /home/arc/Documents/automatic_arc_melting_system/install/action_tutorials_interfaces/include/action_tutorials_interfaces
[0.302s] -- Up-to-date: /home/arc/Documents/automatic_arc_melting_system/install/action_tutorials_interfaces/include/action_tutorials_interfaces/msg
[0.302s] -- Up-to-date: /home/arc/Documents/automatic_arc_melting_system/install/action_tutorials_interfaces/include/action_tutorials_interfaces/msg/rosidl_typesupport_fastrtps_c__visibility_control.h
[0.302s] -- Up-to-date: /home/arc/Documents/automatic_arc_melting_system/install/action_tutorials_interfaces/include/action_tutorials_interfaces/action
[0.302s] -- Up-to-date: /home/arc/Documents/automatic_arc_melting_system/install/action_tutorials_interfaces/include/action_tutorials_interfaces/action/detail
[0.302s] -- Up-to-date: /home/arc/Documents/automatic_arc_melting_system/install/action_tutorials_interfaces/include/action_tutorials_interfaces/action/detail/fibonacci__rosidl_typesupport_fastrtps_c.h
[0.302s] -- Up-to-date: /home/arc/Documents/automatic_arc_melting_system/install/action_tutorials_interfaces/lib/libaction_tutorials_interfaces__rosidl_typesupport_fastrtps_c.so
[0.302s] -- Up-to-date: /home/arc/Documents/automatic_arc_melting_system/install/action_tutorials_interfaces/include/action_tutorials_interfaces
[0.302s] -- Up-to-date: /home/arc/Documents/automatic_arc_melting_system/install/action_tutorials_interfaces/include/action_tutorials_interfaces/msg
[0.302s] -- Up-to-date: /home/arc/Documents/automatic_arc_melting_system/install/action_tutorials_interfaces/include/action_tutorials_interfaces/msg/rosidl_typesupport_fastrtps_cpp__visibility_control.h
[0.302s] -- Up-to-date: /home/arc/Documents/automatic_arc_melting_system/install/action_tutorials_interfaces/include/action_tutorials_interfaces/action
[0.303s] -- Up-to-date: /home/arc/Documents/automatic_arc_melting_system/install/action_tutorials_interfaces/include/action_tutorials_interfaces/action/detail
[0.303s] -- Up-to-date: /home/arc/Documents/automatic_arc_melting_system/install/action_tutorials_interfaces/include/action_tutorials_interfaces/action/detail/dds_fastrtps
[0.303s] -- Up-to-date: /home/arc/Documents/automatic_arc_melting_system/install/action_tutorials_interfaces/include/action_tutorials_interfaces/action/detail/fibonacci__rosidl_typesupport_fastrtps_cpp.hpp
[0.303s] -- Up-to-date: /home/arc/Documents/automatic_arc_melting_system/install/action_tutorials_interfaces/lib/libaction_tutorials_interfaces__rosidl_typesupport_fastrtps_cpp.so
[0.303s] -- Up-to-date: /home/arc/Documents/automatic_arc_melting_system/install/action_tutorials_interfaces/include/action_tutorials_interfaces
[0.303s] -- Up-to-date: /home/arc/Documents/automatic_arc_melting_system/install/action_tutorials_interfaces/include/action_tutorials_interfaces/msg
[0.303s] -- Up-to-date: /home/arc/Documents/automatic_arc_melting_system/install/action_tutorials_interfaces/include/action_tutorials_interfaces/msg/rosidl_typesupport_introspection_c__visibility_control.h
[0.303s] -- Up-to-date: /home/arc/Documents/automatic_arc_melting_system/install/action_tutorials_interfaces/include/action_tutorials_interfaces/action
[0.303s] -- Up-to-date: /home/arc/Documents/automatic_arc_melting_system/install/action_tutorials_interfaces/include/action_tutorials_interfaces/action/detail
[0.303s] -- Up-to-date: /home/arc/Documents/automatic_arc_melting_system/install/action_tutorials_interfaces/include/action_tutorials_interfaces/action/detail/fibonacci__rosidl_typesupport_introspection_c.h
[0.303s] -- Up-to-date: /home/arc/Documents/automatic_arc_melting_system/install/action_tutorials_interfaces/include/action_tutorials_interfaces/action/detail/fibonacci__type_support.c
[0.304s] -- Up-to-date: /home/arc/Documents/automatic_arc_melting_system/install/action_tutorials_interfaces/lib/libaction_tutorials_interfaces__rosidl_typesupport_introspection_c.so
[0.304s] -- Up-to-date: /home/arc/Documents/automatic_arc_melting_system/install/action_tutorials_interfaces/lib/libaction_tutorials_interfaces__rosidl_typesupport_c.so
[0.304s] -- Up-to-date: /home/arc/Documents/automatic_arc_melting_system/install/action_tutorials_interfaces/include/action_tutorials_interfaces
[0.304s] -- Up-to-date: /home/arc/Documents/automatic_arc_melting_system/install/action_tutorials_interfaces/include/action_tutorials_interfaces/action
[0.304s] -- Up-to-date: /home/arc/Documents/automatic_arc_melting_system/install/action_tutorials_interfaces/include/action_tutorials_interfaces/action/detail
[0.304s] -- Up-to-date: /home/arc/Documents/automatic_arc_melting_system/install/action_tutorials_interfaces/include/action_tutorials_interfaces/action/detail/fibonacci__traits.hpp
[0.304s] -- Up-to-date: /home/arc/Documents/automatic_arc_melting_system/install/action_tutorials_interfaces/include/action_tutorials_interfaces/action/detail/fibonacci__builder.hpp
[0.304s] -- Up-to-date: /home/arc/Documents/automatic_arc_melting_system/install/action_tutorials_interfaces/include/action_tutorials_interfaces/action/detail/fibonacci__struct.hpp
[0.305s] -- Up-to-date: /home/arc/Documents/automatic_arc_melting_system/install/action_tutorials_interfaces/include/action_tutorials_interfaces/action/fibonacci.hpp
[0.305s] -- Up-to-date: /home/arc/Documents/automatic_arc_melting_system/install/action_tutorials_interfaces/include/action_tutorials_interfaces
[0.305s] -- Up-to-date: /home/arc/Documents/automatic_arc_melting_system/install/action_tutorials_interfaces/include/action_tutorials_interfaces/action
[0.305s] -- Up-to-date: /home/arc/Documents/automatic_arc_melting_system/install/action_tutorials_interfaces/include/action_tutorials_interfaces/action/detail
[0.305s] -- Up-to-date: /home/arc/Documents/automatic_arc_melting_system/install/action_tutorials_interfaces/include/action_tutorials_interfaces/action/detail/fibonacci__type_support.cpp
[0.305s] -- Up-to-date: /home/arc/Documents/automatic_arc_melting_system/install/action_tutorials_interfaces/include/action_tutorials_interfaces/action/detail/fibonacci__rosidl_typesupport_introspection_cpp.hpp
[0.305s] -- Up-to-date: /home/arc/Documents/automatic_arc_melting_system/install/action_tutorials_interfaces/lib/libaction_tutorials_interfaces__rosidl_typesupport_introspection_cpp.so
[0.305s] -- Up-to-date: /home/arc/Documents/automatic_arc_melting_system/install/action_tutorials_interfaces/lib/libaction_tutorials_interfaces__rosidl_typesupport_cpp.so
[0.305s] -- Up-to-date: /home/arc/Documents/automatic_arc_melting_system/install/action_tutorials_interfaces/share/action_tutorials_interfaces/environment/pythonpath.sh
[0.305s] -- Up-to-date: /home/arc/Documents/automatic_arc_melting_system/install/action_tutorials_interfaces/share/action_tutorials_interfaces/environment/pythonpath.dsv
[0.305s] -- Up-to-date: /home/arc/Documents/automatic_arc_melting_system/install/action_tutorials_interfaces/lib/python3.8/site-packages/action_tutorials_interfaces/__init__.py
[0.333s] -- Up-to-date: /home/arc/Documents/automatic_arc_melting_system/install/action_tutorials_interfaces/lib/python3.8/site-packages/action_tutorials_interfaces/action
[0.333s] -- Up-to-date: /home/arc/Documents/automatic_arc_melting_system/install/action_tutorials_interfaces/lib/python3.8/site-packages/action_tutorials_interfaces/action/__init__.py
[0.334s] -- Up-to-date: /home/arc/Documents/automatic_arc_melting_system/install/action_tutorials_interfaces/lib/python3.8/site-packages/action_tutorials_interfaces/action/_fibonacci.py
[0.334s] -- Up-to-date: /home/arc/Documents/automatic_arc_melting_system/install/action_tutorials_interfaces/lib/python3.8/site-packages/action_tutorials_interfaces/action/_fibonacci_s.c
[0.335s] -- Up-to-date: /home/arc/Documents/automatic_arc_melting_system/install/action_tutorials_interfaces/lib/python3.8/site-packages/action_tutorials_interfaces/action_tutorials_interfaces_s__rosidl_typesupport_fastrtps_c.cpython-38-x86_64-linux-gnu.so
[0.336s] -- Up-to-date: /home/arc/Documents/automatic_arc_melting_system/install/action_tutorials_interfaces/lib/python3.8/site-packages/action_tutorials_interfaces/action_tutorials_interfaces_s__rosidl_typesupport_introspection_c.cpython-38-x86_64-linux-gnu.so
[0.339s] -- Up-to-date: /home/arc/Documents/automatic_arc_melting_system/install/action_tutorials_interfaces/lib/python3.8/site-packages/action_tutorials_interfaces/action_tutorials_interfaces_s__rosidl_typesupport_c.cpython-38-x86_64-linux-gnu.so
[0.343s] -- Up-to-date: /home/arc/Documents/automatic_arc_melting_system/install/action_tutorials_interfaces/lib/libaction_tutorials_interfaces__python.so
[0.343s] -- Up-to-date: /home/arc/Documents/automatic_arc_melting_system/install/action_tutorials_interfaces/share/action_tutorials_interfaces/action/Fibonacci.idl
[0.343s] -- Up-to-date: /home/arc/Documents/automatic_arc_melting_system/install/action_tutorials_interfaces/share/action_tutorials_interfaces/action/Fibonacci.action
[0.343s] -- Up-to-date: /home/arc/Documents/automatic_arc_melting_system/install/action_tutorials_interfaces/share/ament_index/resource_index/package_run_dependencies/action_tutorials_interfaces
[0.343s] -- Up-to-date: /home/arc/Documents/automatic_arc_melting_system/install/action_tutorials_interfaces/share/ament_index/resource_index/parent_prefix_path/action_tutorials_interfaces
[0.344s] -- Up-to-date: /home/arc/Documents/automatic_arc_melting_system/install/action_tutorials_interfaces/share/action_tutorials_interfaces/environment/ament_prefix_path.sh
[0.344s] -- Up-to-date: /home/arc/Documents/automatic_arc_melting_system/install/action_tutorials_interfaces/share/action_tutorials_interfaces/environment/ament_prefix_path.dsv
[0.344s] -- Up-to-date: /home/arc/Documents/automatic_arc_melting_system/install/action_tutorials_interfaces/share/action_tutorials_interfaces/environment/path.sh
[0.344s] -- Up-to-date: /home/arc/Documents/automatic_arc_melting_system/install/action_tutorials_interfaces/share/action_tutorials_interfaces/environment/path.dsv
[0.344s] -- Up-to-date: /home/arc/Documents/automatic_arc_melting_system/install/action_tutorials_interfaces/share/action_tutorials_interfaces/local_setup.bash
[0.344s] -- Up-to-date: /home/arc/Documents/automatic_arc_melting_system/install/action_tutorials_interfaces/share/action_tutorials_interfaces/local_setup.sh
[0.344s] -- Up-to-date: /home/arc/Documents/automatic_arc_melting_system/install/action_tutorials_interfaces/share/action_tutorials_interfaces/local_setup.zsh
[0.344s] -- Up-to-date: /home/arc/Documents/automatic_arc_melting_system/install/action_tutorials_interfaces/share/action_tutorials_interfaces/local_setup.dsv
[0.344s] -- Installing: /home/arc/Documents/automatic_arc_melting_system/install/action_tutorials_interfaces/share/action_tutorials_interfaces/package.dsv
[0.347s] -- Up-to-date: /home/arc/Documents/automatic_arc_melting_system/install/action_tutorials_interfaces/share/ament_index/resource_index/packages/action_tutorials_interfaces
[0.347s] -- Up-to-date: /home/arc/Documents/automatic_arc_melting_system/install/action_tutorials_interfaces/share/action_tutorials_interfaces/cmake/action_tutorials_interfaces__rosidl_generator_cExport.cmake
[0.347s] -- Up-to-date: /home/arc/Documents/automatic_arc_melting_system/install/action_tutorials_interfaces/share/action_tutorials_interfaces/cmake/action_tutorials_interfaces__rosidl_generator_cExport-noconfig.cmake
[0.348s] -- Up-to-date: /home/arc/Documents/automatic_arc_melting_system/install/action_tutorials_interfaces/share/action_tutorials_interfaces/cmake/action_tutorials_interfaces__rosidl_typesupport_introspection_cExport.cmake
[0.348s] -- Up-to-date: /home/arc/Documents/automatic_arc_melting_system/install/action_tutorials_interfaces/share/action_tutorials_interfaces/cmake/action_tutorials_interfaces__rosidl_typesupport_introspection_cExport-noconfig.cmake
[0.348s] -- Up-to-date: /home/arc/Documents/automatic_arc_melting_system/install/action_tutorials_interfaces/share/action_tutorials_interfaces/cmake/action_tutorials_interfaces__rosidl_typesupport_cExport.cmake
[0.348s] -- Up-to-date: /home/arc/Documents/automatic_arc_melting_system/install/action_tutorials_interfaces/share/action_tutorials_interfaces/cmake/action_tutorials_interfaces__rosidl_typesupport_cExport-noconfig.cmake
[0.349s] -- Up-to-date: /home/arc/Documents/automatic_arc_melting_system/install/action_tutorials_interfaces/share/action_tutorials_interfaces/cmake/action_tutorials_interfaces__rosidl_generator_cppExport.cmake
[0.349s] -- Up-to-date: /home/arc/Documents/automatic_arc_melting_system/install/action_tutorials_interfaces/share/action_tutorials_interfaces/cmake/action_tutorials_interfaces__rosidl_typesupport_introspection_cppExport.cmake
[0.350s] -- Up-to-date: /home/arc/Documents/automatic_arc_melting_system/install/action_tutorials_interfaces/share/action_tutorials_interfaces/cmake/action_tutorials_interfaces__rosidl_typesupport_introspection_cppExport-noconfig.cmake
[0.350s] -- Up-to-date: /home/arc/Documents/automatic_arc_melting_system/install/action_tutorials_interfaces/share/action_tutorials_interfaces/cmake/action_tutorials_interfaces__rosidl_typesupport_cppExport.cmake
[0.350s] -- Up-to-date: /home/arc/Documents/automatic_arc_melting_system/install/action_tutorials_interfaces/share/action_tutorials_interfaces/cmake/action_tutorials_interfaces__rosidl_typesupport_cppExport-noconfig.cmake
[0.352s] -- Up-to-date: /home/arc/Documents/automatic_arc_melting_system/install/action_tutorials_interfaces/share/action_tutorials_interfaces/cmake/rosidl_cmake-extras.cmake
[0.353s] -- Up-to-date: /home/arc/Documents/automatic_arc_melting_system/install/action_tutorials_interfaces/share/action_tutorials_interfaces/cmake/ament_cmake_export_dependencies-extras.cmake
[0.353s] -- Up-to-date: /home/arc/Documents/automatic_arc_melting_system/install/action_tutorials_interfaces/share/action_tutorials_interfaces/cmake/ament_cmake_export_libraries-extras.cmake
[0.353s] -- Up-to-date: /home/arc/Documents/automatic_arc_melting_system/install/action_tutorials_interfaces/share/action_tutorials_interfaces/cmake/ament_cmake_export_targets-extras.cmake
[0.354s] -- Up-to-date: /home/arc/Documents/automatic_arc_melting_system/install/action_tutorials_interfaces/share/action_tutorials_interfaces/cmake/ament_cmake_export_include_directories-extras.cmake
[0.354s] -- Up-to-date: /home/arc/Documents/automatic_arc_melting_system/install/action_tutorials_interfaces/share/action_tutorials_interfaces/cmake/rosidl_cmake_export_typesupport_libraries-extras.cmake
[0.354s] -- Up-to-date: /home/arc/Documents/automatic_arc_melting_system/install/action_tutorials_interfaces/share/action_tutorials_interfaces/cmake/rosidl_cmake_export_typesupport_targets-extras.cmake
[0.359s] -- Up-to-date: /home/arc/Documents/automatic_arc_melting_system/install/action_tutorials_interfaces/share/action_tutorials_interfaces/cmake/action_tutorials_interfacesConfig.cmake
[0.360s] -- Up-to-date: /home/arc/Documents/automatic_arc_melting_system/install/action_tutorials_interfaces/share/action_tutorials_interfaces/cmake/action_tutorials_interfacesConfig-version.cmake
[0.360s] -- Up-to-date: /home/arc/Documents/automatic_arc_melting_system/install/action_tutorials_interfaces/share/action_tutorials_interfaces/package.xml
[0.389s] Invoked command in '/home/arc/Documents/automatic_arc_melting_system/build/action_tutorials_interfaces' returned '0': CMAKE_PREFIX_PATH=${CMAKE_PREFIX_PATH}:/home/arc/Documents/automatic_arc_melting_system/install/cobotta_bcap:/opt/ros/foxy /usr/bin/cmake --install /home/arc/Documents/automatic_arc_melting_system/build/action_tutorials_interfaces
