[0.029s] Invoking command in '/home/arc/Documents/automatic_arc_melting_system/build/auto_weighting': AMENT_PREFIX_PATH=/home/arc/Documents/automatic_arc_melting_system/install/tcp_format:${AMENT_PREFIX_PATH} CMAKE_PREFIX_PATH=/home/arc/Documents/automatic_arc_melting_system/install/tcp_format:/opt/ros/foxy LD_LIBRARY_PATH=/home/arc/Documents/automatic_arc_melting_system/install/tcp_format/lib:${LD_LIBRARY_PATH} PYTHONPATH=/home/arc/Documents/automatic_arc_melting_system/install/tcp_format/lib/python3.8/site-packages:${PYTHONPATH} /usr/bin/cmake --build /home/arc/Documents/automatic_arc_melting_system/build/auto_weighting -- -j16 -l16
[0.088s] [100%] Built target client
[0.098s] Invoked command in '/home/arc/Documents/automatic_arc_melting_system/build/auto_weighting' returned '0': AMENT_PREFIX_PATH=/home/arc/Documents/automatic_arc_melting_system/install/tcp_format:${AMENT_PREFIX_PATH} CMAKE_PREFIX_PATH=/home/arc/Documents/automatic_arc_melting_system/install/tcp_format:/opt/ros/foxy LD_LIBRARY_PATH=/home/arc/Documents/automatic_arc_melting_system/install/tcp_format/lib:${LD_LIBRARY_PATH} PYTHONPATH=/home/arc/Documents/automatic_arc_melting_system/install/tcp_format/lib/python3.8/site-packages:${PYTHONPATH} /usr/bin/cmake --build /home/arc/Documents/automatic_arc_melting_system/build/auto_weighting -- -j16 -l16
[0.136s] Invoking command in '/home/arc/Documents/automatic_arc_melting_system/build/auto_weighting': AMENT_PREFIX_PATH=/home/arc/Documents/automatic_arc_melting_system/install/tcp_format:${AMENT_PREFIX_PATH} CMAKE_PREFIX_PATH=/home/arc/Documents/automatic_arc_melting_system/install/tcp_format:/opt/ros/foxy LD_LIBRARY_PATH=/home/arc/Documents/automatic_arc_melting_system/install/tcp_format/lib:${LD_LIBRARY_PATH} PYTHONPATH=/home/arc/Documents/automatic_arc_melting_system/install/tcp_format/lib/python3.8/site-packages:${PYTHONPATH} /usr/bin/cmake --install /home/arc/Documents/automatic_arc_melting_system/build/auto_weighting
[0.148s] -- Install configuration: ""
[0.148s] -- Up-to-date: /home/arc/Documents/automatic_arc_melting_system/install/auto_weighting/lib/auto_weighting/client
[0.148s] -- Up-to-date: /home/arc/Documents/automatic_arc_melting_system/install/auto_weighting/share/ament_index/resource_index/package_run_dependencies/auto_weighting
[0.148s] -- Up-to-date: /home/arc/Documents/automatic_arc_melting_system/install/auto_weighting/share/ament_index/resource_index/parent_prefix_path/auto_weighting
[0.148s] -- Up-to-date: /home/arc/Documents/automatic_arc_melting_system/install/auto_weighting/share/auto_weighting/environment/ament_prefix_path.sh
[0.149s] -- Up-to-date: /home/arc/Documents/automatic_arc_melting_system/install/auto_weighting/share/auto_weighting/environment/ament_prefix_path.dsv
[0.149s] -- Up-to-date: /home/arc/Documents/automatic_arc_melting_system/install/auto_weighting/share/auto_weighting/environment/path.sh
[0.150s] -- Up-to-date: /home/arc/Documents/automatic_arc_melting_system/install/auto_weighting/share/auto_weighting/environment/path.dsv
[0.150s] -- Up-to-date: /home/arc/Documents/automatic_arc_melting_system/install/auto_weighting/share/auto_weighting/local_setup.bash
[0.150s] -- Up-to-date: /home/arc/Documents/automatic_arc_melting_system/install/auto_weighting/share/auto_weighting/local_setup.sh
[0.151s] -- Up-to-date: /home/arc/Documents/automatic_arc_melting_system/install/auto_weighting/share/auto_weighting/local_setup.zsh
[0.151s] -- Up-to-date: /home/arc/Documents/automatic_arc_melting_system/install/auto_weighting/share/auto_weighting/local_setup.dsv
[0.151s] -- Installing: /home/arc/Documents/automatic_arc_melting_system/install/auto_weighting/share/auto_weighting/package.dsv
[0.151s] -- Up-to-date: /home/arc/Documents/automatic_arc_melting_system/install/auto_weighting/share/ament_index/resource_index/packages/auto_weighting
[0.151s] -- Up-to-date: /home/arc/Documents/automatic_arc_melting_system/install/auto_weighting/share/auto_weighting/cmake/auto_weightingConfig.cmake
[0.152s] -- Up-to-date: /home/arc/Documents/automatic_arc_melting_system/install/auto_weighting/share/auto_weighting/cmake/auto_weightingConfig-version.cmake
[0.152s] -- Up-to-date: /home/arc/Documents/automatic_arc_melting_system/install/auto_weighting/share/auto_weighting/package.xml
[0.164s] Invoked command in '/home/arc/Documents/automatic_arc_melting_system/build/auto_weighting' returned '0': AMENT_PREFIX_PATH=/home/arc/Documents/automatic_arc_melting_system/install/tcp_format:${AMENT_PREFIX_PATH} CMAKE_PREFIX_PATH=/home/arc/Documents/automatic_arc_melting_system/install/tcp_format:/opt/ros/foxy LD_LIBRARY_PATH=/home/arc/Documents/automatic_arc_melting_system/install/tcp_format/lib:${LD_LIBRARY_PATH} PYTHONPATH=/home/arc/Documents/automatic_arc_melting_system/install/tcp_format/lib/python3.8/site-packages:${PYTHONPATH} /usr/bin/cmake --install /home/arc/Documents/automatic_arc_melting_system/build/auto_weighting
