[0.017s] Invoking command in '/home/arc/Documents/automatic_arc_melting_system/build/cobotta_process': AMENT_PREFIX_PATH=/home/arc/Documents/automatic_arc_melting_system/install/tcp_format:${AMENT_PREFIX_PATH} CMAKE_PREFIX_PATH=/home/arc/Documents/automatic_arc_melting_system/install/tcp_format:/opt/ros/foxy CONDA_PROMPT_MODIFIER=(base) LD_LIBRARY_PATH=/home/arc/Documents/automatic_arc_melting_system/install/tcp_format/lib:${LD_LIBRARY_PATH} PYTHONPATH=/home/arc/Documents/automatic_arc_melting_system/install/tcp_format/lib/python3.8/site-packages:${PYTHONPATH} /usr/bin/cmake --build /home/arc/Documents/automatic_arc_melting_system/build/cobotta_process -- -j16 -l16
[0.034s] -- Found ament_cmake: 0.9.9 (/opt/ros/foxy/share/ament_cmake/cmake)
[0.049s] -- Using PYTHON_EXECUTABLE: /usr/bin/python3
[0.172s] -- Found rclcpp: 2.4.1 (/opt/ros/foxy/share/rclcpp/cmake)
[0.195s] -- Using all available rosidl_typesupport_c: rosidl_typesupport_fastrtps_c;rosidl_typesupport_introspection_c
[0.198s] -- Found rosidl_adapter: 1.2.1 (/opt/ros/foxy/share/rosidl_adapter/cmake)
[0.279s] -- Using all available rosidl_typesupport_cpp: rosidl_typesupport_fastrtps_cpp;rosidl_typesupport_introspection_cpp
[0.314s] -- Found rmw_implementation_cmake: 1.0.3 (/opt/ros/foxy/share/rmw_implementation_cmake/cmake)
[0.315s] -- Using RMW implementation 'rmw_fastrtps_cpp' as default
[0.421s] -- Found tcp_format: 0.0.0 (/home/arc/Documents/automatic_arc_melting_system/install/tcp_format/share/tcp_format/cmake)
[0.428s] -- Found ament_lint_auto: 0.9.6 (/opt/ros/foxy/share/ament_lint_auto/cmake)
[0.474s] -- Added test 'copyright' to check source files copyright and LICENSE
[0.474s] -- Added test 'cppcheck' to perform static code analysis on C / C++ code
[0.474s] -- Configured cppcheck include dirs: 
[0.474s] -- Configured cppcheck exclude dirs and/or files: 
[0.475s] -- Added test 'cpplint' to check C / C++ code against the Google style
[0.475s] -- Configured cpplint exclude dirs and/or files: 
[0.475s] -- Added test 'lint_cmake' to check CMake code style
[0.476s] -- Added test 'uncrustify' to check C / C++ code style
[0.476s] -- Configured uncrustify additional arguments: 
[0.476s] -- Added test 'xmllint' to check XML markup files
[0.477s] -- Configuring done
[0.482s] -- Generating done
[0.483s] -- Build files have been written to: /home/arc/Documents/automatic_arc_melting_system/build/cobotta_process
[0.499s] [35m[1mScanning dependencies of target client[0m
[0.516s] [ 50%] [32mBuilding CXX object CMakeFiles/client.dir/src/cobotta_io.cpp.o[0m
[2.273s] [100%] [32m[1mLinking CXX executable client[0m
[2.371s] [100%] Built target client
[2.379s] Invoked command in '/home/arc/Documents/automatic_arc_melting_system/build/cobotta_process' returned '0': AMENT_PREFIX_PATH=/home/arc/Documents/automatic_arc_melting_system/install/tcp_format:${AMENT_PREFIX_PATH} CMAKE_PREFIX_PATH=/home/arc/Documents/automatic_arc_melting_system/install/tcp_format:/opt/ros/foxy CONDA_PROMPT_MODIFIER=(base) LD_LIBRARY_PATH=/home/arc/Documents/automatic_arc_melting_system/install/tcp_format/lib:${LD_LIBRARY_PATH} PYTHONPATH=/home/arc/Documents/automatic_arc_melting_system/install/tcp_format/lib/python3.8/site-packages:${PYTHONPATH} /usr/bin/cmake --build /home/arc/Documents/automatic_arc_melting_system/build/cobotta_process -- -j16 -l16
[2.395s] Invoking command in '/home/arc/Documents/automatic_arc_melting_system/build/cobotta_process': AMENT_PREFIX_PATH=/home/arc/Documents/automatic_arc_melting_system/install/tcp_format:${AMENT_PREFIX_PATH} CMAKE_PREFIX_PATH=/home/arc/Documents/automatic_arc_melting_system/install/tcp_format:/opt/ros/foxy CONDA_PROMPT_MODIFIER=(base) LD_LIBRARY_PATH=/home/arc/Documents/automatic_arc_melting_system/install/tcp_format/lib:${LD_LIBRARY_PATH} PYTHONPATH=/home/arc/Documents/automatic_arc_melting_system/install/tcp_format/lib/python3.8/site-packages:${PYTHONPATH} /usr/bin/cmake --install /home/arc/Documents/automatic_arc_melting_system/build/cobotta_process
[2.401s] -- Install configuration: ""
[2.401s] -- Installing: /home/arc/Documents/automatic_arc_melting_system/install/cobotta_process/lib/cobotta_process/client
[2.402s] -- Set runtime path of "/home/arc/Documents/automatic_arc_melting_system/install/cobotta_process/lib/cobotta_process/client" to ""
[2.402s] -- Up-to-date: /home/arc/Documents/automatic_arc_melting_system/install/cobotta_process/share/ament_index/resource_index/package_run_dependencies/cobotta_process
[2.402s] -- Up-to-date: /home/arc/Documents/automatic_arc_melting_system/install/cobotta_process/share/ament_index/resource_index/parent_prefix_path/cobotta_process
[2.402s] -- Up-to-date: /home/arc/Documents/automatic_arc_melting_system/install/cobotta_process/share/cobotta_process/environment/ament_prefix_path.sh
[2.402s] -- Installing: /home/arc/Documents/automatic_arc_melting_system/install/cobotta_process/share/cobotta_process/environment/ament_prefix_path.dsv
[2.402s] -- Up-to-date: /home/arc/Documents/automatic_arc_melting_system/install/cobotta_process/share/cobotta_process/environment/path.sh
[2.402s] -- Installing: /home/arc/Documents/automatic_arc_melting_system/install/cobotta_process/share/cobotta_process/environment/path.dsv
[2.402s] -- Up-to-date: /home/arc/Documents/automatic_arc_melting_system/install/cobotta_process/share/cobotta_process/local_setup.bash
[2.402s] -- Up-to-date: /home/arc/Documents/automatic_arc_melting_system/install/cobotta_process/share/cobotta_process/local_setup.sh
[2.402s] -- Up-to-date: /home/arc/Documents/automatic_arc_melting_system/install/cobotta_process/share/cobotta_process/local_setup.zsh
[2.402s] -- Installing: /home/arc/Documents/automatic_arc_melting_system/install/cobotta_process/share/cobotta_process/local_setup.dsv
[2.402s] -- Installing: /home/arc/Documents/automatic_arc_melting_system/install/cobotta_process/share/cobotta_process/package.dsv
[2.402s] -- Up-to-date: /home/arc/Documents/automatic_arc_melting_system/install/cobotta_process/share/ament_index/resource_index/packages/cobotta_process
[2.402s] -- Up-to-date: /home/arc/Documents/automatic_arc_melting_system/install/cobotta_process/share/cobotta_process/cmake/cobotta_processConfig.cmake
[2.402s] -- Up-to-date: /home/arc/Documents/automatic_arc_melting_system/install/cobotta_process/share/cobotta_process/cmake/cobotta_processConfig-version.cmake
[2.403s] -- Up-to-date: /home/arc/Documents/automatic_arc_melting_system/install/cobotta_process/share/cobotta_process/package.xml
[2.406s] Invoked command in '/home/arc/Documents/automatic_arc_melting_system/build/cobotta_process' returned '0': AMENT_PREFIX_PATH=/home/arc/Documents/automatic_arc_melting_system/install/tcp_format:${AMENT_PREFIX_PATH} CMAKE_PREFIX_PATH=/home/arc/Documents/automatic_arc_melting_system/install/tcp_format:/opt/ros/foxy CONDA_PROMPT_MODIFIER=(base) LD_LIBRARY_PATH=/home/arc/Documents/automatic_arc_melting_system/install/tcp_format/lib:${LD_LIBRARY_PATH} PYTHONPATH=/home/arc/Documents/automatic_arc_melting_system/install/tcp_format/lib/python3.8/site-packages:${PYTHONPATH} /usr/bin/cmake --install /home/arc/Documents/automatic_arc_melting_system/build/cobotta_process
