-- Found ament_cmake: 0.9.9 (/opt/ros/foxy/share/ament_cmake/cmake)
-- Using PYTHON_EXECUTABLE: /home/wilson/anaconda3/bin/python3
-- Found rosidl_default_generators: 1.0.1 (/opt/ros/foxy/share/rosidl_default_generators/cmake)
-- Using all available rosidl_typesupport_c: rosidl_typesupport_fastrtps_c;rosidl_typesupport_introspection_c
-- Found rosidl_adapter: 1.2.1 (/opt/ros/foxy/share/rosidl_adapter/cmake)
-- Using all available rosidl_typesupport_cpp: rosidl_typesupport_fastrtps_cpp;rosidl_typesupport_introspection_cpp
-- Found PythonInterp: /home/wilson/anaconda3/bin/python3 (found version "3.9.12") 
-- Found ament_cmake_ros: 0.9.2 (/opt/ros/foxy/share/ament_cmake_ros/cmake)
-- Using all available rosidl_typesupport_c: rosidl_typesupport_fastrtps_c;rosidl_typesupport_introspection_c
-- Using all available rosidl_typesupport_cpp: rosidl_typesupport_fastrtps_cpp;rosidl_typesupport_introspection_cpp
-- Found PythonInterp: /home/wilson/anaconda3/bin/python3 (found suitable version "3.9.12", minimum required is "3.5") 
-- Found python_cmake_module: 0.8.1 (/opt/ros/foxy/share/python_cmake_module/cmake)
-- Found PythonLibs: /home/wilson/anaconda3/lib/libpython3.9.so (found suitable version "3.9.12", minimum required is "3.5") 
-- Using PYTHON_EXECUTABLE: /home/wilson/anaconda3/bin/python3
-- Using PYTHON_INCLUDE_DIRS: /home/wilson/anaconda3/include/python3.9
-- Using PYTHON_LIBRARIES: /home/wilson/anaconda3/lib/libpython3.9.so
-- Found PythonExtra: .so  
-- Using numpy include directory: /home/wilson/anaconda3/lib/python3.9/site-packages/numpy/core/include
-- Found ament_lint_auto: 0.9.6 (/opt/ros/foxy/share/ament_lint_auto/cmake)
-- Added test 'copyright' to check source files copyright and LICENSE
-- Added test 'lint_cmake' to check CMake code style
-- Added test 'xmllint' to check XML markup files
-- Configuring done
CMake Warning at /opt/ros/foxy/share/rosidl_generator_py/cmake/rosidl_generator_py_generate_interfaces.cmake:235 (add_library):
  Cannot generate a safe runtime search path for target
  tcp_format__rosidl_typesupport_fastrtps_c__pyext because files in some
  directories may conflict with libraries in implicit directories:

    runtime library [libssl.so.1.1] in /usr/lib/x86_64-linux-gnu may be hidden by files in:
      /home/wilson/anaconda3/lib
    runtime library [libcrypto.so.1.1] in /usr/lib/x86_64-linux-gnu may be hidden by files in:
      /home/wilson/anaconda3/lib

  Some of these libraries may not be found correctly.
Call Stack (most recent call first):
  /opt/ros/foxy/share/ament_cmake_core/cmake/core/ament_execute_extensions.cmake:48 (include)
  /opt/ros/foxy/share/rosidl_cmake/cmake/rosidl_generate_interfaces.cmake:286 (ament_execute_extensions)
  CMakeLists.txt:26 (rosidl_generate_interfaces)


-- Generating done
-- Build files have been written to: /home/arc/Documents/automatic_arc_melting_system/src/build/tcp_format
[  2%] [34m[1mGenerating C code for ROS interfaces[0m
[35m[1mScanning dependencies of target tcp_format__cpp[0m
[  5%] [34m[1mGenerating C++ code for ROS interfaces[0m
[  5%] Built target tcp_format__cpp
[35m[1mScanning dependencies of target tcp_format__rosidl_generator_c[0m
[ 12%] [34m[1mGenerating C++ introspection for ROS interfaces[0m
[ 12%] [34m[1mGenerating C++ type support for eProsima Fast-RTPS[0m
[ 12%] [34m[1mGenerating C++ type support dispatch for ROS interfaces[0m
[ 17%] [32mBuilding C object CMakeFiles/tcp_format__rosidl_generator_c.dir/rosidl_generator_c/tcp_format/srv/detail/socket_format__functions.c.o[0m
[ 17%] [32mBuilding C object CMakeFiles/tcp_format__rosidl_generator_c.dir/rosidl_generator_c/tcp_format/srv/detail/cobotta_bcap__functions.c.o[0m
[ 20%] [32m[1mLinking C shared library libtcp_format__rosidl_generator_c.so[0m
[ 20%] Built target tcp_format__rosidl_generator_c
[ 25%] [34m[1mGenerating C introspection for ROS interfaces[0m
[ 25%] [34m[1mGenerating C type support dispatch for ROS interfaces[0m
[35m[1mScanning dependencies of target tcp_format__rosidl_typesupport_introspection_cpp[0m
[ 30%] [32mBuilding CXX object CMakeFiles/tcp_format__rosidl_typesupport_introspection_cpp.dir/rosidl_typesupport_introspection_cpp/tcp_format/srv/detail/socket_format__type_support.cpp.o[0m
[ 30%] [32mBuilding CXX object CMakeFiles/tcp_format__rosidl_typesupport_introspection_cpp.dir/rosidl_typesupport_introspection_cpp/tcp_format/srv/detail/cobotta_bcap__type_support.cpp.o[0m
[35m[1mScanning dependencies of target tcp_format__rosidl_typesupport_cpp[0m
[ 33%] [32mBuilding CXX object CMakeFiles/tcp_format__rosidl_typesupport_cpp.dir/rosidl_typesupport_cpp/tcp_format/srv/cobotta_bcap__type_support.cpp.o[0m
[ 35%] [32mBuilding CXX object CMakeFiles/tcp_format__rosidl_typesupport_cpp.dir/rosidl_typesupport_cpp/tcp_format/srv/socket_format__type_support.cpp.o[0m
[35m[1mScanning dependencies of target tcp_format__rosidl_typesupport_fastrtps_cpp[0m
[35m[1mScanning dependencies of target tcp_format__rosidl_typesupport_c[0m
[ 38%] [32mBuilding CXX object CMakeFiles/tcp_format__rosidl_typesupport_fastrtps_cpp.dir/rosidl_typesupport_fastrtps_cpp/tcp_format/srv/detail/dds_fastrtps/socket_format__type_support.cpp.o[0m
[ 41%] [32mBuilding CXX object CMakeFiles/tcp_format__rosidl_typesupport_fastrtps_cpp.dir/rosidl_typesupport_fastrtps_cpp/tcp_format/srv/detail/dds_fastrtps/cobotta_bcap__type_support.cpp.o[0m
[ 43%] [32mBuilding CXX object CMakeFiles/tcp_format__rosidl_typesupport_c.dir/rosidl_typesupport_c/tcp_format/srv/cobotta_bcap__type_support.cpp.o[0m
[ 46%] [32mBuilding CXX object CMakeFiles/tcp_format__rosidl_typesupport_c.dir/rosidl_typesupport_c/tcp_format/srv/socket_format__type_support.cpp.o[0m
[ 48%] [32m[1mLinking CXX shared library libtcp_format__rosidl_typesupport_c.so[0m
[35m[1mScanning dependencies of target tcp_format__rosidl_typesupport_introspection_c[0m
[ 51%] [32mBuilding C object CMakeFiles/tcp_format__rosidl_typesupport_introspection_c.dir/rosidl_typesupport_introspection_c/tcp_format/srv/detail/cobotta_bcap__type_support.c.o[0m
[ 53%] [32mBuilding C object CMakeFiles/tcp_format__rosidl_typesupport_introspection_c.dir/rosidl_typesupport_introspection_c/tcp_format/srv/detail/socket_format__type_support.c.o[0m
[ 56%] [32m[1mLinking C shared library libtcp_format__rosidl_typesupport_introspection_c.so[0m
[ 56%] Built target tcp_format__rosidl_typesupport_c
[ 56%] Built target tcp_format__rosidl_typesupport_introspection_c
[ 58%] [32m[1mLinking CXX shared library libtcp_format__rosidl_typesupport_introspection_cpp.so[0m
[ 58%] Built target tcp_format__rosidl_typesupport_introspection_cpp
[ 61%] [32m[1mLinking CXX shared library libtcp_format__rosidl_typesupport_cpp.so[0m
[ 61%] Built target tcp_format__rosidl_typesupport_cpp
[ 64%] [32m[1mLinking CXX shared library libtcp_format__rosidl_typesupport_fastrtps_cpp.so[0m
[ 64%] Built target tcp_format__rosidl_typesupport_fastrtps_cpp
[ 66%] [34m[1mGenerating C type support for eProsima Fast-RTPS[0m
[35m[1mScanning dependencies of target tcp_format__rosidl_typesupport_fastrtps_c[0m
[ 69%] [32mBuilding CXX object CMakeFiles/tcp_format__rosidl_typesupport_fastrtps_c.dir/rosidl_typesupport_fastrtps_c/tcp_format/srv/detail/socket_format__type_support_c.cpp.o[0m
[ 71%] [32mBuilding CXX object CMakeFiles/tcp_format__rosidl_typesupport_fastrtps_c.dir/rosidl_typesupport_fastrtps_c/tcp_format/srv/detail/cobotta_bcap__type_support_c.cpp.o[0m
[ 74%] [32m[1mLinking CXX shared library libtcp_format__rosidl_typesupport_fastrtps_c.so[0m
[ 74%] Built target tcp_format__rosidl_typesupport_fastrtps_c
[35m[1mScanning dependencies of target tcp_format[0m
[ 74%] Built target tcp_format
[35m[1mScanning dependencies of target tcp_format__py[0m
[ 76%] [34m[1mGenerating Python code for ROS interfaces[0m
[ 76%] Built target tcp_format__py
[35m[1mScanning dependencies of target tcp_format__python[0m
[ 82%] [32mBuilding C object CMakeFiles/tcp_format__python.dir/rosidl_generator_py/tcp_format/srv/_socket_format_s.c.o[0m
[ 82%] [32mBuilding C object CMakeFiles/tcp_format__python.dir/rosidl_generator_py/tcp_format/srv/_cobotta_bcap_s.c.o[0m
[ 84%] [32m[1mLinking C shared library rosidl_generator_py/tcp_format/libtcp_format__python.so[0m
[ 84%] Built target tcp_format__python
[35m[1mScanning dependencies of target tcp_format__rosidl_typesupport_c__pyext[0m
[35m[1mScanning dependencies of target tcp_format__rosidl_typesupport_fastrtps_c__pyext[0m
[35m[1mScanning dependencies of target tcp_format__rosidl_typesupport_introspection_c__pyext[0m
[ 87%] [32mBuilding C object CMakeFiles/tcp_format__rosidl_typesupport_c__pyext.dir/rosidl_generator_py/tcp_format/_tcp_format_s.ep.rosidl_typesupport_c.c.o[0m
[ 89%] [32mBuilding C object CMakeFiles/tcp_format__rosidl_typesupport_fastrtps_c__pyext.dir/rosidl_generator_py/tcp_format/_tcp_format_s.ep.rosidl_typesupport_fastrtps_c.c.o[0m
[ 92%] [32mBuilding C object CMakeFiles/tcp_format__rosidl_typesupport_introspection_c__pyext.dir/rosidl_generator_py/tcp_format/_tcp_format_s.ep.rosidl_typesupport_introspection_c.c.o[0m
[ 94%] [32m[1mLinking C shared library rosidl_generator_py/tcp_format/tcp_format_s__rosidl_typesupport_c.cpython-39-x86_64-linux-gnu.so[0m
[ 97%] [32m[1mLinking CXX shared library rosidl_generator_py/tcp_format/tcp_format_s__rosidl_typesupport_fastrtps_c.cpython-39-x86_64-linux-gnu.so[0m
[100%] [32m[1mLinking C shared library rosidl_generator_py/tcp_format/tcp_format_s__rosidl_typesupport_introspection_c.cpython-39-x86_64-linux-gnu.so[0m
[100%] Built target tcp_format__rosidl_typesupport_c__pyext
[100%] Built target tcp_format__rosidl_typesupport_introspection_c__pyext
[100%] Built target tcp_format__rosidl_typesupport_fastrtps_c__pyext
-- Install configuration: ""
-- Installing: /home/arc/Documents/automatic_arc_melting_system/src/install/tcp_format/share/ament_index/resource_index/rosidl_interfaces/tcp_format
-- Installing: /home/arc/Documents/automatic_arc_melting_system/src/install/tcp_format/include/tcp_format
-- Installing: /home/arc/Documents/automatic_arc_melting_system/src/install/tcp_format/include/tcp_format/srv
-- Installing: /home/arc/Documents/automatic_arc_melting_system/src/install/tcp_format/include/tcp_format/srv/cobotta_bcap.h
-- Installing: /home/arc/Documents/automatic_arc_melting_system/src/install/tcp_format/include/tcp_format/srv/detail
-- Installing: /home/arc/Documents/automatic_arc_melting_system/src/install/tcp_format/include/tcp_format/srv/detail/cobotta_bcap__functions.c
-- Installing: /home/arc/Documents/automatic_arc_melting_system/src/install/tcp_format/include/tcp_format/srv/detail/cobotta_bcap__type_support.h
-- Installing: /home/arc/Documents/automatic_arc_melting_system/src/install/tcp_format/include/tcp_format/srv/detail/socket_format__functions.h
-- Installing: /home/arc/Documents/automatic_arc_melting_system/src/install/tcp_format/include/tcp_format/srv/detail/socket_format__struct.h
-- Installing: /home/arc/Documents/automatic_arc_melting_system/src/install/tcp_format/include/tcp_format/srv/detail/socket_format__functions.c
-- Installing: /home/arc/Documents/automatic_arc_melting_system/src/install/tcp_format/include/tcp_format/srv/detail/cobotta_bcap__functions.h
-- Installing: /home/arc/Documents/automatic_arc_melting_system/src/install/tcp_format/include/tcp_format/srv/detail/socket_format__type_support.h
-- Installing: /home/arc/Documents/automatic_arc_melting_system/src/install/tcp_format/include/tcp_format/srv/detail/cobotta_bcap__struct.h
-- Installing: /home/arc/Documents/automatic_arc_melting_system/src/install/tcp_format/include/tcp_format/srv/socket_format.h
-- Installing: /home/arc/Documents/automatic_arc_melting_system/src/install/tcp_format/include/tcp_format/msg
-- Installing: /home/arc/Documents/automatic_arc_melting_system/src/install/tcp_format/include/tcp_format/msg/rosidl_generator_c__visibility_control.h
-- Installing: /home/arc/Documents/automatic_arc_melting_system/src/install/tcp_format/share/tcp_format/environment/library_path.sh
-- Installing: /home/arc/Documents/automatic_arc_melting_system/src/install/tcp_format/share/tcp_format/environment/library_path.dsv
-- Installing: /home/arc/Documents/automatic_arc_melting_system/src/install/tcp_format/lib/libtcp_format__rosidl_generator_c.so
-- Set runtime path of "/home/arc/Documents/automatic_arc_melting_system/src/install/tcp_format/lib/libtcp_format__rosidl_generator_c.so" to ""
-- Up-to-date: /home/arc/Documents/automatic_arc_melting_system/src/install/tcp_format/include/tcp_format
-- Up-to-date: /home/arc/Documents/automatic_arc_melting_system/src/install/tcp_format/include/tcp_format/srv
-- Up-to-date: /home/arc/Documents/automatic_arc_melting_system/src/install/tcp_format/include/tcp_format/srv/detail
-- Installing: /home/arc/Documents/automatic_arc_melting_system/src/install/tcp_format/include/tcp_format/srv/detail/socket_format__rosidl_typesupport_fastrtps_c.h
-- Installing: /home/arc/Documents/automatic_arc_melting_system/src/install/tcp_format/include/tcp_format/srv/detail/cobotta_bcap__rosidl_typesupport_fastrtps_c.h
-- Up-to-date: /home/arc/Documents/automatic_arc_melting_system/src/install/tcp_format/include/tcp_format/msg
-- Installing: /home/arc/Documents/automatic_arc_melting_system/src/install/tcp_format/include/tcp_format/msg/rosidl_typesupport_fastrtps_c__visibility_control.h
-- Installing: /home/arc/Documents/automatic_arc_melting_system/src/install/tcp_format/lib/libtcp_format__rosidl_typesupport_fastrtps_c.so
-- Set runtime path of "/home/arc/Documents/automatic_arc_melting_system/src/install/tcp_format/lib/libtcp_format__rosidl_typesupport_fastrtps_c.so" to ""
-- Up-to-date: /home/arc/Documents/automatic_arc_melting_system/src/install/tcp_format/include/tcp_format
-- Up-to-date: /home/arc/Documents/automatic_arc_melting_system/src/install/tcp_format/include/tcp_format/srv
-- Up-to-date: /home/arc/Documents/automatic_arc_melting_system/src/install/tcp_format/include/tcp_format/srv/detail
-- Installing: /home/arc/Documents/automatic_arc_melting_system/src/install/tcp_format/include/tcp_format/srv/detail/socket_format__rosidl_typesupport_fastrtps_cpp.hpp
-- Installing: /home/arc/Documents/automatic_arc_melting_system/src/install/tcp_format/include/tcp_format/srv/detail/dds_fastrtps
-- Installing: /home/arc/Documents/automatic_arc_melting_system/src/install/tcp_format/include/tcp_format/srv/detail/cobotta_bcap__rosidl_typesupport_fastrtps_cpp.hpp
-- Up-to-date: /home/arc/Documents/automatic_arc_melting_system/src/install/tcp_format/include/tcp_format/msg
-- Installing: /home/arc/Documents/automatic_arc_melting_system/src/install/tcp_format/include/tcp_format/msg/rosidl_typesupport_fastrtps_cpp__visibility_control.h
-- Installing: /home/arc/Documents/automatic_arc_melting_system/src/install/tcp_format/lib/libtcp_format__rosidl_typesupport_fastrtps_cpp.so
-- Set runtime path of "/home/arc/Documents/automatic_arc_melting_system/src/install/tcp_format/lib/libtcp_format__rosidl_typesupport_fastrtps_cpp.so" to ""
-- Up-to-date: /home/arc/Documents/automatic_arc_melting_system/src/install/tcp_format/include/tcp_format
-- Up-to-date: /home/arc/Documents/automatic_arc_melting_system/src/install/tcp_format/include/tcp_format/srv
-- Up-to-date: /home/arc/Documents/automatic_arc_melting_system/src/install/tcp_format/include/tcp_format/srv/detail
-- Installing: /home/arc/Documents/automatic_arc_melting_system/src/install/tcp_format/include/tcp_format/srv/detail/socket_format__rosidl_typesupport_introspection_c.h
-- Installing: /home/arc/Documents/automatic_arc_melting_system/src/install/tcp_format/include/tcp_format/srv/detail/socket_format__type_support.c
-- Installing: /home/arc/Documents/automatic_arc_melting_system/src/install/tcp_format/include/tcp_format/srv/detail/cobotta_bcap__rosidl_typesupport_introspection_c.h
-- Installing: /home/arc/Documents/automatic_arc_melting_system/src/install/tcp_format/include/tcp_format/srv/detail/cobotta_bcap__type_support.c
-- Up-to-date: /home/arc/Documents/automatic_arc_melting_system/src/install/tcp_format/include/tcp_format/msg
-- Installing: /home/arc/Documents/automatic_arc_melting_system/src/install/tcp_format/include/tcp_format/msg/rosidl_typesupport_introspection_c__visibility_control.h
-- Installing: /home/arc/Documents/automatic_arc_melting_system/src/install/tcp_format/lib/libtcp_format__rosidl_typesupport_introspection_c.so
-- Set runtime path of "/home/arc/Documents/automatic_arc_melting_system/src/install/tcp_format/lib/libtcp_format__rosidl_typesupport_introspection_c.so" to ""
-- Installing: /home/arc/Documents/automatic_arc_melting_system/src/install/tcp_format/lib/libtcp_format__rosidl_typesupport_c.so
-- Set runtime path of "/home/arc/Documents/automatic_arc_melting_system/src/install/tcp_format/lib/libtcp_format__rosidl_typesupport_c.so" to ""
-- Up-to-date: /home/arc/Documents/automatic_arc_melting_system/src/install/tcp_format/include/tcp_format
-- Up-to-date: /home/arc/Documents/automatic_arc_melting_system/src/install/tcp_format/include/tcp_format/srv
-- Up-to-date: /home/arc/Documents/automatic_arc_melting_system/src/install/tcp_format/include/tcp_format/srv/detail
-- Installing: /home/arc/Documents/automatic_arc_melting_system/src/install/tcp_format/include/tcp_format/srv/detail/socket_format__struct.hpp
-- Installing: /home/arc/Documents/automatic_arc_melting_system/src/install/tcp_format/include/tcp_format/srv/detail/socket_format__builder.hpp
-- Installing: /home/arc/Documents/automatic_arc_melting_system/src/install/tcp_format/include/tcp_format/srv/detail/cobotta_bcap__traits.hpp
-- Installing: /home/arc/Documents/automatic_arc_melting_system/src/install/tcp_format/include/tcp_format/srv/detail/cobotta_bcap__struct.hpp
-- Installing: /home/arc/Documents/automatic_arc_melting_system/src/install/tcp_format/include/tcp_format/srv/detail/socket_format__traits.hpp
-- Installing: /home/arc/Documents/automatic_arc_melting_system/src/install/tcp_format/include/tcp_format/srv/detail/cobotta_bcap__builder.hpp
-- Installing: /home/arc/Documents/automatic_arc_melting_system/src/install/tcp_format/include/tcp_format/srv/cobotta_bcap.hpp
-- Installing: /home/arc/Documents/automatic_arc_melting_system/src/install/tcp_format/include/tcp_format/srv/socket_format.hpp
-- Up-to-date: /home/arc/Documents/automatic_arc_melting_system/src/install/tcp_format/include/tcp_format
-- Up-to-date: /home/arc/Documents/automatic_arc_melting_system/src/install/tcp_format/include/tcp_format/srv
-- Up-to-date: /home/arc/Documents/automatic_arc_melting_system/src/install/tcp_format/include/tcp_format/srv/detail
-- Installing: /home/arc/Documents/automatic_arc_melting_system/src/install/tcp_format/include/tcp_format/srv/detail/socket_format__type_support.cpp
-- Installing: /home/arc/Documents/automatic_arc_melting_system/src/install/tcp_format/include/tcp_format/srv/detail/cobotta_bcap__rosidl_typesupport_introspection_cpp.hpp
-- Installing: /home/arc/Documents/automatic_arc_melting_system/src/install/tcp_format/include/tcp_format/srv/detail/cobotta_bcap__type_support.cpp
-- Installing: /home/arc/Documents/automatic_arc_melting_system/src/install/tcp_format/include/tcp_format/srv/detail/socket_format__rosidl_typesupport_introspection_cpp.hpp
-- Installing: /home/arc/Documents/automatic_arc_melting_system/src/install/tcp_format/lib/libtcp_format__rosidl_typesupport_introspection_cpp.so
-- Set runtime path of "/home/arc/Documents/automatic_arc_melting_system/src/install/tcp_format/lib/libtcp_format__rosidl_typesupport_introspection_cpp.so" to ""
-- Installing: /home/arc/Documents/automatic_arc_melting_system/src/install/tcp_format/lib/libtcp_format__rosidl_typesupport_cpp.so
-- Set runtime path of "/home/arc/Documents/automatic_arc_melting_system/src/install/tcp_format/lib/libtcp_format__rosidl_typesupport_cpp.so" to ""
-- Installing: /home/arc/Documents/automatic_arc_melting_system/src/install/tcp_format/share/tcp_format/environment/pythonpath.sh
-- Installing: /home/arc/Documents/automatic_arc_melting_system/src/install/tcp_format/share/tcp_format/environment/pythonpath.dsv
-- Installing: /home/arc/Documents/automatic_arc_melting_system/src/install/tcp_format/lib/python3.9/site-packages/tcp_format/__init__.py
Compiling '/home/arc/Documents/automatic_arc_melting_system/src/install/tcp_format/lib/python3.9/site-packages/tcp_format/__init__.py'...
-- Installing: /home/arc/Documents/automatic_arc_melting_system/src/install/tcp_format/lib/python3.9/site-packages/tcp_format/srv
-- Installing: /home/arc/Documents/automatic_arc_melting_system/src/install/tcp_format/lib/python3.9/site-packages/tcp_format/srv/__init__.py
-- Installing: /home/arc/Documents/automatic_arc_melting_system/src/install/tcp_format/lib/python3.9/site-packages/tcp_format/srv/_cobotta_bcap_s.c
-- Installing: /home/arc/Documents/automatic_arc_melting_system/src/install/tcp_format/lib/python3.9/site-packages/tcp_format/srv/_cobotta_bcap.py
-- Installing: /home/arc/Documents/automatic_arc_melting_system/src/install/tcp_format/lib/python3.9/site-packages/tcp_format/srv/_socket_format.py
-- Installing: /home/arc/Documents/automatic_arc_melting_system/src/install/tcp_format/lib/python3.9/site-packages/tcp_format/srv/_socket_format_s.c
-- Installing: /home/arc/Documents/automatic_arc_melting_system/src/install/tcp_format/lib/python3.9/site-packages/tcp_format/tcp_format_s__rosidl_typesupport_fastrtps_c.cpython-39-x86_64-linux-gnu.so
-- Set runtime path of "/home/arc/Documents/automatic_arc_melting_system/src/install/tcp_format/lib/python3.9/site-packages/tcp_format/tcp_format_s__rosidl_typesupport_fastrtps_c.cpython-39-x86_64-linux-gnu.so" to ""
-- Installing: /home/arc/Documents/automatic_arc_melting_system/src/install/tcp_format/lib/python3.9/site-packages/tcp_format/tcp_format_s__rosidl_typesupport_introspection_c.cpython-39-x86_64-linux-gnu.so
-- Set runtime path of "/home/arc/Documents/automatic_arc_melting_system/src/install/tcp_format/lib/python3.9/site-packages/tcp_format/tcp_format_s__rosidl_typesupport_introspection_c.cpython-39-x86_64-linux-gnu.so" to ""
-- Installing: /home/arc/Documents/automatic_arc_melting_system/src/install/tcp_format/lib/python3.9/site-packages/tcp_format/tcp_format_s__rosidl_typesupport_c.cpython-39-x86_64-linux-gnu.so
-- Set runtime path of "/home/arc/Documents/automatic_arc_melting_system/src/install/tcp_format/lib/python3.9/site-packages/tcp_format/tcp_format_s__rosidl_typesupport_c.cpython-39-x86_64-linux-gnu.so" to ""
-- Installing: /home/arc/Documents/automatic_arc_melting_system/src/install/tcp_format/lib/libtcp_format__python.so
-- Set runtime path of "/home/arc/Documents/automatic_arc_melting_system/src/install/tcp_format/lib/libtcp_format__python.so" to ""
-- Installing: /home/arc/Documents/automatic_arc_melting_system/src/install/tcp_format/share/tcp_format/srv/SocketFormat.idl
-- Installing: /home/arc/Documents/automatic_arc_melting_system/src/install/tcp_format/share/tcp_format/srv/CobottaBcap.idl
-- Installing: /home/arc/Documents/automatic_arc_melting_system/src/install/tcp_format/share/tcp_format/srv/SocketFormat.srv
-- Installing: /home/arc/Documents/automatic_arc_melting_system/src/install/tcp_format/share/tcp_format/srv/SocketFormat_Request.msg
-- Installing: /home/arc/Documents/automatic_arc_melting_system/src/install/tcp_format/share/tcp_format/srv/SocketFormat_Response.msg
-- Installing: /home/arc/Documents/automatic_arc_melting_system/src/install/tcp_format/share/tcp_format/srv/CobottaBcap.srv
-- Installing: /home/arc/Documents/automatic_arc_melting_system/src/install/tcp_format/share/tcp_format/srv/CobottaBcap_Request.msg
-- Installing: /home/arc/Documents/automatic_arc_melting_system/src/install/tcp_format/share/tcp_format/srv/CobottaBcap_Response.msg
-- Installing: /home/arc/Documents/automatic_arc_melting_system/src/install/tcp_format/share/ament_index/resource_index/package_run_dependencies/tcp_format
-- Installing: /home/arc/Documents/automatic_arc_melting_system/src/install/tcp_format/share/ament_index/resource_index/parent_prefix_path/tcp_format
-- Installing: /home/arc/Documents/automatic_arc_melting_system/src/install/tcp_format/share/tcp_format/environment/ament_prefix_path.sh
-- Installing: /home/arc/Documents/automatic_arc_melting_system/src/install/tcp_format/share/tcp_format/environment/ament_prefix_path.dsv
-- Installing: /home/arc/Documents/automatic_arc_melting_system/src/install/tcp_format/share/tcp_format/environment/path.sh
-- Installing: /home/arc/Documents/automatic_arc_melting_system/src/install/tcp_format/share/tcp_format/environment/path.dsv
-- Installing: /home/arc/Documents/automatic_arc_melting_system/src/install/tcp_format/share/tcp_format/local_setup.bash
-- Installing: /home/arc/Documents/automatic_arc_melting_system/src/install/tcp_format/share/tcp_format/local_setup.sh
-- Installing: /home/arc/Documents/automatic_arc_melting_system/src/install/tcp_format/share/tcp_format/local_setup.zsh
-- Installing: /home/arc/Documents/automatic_arc_melting_system/src/install/tcp_format/share/tcp_format/local_setup.dsv
-- Installing: /home/arc/Documents/automatic_arc_melting_system/src/install/tcp_format/share/tcp_format/package.dsv
-- Installing: /home/arc/Documents/automatic_arc_melting_system/src/install/tcp_format/share/ament_index/resource_index/packages/tcp_format
-- Installing: /home/arc/Documents/automatic_arc_melting_system/src/install/tcp_format/share/tcp_format/cmake/tcp_format__rosidl_generator_cExport.cmake
-- Installing: /home/arc/Documents/automatic_arc_melting_system/src/install/tcp_format/share/tcp_format/cmake/tcp_format__rosidl_generator_cExport-noconfig.cmake
-- Installing: /home/arc/Documents/automatic_arc_melting_system/src/install/tcp_format/share/tcp_format/cmake/tcp_format__rosidl_typesupport_introspection_cExport.cmake
-- Installing: /home/arc/Documents/automatic_arc_melting_system/src/install/tcp_format/share/tcp_format/cmake/tcp_format__rosidl_typesupport_introspection_cExport-noconfig.cmake
-- Installing: /home/arc/Documents/automatic_arc_melting_system/src/install/tcp_format/share/tcp_format/cmake/tcp_format__rosidl_typesupport_cExport.cmake
-- Installing: /home/arc/Documents/automatic_arc_melting_system/src/install/tcp_format/share/tcp_format/cmake/tcp_format__rosidl_typesupport_cExport-noconfig.cmake
-- Installing: /home/arc/Documents/automatic_arc_melting_system/src/install/tcp_format/share/tcp_format/cmake/tcp_format__rosidl_generator_cppExport.cmake
-- Installing: /home/arc/Documents/automatic_arc_melting_system/src/install/tcp_format/share/tcp_format/cmake/tcp_format__rosidl_typesupport_introspection_cppExport.cmake
-- Installing: /home/arc/Documents/automatic_arc_melting_system/src/install/tcp_format/share/tcp_format/cmake/tcp_format__rosidl_typesupport_introspection_cppExport-noconfig.cmake
-- Installing: /home/arc/Documents/automatic_arc_melting_system/src/install/tcp_format/share/tcp_format/cmake/tcp_format__rosidl_typesupport_cppExport.cmake
-- Installing: /home/arc/Documents/automatic_arc_melting_system/src/install/tcp_format/share/tcp_format/cmake/tcp_format__rosidl_typesupport_cppExport-noconfig.cmake
-- Installing: /home/arc/Documents/automatic_arc_melting_system/src/install/tcp_format/share/tcp_format/cmake/rosidl_cmake-extras.cmake
-- Installing: /home/arc/Documents/automatic_arc_melting_system/src/install/tcp_format/share/tcp_format/cmake/ament_cmake_export_dependencies-extras.cmake
-- Installing: /home/arc/Documents/automatic_arc_melting_system/src/install/tcp_format/share/tcp_format/cmake/ament_cmake_export_libraries-extras.cmake
-- Installing: /home/arc/Documents/automatic_arc_melting_system/src/install/tcp_format/share/tcp_format/cmake/ament_cmake_export_targets-extras.cmake
-- Installing: /home/arc/Documents/automatic_arc_melting_system/src/install/tcp_format/share/tcp_format/cmake/ament_cmake_export_include_directories-extras.cmake
-- Installing: /home/arc/Documents/automatic_arc_melting_system/src/install/tcp_format/share/tcp_format/cmake/rosidl_cmake_export_typesupport_libraries-extras.cmake
-- Installing: /home/arc/Documents/automatic_arc_melting_system/src/install/tcp_format/share/tcp_format/cmake/rosidl_cmake_export_typesupport_targets-extras.cmake
-- Installing: /home/arc/Documents/automatic_arc_melting_system/src/install/tcp_format/share/tcp_format/cmake/tcp_formatConfig.cmake
-- Installing: /home/arc/Documents/automatic_arc_melting_system/src/install/tcp_format/share/tcp_format/cmake/tcp_formatConfig-version.cmake
-- Installing: /home/arc/Documents/automatic_arc_melting_system/src/install/tcp_format/share/tcp_format/package.xml
