[0.010s] Invoking command in '/home/arc/Documents/automatic_arc_melting_system/src/build/tcp_format': CMAKE_PREFIX_PATH=/opt/ros/foxy /usr/bin/cmake /home/arc/Documents/automatic_arc_melting_system/src/tcp_format -DCMAKE_INSTALL_PREFIX=/home/arc/Documents/automatic_arc_melting_system/src/install/tcp_format
[0.019s] -- Found ament_cmake: 0.9.9 (/opt/ros/foxy/share/ament_cmake/cmake)
[0.040s] -- Using PYTHON_EXECUTABLE: /home/wilson/anaconda3/bin/python3
[0.212s] -- Found rosidl_default_generators: 1.0.1 (/opt/ros/foxy/share/rosidl_default_generators/cmake)
[0.214s] -- Using all available rosidl_typesupport_c: rosidl_typesupport_fastrtps_c;rosidl_typesupport_introspection_c
[0.216s] -- Found rosidl_adapter: 1.2.1 (/opt/ros/foxy/share/rosidl_adapter/cmake)
[0.304s] -- Using all available rosidl_typesupport_cpp: rosidl_typesupport_fastrtps_cpp;rosidl_typesupport_introspection_cpp
[0.341s] -- Found PythonInterp: /home/wilson/anaconda3/bin/python3 (found version "3.9.12") 
[0.479s] -- Found ament_cmake_ros: 0.9.2 (/opt/ros/foxy/share/ament_cmake_ros/cmake)
[0.545s] -- Using all available rosidl_typesupport_c: rosidl_typesupport_fastrtps_c;rosidl_typesupport_introspection_c
[0.550s] -- Using all available rosidl_typesupport_cpp: rosidl_typesupport_fastrtps_cpp;rosidl_typesupport_introspection_cpp
[0.572s] -- Found PythonInterp: /home/wilson/anaconda3/bin/python3 (found suitable version "3.9.12", minimum required is "3.5") 
[0.573s] -- Found python_cmake_module: 0.8.1 (/opt/ros/foxy/share/python_cmake_module/cmake)
[0.597s] -- Found PythonLibs: /home/wilson/anaconda3/lib/libpython3.9.so (found suitable version "3.9.12", minimum required is "3.5") 
[0.597s] -- Using PYTHON_EXECUTABLE: /home/wilson/anaconda3/bin/python3
[0.597s] -- Using PYTHON_INCLUDE_DIRS: /home/wilson/anaconda3/include/python3.9
[0.597s] -- Using PYTHON_LIBRARIES: /home/wilson/anaconda3/lib/libpython3.9.so
[0.619s] -- Found PythonExtra: .so  
[0.946s] -- Using numpy include directory: /home/wilson/anaconda3/lib/python3.9/site-packages/numpy/core/include
[0.952s] -- Found ament_lint_auto: 0.9.6 (/opt/ros/foxy/share/ament_lint_auto/cmake)
[0.970s] -- Added test 'copyright' to check source files copyright and LICENSE
[0.972s] -- Added test 'lint_cmake' to check CMake code style
[0.973s] -- Added test 'xmllint' to check XML markup files
[0.976s] -- Configuring done
[0.983s] CMake Warning at /opt/ros/foxy/share/rosidl_generator_py/cmake/rosidl_generator_py_generate_interfaces.cmake:235 (add_library):
[0.983s]   Cannot generate a safe runtime search path for target
[0.984s]   tcp_format__rosidl_typesupport_fastrtps_c__pyext because files in some
[0.984s]   directories may conflict with libraries in implicit directories:
[0.984s] 
[0.984s]     runtime library [libssl.so.1.1] in /usr/lib/x86_64-linux-gnu may be hidden by files in:
[0.984s]       /home/wilson/anaconda3/lib
[0.984s]     runtime library [libcrypto.so.1.1] in /usr/lib/x86_64-linux-gnu may be hidden by files in:
[0.984s]       /home/wilson/anaconda3/lib
[0.984s] 
[0.984s]   Some of these libraries may not be found correctly.
[0.984s] Call Stack (most recent call first):
[0.984s]   /opt/ros/foxy/share/ament_cmake_core/cmake/core/ament_execute_extensions.cmake:48 (include)
[0.984s]   /opt/ros/foxy/share/rosidl_cmake/cmake/rosidl_generate_interfaces.cmake:286 (ament_execute_extensions)
[0.984s]   CMakeLists.txt:26 (rosidl_generate_interfaces)
[0.984s] 
[0.984s] 
[1.000s] -- Generating done
[1.002s] -- Build files have been written to: /home/arc/Documents/automatic_arc_melting_system/src/build/tcp_format
[1.007s] Invoked command in '/home/arc/Documents/automatic_arc_melting_system/src/build/tcp_format' returned '0': CMAKE_PREFIX_PATH=/opt/ros/foxy /usr/bin/cmake /home/arc/Documents/automatic_arc_melting_system/src/tcp_format -DCMAKE_INSTALL_PREFIX=/home/arc/Documents/automatic_arc_melting_system/src/install/tcp_format
[1.009s] Invoking command in '/home/arc/Documents/automatic_arc_melting_system/src/build/tcp_format': CMAKE_PREFIX_PATH=/opt/ros/foxy /usr/bin/cmake --build /home/arc/Documents/automatic_arc_melting_system/src/build/tcp_format -- -j16 -l16
[1.035s] [  2%] [34m[1mGenerating C code for ROS interfaces[0m
[1.035s] [35m[1mScanning dependencies of target tcp_format__cpp[0m
[1.041s] [  5%] [34m[1mGenerating C++ code for ROS interfaces[0m
[1.278s] [  5%] Built target tcp_format__cpp
[1.281s] [35m[1mScanning dependencies of target tcp_format__rosidl_generator_c[0m
[1.284s] [ 12%] [34m[1mGenerating C++ introspection for ROS interfaces[0m
[1.284s] [ 12%] [34m[1mGenerating C++ type support for eProsima Fast-RTPS[0m
[1.284s] [ 12%] [34m[1mGenerating C++ type support dispatch for ROS interfaces[0m
[1.289s] [ 17%] [32mBuilding C object CMakeFiles/tcp_format__rosidl_generator_c.dir/rosidl_generator_c/tcp_format/srv/detail/socket_format__functions.c.o[0m
[1.289s] [ 17%] [32mBuilding C object CMakeFiles/tcp_format__rosidl_generator_c.dir/rosidl_generator_c/tcp_format/srv/detail/cobotta_bcap__functions.c.o[0m
[1.320s] [ 20%] [32m[1mLinking C shared library libtcp_format__rosidl_generator_c.so[0m
[1.343s] [ 20%] Built target tcp_format__rosidl_generator_c
[1.349s] [ 25%] [34m[1mGenerating C introspection for ROS interfaces[0m
[1.350s] [ 25%] [34m[1mGenerating C type support dispatch for ROS interfaces[0m
[1.503s] [35m[1mScanning dependencies of target tcp_format__rosidl_typesupport_introspection_cpp[0m
[1.512s] [ 30%] [32mBuilding CXX object CMakeFiles/tcp_format__rosidl_typesupport_introspection_cpp.dir/rosidl_typesupport_introspection_cpp/tcp_format/srv/detail/socket_format__type_support.cpp.o[0m
[1.513s] [ 30%] [32mBuilding CXX object CMakeFiles/tcp_format__rosidl_typesupport_introspection_cpp.dir/rosidl_typesupport_introspection_cpp/tcp_format/srv/detail/cobotta_bcap__type_support.cpp.o[0m
[1.518s] [35m[1mScanning dependencies of target tcp_format__rosidl_typesupport_cpp[0m
[1.528s] [ 33%] [32mBuilding CXX object CMakeFiles/tcp_format__rosidl_typesupport_cpp.dir/rosidl_typesupport_cpp/tcp_format/srv/cobotta_bcap__type_support.cpp.o[0m
[1.529s] [ 35%] [32mBuilding CXX object CMakeFiles/tcp_format__rosidl_typesupport_cpp.dir/rosidl_typesupport_cpp/tcp_format/srv/socket_format__type_support.cpp.o[0m
[1.561s] [35m[1mScanning dependencies of target tcp_format__rosidl_typesupport_fastrtps_cpp[0m
[1.575s] [35m[1mScanning dependencies of target tcp_format__rosidl_typesupport_c[0m
[1.577s] [ 38%] [32mBuilding CXX object CMakeFiles/tcp_format__rosidl_typesupport_fastrtps_cpp.dir/rosidl_typesupport_fastrtps_cpp/tcp_format/srv/detail/dds_fastrtps/socket_format__type_support.cpp.o[0m
[1.580s] [ 41%] [32mBuilding CXX object CMakeFiles/tcp_format__rosidl_typesupport_fastrtps_cpp.dir/rosidl_typesupport_fastrtps_cpp/tcp_format/srv/detail/dds_fastrtps/cobotta_bcap__type_support.cpp.o[0m
[1.584s] [ 43%] [32mBuilding CXX object CMakeFiles/tcp_format__rosidl_typesupport_c.dir/rosidl_typesupport_c/tcp_format/srv/cobotta_bcap__type_support.cpp.o[0m
[1.584s] [ 46%] [32mBuilding CXX object CMakeFiles/tcp_format__rosidl_typesupport_c.dir/rosidl_typesupport_c/tcp_format/srv/socket_format__type_support.cpp.o[0m
[1.608s] [ 48%] [32m[1mLinking CXX shared library libtcp_format__rosidl_typesupport_c.so[0m
[1.608s] [35m[1mScanning dependencies of target tcp_format__rosidl_typesupport_introspection_c[0m
[1.618s] [ 51%] [32mBuilding C object CMakeFiles/tcp_format__rosidl_typesupport_introspection_c.dir/rosidl_typesupport_introspection_c/tcp_format/srv/detail/cobotta_bcap__type_support.c.o[0m
[1.619s] [ 53%] [32mBuilding C object CMakeFiles/tcp_format__rosidl_typesupport_introspection_c.dir/rosidl_typesupport_introspection_c/tcp_format/srv/detail/socket_format__type_support.c.o[0m
[1.643s] [ 56%] [32m[1mLinking C shared library libtcp_format__rosidl_typesupport_introspection_c.so[0m
[1.644s] [ 56%] Built target tcp_format__rosidl_typesupport_c
[1.665s] [ 56%] Built target tcp_format__rosidl_typesupport_introspection_c
[1.772s] [ 58%] [32m[1mLinking CXX shared library libtcp_format__rosidl_typesupport_introspection_cpp.so[0m
[1.814s] [ 58%] Built target tcp_format__rosidl_typesupport_introspection_cpp
[1.824s] [ 61%] [32m[1mLinking CXX shared library libtcp_format__rosidl_typesupport_cpp.so[0m
[1.851s] [ 61%] Built target tcp_format__rosidl_typesupport_cpp
[1.977s] [ 64%] [32m[1mLinking CXX shared library libtcp_format__rosidl_typesupport_fastrtps_cpp.so[0m
[2.036s] [ 64%] Built target tcp_format__rosidl_typesupport_fastrtps_cpp
[2.042s] [ 66%] [34m[1mGenerating C type support for eProsima Fast-RTPS[0m
[2.287s] [35m[1mScanning dependencies of target tcp_format__rosidl_typesupport_fastrtps_c[0m
[2.299s] [ 69%] [32mBuilding CXX object CMakeFiles/tcp_format__rosidl_typesupport_fastrtps_c.dir/rosidl_typesupport_fastrtps_c/tcp_format/srv/detail/socket_format__type_support_c.cpp.o[0m
[2.299s] [ 71%] [32mBuilding CXX object CMakeFiles/tcp_format__rosidl_typesupport_fastrtps_c.dir/rosidl_typesupport_fastrtps_c/tcp_format/srv/detail/cobotta_bcap__type_support_c.cpp.o[0m
[2.552s] [ 74%] [32m[1mLinking CXX shared library libtcp_format__rosidl_typesupport_fastrtps_c.so[0m
[2.603s] [ 74%] Built target tcp_format__rosidl_typesupport_fastrtps_c
[2.609s] [35m[1mScanning dependencies of target tcp_format[0m
[2.616s] [ 74%] Built target tcp_format
[2.622s] [35m[1mScanning dependencies of target tcp_format__py[0m
[2.629s] [ 76%] [34m[1mGenerating Python code for ROS interfaces[0m
[3.056s] [ 76%] Built target tcp_format__py
[3.062s] [35m[1mScanning dependencies of target tcp_format__python[0m
[3.088s] [ 82%] [32mBuilding C object CMakeFiles/tcp_format__python.dir/rosidl_generator_py/tcp_format/srv/_socket_format_s.c.o[0m
[3.089s] [ 82%] [32mBuilding C object CMakeFiles/tcp_format__python.dir/rosidl_generator_py/tcp_format/srv/_cobotta_bcap_s.c.o[0m
[3.157s] [ 84%] [32m[1mLinking C shared library rosidl_generator_py/tcp_format/libtcp_format__python.so[0m
[3.183s] [ 84%] Built target tcp_format__python
[3.190s] [35m[1mScanning dependencies of target tcp_format__rosidl_typesupport_c__pyext[0m
[3.190s] [35m[1mScanning dependencies of target tcp_format__rosidl_typesupport_fastrtps_c__pyext[0m
[3.190s] [35m[1mScanning dependencies of target tcp_format__rosidl_typesupport_introspection_c__pyext[0m
[3.201s] [ 87%] [32mBuilding C object CMakeFiles/tcp_format__rosidl_typesupport_c__pyext.dir/rosidl_generator_py/tcp_format/_tcp_format_s.ep.rosidl_typesupport_c.c.o[0m
[3.201s] [ 89%] [32mBuilding C object CMakeFiles/tcp_format__rosidl_typesupport_fastrtps_c__pyext.dir/rosidl_generator_py/tcp_format/_tcp_format_s.ep.rosidl_typesupport_fastrtps_c.c.o[0m
[3.205s] [ 92%] [32mBuilding C object CMakeFiles/tcp_format__rosidl_typesupport_introspection_c__pyext.dir/rosidl_generator_py/tcp_format/_tcp_format_s.ep.rosidl_typesupport_introspection_c.c.o[0m
[3.266s] [ 94%] [32m[1mLinking C shared library rosidl_generator_py/tcp_format/tcp_format_s__rosidl_typesupport_c.cpython-39-x86_64-linux-gnu.so[0m
[3.266s] [ 97%] [32m[1mLinking CXX shared library rosidl_generator_py/tcp_format/tcp_format_s__rosidl_typesupport_fastrtps_c.cpython-39-x86_64-linux-gnu.so[0m
[3.272s] [100%] [32m[1mLinking C shared library rosidl_generator_py/tcp_format/tcp_format_s__rosidl_typesupport_introspection_c.cpython-39-x86_64-linux-gnu.so[0m
[3.290s] [100%] Built target tcp_format__rosidl_typesupport_c__pyext
[3.298s] [100%] Built target tcp_format__rosidl_typesupport_introspection_c__pyext
[3.308s] [100%] Built target tcp_format__rosidl_typesupport_fastrtps_c__pyext
[3.316s] Invoked command in '/home/arc/Documents/automatic_arc_melting_system/src/build/tcp_format' returned '0': CMAKE_PREFIX_PATH=/opt/ros/foxy /usr/bin/cmake --build /home/arc/Documents/automatic_arc_melting_system/src/build/tcp_format -- -j16 -l16
[3.359s] Invoking command in '/home/arc/Documents/automatic_arc_melting_system/src/build/tcp_format': CMAKE_PREFIX_PATH=/opt/ros/foxy /usr/bin/cmake --install /home/arc/Documents/automatic_arc_melting_system/src/build/tcp_format
[3.364s] -- Install configuration: ""
[3.364s] -- Installing: /home/arc/Documents/automatic_arc_melting_system/src/install/tcp_format/share/ament_index/resource_index/rosidl_interfaces/tcp_format
[3.364s] -- Installing: /home/arc/Documents/automatic_arc_melting_system/src/install/tcp_format/include/tcp_format
[3.364s] -- Installing: /home/arc/Documents/automatic_arc_melting_system/src/install/tcp_format/include/tcp_format/srv
[3.364s] -- Installing: /home/arc/Documents/automatic_arc_melting_system/src/install/tcp_format/include/tcp_format/srv/cobotta_bcap.h
[3.364s] -- Installing: /home/arc/Documents/automatic_arc_melting_system/src/install/tcp_format/include/tcp_format/srv/detail
[3.364s] -- Installing: /home/arc/Documents/automatic_arc_melting_system/src/install/tcp_format/include/tcp_format/srv/detail/cobotta_bcap__functions.c
[3.364s] -- Installing: /home/arc/Documents/automatic_arc_melting_system/src/install/tcp_format/include/tcp_format/srv/detail/cobotta_bcap__type_support.h
[3.364s] -- Installing: /home/arc/Documents/automatic_arc_melting_system/src/install/tcp_format/include/tcp_format/srv/detail/socket_format__functions.h
[3.365s] -- Installing: /home/arc/Documents/automatic_arc_melting_system/src/install/tcp_format/include/tcp_format/srv/detail/socket_format__struct.h
[3.365s] -- Installing: /home/arc/Documents/automatic_arc_melting_system/src/install/tcp_format/include/tcp_format/srv/detail/socket_format__functions.c
[3.365s] -- Installing: /home/arc/Documents/automatic_arc_melting_system/src/install/tcp_format/include/tcp_format/srv/detail/cobotta_bcap__functions.h
[3.365s] -- Installing: /home/arc/Documents/automatic_arc_melting_system/src/install/tcp_format/include/tcp_format/srv/detail/socket_format__type_support.h
[3.365s] -- Installing: /home/arc/Documents/automatic_arc_melting_system/src/install/tcp_format/include/tcp_format/srv/detail/cobotta_bcap__struct.h
[3.365s] -- Installing: /home/arc/Documents/automatic_arc_melting_system/src/install/tcp_format/include/tcp_format/srv/socket_format.h
[3.365s] -- Installing: /home/arc/Documents/automatic_arc_melting_system/src/install/tcp_format/include/tcp_format/msg
[3.365s] -- Installing: /home/arc/Documents/automatic_arc_melting_system/src/install/tcp_format/include/tcp_format/msg/rosidl_generator_c__visibility_control.h
[3.365s] -- Installing: /home/arc/Documents/automatic_arc_melting_system/src/install/tcp_format/share/tcp_format/environment/library_path.sh
[3.365s] -- Installing: /home/arc/Documents/automatic_arc_melting_system/src/install/tcp_format/share/tcp_format/environment/library_path.dsv
[3.365s] -- Installing: /home/arc/Documents/automatic_arc_melting_system/src/install/tcp_format/lib/libtcp_format__rosidl_generator_c.so
[3.365s] -- Set runtime path of "/home/arc/Documents/automatic_arc_melting_system/src/install/tcp_format/lib/libtcp_format__rosidl_generator_c.so" to ""
[3.366s] -- Up-to-date: /home/arc/Documents/automatic_arc_melting_system/src/install/tcp_format/include/tcp_format
[3.366s] -- Up-to-date: /home/arc/Documents/automatic_arc_melting_system/src/install/tcp_format/include/tcp_format/srv
[3.366s] -- Up-to-date: /home/arc/Documents/automatic_arc_melting_system/src/install/tcp_format/include/tcp_format/srv/detail
[3.366s] -- Installing: /home/arc/Documents/automatic_arc_melting_system/src/install/tcp_format/include/tcp_format/srv/detail/socket_format__rosidl_typesupport_fastrtps_c.h
[3.366s] -- Installing: /home/arc/Documents/automatic_arc_melting_system/src/install/tcp_format/include/tcp_format/srv/detail/cobotta_bcap__rosidl_typesupport_fastrtps_c.h
[3.366s] -- Up-to-date: /home/arc/Documents/automatic_arc_melting_system/src/install/tcp_format/include/tcp_format/msg
[3.366s] -- Installing: /home/arc/Documents/automatic_arc_melting_system/src/install/tcp_format/include/tcp_format/msg/rosidl_typesupport_fastrtps_c__visibility_control.h
[3.366s] -- Installing: /home/arc/Documents/automatic_arc_melting_system/src/install/tcp_format/lib/libtcp_format__rosidl_typesupport_fastrtps_c.so
[3.366s] -- Set runtime path of "/home/arc/Documents/automatic_arc_melting_system/src/install/tcp_format/lib/libtcp_format__rosidl_typesupport_fastrtps_c.so" to ""
[3.366s] -- Up-to-date: /home/arc/Documents/automatic_arc_melting_system/src/install/tcp_format/include/tcp_format
[3.366s] -- Up-to-date: /home/arc/Documents/automatic_arc_melting_system/src/install/tcp_format/include/tcp_format/srv
[3.366s] -- Up-to-date: /home/arc/Documents/automatic_arc_melting_system/src/install/tcp_format/include/tcp_format/srv/detail
[3.366s] -- Installing: /home/arc/Documents/automatic_arc_melting_system/src/install/tcp_format/include/tcp_format/srv/detail/socket_format__rosidl_typesupport_fastrtps_cpp.hpp
[3.366s] -- Installing: /home/arc/Documents/automatic_arc_melting_system/src/install/tcp_format/include/tcp_format/srv/detail/dds_fastrtps
[3.366s] -- Installing: /home/arc/Documents/automatic_arc_melting_system/src/install/tcp_format/include/tcp_format/srv/detail/cobotta_bcap__rosidl_typesupport_fastrtps_cpp.hpp
[3.367s] -- Up-to-date: /home/arc/Documents/automatic_arc_melting_system/src/install/tcp_format/include/tcp_format/msg
[3.367s] -- Installing: /home/arc/Documents/automatic_arc_melting_system/src/install/tcp_format/include/tcp_format/msg/rosidl_typesupport_fastrtps_cpp__visibility_control.h
[3.367s] -- Installing: /home/arc/Documents/automatic_arc_melting_system/src/install/tcp_format/lib/libtcp_format__rosidl_typesupport_fastrtps_cpp.so
[3.367s] -- Set runtime path of "/home/arc/Documents/automatic_arc_melting_system/src/install/tcp_format/lib/libtcp_format__rosidl_typesupport_fastrtps_cpp.so" to ""
[3.367s] -- Up-to-date: /home/arc/Documents/automatic_arc_melting_system/src/install/tcp_format/include/tcp_format
[3.367s] -- Up-to-date: /home/arc/Documents/automatic_arc_melting_system/src/install/tcp_format/include/tcp_format/srv
[3.367s] -- Up-to-date: /home/arc/Documents/automatic_arc_melting_system/src/install/tcp_format/include/tcp_format/srv/detail
[3.367s] -- Installing: /home/arc/Documents/automatic_arc_melting_system/src/install/tcp_format/include/tcp_format/srv/detail/socket_format__rosidl_typesupport_introspection_c.h
[3.367s] -- Installing: /home/arc/Documents/automatic_arc_melting_system/src/install/tcp_format/include/tcp_format/srv/detail/socket_format__type_support.c
[3.367s] -- Installing: /home/arc/Documents/automatic_arc_melting_system/src/install/tcp_format/include/tcp_format/srv/detail/cobotta_bcap__rosidl_typesupport_introspection_c.h
[3.367s] -- Installing: /home/arc/Documents/automatic_arc_melting_system/src/install/tcp_format/include/tcp_format/srv/detail/cobotta_bcap__type_support.c
[3.367s] -- Up-to-date: /home/arc/Documents/automatic_arc_melting_system/src/install/tcp_format/include/tcp_format/msg
[3.367s] -- Installing: /home/arc/Documents/automatic_arc_melting_system/src/install/tcp_format/include/tcp_format/msg/rosidl_typesupport_introspection_c__visibility_control.h
[3.367s] -- Installing: /home/arc/Documents/automatic_arc_melting_system/src/install/tcp_format/lib/libtcp_format__rosidl_typesupport_introspection_c.so
[3.367s] -- Set runtime path of "/home/arc/Documents/automatic_arc_melting_system/src/install/tcp_format/lib/libtcp_format__rosidl_typesupport_introspection_c.so" to ""
[3.368s] -- Installing: /home/arc/Documents/automatic_arc_melting_system/src/install/tcp_format/lib/libtcp_format__rosidl_typesupport_c.so
[3.368s] -- Set runtime path of "/home/arc/Documents/automatic_arc_melting_system/src/install/tcp_format/lib/libtcp_format__rosidl_typesupport_c.so" to ""
[3.368s] -- Up-to-date: /home/arc/Documents/automatic_arc_melting_system/src/install/tcp_format/include/tcp_format
[3.368s] -- Up-to-date: /home/arc/Documents/automatic_arc_melting_system/src/install/tcp_format/include/tcp_format/srv
[3.368s] -- Up-to-date: /home/arc/Documents/automatic_arc_melting_system/src/install/tcp_format/include/tcp_format/srv/detail
[3.368s] -- Installing: /home/arc/Documents/automatic_arc_melting_system/src/install/tcp_format/include/tcp_format/srv/detail/socket_format__struct.hpp
[3.368s] -- Installing: /home/arc/Documents/automatic_arc_melting_system/src/install/tcp_format/include/tcp_format/srv/detail/socket_format__builder.hpp
[3.368s] -- Installing: /home/arc/Documents/automatic_arc_melting_system/src/install/tcp_format/include/tcp_format/srv/detail/cobotta_bcap__traits.hpp
[3.368s] -- Installing: /home/arc/Documents/automatic_arc_melting_system/src/install/tcp_format/include/tcp_format/srv/detail/cobotta_bcap__struct.hpp
[3.368s] -- Installing: /home/arc/Documents/automatic_arc_melting_system/src/install/tcp_format/include/tcp_format/srv/detail/socket_format__traits.hpp
[3.368s] -- Installing: /home/arc/Documents/automatic_arc_melting_system/src/install/tcp_format/include/tcp_format/srv/detail/cobotta_bcap__builder.hpp
[3.368s] -- Installing: /home/arc/Documents/automatic_arc_melting_system/src/install/tcp_format/include/tcp_format/srv/cobotta_bcap.hpp
[3.368s] -- Installing: /home/arc/Documents/automatic_arc_melting_system/src/install/tcp_format/include/tcp_format/srv/socket_format.hpp
[3.369s] -- Up-to-date: /home/arc/Documents/automatic_arc_melting_system/src/install/tcp_format/include/tcp_format
[3.369s] -- Up-to-date: /home/arc/Documents/automatic_arc_melting_system/src/install/tcp_format/include/tcp_format/srv
[3.369s] -- Up-to-date: /home/arc/Documents/automatic_arc_melting_system/src/install/tcp_format/include/tcp_format/srv/detail
[3.369s] -- Installing: /home/arc/Documents/automatic_arc_melting_system/src/install/tcp_format/include/tcp_format/srv/detail/socket_format__type_support.cpp
[3.369s] -- Installing: /home/arc/Documents/automatic_arc_melting_system/src/install/tcp_format/include/tcp_format/srv/detail/cobotta_bcap__rosidl_typesupport_introspection_cpp.hpp
[3.369s] -- Installing: /home/arc/Documents/automatic_arc_melting_system/src/install/tcp_format/include/tcp_format/srv/detail/cobotta_bcap__type_support.cpp
[3.369s] -- Installing: /home/arc/Documents/automatic_arc_melting_system/src/install/tcp_format/include/tcp_format/srv/detail/socket_format__rosidl_typesupport_introspection_cpp.hpp
[3.369s] -- Installing: /home/arc/Documents/automatic_arc_melting_system/src/install/tcp_format/lib/libtcp_format__rosidl_typesupport_introspection_cpp.so
[3.369s] -- Set runtime path of "/home/arc/Documents/automatic_arc_melting_system/src/install/tcp_format/lib/libtcp_format__rosidl_typesupport_introspection_cpp.so" to ""
[3.369s] -- Installing: /home/arc/Documents/automatic_arc_melting_system/src/install/tcp_format/lib/libtcp_format__rosidl_typesupport_cpp.so
[3.369s] -- Set runtime path of "/home/arc/Documents/automatic_arc_melting_system/src/install/tcp_format/lib/libtcp_format__rosidl_typesupport_cpp.so" to ""
[3.369s] -- Installing: /home/arc/Documents/automatic_arc_melting_system/src/install/tcp_format/share/tcp_format/environment/pythonpath.sh
[3.369s] -- Installing: /home/arc/Documents/automatic_arc_melting_system/src/install/tcp_format/share/tcp_format/environment/pythonpath.dsv
[3.369s] -- Installing: /home/arc/Documents/automatic_arc_melting_system/src/install/tcp_format/lib/python3.9/site-packages/tcp_format/__init__.py
[3.397s] Compiling '/home/arc/Documents/automatic_arc_melting_system/src/install/tcp_format/lib/python3.9/site-packages/tcp_format/__init__.py'...
[3.400s] -- Installing: /home/arc/Documents/automatic_arc_melting_system/src/install/tcp_format/lib/python3.9/site-packages/tcp_format/srv
[3.400s] -- Installing: /home/arc/Documents/automatic_arc_melting_system/src/install/tcp_format/lib/python3.9/site-packages/tcp_format/srv/__init__.py
[3.400s] -- Installing: /home/arc/Documents/automatic_arc_melting_system/src/install/tcp_format/lib/python3.9/site-packages/tcp_format/srv/_cobotta_bcap_s.c
[3.400s] -- Installing: /home/arc/Documents/automatic_arc_melting_system/src/install/tcp_format/lib/python3.9/site-packages/tcp_format/srv/_cobotta_bcap.py
[3.400s] -- Installing: /home/arc/Documents/automatic_arc_melting_system/src/install/tcp_format/lib/python3.9/site-packages/tcp_format/srv/_socket_format.py
[3.400s] -- Installing: /home/arc/Documents/automatic_arc_melting_system/src/install/tcp_format/lib/python3.9/site-packages/tcp_format/srv/_socket_format_s.c
[3.400s] -- Installing: /home/arc/Documents/automatic_arc_melting_system/src/install/tcp_format/lib/python3.9/site-packages/tcp_format/tcp_format_s__rosidl_typesupport_fastrtps_c.cpython-39-x86_64-linux-gnu.so
[3.401s] -- Set runtime path of "/home/arc/Documents/automatic_arc_melting_system/src/install/tcp_format/lib/python3.9/site-packages/tcp_format/tcp_format_s__rosidl_typesupport_fastrtps_c.cpython-39-x86_64-linux-gnu.so" to ""
[3.401s] -- Installing: /home/arc/Documents/automatic_arc_melting_system/src/install/tcp_format/lib/python3.9/site-packages/tcp_format/tcp_format_s__rosidl_typesupport_introspection_c.cpython-39-x86_64-linux-gnu.so
[3.401s] -- Set runtime path of "/home/arc/Documents/automatic_arc_melting_system/src/install/tcp_format/lib/python3.9/site-packages/tcp_format/tcp_format_s__rosidl_typesupport_introspection_c.cpython-39-x86_64-linux-gnu.so" to ""
[3.401s] -- Installing: /home/arc/Documents/automatic_arc_melting_system/src/install/tcp_format/lib/python3.9/site-packages/tcp_format/tcp_format_s__rosidl_typesupport_c.cpython-39-x86_64-linux-gnu.so
[3.401s] -- Set runtime path of "/home/arc/Documents/automatic_arc_melting_system/src/install/tcp_format/lib/python3.9/site-packages/tcp_format/tcp_format_s__rosidl_typesupport_c.cpython-39-x86_64-linux-gnu.so" to ""
[3.401s] -- Installing: /home/arc/Documents/automatic_arc_melting_system/src/install/tcp_format/lib/libtcp_format__python.so
[3.402s] -- Set runtime path of "/home/arc/Documents/automatic_arc_melting_system/src/install/tcp_format/lib/libtcp_format__python.so" to ""
[3.402s] -- Installing: /home/arc/Documents/automatic_arc_melting_system/src/install/tcp_format/share/tcp_format/srv/SocketFormat.idl
[3.402s] -- Installing: /home/arc/Documents/automatic_arc_melting_system/src/install/tcp_format/share/tcp_format/srv/CobottaBcap.idl
[3.402s] -- Installing: /home/arc/Documents/automatic_arc_melting_system/src/install/tcp_format/share/tcp_format/srv/SocketFormat.srv
[3.402s] -- Installing: /home/arc/Documents/automatic_arc_melting_system/src/install/tcp_format/share/tcp_format/srv/SocketFormat_Request.msg
[3.402s] -- Installing: /home/arc/Documents/automatic_arc_melting_system/src/install/tcp_format/share/tcp_format/srv/SocketFormat_Response.msg
[3.402s] -- Installing: /home/arc/Documents/automatic_arc_melting_system/src/install/tcp_format/share/tcp_format/srv/CobottaBcap.srv
[3.402s] -- Installing: /home/arc/Documents/automatic_arc_melting_system/src/install/tcp_format/share/tcp_format/srv/CobottaBcap_Request.msg
[3.402s] -- Installing: /home/arc/Documents/automatic_arc_melting_system/src/install/tcp_format/share/tcp_format/srv/CobottaBcap_Response.msg
[3.402s] -- Installing: /home/arc/Documents/automatic_arc_melting_system/src/install/tcp_format/share/ament_index/resource_index/package_run_dependencies/tcp_format
[3.402s] -- Installing: /home/arc/Documents/automatic_arc_melting_system/src/install/tcp_format/share/ament_index/resource_index/parent_prefix_path/tcp_format
[3.403s] -- Installing: /home/arc/Documents/automatic_arc_melting_system/src/install/tcp_format/share/tcp_format/environment/ament_prefix_path.sh
[3.403s] -- Installing: /home/arc/Documents/automatic_arc_melting_system/src/install/tcp_format/share/tcp_format/environment/ament_prefix_path.dsv
[3.403s] -- Installing: /home/arc/Documents/automatic_arc_melting_system/src/install/tcp_format/share/tcp_format/environment/path.sh
[3.403s] -- Installing: /home/arc/Documents/automatic_arc_melting_system/src/install/tcp_format/share/tcp_format/environment/path.dsv
[3.403s] -- Installing: /home/arc/Documents/automatic_arc_melting_system/src/install/tcp_format/share/tcp_format/local_setup.bash
[3.403s] -- Installing: /home/arc/Documents/automatic_arc_melting_system/src/install/tcp_format/share/tcp_format/local_setup.sh
[3.403s] -- Installing: /home/arc/Documents/automatic_arc_melting_system/src/install/tcp_format/share/tcp_format/local_setup.zsh
[3.403s] -- Installing: /home/arc/Documents/automatic_arc_melting_system/src/install/tcp_format/share/tcp_format/local_setup.dsv
[3.403s] -- Installing: /home/arc/Documents/automatic_arc_melting_system/src/install/tcp_format/share/tcp_format/package.dsv
[3.403s] -- Installing: /home/arc/Documents/automatic_arc_melting_system/src/install/tcp_format/share/ament_index/resource_index/packages/tcp_format
[3.403s] -- Installing: /home/arc/Documents/automatic_arc_melting_system/src/install/tcp_format/share/tcp_format/cmake/tcp_format__rosidl_generator_cExport.cmake
[3.403s] -- Installing: /home/arc/Documents/automatic_arc_melting_system/src/install/tcp_format/share/tcp_format/cmake/tcp_format__rosidl_generator_cExport-noconfig.cmake
[3.404s] -- Installing: /home/arc/Documents/automatic_arc_melting_system/src/install/tcp_format/share/tcp_format/cmake/tcp_format__rosidl_typesupport_introspection_cExport.cmake
[3.404s] -- Installing: /home/arc/Documents/automatic_arc_melting_system/src/install/tcp_format/share/tcp_format/cmake/tcp_format__rosidl_typesupport_introspection_cExport-noconfig.cmake
[3.404s] -- Installing: /home/arc/Documents/automatic_arc_melting_system/src/install/tcp_format/share/tcp_format/cmake/tcp_format__rosidl_typesupport_cExport.cmake
[3.404s] -- Installing: /home/arc/Documents/automatic_arc_melting_system/src/install/tcp_format/share/tcp_format/cmake/tcp_format__rosidl_typesupport_cExport-noconfig.cmake
[3.404s] -- Installing: /home/arc/Documents/automatic_arc_melting_system/src/install/tcp_format/share/tcp_format/cmake/tcp_format__rosidl_generator_cppExport.cmake
[3.404s] -- Installing: /home/arc/Documents/automatic_arc_melting_system/src/install/tcp_format/share/tcp_format/cmake/tcp_format__rosidl_typesupport_introspection_cppExport.cmake
[3.404s] -- Installing: /home/arc/Documents/automatic_arc_melting_system/src/install/tcp_format/share/tcp_format/cmake/tcp_format__rosidl_typesupport_introspection_cppExport-noconfig.cmake
[3.404s] -- Installing: /home/arc/Documents/automatic_arc_melting_system/src/install/tcp_format/share/tcp_format/cmake/tcp_format__rosidl_typesupport_cppExport.cmake
[3.404s] -- Installing: /home/arc/Documents/automatic_arc_melting_system/src/install/tcp_format/share/tcp_format/cmake/tcp_format__rosidl_typesupport_cppExport-noconfig.cmake
[3.404s] -- Installing: /home/arc/Documents/automatic_arc_melting_system/src/install/tcp_format/share/tcp_format/cmake/rosidl_cmake-extras.cmake
[3.404s] -- Installing: /home/arc/Documents/automatic_arc_melting_system/src/install/tcp_format/share/tcp_format/cmake/ament_cmake_export_dependencies-extras.cmake
[3.405s] -- Installing: /home/arc/Documents/automatic_arc_melting_system/src/install/tcp_format/share/tcp_format/cmake/ament_cmake_export_libraries-extras.cmake
[3.405s] -- Installing: /home/arc/Documents/automatic_arc_melting_system/src/install/tcp_format/share/tcp_format/cmake/ament_cmake_export_targets-extras.cmake
[3.405s] -- Installing: /home/arc/Documents/automatic_arc_melting_system/src/install/tcp_format/share/tcp_format/cmake/ament_cmake_export_include_directories-extras.cmake
[3.405s] -- Installing: /home/arc/Documents/automatic_arc_melting_system/src/install/tcp_format/share/tcp_format/cmake/rosidl_cmake_export_typesupport_libraries-extras.cmake
[3.405s] -- Installing: /home/arc/Documents/automatic_arc_melting_system/src/install/tcp_format/share/tcp_format/cmake/rosidl_cmake_export_typesupport_targets-extras.cmake
[3.405s] -- Installing: /home/arc/Documents/automatic_arc_melting_system/src/install/tcp_format/share/tcp_format/cmake/tcp_formatConfig.cmake
[3.405s] -- Installing: /home/arc/Documents/automatic_arc_melting_system/src/install/tcp_format/share/tcp_format/cmake/tcp_formatConfig-version.cmake
[3.405s] -- Installing: /home/arc/Documents/automatic_arc_melting_system/src/install/tcp_format/share/tcp_format/package.xml
[3.407s] Invoked command in '/home/arc/Documents/automatic_arc_melting_system/src/build/tcp_format' returned '0': CMAKE_PREFIX_PATH=/opt/ros/foxy /usr/bin/cmake --install /home/arc/Documents/automatic_arc_melting_system/src/build/tcp_format
