[0.010s] Invoking command in '/home/arc/Documents/automatic_arc_melting_system/build/tcp_format': CMAKE_PREFIX_PATH=${CMAKE_PREFIX_PATH}:/opt/ros/foxy /usr/bin/cmake /home/arc/Documents/automatic_arc_melting_system/src/tcp_format -DCMAKE_INSTALL_PREFIX=/home/arc/Documents/automatic_arc_melting_system/install/tcp_format
[0.047s] -- The C compiler identification is GNU 9.4.0
[0.081s] -- The CXX compiler identification is GNU 9.4.0
[0.084s] -- Check for working C compiler: /usr/bin/cc
[0.127s] -- Check for working C compiler: /usr/bin/cc -- works
[0.127s] -- Detecting C compiler ABI info
[0.169s] -- Detecting C compiler ABI info - done
[0.177s] -- Detecting C compile features
[0.177s] -- Detecting C compile features - done
[0.179s] -- Check for working CXX compiler: /usr/bin/c++
[0.228s] -- Check for working CXX compiler: /usr/bin/c++ -- works
[0.229s] -- Detecting CXX compiler ABI info
[0.282s] -- Detecting CXX compiler ABI info - done
[0.292s] -- Detecting CXX compile features
[0.292s] -- Detecting CXX compile features - done
[0.294s] -- Found ament_cmake: 0.9.9 (/opt/ros/foxy/share/ament_cmake/cmake)
[0.312s] -- Found PythonInterp: /usr/bin/python3 (found suitable version "3.8.10", minimum required is "3") 
[0.312s] -- Using PYTHON_EXECUTABLE: /usr/bin/python3
[0.442s] -- Found rosidl_default_generators: 1.0.1 (/opt/ros/foxy/share/rosidl_default_generators/cmake)
[0.444s] -- Using all available rosidl_typesupport_c: rosidl_typesupport_fastrtps_c;rosidl_typesupport_introspection_c
[0.448s] -- Found rosidl_adapter: 1.2.1 (/opt/ros/foxy/share/rosidl_adapter/cmake)
[0.503s] -- Found OpenSSL: /usr/lib/x86_64-linux-gnu/libcrypto.so (found version "1.1.1f")  
[0.521s] -- Found FastRTPS: /opt/ros/foxy/include  
[0.571s] -- Using all available rosidl_typesupport_cpp: rosidl_typesupport_fastrtps_cpp;rosidl_typesupport_introspection_cpp
[0.604s] -- Found PythonInterp: /usr/bin/python3 (found version "3.8.10") 
[0.694s] -- Found ament_cmake_ros: 0.9.2 (/opt/ros/foxy/share/ament_cmake_ros/cmake)
[0.756s] -- Using all available rosidl_typesupport_c: rosidl_typesupport_fastrtps_c;rosidl_typesupport_introspection_c
[0.761s] -- Using all available rosidl_typesupport_cpp: rosidl_typesupport_fastrtps_cpp;rosidl_typesupport_introspection_cpp
[0.775s] -- Found PythonInterp: /usr/bin/python3 (found suitable version "3.8.10", minimum required is "3.5") 
[0.776s] -- Found python_cmake_module: 0.8.1 (/opt/ros/foxy/share/python_cmake_module/cmake)
[0.792s] -- Found PythonLibs: /usr/lib/x86_64-linux-gnu/libpython3.8.so (found suitable version "3.8.10", minimum required is "3.5") 
[0.793s] -- Using PYTHON_EXECUTABLE: /usr/bin/python3
[0.793s] -- Using PYTHON_INCLUDE_DIRS: /usr/include/python3.8
[0.793s] -- Using PYTHON_LIBRARIES: /usr/lib/x86_64-linux-gnu/libpython3.8.so
[0.807s] -- Found PythonExtra: .so  
[0.834s] -- Found ament_lint_auto: 0.9.6 (/opt/ros/foxy/share/ament_lint_auto/cmake)
[0.846s] -- Added test 'copyright' to check source files copyright and LICENSE
[0.847s] -- Added test 'lint_cmake' to check CMake code style
[0.847s] -- Added test 'xmllint' to check XML markup files
[0.850s] -- Configuring done
[0.873s] -- Generating done
[0.874s] -- Build files have been written to: /home/arc/Documents/automatic_arc_melting_system/build/tcp_format
[0.881s] Invoked command in '/home/arc/Documents/automatic_arc_melting_system/build/tcp_format' returned '0': CMAKE_PREFIX_PATH=${CMAKE_PREFIX_PATH}:/opt/ros/foxy /usr/bin/cmake /home/arc/Documents/automatic_arc_melting_system/src/tcp_format -DCMAKE_INSTALL_PREFIX=/home/arc/Documents/automatic_arc_melting_system/install/tcp_format
[0.882s] Invoking command in '/home/arc/Documents/automatic_arc_melting_system/build/tcp_format': CMAKE_PREFIX_PATH=${CMAKE_PREFIX_PATH}:/opt/ros/foxy /usr/bin/cmake --build /home/arc/Documents/automatic_arc_melting_system/build/tcp_format -- -j16 -l16
[0.908s] [  2%] [34m[1mGenerating C code for ROS interfaces[0m
[0.908s] [35m[1mScanning dependencies of target tcp_format__cpp[0m
[0.915s] [  4%] [34m[1mGenerating C++ code for ROS interfaces[0m
[1.160s] [  4%] Built target tcp_format__cpp
[1.167s] [ 10%] [34m[1mGenerating C++ introspection for ROS interfaces[0m
[1.167s] [ 10%] [34m[1mGenerating C++ type support dispatch for ROS interfaces[0m
[1.167s] [ 10%] [34m[1mGenerating C++ type support for eProsima Fast-RTPS[0m
[1.189s] [35m[1mScanning dependencies of target tcp_format__rosidl_generator_c[0m
[1.197s] [ 17%] [32mBuilding C object CMakeFiles/tcp_format__rosidl_generator_c.dir/rosidl_generator_c/tcp_format/srv/detail/socket_close__functions.c.o[0m
[1.197s] [ 17%] [32mBuilding C object CMakeFiles/tcp_format__rosidl_generator_c.dir/rosidl_generator_c/tcp_format/srv/detail/socket_creat__functions.c.o[0m
[1.198s] [ 17%] [32mBuilding C object CMakeFiles/tcp_format__rosidl_generator_c.dir/rosidl_generator_c/tcp_format/srv/detail/socket_message__functions.c.o[0m
[1.227s] [ 19%] [32m[1mLinking C shared library libtcp_format__rosidl_generator_c.so[0m
[1.249s] [ 19%] Built target tcp_format__rosidl_generator_c
[1.255s] [ 23%] [34m[1mGenerating C type support dispatch for ROS interfaces[0m
[1.255s] [ 23%] [34m[1mGenerating C introspection for ROS interfaces[0m
[1.353s] [35m[1mScanning dependencies of target tcp_format__rosidl_typesupport_cpp[0m
[1.362s] [ 29%] [32mBuilding CXX object CMakeFiles/tcp_format__rosidl_typesupport_cpp.dir/rosidl_typesupport_cpp/tcp_format/srv/socket_creat__type_support.cpp.o[0m
[1.362s] [ 29%] [32mBuilding CXX object CMakeFiles/tcp_format__rosidl_typesupport_cpp.dir/rosidl_typesupport_cpp/tcp_format/srv/socket_close__type_support.cpp.o[0m
[1.362s] [ 29%] [32mBuilding CXX object CMakeFiles/tcp_format__rosidl_typesupport_cpp.dir/rosidl_typesupport_cpp/tcp_format/srv/socket_message__type_support.cpp.o[0m
[1.384s] [35m[1mScanning dependencies of target tcp_format__rosidl_typesupport_introspection_cpp[0m
[1.393s] [ 31%] [32mBuilding CXX object CMakeFiles/tcp_format__rosidl_typesupport_introspection_cpp.dir/rosidl_typesupport_introspection_cpp/tcp_format/srv/detail/socket_close__type_support.cpp.o[0m
[1.394s] [ 36%] [32mBuilding CXX object CMakeFiles/tcp_format__rosidl_typesupport_introspection_cpp.dir/rosidl_typesupport_introspection_cpp/tcp_format/srv/detail/socket_creat__type_support.cpp.o[0m
[1.394s] [ 36%] [32mBuilding CXX object CMakeFiles/tcp_format__rosidl_typesupport_introspection_cpp.dir/rosidl_typesupport_introspection_cpp/tcp_format/srv/detail/socket_message__type_support.cpp.o[0m
[1.444s] [35m[1mScanning dependencies of target tcp_format__rosidl_typesupport_fastrtps_cpp[0m
[1.459s] [ 38%] [32mBuilding CXX object CMakeFiles/tcp_format__rosidl_typesupport_fastrtps_cpp.dir/rosidl_typesupport_fastrtps_cpp/tcp_format/srv/detail/dds_fastrtps/socket_message__type_support.cpp.o[0m
[1.460s] [ 42%] [32mBuilding CXX object CMakeFiles/tcp_format__rosidl_typesupport_fastrtps_cpp.dir/rosidl_typesupport_fastrtps_cpp/tcp_format/srv/detail/dds_fastrtps/socket_creat__type_support.cpp.o[0m
[1.460s] [ 42%] [32mBuilding CXX object CMakeFiles/tcp_format__rosidl_typesupport_fastrtps_cpp.dir/rosidl_typesupport_fastrtps_cpp/tcp_format/srv/detail/dds_fastrtps/socket_close__type_support.cpp.o[0m
[1.497s] [35m[1mScanning dependencies of target tcp_format__rosidl_typesupport_c[0m
[1.511s] [ 44%] [32mBuilding CXX object CMakeFiles/tcp_format__rosidl_typesupport_c.dir/rosidl_typesupport_c/tcp_format/srv/socket_creat__type_support.cpp.o[0m
[1.515s] [ 46%] [32mBuilding CXX object CMakeFiles/tcp_format__rosidl_typesupport_c.dir/rosidl_typesupport_c/tcp_format/srv/socket_message__type_support.cpp.o[0m
[1.521s] [ 48%] [32mBuilding CXX object CMakeFiles/tcp_format__rosidl_typesupport_c.dir/rosidl_typesupport_c/tcp_format/srv/socket_close__type_support.cpp.o[0m
[1.565s] [35m[1mScanning dependencies of target tcp_format__rosidl_typesupport_introspection_c[0m
[1.573s] [ 51%] [32m[1mLinking CXX shared library libtcp_format__rosidl_typesupport_c.so[0m
[1.581s] [ 53%] [32mBuilding C object CMakeFiles/tcp_format__rosidl_typesupport_introspection_c.dir/rosidl_typesupport_introspection_c/tcp_format/srv/detail/socket_close__type_support.c.o[0m
[1.584s] [ 57%] [32mBuilding C object CMakeFiles/tcp_format__rosidl_typesupport_introspection_c.dir/rosidl_typesupport_introspection_c/tcp_format/srv/detail/socket_message__type_support.c.o[0m
[1.584s] [ 57%] [32mBuilding C object CMakeFiles/tcp_format__rosidl_typesupport_introspection_c.dir/rosidl_typesupport_introspection_c/tcp_format/srv/detail/socket_creat__type_support.c.o[0m
[1.619s] [ 59%] [32m[1mLinking C shared library libtcp_format__rosidl_typesupport_introspection_c.so[0m
[1.621s] [ 59%] Built target tcp_format__rosidl_typesupport_c
[1.644s] [ 59%] Built target tcp_format__rosidl_typesupport_introspection_c
[1.672s] [ 61%] [32m[1mLinking CXX shared library libtcp_format__rosidl_typesupport_cpp.so[0m
[1.699s] [ 61%] Built target tcp_format__rosidl_typesupport_cpp
[1.708s] [ 63%] [32m[1mLinking CXX shared library libtcp_format__rosidl_typesupport_introspection_cpp.so[0m
[1.748s] [ 63%] Built target tcp_format__rosidl_typesupport_introspection_cpp
[1.854s] [ 65%] [32m[1mLinking CXX shared library libtcp_format__rosidl_typesupport_fastrtps_cpp.so[0m
[1.906s] [ 65%] Built target tcp_format__rosidl_typesupport_fastrtps_cpp
[1.912s] [ 68%] [34m[1mGenerating C type support for eProsima Fast-RTPS[0m
[2.145s] [35m[1mScanning dependencies of target tcp_format__rosidl_typesupport_fastrtps_c[0m
[2.159s] [ 74%] [32mBuilding CXX object CMakeFiles/tcp_format__rosidl_typesupport_fastrtps_c.dir/rosidl_typesupport_fastrtps_c/tcp_format/srv/detail/socket_creat__type_support_c.cpp.o[0m
[2.159s] [ 74%] [32mBuilding CXX object CMakeFiles/tcp_format__rosidl_typesupport_fastrtps_c.dir/rosidl_typesupport_fastrtps_c/tcp_format/srv/detail/socket_close__type_support_c.cpp.o[0m
[2.159s] [ 74%] [32mBuilding CXX object CMakeFiles/tcp_format__rosidl_typesupport_fastrtps_c.dir/rosidl_typesupport_fastrtps_c/tcp_format/srv/detail/socket_message__type_support_c.cpp.o[0m
[2.415s] [ 76%] [32m[1mLinking CXX shared library libtcp_format__rosidl_typesupport_fastrtps_c.so[0m
[2.466s] [ 76%] Built target tcp_format__rosidl_typesupport_fastrtps_c
[2.472s] [35m[1mScanning dependencies of target tcp_format[0m
[2.478s] [ 76%] Built target tcp_format
[2.484s] [35m[1mScanning dependencies of target tcp_format__py[0m
[2.490s] [ 78%] [34m[1mGenerating Python code for ROS interfaces[0m
[2.966s] [ 78%] Built target tcp_format__py
[2.972s] [35m[1mScanning dependencies of target tcp_format__python[0m
[2.985s] [ 85%] [32mBuilding C object CMakeFiles/tcp_format__python.dir/rosidl_generator_py/tcp_format/srv/_socket_creat_s.c.o[0m
[2.985s] [ 85%] [32mBuilding C object CMakeFiles/tcp_format__python.dir/rosidl_generator_py/tcp_format/srv/_socket_close_s.c.o[0m
[2.985s] [ 85%] [32mBuilding C object CMakeFiles/tcp_format__python.dir/rosidl_generator_py/tcp_format/srv/_socket_message_s.c.o[0m
[3.048s] [ 87%] [32m[1mLinking C shared library rosidl_generator_py/tcp_format/libtcp_format__python.so[0m
[3.072s] [ 87%] Built target tcp_format__python
[3.078s] [35m[1mScanning dependencies of target tcp_format__rosidl_typesupport_c__pyext[0m
[3.078s] [35m[1mScanning dependencies of target tcp_format__rosidl_typesupport_introspection_c__pyext[0m
[3.078s] [35m[1mScanning dependencies of target tcp_format__rosidl_typesupport_fastrtps_c__pyext[0m
[3.089s] [ 93%] [32mBuilding C object CMakeFiles/tcp_format__rosidl_typesupport_fastrtps_c__pyext.dir/rosidl_generator_py/tcp_format/_tcp_format_s.ep.rosidl_typesupport_fastrtps_c.c.o[0m
[3.089s] [ 93%] [32mBuilding C object CMakeFiles/tcp_format__rosidl_typesupport_introspection_c__pyext.dir/rosidl_generator_py/tcp_format/_tcp_format_s.ep.rosidl_typesupport_introspection_c.c.o[0m
[3.089s] [ 93%] [32mBuilding C object CMakeFiles/tcp_format__rosidl_typesupport_c__pyext.dir/rosidl_generator_py/tcp_format/_tcp_format_s.ep.rosidl_typesupport_c.c.o[0m
[3.151s] [ 97%] [32m[1mLinking C shared library rosidl_generator_py/tcp_format/tcp_format_s__rosidl_typesupport_c.cpython-38-x86_64-linux-gnu.so[0m
[3.152s] [ 97%] [32m[1mLinking C shared library rosidl_generator_py/tcp_format/tcp_format_s__rosidl_typesupport_introspection_c.cpython-38-x86_64-linux-gnu.so[0m
[3.153s] [100%] [32m[1mLinking CXX shared library rosidl_generator_py/tcp_format/tcp_format_s__rosidl_typesupport_fastrtps_c.cpython-38-x86_64-linux-gnu.so[0m
[3.172s] [100%] Built target tcp_format__rosidl_typesupport_introspection_c__pyext
[3.173s] [100%] Built target tcp_format__rosidl_typesupport_c__pyext
[3.192s] [100%] Built target tcp_format__rosidl_typesupport_fastrtps_c__pyext
[3.199s] Invoked command in '/home/arc/Documents/automatic_arc_melting_system/build/tcp_format' returned '0': CMAKE_PREFIX_PATH=${CMAKE_PREFIX_PATH}:/opt/ros/foxy /usr/bin/cmake --build /home/arc/Documents/automatic_arc_melting_system/build/tcp_format -- -j16 -l16
[3.249s] Invoking command in '/home/arc/Documents/automatic_arc_melting_system/build/tcp_format': CMAKE_PREFIX_PATH=${CMAKE_PREFIX_PATH}:/opt/ros/foxy /usr/bin/cmake --install /home/arc/Documents/automatic_arc_melting_system/build/tcp_format
[3.254s] -- Install configuration: ""
[3.255s] -- Installing: /home/arc/Documents/automatic_arc_melting_system/install/tcp_format/share/ament_index/resource_index/rosidl_interfaces/tcp_format
[3.255s] -- Installing: /home/arc/Documents/automatic_arc_melting_system/install/tcp_format/include/tcp_format
[3.255s] -- Installing: /home/arc/Documents/automatic_arc_melting_system/install/tcp_format/include/tcp_format/srv
[3.255s] -- Installing: /home/arc/Documents/automatic_arc_melting_system/install/tcp_format/include/tcp_format/srv/socket_creat.h
[3.255s] -- Installing: /home/arc/Documents/automatic_arc_melting_system/install/tcp_format/include/tcp_format/srv/socket_close.h
[3.255s] -- Installing: /home/arc/Documents/automatic_arc_melting_system/install/tcp_format/include/tcp_format/srv/detail
[3.255s] -- Installing: /home/arc/Documents/automatic_arc_melting_system/install/tcp_format/include/tcp_format/srv/detail/socket_message__type_support.h
[3.255s] -- Installing: /home/arc/Documents/automatic_arc_melting_system/install/tcp_format/include/tcp_format/srv/detail/socket_message__struct.h
[3.255s] -- Installing: /home/arc/Documents/automatic_arc_melting_system/install/tcp_format/include/tcp_format/srv/detail/socket_close__functions.h
[3.255s] -- Installing: /home/arc/Documents/automatic_arc_melting_system/install/tcp_format/include/tcp_format/srv/detail/socket_close__struct.h
[3.255s] -- Installing: /home/arc/Documents/automatic_arc_melting_system/install/tcp_format/include/tcp_format/srv/detail/socket_close__functions.c
[3.255s] -- Installing: /home/arc/Documents/automatic_arc_melting_system/install/tcp_format/include/tcp_format/srv/detail/socket_message__functions.h
[3.255s] -- Installing: /home/arc/Documents/automatic_arc_melting_system/install/tcp_format/include/tcp_format/srv/detail/socket_creat__functions.c
[3.256s] -- Installing: /home/arc/Documents/automatic_arc_melting_system/install/tcp_format/include/tcp_format/srv/detail/socket_creat__type_support.h
[3.256s] -- Installing: /home/arc/Documents/automatic_arc_melting_system/install/tcp_format/include/tcp_format/srv/detail/socket_creat__functions.h
[3.256s] -- Installing: /home/arc/Documents/automatic_arc_melting_system/install/tcp_format/include/tcp_format/srv/detail/socket_close__type_support.h
[3.256s] -- Installing: /home/arc/Documents/automatic_arc_melting_system/install/tcp_format/include/tcp_format/srv/detail/socket_message__functions.c
[3.256s] -- Installing: /home/arc/Documents/automatic_arc_melting_system/install/tcp_format/include/tcp_format/srv/detail/socket_creat__struct.h
[3.256s] -- Installing: /home/arc/Documents/automatic_arc_melting_system/install/tcp_format/include/tcp_format/srv/socket_message.h
[3.256s] -- Installing: /home/arc/Documents/automatic_arc_melting_system/install/tcp_format/include/tcp_format/msg
[3.256s] -- Installing: /home/arc/Documents/automatic_arc_melting_system/install/tcp_format/include/tcp_format/msg/rosidl_generator_c__visibility_control.h
[3.256s] -- Installing: /home/arc/Documents/automatic_arc_melting_system/install/tcp_format/share/tcp_format/environment/library_path.sh
[3.256s] -- Installing: /home/arc/Documents/automatic_arc_melting_system/install/tcp_format/share/tcp_format/environment/library_path.dsv
[3.256s] -- Installing: /home/arc/Documents/automatic_arc_melting_system/install/tcp_format/lib/libtcp_format__rosidl_generator_c.so
[3.256s] -- Set runtime path of "/home/arc/Documents/automatic_arc_melting_system/install/tcp_format/lib/libtcp_format__rosidl_generator_c.so" to ""
[3.256s] -- Up-to-date: /home/arc/Documents/automatic_arc_melting_system/install/tcp_format/include/tcp_format
[3.256s] -- Up-to-date: /home/arc/Documents/automatic_arc_melting_system/install/tcp_format/include/tcp_format/srv
[3.257s] -- Up-to-date: /home/arc/Documents/automatic_arc_melting_system/install/tcp_format/include/tcp_format/srv/detail
[3.257s] -- Installing: /home/arc/Documents/automatic_arc_melting_system/install/tcp_format/include/tcp_format/srv/detail/socket_close__rosidl_typesupport_fastrtps_c.h
[3.257s] -- Installing: /home/arc/Documents/automatic_arc_melting_system/install/tcp_format/include/tcp_format/srv/detail/socket_message__rosidl_typesupport_fastrtps_c.h
[3.257s] -- Installing: /home/arc/Documents/automatic_arc_melting_system/install/tcp_format/include/tcp_format/srv/detail/socket_creat__rosidl_typesupport_fastrtps_c.h
[3.257s] -- Up-to-date: /home/arc/Documents/automatic_arc_melting_system/install/tcp_format/include/tcp_format/msg
[3.257s] -- Installing: /home/arc/Documents/automatic_arc_melting_system/install/tcp_format/include/tcp_format/msg/rosidl_typesupport_fastrtps_c__visibility_control.h
[3.257s] -- Installing: /home/arc/Documents/automatic_arc_melting_system/install/tcp_format/lib/libtcp_format__rosidl_typesupport_fastrtps_c.so
[3.257s] -- Set runtime path of "/home/arc/Documents/automatic_arc_melting_system/install/tcp_format/lib/libtcp_format__rosidl_typesupport_fastrtps_c.so" to ""
[3.257s] -- Up-to-date: /home/arc/Documents/automatic_arc_melting_system/install/tcp_format/include/tcp_format
[3.257s] -- Up-to-date: /home/arc/Documents/automatic_arc_melting_system/install/tcp_format/include/tcp_format/srv
[3.257s] -- Up-to-date: /home/arc/Documents/automatic_arc_melting_system/install/tcp_format/include/tcp_format/srv/detail
[3.257s] -- Installing: /home/arc/Documents/automatic_arc_melting_system/install/tcp_format/include/tcp_format/srv/detail/dds_fastrtps
[3.257s] -- Installing: /home/arc/Documents/automatic_arc_melting_system/install/tcp_format/include/tcp_format/srv/detail/socket_creat__rosidl_typesupport_fastrtps_cpp.hpp
[3.257s] -- Installing: /home/arc/Documents/automatic_arc_melting_system/install/tcp_format/include/tcp_format/srv/detail/socket_message__rosidl_typesupport_fastrtps_cpp.hpp
[3.258s] -- Installing: /home/arc/Documents/automatic_arc_melting_system/install/tcp_format/include/tcp_format/srv/detail/socket_close__rosidl_typesupport_fastrtps_cpp.hpp
[3.258s] -- Up-to-date: /home/arc/Documents/automatic_arc_melting_system/install/tcp_format/include/tcp_format/msg
[3.258s] -- Installing: /home/arc/Documents/automatic_arc_melting_system/install/tcp_format/include/tcp_format/msg/rosidl_typesupport_fastrtps_cpp__visibility_control.h
[3.258s] -- Installing: /home/arc/Documents/automatic_arc_melting_system/install/tcp_format/lib/libtcp_format__rosidl_typesupport_fastrtps_cpp.so
[3.258s] -- Set runtime path of "/home/arc/Documents/automatic_arc_melting_system/install/tcp_format/lib/libtcp_format__rosidl_typesupport_fastrtps_cpp.so" to ""
[3.258s] -- Up-to-date: /home/arc/Documents/automatic_arc_melting_system/install/tcp_format/include/tcp_format
[3.258s] -- Up-to-date: /home/arc/Documents/automatic_arc_melting_system/install/tcp_format/include/tcp_format/srv
[3.258s] -- Up-to-date: /home/arc/Documents/automatic_arc_melting_system/install/tcp_format/include/tcp_format/srv/detail
[3.258s] -- Installing: /home/arc/Documents/automatic_arc_melting_system/install/tcp_format/include/tcp_format/srv/detail/socket_close__rosidl_typesupport_introspection_c.h
[3.258s] -- Installing: /home/arc/Documents/automatic_arc_melting_system/install/tcp_format/include/tcp_format/srv/detail/socket_message__type_support.c
[3.258s] -- Installing: /home/arc/Documents/automatic_arc_melting_system/install/tcp_format/include/tcp_format/srv/detail/socket_message__rosidl_typesupport_introspection_c.h
[3.258s] -- Installing: /home/arc/Documents/automatic_arc_melting_system/install/tcp_format/include/tcp_format/srv/detail/socket_close__type_support.c
[3.258s] -- Installing: /home/arc/Documents/automatic_arc_melting_system/install/tcp_format/include/tcp_format/srv/detail/socket_creat__type_support.c
[3.258s] -- Installing: /home/arc/Documents/automatic_arc_melting_system/install/tcp_format/include/tcp_format/srv/detail/socket_creat__rosidl_typesupport_introspection_c.h
[3.259s] -- Up-to-date: /home/arc/Documents/automatic_arc_melting_system/install/tcp_format/include/tcp_format/msg
[3.259s] -- Installing: /home/arc/Documents/automatic_arc_melting_system/install/tcp_format/include/tcp_format/msg/rosidl_typesupport_introspection_c__visibility_control.h
[3.259s] -- Installing: /home/arc/Documents/automatic_arc_melting_system/install/tcp_format/lib/libtcp_format__rosidl_typesupport_introspection_c.so
[3.259s] -- Set runtime path of "/home/arc/Documents/automatic_arc_melting_system/install/tcp_format/lib/libtcp_format__rosidl_typesupport_introspection_c.so" to ""
[3.259s] -- Installing: /home/arc/Documents/automatic_arc_melting_system/install/tcp_format/lib/libtcp_format__rosidl_typesupport_c.so
[3.259s] -- Set runtime path of "/home/arc/Documents/automatic_arc_melting_system/install/tcp_format/lib/libtcp_format__rosidl_typesupport_c.so" to ""
[3.259s] -- Up-to-date: /home/arc/Documents/automatic_arc_melting_system/install/tcp_format/include/tcp_format
[3.259s] -- Up-to-date: /home/arc/Documents/automatic_arc_melting_system/install/tcp_format/include/tcp_format/srv
[3.259s] -- Installing: /home/arc/Documents/automatic_arc_melting_system/install/tcp_format/include/tcp_format/srv/socket_creat.hpp
[3.259s] -- Up-to-date: /home/arc/Documents/automatic_arc_melting_system/install/tcp_format/include/tcp_format/srv/detail
[3.259s] -- Installing: /home/arc/Documents/automatic_arc_melting_system/install/tcp_format/include/tcp_format/srv/detail/socket_creat__struct.hpp
[3.259s] -- Installing: /home/arc/Documents/automatic_arc_melting_system/install/tcp_format/include/tcp_format/srv/detail/socket_message__traits.hpp
[3.259s] -- Installing: /home/arc/Documents/automatic_arc_melting_system/install/tcp_format/include/tcp_format/srv/detail/socket_creat__traits.hpp
[3.259s] -- Installing: /home/arc/Documents/automatic_arc_melting_system/install/tcp_format/include/tcp_format/srv/detail/socket_close__struct.hpp
[3.260s] -- Installing: /home/arc/Documents/automatic_arc_melting_system/install/tcp_format/include/tcp_format/srv/detail/socket_close__builder.hpp
[3.260s] -- Installing: /home/arc/Documents/automatic_arc_melting_system/install/tcp_format/include/tcp_format/srv/detail/socket_creat__builder.hpp
[3.260s] -- Installing: /home/arc/Documents/automatic_arc_melting_system/install/tcp_format/include/tcp_format/srv/detail/socket_message__struct.hpp
[3.260s] -- Installing: /home/arc/Documents/automatic_arc_melting_system/install/tcp_format/include/tcp_format/srv/detail/socket_message__builder.hpp
[3.260s] -- Installing: /home/arc/Documents/automatic_arc_melting_system/install/tcp_format/include/tcp_format/srv/detail/socket_close__traits.hpp
[3.260s] -- Installing: /home/arc/Documents/automatic_arc_melting_system/install/tcp_format/include/tcp_format/srv/socket_close.hpp
[3.260s] -- Installing: /home/arc/Documents/automatic_arc_melting_system/install/tcp_format/include/tcp_format/srv/socket_message.hpp
[3.260s] -- Up-to-date: /home/arc/Documents/automatic_arc_melting_system/install/tcp_format/include/tcp_format
[3.260s] -- Up-to-date: /home/arc/Documents/automatic_arc_melting_system/install/tcp_format/include/tcp_format/srv
[3.260s] -- Up-to-date: /home/arc/Documents/automatic_arc_melting_system/install/tcp_format/include/tcp_format/srv/detail
[3.260s] -- Installing: /home/arc/Documents/automatic_arc_melting_system/install/tcp_format/include/tcp_format/srv/detail/socket_message__rosidl_typesupport_introspection_cpp.hpp
[3.260s] -- Installing: /home/arc/Documents/automatic_arc_melting_system/install/tcp_format/include/tcp_format/srv/detail/socket_creat__rosidl_typesupport_introspection_cpp.hpp
[3.260s] -- Installing: /home/arc/Documents/automatic_arc_melting_system/install/tcp_format/include/tcp_format/srv/detail/socket_creat__type_support.cpp
[3.260s] -- Installing: /home/arc/Documents/automatic_arc_melting_system/install/tcp_format/include/tcp_format/srv/detail/socket_close__rosidl_typesupport_introspection_cpp.hpp
[3.261s] -- Installing: /home/arc/Documents/automatic_arc_melting_system/install/tcp_format/include/tcp_format/srv/detail/socket_close__type_support.cpp
[3.261s] -- Installing: /home/arc/Documents/automatic_arc_melting_system/install/tcp_format/include/tcp_format/srv/detail/socket_message__type_support.cpp
[3.261s] -- Installing: /home/arc/Documents/automatic_arc_melting_system/install/tcp_format/lib/libtcp_format__rosidl_typesupport_introspection_cpp.so
[3.261s] -- Set runtime path of "/home/arc/Documents/automatic_arc_melting_system/install/tcp_format/lib/libtcp_format__rosidl_typesupport_introspection_cpp.so" to ""
[3.261s] -- Installing: /home/arc/Documents/automatic_arc_melting_system/install/tcp_format/lib/libtcp_format__rosidl_typesupport_cpp.so
[3.261s] -- Set runtime path of "/home/arc/Documents/automatic_arc_melting_system/install/tcp_format/lib/libtcp_format__rosidl_typesupport_cpp.so" to ""
[3.261s] -- Installing: /home/arc/Documents/automatic_arc_melting_system/install/tcp_format/share/tcp_format/environment/pythonpath.sh
[3.261s] -- Installing: /home/arc/Documents/automatic_arc_melting_system/install/tcp_format/share/tcp_format/environment/pythonpath.dsv
[3.261s] -- Installing: /home/arc/Documents/automatic_arc_melting_system/install/tcp_format/lib/python3.8/site-packages/tcp_format/__init__.py
[3.281s] Compiling '/home/arc/Documents/automatic_arc_melting_system/install/tcp_format/lib/python3.8/site-packages/tcp_format/__init__.py'...
[3.283s] -- Installing: /home/arc/Documents/automatic_arc_melting_system/install/tcp_format/lib/python3.8/site-packages/tcp_format/srv
[3.283s] -- Installing: /home/arc/Documents/automatic_arc_melting_system/install/tcp_format/lib/python3.8/site-packages/tcp_format/srv/__init__.py
[3.283s] -- Installing: /home/arc/Documents/automatic_arc_melting_system/install/tcp_format/lib/python3.8/site-packages/tcp_format/srv/_socket_close_s.c
[3.283s] -- Installing: /home/arc/Documents/automatic_arc_melting_system/install/tcp_format/lib/python3.8/site-packages/tcp_format/srv/_socket_creat_s.c
[3.283s] -- Installing: /home/arc/Documents/automatic_arc_melting_system/install/tcp_format/lib/python3.8/site-packages/tcp_format/srv/_socket_message.py
[3.283s] -- Installing: /home/arc/Documents/automatic_arc_melting_system/install/tcp_format/lib/python3.8/site-packages/tcp_format/srv/_socket_creat.py
[3.283s] -- Installing: /home/arc/Documents/automatic_arc_melting_system/install/tcp_format/lib/python3.8/site-packages/tcp_format/srv/_socket_message_s.c
[3.283s] -- Installing: /home/arc/Documents/automatic_arc_melting_system/install/tcp_format/lib/python3.8/site-packages/tcp_format/srv/_socket_close.py
[3.284s] -- Installing: /home/arc/Documents/automatic_arc_melting_system/install/tcp_format/lib/python3.8/site-packages/tcp_format/tcp_format_s__rosidl_typesupport_fastrtps_c.cpython-38-x86_64-linux-gnu.so
[3.284s] -- Set runtime path of "/home/arc/Documents/automatic_arc_melting_system/install/tcp_format/lib/python3.8/site-packages/tcp_format/tcp_format_s__rosidl_typesupport_fastrtps_c.cpython-38-x86_64-linux-gnu.so" to ""
[3.284s] -- Installing: /home/arc/Documents/automatic_arc_melting_system/install/tcp_format/lib/python3.8/site-packages/tcp_format/tcp_format_s__rosidl_typesupport_introspection_c.cpython-38-x86_64-linux-gnu.so
[3.284s] -- Set runtime path of "/home/arc/Documents/automatic_arc_melting_system/install/tcp_format/lib/python3.8/site-packages/tcp_format/tcp_format_s__rosidl_typesupport_introspection_c.cpython-38-x86_64-linux-gnu.so" to ""
[3.284s] -- Installing: /home/arc/Documents/automatic_arc_melting_system/install/tcp_format/lib/python3.8/site-packages/tcp_format/tcp_format_s__rosidl_typesupport_c.cpython-38-x86_64-linux-gnu.so
[3.285s] -- Set runtime path of "/home/arc/Documents/automatic_arc_melting_system/install/tcp_format/lib/python3.8/site-packages/tcp_format/tcp_format_s__rosidl_typesupport_c.cpython-38-x86_64-linux-gnu.so" to ""
[3.285s] -- Installing: /home/arc/Documents/automatic_arc_melting_system/install/tcp_format/lib/libtcp_format__python.so
[3.285s] -- Set runtime path of "/home/arc/Documents/automatic_arc_melting_system/install/tcp_format/lib/libtcp_format__python.so" to ""
[3.285s] -- Installing: /home/arc/Documents/automatic_arc_melting_system/install/tcp_format/share/tcp_format/srv/SocketCreat.idl
[3.285s] -- Installing: /home/arc/Documents/automatic_arc_melting_system/install/tcp_format/share/tcp_format/srv/SocketMessage.idl
[3.285s] -- Installing: /home/arc/Documents/automatic_arc_melting_system/install/tcp_format/share/tcp_format/srv/SocketClose.idl
[3.285s] -- Installing: /home/arc/Documents/automatic_arc_melting_system/install/tcp_format/share/tcp_format/srv/SocketCreat.srv
[3.285s] -- Installing: /home/arc/Documents/automatic_arc_melting_system/install/tcp_format/share/tcp_format/srv/SocketCreat_Request.msg
[3.285s] -- Installing: /home/arc/Documents/automatic_arc_melting_system/install/tcp_format/share/tcp_format/srv/SocketCreat_Response.msg
[3.285s] -- Installing: /home/arc/Documents/automatic_arc_melting_system/install/tcp_format/share/tcp_format/srv/SocketMessage.srv
[3.286s] -- Installing: /home/arc/Documents/automatic_arc_melting_system/install/tcp_format/share/tcp_format/srv/SocketMessage_Request.msg
[3.286s] -- Installing: /home/arc/Documents/automatic_arc_melting_system/install/tcp_format/share/tcp_format/srv/SocketMessage_Response.msg
[3.286s] -- Installing: /home/arc/Documents/automatic_arc_melting_system/install/tcp_format/share/tcp_format/srv/SocketClose.srv
[3.286s] -- Installing: /home/arc/Documents/automatic_arc_melting_system/install/tcp_format/share/tcp_format/srv/SocketClose_Request.msg
[3.286s] -- Installing: /home/arc/Documents/automatic_arc_melting_system/install/tcp_format/share/tcp_format/srv/SocketClose_Response.msg
[3.286s] -- Installing: /home/arc/Documents/automatic_arc_melting_system/install/tcp_format/share/ament_index/resource_index/package_run_dependencies/tcp_format
[3.286s] -- Installing: /home/arc/Documents/automatic_arc_melting_system/install/tcp_format/share/ament_index/resource_index/parent_prefix_path/tcp_format
[3.286s] -- Installing: /home/arc/Documents/automatic_arc_melting_system/install/tcp_format/share/tcp_format/environment/ament_prefix_path.sh
[3.286s] -- Installing: /home/arc/Documents/automatic_arc_melting_system/install/tcp_format/share/tcp_format/environment/ament_prefix_path.dsv
[3.286s] -- Installing: /home/arc/Documents/automatic_arc_melting_system/install/tcp_format/share/tcp_format/environment/path.sh
[3.286s] -- Installing: /home/arc/Documents/automatic_arc_melting_system/install/tcp_format/share/tcp_format/environment/path.dsv
[3.286s] -- Installing: /home/arc/Documents/automatic_arc_melting_system/install/tcp_format/share/tcp_format/local_setup.bash
[3.287s] -- Installing: /home/arc/Documents/automatic_arc_melting_system/install/tcp_format/share/tcp_format/local_setup.sh
[3.287s] -- Installing: /home/arc/Documents/automatic_arc_melting_system/install/tcp_format/share/tcp_format/local_setup.zsh
[3.287s] -- Installing: /home/arc/Documents/automatic_arc_melting_system/install/tcp_format/share/tcp_format/local_setup.dsv
[3.287s] -- Installing: /home/arc/Documents/automatic_arc_melting_system/install/tcp_format/share/tcp_format/package.dsv
[3.287s] -- Installing: /home/arc/Documents/automatic_arc_melting_system/install/tcp_format/share/ament_index/resource_index/packages/tcp_format
[3.287s] -- Installing: /home/arc/Documents/automatic_arc_melting_system/install/tcp_format/share/tcp_format/cmake/tcp_format__rosidl_generator_cExport.cmake
[3.287s] -- Installing: /home/arc/Documents/automatic_arc_melting_system/install/tcp_format/share/tcp_format/cmake/tcp_format__rosidl_generator_cExport-noconfig.cmake
[3.287s] -- Installing: /home/arc/Documents/automatic_arc_melting_system/install/tcp_format/share/tcp_format/cmake/tcp_format__rosidl_typesupport_introspection_cExport.cmake
[3.287s] -- Installing: /home/arc/Documents/automatic_arc_melting_system/install/tcp_format/share/tcp_format/cmake/tcp_format__rosidl_typesupport_introspection_cExport-noconfig.cmake
[3.287s] -- Installing: /home/arc/Documents/automatic_arc_melting_system/install/tcp_format/share/tcp_format/cmake/tcp_format__rosidl_typesupport_cExport.cmake
[3.288s] -- Installing: /home/arc/Documents/automatic_arc_melting_system/install/tcp_format/share/tcp_format/cmake/tcp_format__rosidl_typesupport_cExport-noconfig.cmake
[3.288s] -- Installing: /home/arc/Documents/automatic_arc_melting_system/install/tcp_format/share/tcp_format/cmake/tcp_format__rosidl_generator_cppExport.cmake
[3.288s] -- Installing: /home/arc/Documents/automatic_arc_melting_system/install/tcp_format/share/tcp_format/cmake/tcp_format__rosidl_typesupport_introspection_cppExport.cmake
[3.288s] -- Installing: /home/arc/Documents/automatic_arc_melting_system/install/tcp_format/share/tcp_format/cmake/tcp_format__rosidl_typesupport_introspection_cppExport-noconfig.cmake
[3.288s] -- Installing: /home/arc/Documents/automatic_arc_melting_system/install/tcp_format/share/tcp_format/cmake/tcp_format__rosidl_typesupport_cppExport.cmake
[3.288s] -- Installing: /home/arc/Documents/automatic_arc_melting_system/install/tcp_format/share/tcp_format/cmake/tcp_format__rosidl_typesupport_cppExport-noconfig.cmake
[3.288s] -- Installing: /home/arc/Documents/automatic_arc_melting_system/install/tcp_format/share/tcp_format/cmake/rosidl_cmake-extras.cmake
[3.288s] -- Installing: /home/arc/Documents/automatic_arc_melting_system/install/tcp_format/share/tcp_format/cmake/ament_cmake_export_dependencies-extras.cmake
[3.288s] -- Installing: /home/arc/Documents/automatic_arc_melting_system/install/tcp_format/share/tcp_format/cmake/ament_cmake_export_libraries-extras.cmake
[3.288s] -- Installing: /home/arc/Documents/automatic_arc_melting_system/install/tcp_format/share/tcp_format/cmake/ament_cmake_export_targets-extras.cmake
[3.288s] -- Installing: /home/arc/Documents/automatic_arc_melting_system/install/tcp_format/share/tcp_format/cmake/ament_cmake_export_include_directories-extras.cmake
[3.289s] -- Installing: /home/arc/Documents/automatic_arc_melting_system/install/tcp_format/share/tcp_format/cmake/rosidl_cmake_export_typesupport_libraries-extras.cmake
[3.289s] -- Installing: /home/arc/Documents/automatic_arc_melting_system/install/tcp_format/share/tcp_format/cmake/rosidl_cmake_export_typesupport_targets-extras.cmake
[3.289s] -- Installing: /home/arc/Documents/automatic_arc_melting_system/install/tcp_format/share/tcp_format/cmake/tcp_formatConfig.cmake
[3.289s] -- Installing: /home/arc/Documents/automatic_arc_melting_system/install/tcp_format/share/tcp_format/cmake/tcp_formatConfig-version.cmake
[3.289s] -- Installing: /home/arc/Documents/automatic_arc_melting_system/install/tcp_format/share/tcp_format/package.xml
[3.291s] Invoked command in '/home/arc/Documents/automatic_arc_melting_system/build/tcp_format' returned '0': CMAKE_PREFIX_PATH=${CMAKE_PREFIX_PATH}:/opt/ros/foxy /usr/bin/cmake --install /home/arc/Documents/automatic_arc_melting_system/build/tcp_format
