[0.101s] DEBUG:colcon:Command line arguments: ['/usr/bin/colcon', 'build']
[0.101s] DEBUG:colcon:Parsed command line arguments: Namespace(allow_overriding=[], ament_cmake_args=None, base_paths=['.'], build_base='build', catkin_cmake_args=None, catkin_skip_building_tests=False, cmake_args=None, cmake_clean_cache=False, cmake_clean_first=False, cmake_force_configure=False, cmake_target=None, cmake_target_skip_unavailable=False, continue_on_error=False, event_handlers=None, executor='parallel', ignore_user_meta=False, install_base='install', log_base=None, log_level=None, main=<bound method BuildVerb.main of <colcon_core.verb.build.BuildVerb object at 0x7f76acdd0130>>, merge_install=False, metas=['./colcon.meta'], packages_above=None, packages_above_and_dependencies=None, packages_above_depth=None, packages_end=None, packages_ignore=None, packages_ignore_regex=None, packages_select=None, packages_select_build_failed=False, packages_select_by_dep=None, packages_select_regex=None, packages_select_test_failures=False, packages_skip=None, packages_skip_build_finished=False, packages_skip_by_dep=None, packages_skip_regex=None, packages_skip_test_passed=False, packages_skip_up_to=None, packages_start=None, packages_up_to=None, packages_up_to_regex=None, parallel_workers=16, paths=None, symlink_install=False, test_result_base=None, verb_extension=<colcon_core.verb.build.BuildVerb object at 0x7f76acdd0130>, verb_name='build', verb_parser=<colcon_defaults.argument_parser.defaults.DefaultArgumentsDecorator object at 0x7f76acdd0670>)
[0.118s] Level 1:colcon.colcon_core.package_discovery:discover_packages(colcon_meta) check parameters
[0.118s] Level 1:colcon.colcon_core.package_discovery:discover_packages(recursive) check parameters
[0.118s] Level 1:colcon.colcon_core.package_discovery:discover_packages(ignore) check parameters
[0.119s] Level 1:colcon.colcon_core.package_discovery:discover_packages(path) check parameters
[0.119s] Level 1:colcon.colcon_core.package_discovery:discover_packages(colcon_meta) discover
[0.119s] Level 1:colcon.colcon_core.package_discovery:discover_packages(recursive) discover
[0.119s] INFO:colcon.colcon_core.package_discovery:Crawling recursively for packages in '/home/arc/Documents/automatic_arc_melting_system'
[0.119s] Level 1:colcon.colcon_core.package_identification:_identify(.) by extensions ['ignore', 'ignore_ament_install']
[0.119s] Level 1:colcon.colcon_core.package_identification:_identify(.) by extension 'ignore'
[0.119s] Level 1:colcon.colcon_core.package_identification:_identify(.) by extension 'ignore_ament_install'
[0.119s] Level 1:colcon.colcon_core.package_identification:_identify(.) by extensions ['colcon_pkg']
[0.119s] Level 1:colcon.colcon_core.package_identification:_identify(.) by extension 'colcon_pkg'
[0.119s] Level 1:colcon.colcon_core.package_identification:_identify(.) by extensions ['colcon_meta']
[0.119s] Level 1:colcon.colcon_core.package_identification:_identify(.) by extension 'colcon_meta'
[0.119s] Level 1:colcon.colcon_core.package_identification:_identify(.) by extensions ['ros']
[0.119s] Level 1:colcon.colcon_core.package_identification:_identify(.) by extension 'ros'
[0.127s] Level 1:colcon.colcon_core.package_identification:_identify(.) by extensions ['cmake', 'python']
[0.127s] Level 1:colcon.colcon_core.package_identification:_identify(.) by extension 'cmake'
[0.127s] Level 1:colcon.colcon_core.package_identification:_identify(.) by extension 'python'
[0.127s] Level 1:colcon.colcon_core.package_identification:_identify(.) by extensions ['python_setup_py']
[0.127s] Level 1:colcon.colcon_core.package_identification:_identify(.) by extension 'python_setup_py'
[0.127s] Level 1:colcon.colcon_core.package_identification:_identify(build) by extensions ['ignore', 'ignore_ament_install']
[0.127s] Level 1:colcon.colcon_core.package_identification:_identify(build) by extension 'ignore'
[0.127s] Level 1:colcon.colcon_core.package_identification:_identify(build) ignored
[0.127s] Level 1:colcon.colcon_core.package_identification:_identify(install) by extensions ['ignore', 'ignore_ament_install']
[0.127s] Level 1:colcon.colcon_core.package_identification:_identify(install) by extension 'ignore'
[0.127s] Level 1:colcon.colcon_core.package_identification:_identify(install) ignored
[0.127s] Level 1:colcon.colcon_core.package_identification:_identify(log) by extensions ['ignore', 'ignore_ament_install']
[0.127s] Level 1:colcon.colcon_core.package_identification:_identify(log) by extension 'ignore'
[0.127s] Level 1:colcon.colcon_core.package_identification:_identify(log) ignored
[0.127s] Level 1:colcon.colcon_core.package_identification:_identify(src) by extensions ['ignore', 'ignore_ament_install']
[0.127s] Level 1:colcon.colcon_core.package_identification:_identify(src) by extension 'ignore'
[0.128s] Level 1:colcon.colcon_core.package_identification:_identify(src) by extension 'ignore_ament_install'
[0.128s] Level 1:colcon.colcon_core.package_identification:_identify(src) by extensions ['colcon_pkg']
[0.128s] Level 1:colcon.colcon_core.package_identification:_identify(src) by extension 'colcon_pkg'
[0.128s] Level 1:colcon.colcon_core.package_identification:_identify(src) by extensions ['colcon_meta']
[0.128s] Level 1:colcon.colcon_core.package_identification:_identify(src) by extension 'colcon_meta'
[0.128s] Level 1:colcon.colcon_core.package_identification:_identify(src) by extensions ['ros']
[0.128s] Level 1:colcon.colcon_core.package_identification:_identify(src) by extension 'ros'
[0.128s] Level 1:colcon.colcon_core.package_identification:_identify(src) by extensions ['cmake', 'python']
[0.128s] Level 1:colcon.colcon_core.package_identification:_identify(src) by extension 'cmake'
[0.128s] Level 1:colcon.colcon_core.package_identification:_identify(src) by extension 'python'
[0.128s] Level 1:colcon.colcon_core.package_identification:_identify(src) by extensions ['python_setup_py']
[0.128s] Level 1:colcon.colcon_core.package_identification:_identify(src) by extension 'python_setup_py'
[0.128s] Level 1:colcon.colcon_core.package_identification:_identify(src/cobotta_process) by extensions ['ignore', 'ignore_ament_install']
[0.128s] Level 1:colcon.colcon_core.package_identification:_identify(src/cobotta_process) by extension 'ignore'
[0.128s] Level 1:colcon.colcon_core.package_identification:_identify(src/cobotta_process) by extension 'ignore_ament_install'
[0.128s] Level 1:colcon.colcon_core.package_identification:_identify(src/cobotta_process) by extensions ['colcon_pkg']
[0.128s] Level 1:colcon.colcon_core.package_identification:_identify(src/cobotta_process) by extension 'colcon_pkg'
[0.128s] Level 1:colcon.colcon_core.package_identification:_identify(src/cobotta_process) by extensions ['colcon_meta']
[0.128s] Level 1:colcon.colcon_core.package_identification:_identify(src/cobotta_process) by extension 'colcon_meta'
[0.128s] Level 1:colcon.colcon_core.package_identification:_identify(src/cobotta_process) by extensions ['ros']
[0.128s] Level 1:colcon.colcon_core.package_identification:_identify(src/cobotta_process) by extension 'ros'
[0.130s] DEBUG:colcon.colcon_core.package_identification:Package 'src/cobotta_process' with type 'ros.ament_cmake' and name 'cobotta_process'
[0.130s] Level 1:colcon.colcon_core.package_identification:_identify(src/tcp_format) by extensions ['ignore', 'ignore_ament_install']
[0.130s] Level 1:colcon.colcon_core.package_identification:_identify(src/tcp_format) by extension 'ignore'
[0.130s] Level 1:colcon.colcon_core.package_identification:_identify(src/tcp_format) by extension 'ignore_ament_install'
[0.130s] Level 1:colcon.colcon_core.package_identification:_identify(src/tcp_format) by extensions ['colcon_pkg']
[0.130s] Level 1:colcon.colcon_core.package_identification:_identify(src/tcp_format) by extension 'colcon_pkg'
[0.130s] Level 1:colcon.colcon_core.package_identification:_identify(src/tcp_format) by extensions ['colcon_meta']
[0.130s] Level 1:colcon.colcon_core.package_identification:_identify(src/tcp_format) by extension 'colcon_meta'
[0.130s] Level 1:colcon.colcon_core.package_identification:_identify(src/tcp_format) by extensions ['ros']
[0.130s] Level 1:colcon.colcon_core.package_identification:_identify(src/tcp_format) by extension 'ros'
[0.131s] DEBUG:colcon.colcon_core.package_identification:Package 'src/tcp_format' with type 'ros.ament_cmake' and name 'tcp_format'
[0.131s] Level 1:colcon.colcon_core.package_identification:_identify(src/tcp_handle) by extensions ['ignore', 'ignore_ament_install']
[0.131s] Level 1:colcon.colcon_core.package_identification:_identify(src/tcp_handle) by extension 'ignore'
[0.131s] Level 1:colcon.colcon_core.package_identification:_identify(src/tcp_handle) by extension 'ignore_ament_install'
[0.131s] Level 1:colcon.colcon_core.package_identification:_identify(src/tcp_handle) by extensions ['colcon_pkg']
[0.131s] Level 1:colcon.colcon_core.package_identification:_identify(src/tcp_handle) by extension 'colcon_pkg'
[0.131s] Level 1:colcon.colcon_core.package_identification:_identify(src/tcp_handle) by extensions ['colcon_meta']
[0.131s] Level 1:colcon.colcon_core.package_identification:_identify(src/tcp_handle) by extension 'colcon_meta'
[0.131s] Level 1:colcon.colcon_core.package_identification:_identify(src/tcp_handle) by extensions ['ros']
[0.131s] Level 1:colcon.colcon_core.package_identification:_identify(src/tcp_handle) by extension 'ros'
[0.132s] DEBUG:colcon.colcon_core.package_identification:Package 'src/tcp_handle' with type 'ros.ament_cmake' and name 'tcp_handle'
[0.132s] Level 1:colcon.colcon_core.package_discovery:discover_packages(recursive) using defaults
[0.132s] Level 1:colcon.colcon_core.package_discovery:discover_packages(ignore) discover
[0.132s] Level 1:colcon.colcon_core.package_discovery:discover_packages(ignore) using defaults
[0.132s] Level 1:colcon.colcon_core.package_discovery:discover_packages(path) discover
[0.132s] Level 1:colcon.colcon_core.package_discovery:discover_packages(path) using defaults
[0.146s] Level 1:colcon.colcon_core.package_discovery:discover_packages(prefix_path) check parameters
[0.146s] Level 1:colcon.colcon_core.package_discovery:discover_packages(prefix_path) discover
[0.148s] DEBUG:colcon.colcon_installed_package_information.package_discovery:Found 256 installed packages in /opt/ros/foxy
[0.155s] Level 1:colcon.colcon_core.package_discovery:discover_packages(prefix_path) using defaults
[0.203s] Level 5:colcon.colcon_core.verb:set package 'tcp_format' build argument 'cmake_args' from command line to 'None'
[0.203s] Level 5:colcon.colcon_core.verb:set package 'tcp_format' build argument 'cmake_target' from command line to 'None'
[0.203s] Level 5:colcon.colcon_core.verb:set package 'tcp_format' build argument 'cmake_target_skip_unavailable' from command line to 'False'
[0.203s] Level 5:colcon.colcon_core.verb:set package 'tcp_format' build argument 'cmake_clean_cache' from command line to 'False'
[0.203s] Level 5:colcon.colcon_core.verb:set package 'tcp_format' build argument 'cmake_clean_first' from command line to 'False'
[0.203s] Level 5:colcon.colcon_core.verb:set package 'tcp_format' build argument 'cmake_force_configure' from command line to 'False'
[0.203s] Level 5:colcon.colcon_core.verb:set package 'tcp_format' build argument 'ament_cmake_args' from command line to 'None'
[0.203s] Level 5:colcon.colcon_core.verb:set package 'tcp_format' build argument 'catkin_cmake_args' from command line to 'None'
[0.203s] Level 5:colcon.colcon_core.verb:set package 'tcp_format' build argument 'catkin_skip_building_tests' from command line to 'False'
[0.203s] DEBUG:colcon.colcon_core.verb:Building package 'tcp_format' with the following arguments: {'ament_cmake_args': None, 'build_base': '/home/arc/Documents/automatic_arc_melting_system/build/tcp_format', 'catkin_cmake_args': None, 'catkin_skip_building_tests': False, 'cmake_args': None, 'cmake_clean_cache': False, 'cmake_clean_first': False, 'cmake_force_configure': False, 'cmake_target': None, 'cmake_target_skip_unavailable': False, 'install_base': '/home/arc/Documents/automatic_arc_melting_system/install/tcp_format', 'merge_install': False, 'path': '/home/arc/Documents/automatic_arc_melting_system/src/tcp_format', 'symlink_install': False, 'test_result_base': None}
[0.204s] Level 5:colcon.colcon_core.verb:set package 'cobotta_process' build argument 'cmake_args' from command line to 'None'
[0.204s] Level 5:colcon.colcon_core.verb:set package 'cobotta_process' build argument 'cmake_target' from command line to 'None'
[0.204s] Level 5:colcon.colcon_core.verb:set package 'cobotta_process' build argument 'cmake_target_skip_unavailable' from command line to 'False'
[0.204s] Level 5:colcon.colcon_core.verb:set package 'cobotta_process' build argument 'cmake_clean_cache' from command line to 'False'
[0.204s] Level 5:colcon.colcon_core.verb:set package 'cobotta_process' build argument 'cmake_clean_first' from command line to 'False'
[0.204s] Level 5:colcon.colcon_core.verb:set package 'cobotta_process' build argument 'cmake_force_configure' from command line to 'False'
[0.204s] Level 5:colcon.colcon_core.verb:set package 'cobotta_process' build argument 'ament_cmake_args' from command line to 'None'
[0.204s] Level 5:colcon.colcon_core.verb:set package 'cobotta_process' build argument 'catkin_cmake_args' from command line to 'None'
[0.204s] Level 5:colcon.colcon_core.verb:set package 'cobotta_process' build argument 'catkin_skip_building_tests' from command line to 'False'
[0.204s] DEBUG:colcon.colcon_core.verb:Building package 'cobotta_process' with the following arguments: {'ament_cmake_args': None, 'build_base': '/home/arc/Documents/automatic_arc_melting_system/build/cobotta_process', 'catkin_cmake_args': None, 'catkin_skip_building_tests': False, 'cmake_args': None, 'cmake_clean_cache': False, 'cmake_clean_first': False, 'cmake_force_configure': False, 'cmake_target': None, 'cmake_target_skip_unavailable': False, 'install_base': '/home/arc/Documents/automatic_arc_melting_system/install/cobotta_process', 'merge_install': False, 'path': '/home/arc/Documents/automatic_arc_melting_system/src/cobotta_process', 'symlink_install': False, 'test_result_base': None}
[0.205s] Level 5:colcon.colcon_core.verb:set package 'tcp_handle' build argument 'cmake_args' from command line to 'None'
[0.205s] Level 5:colcon.colcon_core.verb:set package 'tcp_handle' build argument 'cmake_target' from command line to 'None'
[0.205s] Level 5:colcon.colcon_core.verb:set package 'tcp_handle' build argument 'cmake_target_skip_unavailable' from command line to 'False'
[0.205s] Level 5:colcon.colcon_core.verb:set package 'tcp_handle' build argument 'cmake_clean_cache' from command line to 'False'
[0.205s] Level 5:colcon.colcon_core.verb:set package 'tcp_handle' build argument 'cmake_clean_first' from command line to 'False'
[0.205s] Level 5:colcon.colcon_core.verb:set package 'tcp_handle' build argument 'cmake_force_configure' from command line to 'False'
[0.205s] Level 5:colcon.colcon_core.verb:set package 'tcp_handle' build argument 'ament_cmake_args' from command line to 'None'
[0.205s] Level 5:colcon.colcon_core.verb:set package 'tcp_handle' build argument 'catkin_cmake_args' from command line to 'None'
[0.205s] Level 5:colcon.colcon_core.verb:set package 'tcp_handle' build argument 'catkin_skip_building_tests' from command line to 'False'
[0.205s] DEBUG:colcon.colcon_core.verb:Building package 'tcp_handle' with the following arguments: {'ament_cmake_args': None, 'build_base': '/home/arc/Documents/automatic_arc_melting_system/build/tcp_handle', 'catkin_cmake_args': None, 'catkin_skip_building_tests': False, 'cmake_args': None, 'cmake_clean_cache': False, 'cmake_clean_first': False, 'cmake_force_configure': False, 'cmake_target': None, 'cmake_target_skip_unavailable': False, 'install_base': '/home/arc/Documents/automatic_arc_melting_system/install/tcp_handle', 'merge_install': False, 'path': '/home/arc/Documents/automatic_arc_melting_system/src/tcp_handle', 'symlink_install': False, 'test_result_base': None}
[0.206s] INFO:colcon.colcon_core.executor:Executing jobs using 'parallel' executor
[0.209s] DEBUG:colcon.colcon_parallel_executor.executor.parallel:run_until_complete
[0.209s] INFO:colcon.colcon_ros.task.ament_cmake.build:Building ROS package in '/home/arc/Documents/automatic_arc_melting_system/src/tcp_format' with build type 'ament_cmake'
[0.209s] INFO:colcon.colcon_cmake.task.cmake.build:Building CMake package in '/home/arc/Documents/automatic_arc_melting_system/src/tcp_format'
[0.212s] INFO:colcon.colcon_core.plugin_system:Skipping extension 'colcon_core.shell.bat': Not used on non-Windows systems
[0.212s] INFO:colcon.colcon_core.shell:Skip shell extension 'powershell' for command environment: Not usable outside of PowerShell
[0.212s] DEBUG:colcon.colcon_core.shell:Skip shell extension 'dsv' for command environment
[0.221s] DEBUG:colcon.colcon_core.event_handler.log_command:Invoking command in '/home/arc/Documents/automatic_arc_melting_system/build/tcp_format': CMAKE_PREFIX_PATH=/opt/ros/foxy /usr/bin/cmake --build /home/arc/Documents/automatic_arc_melting_system/build/tcp_format -- -j16 -l16
[0.349s] DEBUG:colcon.colcon_core.event_handler.log_command:Invoked command in '/home/arc/Documents/automatic_arc_melting_system/build/tcp_format' returned '0': CMAKE_PREFIX_PATH=/opt/ros/foxy /usr/bin/cmake --build /home/arc/Documents/automatic_arc_melting_system/build/tcp_format -- -j16 -l16
[0.385s] DEBUG:colcon.colcon_core.event_handler.log_command:Invoking command in '/home/arc/Documents/automatic_arc_melting_system/build/tcp_format': CMAKE_PREFIX_PATH=/opt/ros/foxy /usr/bin/cmake --install /home/arc/Documents/automatic_arc_melting_system/build/tcp_format
[0.419s] Level 1:colcon.colcon_core.environment:create_environment_scripts_only(tcp_format)
[0.420s] DEBUG:colcon.colcon_core.event_handler.log_command:Invoked command in '/home/arc/Documents/automatic_arc_melting_system/build/tcp_format' returned '0': CMAKE_PREFIX_PATH=/opt/ros/foxy /usr/bin/cmake --install /home/arc/Documents/automatic_arc_melting_system/build/tcp_format
[0.423s] Level 1:colcon.colcon_core.environment:checking '/home/arc/Documents/automatic_arc_melting_system/install/tcp_format' for CMake module files
[0.424s] Level 1:colcon.colcon_core.environment:checking '/home/arc/Documents/automatic_arc_melting_system/install/tcp_format' for CMake config files
[0.424s] Level 1:colcon.colcon_core.shell:create_environment_hook('tcp_format', 'cmake_prefix_path')
[0.425s] INFO:colcon.colcon_core.shell:Creating environment hook '/home/arc/Documents/automatic_arc_melting_system/install/tcp_format/share/tcp_format/hook/cmake_prefix_path.ps1'
[0.426s] INFO:colcon.colcon_core.shell:Creating environment descriptor '/home/arc/Documents/automatic_arc_melting_system/install/tcp_format/share/tcp_format/hook/cmake_prefix_path.dsv'
[0.426s] INFO:colcon.colcon_core.shell:Creating environment hook '/home/arc/Documents/automatic_arc_melting_system/install/tcp_format/share/tcp_format/hook/cmake_prefix_path.sh'
[0.427s] Level 1:colcon.colcon_core.environment:checking '/home/arc/Documents/automatic_arc_melting_system/install/tcp_format/lib'
[0.427s] Level 1:colcon.colcon_core.shell:create_environment_hook('tcp_format', 'ld_library_path_lib')
[0.428s] INFO:colcon.colcon_core.shell:Creating environment hook '/home/arc/Documents/automatic_arc_melting_system/install/tcp_format/share/tcp_format/hook/ld_library_path_lib.ps1'
[0.428s] INFO:colcon.colcon_core.shell:Creating environment descriptor '/home/arc/Documents/automatic_arc_melting_system/install/tcp_format/share/tcp_format/hook/ld_library_path_lib.dsv'
[0.428s] INFO:colcon.colcon_core.shell:Creating environment hook '/home/arc/Documents/automatic_arc_melting_system/install/tcp_format/share/tcp_format/hook/ld_library_path_lib.sh'
[0.428s] Level 1:colcon.colcon_core.environment:checking '/home/arc/Documents/automatic_arc_melting_system/install/tcp_format/bin'
[0.428s] Level 1:colcon.colcon_core.environment:checking '/home/arc/Documents/automatic_arc_melting_system/install/tcp_format/lib/pkgconfig/tcp_format.pc'
[0.429s] Level 1:colcon.colcon_core.environment:checking '/home/arc/Documents/automatic_arc_melting_system/install/tcp_format/lib/python3.8/site-packages'
[0.429s] Level 1:colcon.colcon_core.shell:create_environment_hook('tcp_format', 'pythonpath')
[0.430s] INFO:colcon.colcon_core.shell:Creating environment hook '/home/arc/Documents/automatic_arc_melting_system/install/tcp_format/share/tcp_format/hook/pythonpath.ps1'
[0.430s] INFO:colcon.colcon_core.shell:Creating environment descriptor '/home/arc/Documents/automatic_arc_melting_system/install/tcp_format/share/tcp_format/hook/pythonpath.dsv'
[0.430s] INFO:colcon.colcon_core.shell:Creating environment hook '/home/arc/Documents/automatic_arc_melting_system/install/tcp_format/share/tcp_format/hook/pythonpath.sh'
[0.430s] Level 1:colcon.colcon_core.environment:checking '/home/arc/Documents/automatic_arc_melting_system/install/tcp_format/bin'
[0.431s] INFO:colcon.colcon_core.shell:Creating package script '/home/arc/Documents/automatic_arc_melting_system/install/tcp_format/share/tcp_format/package.ps1'
[0.432s] INFO:colcon.colcon_core.shell:Creating package descriptor '/home/arc/Documents/automatic_arc_melting_system/install/tcp_format/share/tcp_format/package.dsv'
[0.432s] INFO:colcon.colcon_core.shell:Creating package script '/home/arc/Documents/automatic_arc_melting_system/install/tcp_format/share/tcp_format/package.sh'
[0.433s] INFO:colcon.colcon_core.shell:Creating package script '/home/arc/Documents/automatic_arc_melting_system/install/tcp_format/share/tcp_format/package.bash'
[0.433s] INFO:colcon.colcon_core.shell:Creating package script '/home/arc/Documents/automatic_arc_melting_system/install/tcp_format/share/tcp_format/package.zsh'
[0.434s] Level 1:colcon.colcon_core.environment:create_file_with_runtime_dependencies(/home/arc/Documents/automatic_arc_melting_system/install/tcp_format/share/colcon-core/packages/tcp_format)
[0.462s] Level 1:colcon.colcon_core.environment:create_environment_scripts_only(tcp_format)
[0.464s] Level 1:colcon.colcon_core.environment:checking '/home/arc/Documents/automatic_arc_melting_system/install/tcp_format' for CMake module files
[0.464s] Level 1:colcon.colcon_core.environment:checking '/home/arc/Documents/automatic_arc_melting_system/install/tcp_format' for CMake config files
[0.465s] Level 1:colcon.colcon_core.shell:create_environment_hook('tcp_format', 'cmake_prefix_path')
[0.466s] INFO:colcon.colcon_core.shell:Creating environment hook '/home/arc/Documents/automatic_arc_melting_system/install/tcp_format/share/tcp_format/hook/cmake_prefix_path.ps1'
[0.466s] INFO:colcon.colcon_core.shell:Creating environment descriptor '/home/arc/Documents/automatic_arc_melting_system/install/tcp_format/share/tcp_format/hook/cmake_prefix_path.dsv'
[0.466s] INFO:colcon.colcon_core.shell:Creating environment hook '/home/arc/Documents/automatic_arc_melting_system/install/tcp_format/share/tcp_format/hook/cmake_prefix_path.sh'
[0.467s] Level 1:colcon.colcon_core.environment:checking '/home/arc/Documents/automatic_arc_melting_system/install/tcp_format/lib'
[0.467s] Level 1:colcon.colcon_core.shell:create_environment_hook('tcp_format', 'ld_library_path_lib')
[0.468s] INFO:colcon.colcon_core.shell:Creating environment hook '/home/arc/Documents/automatic_arc_melting_system/install/tcp_format/share/tcp_format/hook/ld_library_path_lib.ps1'
[0.468s] INFO:colcon.colcon_core.shell:Creating environment descriptor '/home/arc/Documents/automatic_arc_melting_system/install/tcp_format/share/tcp_format/hook/ld_library_path_lib.dsv'
[0.468s] INFO:colcon.colcon_core.shell:Creating environment hook '/home/arc/Documents/automatic_arc_melting_system/install/tcp_format/share/tcp_format/hook/ld_library_path_lib.sh'
[0.468s] Level 1:colcon.colcon_core.environment:checking '/home/arc/Documents/automatic_arc_melting_system/install/tcp_format/bin'
[0.468s] Level 1:colcon.colcon_core.environment:checking '/home/arc/Documents/automatic_arc_melting_system/install/tcp_format/lib/pkgconfig/tcp_format.pc'
[0.468s] Level 1:colcon.colcon_core.environment:checking '/home/arc/Documents/automatic_arc_melting_system/install/tcp_format/lib/python3.8/site-packages'
[0.468s] Level 1:colcon.colcon_core.shell:create_environment_hook('tcp_format', 'pythonpath')
[0.469s] INFO:colcon.colcon_core.shell:Creating environment hook '/home/arc/Documents/automatic_arc_melting_system/install/tcp_format/share/tcp_format/hook/pythonpath.ps1'
[0.470s] INFO:colcon.colcon_core.shell:Creating environment descriptor '/home/arc/Documents/automatic_arc_melting_system/install/tcp_format/share/tcp_format/hook/pythonpath.dsv'
[0.470s] INFO:colcon.colcon_core.shell:Creating environment hook '/home/arc/Documents/automatic_arc_melting_system/install/tcp_format/share/tcp_format/hook/pythonpath.sh'
[0.470s] Level 1:colcon.colcon_core.environment:checking '/home/arc/Documents/automatic_arc_melting_system/install/tcp_format/bin'
[0.472s] INFO:colcon.colcon_core.shell:Creating package script '/home/arc/Documents/automatic_arc_melting_system/install/tcp_format/share/tcp_format/package.ps1'
[0.472s] INFO:colcon.colcon_core.shell:Creating package descriptor '/home/arc/Documents/automatic_arc_melting_system/install/tcp_format/share/tcp_format/package.dsv'
[0.472s] INFO:colcon.colcon_core.shell:Creating package script '/home/arc/Documents/automatic_arc_melting_system/install/tcp_format/share/tcp_format/package.sh'
[0.473s] INFO:colcon.colcon_core.shell:Creating package script '/home/arc/Documents/automatic_arc_melting_system/install/tcp_format/share/tcp_format/package.bash'
[0.473s] INFO:colcon.colcon_core.shell:Creating package script '/home/arc/Documents/automatic_arc_melting_system/install/tcp_format/share/tcp_format/package.zsh'
[0.473s] Level 1:colcon.colcon_core.environment:create_file_with_runtime_dependencies(/home/arc/Documents/automatic_arc_melting_system/install/tcp_format/share/colcon-core/packages/tcp_format)
[0.473s] INFO:colcon.colcon_ros.task.ament_cmake.build:Building ROS package in '/home/arc/Documents/automatic_arc_melting_system/src/cobotta_process' with build type 'ament_cmake'
[0.474s] INFO:colcon.colcon_cmake.task.cmake.build:Building CMake package in '/home/arc/Documents/automatic_arc_melting_system/src/cobotta_process'
[0.475s] INFO:colcon.colcon_core.shell:Skip shell extension 'powershell' for command environment: Not usable outside of PowerShell
[0.475s] DEBUG:colcon.colcon_core.shell:Skip shell extension 'dsv' for command environment
[0.478s] INFO:colcon.colcon_ros.task.ament_cmake.build:Building ROS package in '/home/arc/Documents/automatic_arc_melting_system/src/tcp_handle' with build type 'ament_cmake'
[0.479s] INFO:colcon.colcon_cmake.task.cmake.build:Building CMake package in '/home/arc/Documents/automatic_arc_melting_system/src/tcp_handle'
[0.480s] INFO:colcon.colcon_core.shell:Skip shell extension 'powershell' for command environment: Not usable outside of PowerShell
[0.480s] DEBUG:colcon.colcon_core.shell:Skip shell extension 'dsv' for command environment
[0.489s] DEBUG:colcon.colcon_core.event_handler.log_command:Invoking command in '/home/arc/Documents/automatic_arc_melting_system/build/cobotta_process': AMENT_PREFIX_PATH=/home/arc/Documents/automatic_arc_melting_system/install/tcp_format:${AMENT_PREFIX_PATH} CMAKE_PREFIX_PATH=/home/arc/Documents/automatic_arc_melting_system/install/tcp_format:/opt/ros/foxy LD_LIBRARY_PATH=/home/arc/Documents/automatic_arc_melting_system/install/tcp_format/lib:${LD_LIBRARY_PATH} PYTHONPATH=/home/arc/Documents/automatic_arc_melting_system/install/tcp_format/lib/python3.8/site-packages:${PYTHONPATH} /usr/bin/cmake --build /home/arc/Documents/automatic_arc_melting_system/build/cobotta_process -- -j16 -l16
[0.494s] DEBUG:colcon.colcon_core.event_handler.log_command:Invoking command in '/home/arc/Documents/automatic_arc_melting_system/build/tcp_handle': AMENT_PREFIX_PATH=/home/arc/Documents/automatic_arc_melting_system/install/tcp_format:${AMENT_PREFIX_PATH} CMAKE_PREFIX_PATH=/home/arc/Documents/automatic_arc_melting_system/install/tcp_format:/opt/ros/foxy LD_LIBRARY_PATH=/home/arc/Documents/automatic_arc_melting_system/install/tcp_format/lib:${LD_LIBRARY_PATH} PYTHONPATH=/home/arc/Documents/automatic_arc_melting_system/install/tcp_format/lib/python3.8/site-packages:${PYTHONPATH} /usr/bin/cmake --build /home/arc/Documents/automatic_arc_melting_system/build/tcp_handle -- -j16 -l16
[0.543s] DEBUG:colcon.colcon_core.event_handler.log_command:Invoked command in '/home/arc/Documents/automatic_arc_melting_system/build/cobotta_process' returned '0': AMENT_PREFIX_PATH=/home/arc/Documents/automatic_arc_melting_system/install/tcp_format:${AMENT_PREFIX_PATH} CMAKE_PREFIX_PATH=/home/arc/Documents/automatic_arc_melting_system/install/tcp_format:/opt/ros/foxy LD_LIBRARY_PATH=/home/arc/Documents/automatic_arc_melting_system/install/tcp_format/lib:${LD_LIBRARY_PATH} PYTHONPATH=/home/arc/Documents/automatic_arc_melting_system/install/tcp_format/lib/python3.8/site-packages:${PYTHONPATH} /usr/bin/cmake --build /home/arc/Documents/automatic_arc_melting_system/build/cobotta_process -- -j16 -l16
[0.559s] DEBUG:colcon.colcon_core.event_handler.log_command:Invoking command in '/home/arc/Documents/automatic_arc_melting_system/build/cobotta_process': AMENT_PREFIX_PATH=/home/arc/Documents/automatic_arc_melting_system/install/tcp_format:${AMENT_PREFIX_PATH} CMAKE_PREFIX_PATH=/home/arc/Documents/automatic_arc_melting_system/install/tcp_format:/opt/ros/foxy LD_LIBRARY_PATH=/home/arc/Documents/automatic_arc_melting_system/install/tcp_format/lib:${LD_LIBRARY_PATH} PYTHONPATH=/home/arc/Documents/automatic_arc_melting_system/install/tcp_format/lib/python3.8/site-packages:${PYTHONPATH} /usr/bin/cmake --install /home/arc/Documents/automatic_arc_melting_system/build/cobotta_process
[0.566s] Level 1:colcon.colcon_core.environment:create_environment_scripts_only(cobotta_process)
[0.568s] Level 1:colcon.colcon_core.environment:checking '/home/arc/Documents/automatic_arc_melting_system/install/cobotta_process' for CMake module files
[0.569s] Level 1:colcon.colcon_core.environment:checking '/home/arc/Documents/automatic_arc_melting_system/install/cobotta_process' for CMake config files
[0.569s] DEBUG:colcon.colcon_core.event_handler.log_command:Invoked command in '/home/arc/Documents/automatic_arc_melting_system/build/cobotta_process' returned '0': AMENT_PREFIX_PATH=/home/arc/Documents/automatic_arc_melting_system/install/tcp_format:${AMENT_PREFIX_PATH} CMAKE_PREFIX_PATH=/home/arc/Documents/automatic_arc_melting_system/install/tcp_format:/opt/ros/foxy LD_LIBRARY_PATH=/home/arc/Documents/automatic_arc_melting_system/install/tcp_format/lib:${LD_LIBRARY_PATH} PYTHONPATH=/home/arc/Documents/automatic_arc_melting_system/install/tcp_format/lib/python3.8/site-packages:${PYTHONPATH} /usr/bin/cmake --install /home/arc/Documents/automatic_arc_melting_system/build/cobotta_process
[0.569s] Level 1:colcon.colcon_core.shell:create_environment_hook('cobotta_process', 'cmake_prefix_path')
[0.570s] INFO:colcon.colcon_core.shell:Creating environment hook '/home/arc/Documents/automatic_arc_melting_system/install/cobotta_process/share/cobotta_process/hook/cmake_prefix_path.ps1'
[0.571s] INFO:colcon.colcon_core.shell:Creating environment descriptor '/home/arc/Documents/automatic_arc_melting_system/install/cobotta_process/share/cobotta_process/hook/cmake_prefix_path.dsv'
[0.571s] INFO:colcon.colcon_core.shell:Creating environment hook '/home/arc/Documents/automatic_arc_melting_system/install/cobotta_process/share/cobotta_process/hook/cmake_prefix_path.sh'
[0.571s] Level 1:colcon.colcon_core.environment:checking '/home/arc/Documents/automatic_arc_melting_system/install/cobotta_process/lib'
[0.571s] Level 1:colcon.colcon_core.environment:checking '/home/arc/Documents/automatic_arc_melting_system/install/cobotta_process/bin'
[0.571s] Level 1:colcon.colcon_core.environment:checking '/home/arc/Documents/automatic_arc_melting_system/install/cobotta_process/lib/pkgconfig/cobotta_process.pc'
[0.571s] Level 1:colcon.colcon_core.environment:checking '/home/arc/Documents/automatic_arc_melting_system/install/cobotta_process/lib/python3.8/site-packages'
[0.572s] Level 1:colcon.colcon_core.environment:checking '/home/arc/Documents/automatic_arc_melting_system/install/cobotta_process/bin'
[0.572s] INFO:colcon.colcon_core.shell:Creating package script '/home/arc/Documents/automatic_arc_melting_system/install/cobotta_process/share/cobotta_process/package.ps1'
[0.573s] INFO:colcon.colcon_core.shell:Creating package descriptor '/home/arc/Documents/automatic_arc_melting_system/install/cobotta_process/share/cobotta_process/package.dsv'
[0.573s] INFO:colcon.colcon_core.shell:Creating package script '/home/arc/Documents/automatic_arc_melting_system/install/cobotta_process/share/cobotta_process/package.sh'
[0.573s] INFO:colcon.colcon_core.shell:Creating package script '/home/arc/Documents/automatic_arc_melting_system/install/cobotta_process/share/cobotta_process/package.bash'
[0.574s] INFO:colcon.colcon_core.shell:Creating package script '/home/arc/Documents/automatic_arc_melting_system/install/cobotta_process/share/cobotta_process/package.zsh'
[0.574s] Level 1:colcon.colcon_core.environment:create_file_with_runtime_dependencies(/home/arc/Documents/automatic_arc_melting_system/install/cobotta_process/share/colcon-core/packages/cobotta_process)
[0.589s] Level 1:colcon.colcon_core.environment:create_environment_scripts_only(cobotta_process)
[0.591s] Level 1:colcon.colcon_core.environment:checking '/home/arc/Documents/automatic_arc_melting_system/install/cobotta_process' for CMake module files
[0.591s] Level 1:colcon.colcon_core.environment:checking '/home/arc/Documents/automatic_arc_melting_system/install/cobotta_process' for CMake config files
[0.591s] Level 1:colcon.colcon_core.shell:create_environment_hook('cobotta_process', 'cmake_prefix_path')
[0.592s] INFO:colcon.colcon_core.shell:Creating environment hook '/home/arc/Documents/automatic_arc_melting_system/install/cobotta_process/share/cobotta_process/hook/cmake_prefix_path.ps1'
[0.592s] INFO:colcon.colcon_core.shell:Creating environment descriptor '/home/arc/Documents/automatic_arc_melting_system/install/cobotta_process/share/cobotta_process/hook/cmake_prefix_path.dsv'
[0.593s] INFO:colcon.colcon_core.shell:Creating environment hook '/home/arc/Documents/automatic_arc_melting_system/install/cobotta_process/share/cobotta_process/hook/cmake_prefix_path.sh'
[0.593s] Level 1:colcon.colcon_core.environment:checking '/home/arc/Documents/automatic_arc_melting_system/install/cobotta_process/lib'
[0.593s] Level 1:colcon.colcon_core.environment:checking '/home/arc/Documents/automatic_arc_melting_system/install/cobotta_process/bin'
[0.593s] Level 1:colcon.colcon_core.environment:checking '/home/arc/Documents/automatic_arc_melting_system/install/cobotta_process/lib/pkgconfig/cobotta_process.pc'
[0.593s] Level 1:colcon.colcon_core.environment:checking '/home/arc/Documents/automatic_arc_melting_system/install/cobotta_process/lib/python3.8/site-packages'
[0.593s] Level 1:colcon.colcon_core.environment:checking '/home/arc/Documents/automatic_arc_melting_system/install/cobotta_process/bin'
[0.594s] INFO:colcon.colcon_core.shell:Creating package script '/home/arc/Documents/automatic_arc_melting_system/install/cobotta_process/share/cobotta_process/package.ps1'
[0.595s] INFO:colcon.colcon_core.shell:Creating package descriptor '/home/arc/Documents/automatic_arc_melting_system/install/cobotta_process/share/cobotta_process/package.dsv'
[0.595s] INFO:colcon.colcon_core.shell:Creating package script '/home/arc/Documents/automatic_arc_melting_system/install/cobotta_process/share/cobotta_process/package.sh'
[0.595s] INFO:colcon.colcon_core.shell:Creating package script '/home/arc/Documents/automatic_arc_melting_system/install/cobotta_process/share/cobotta_process/package.bash'
[0.596s] INFO:colcon.colcon_core.shell:Creating package script '/home/arc/Documents/automatic_arc_melting_system/install/cobotta_process/share/cobotta_process/package.zsh'
[0.596s] Level 1:colcon.colcon_core.environment:create_file_with_runtime_dependencies(/home/arc/Documents/automatic_arc_melting_system/install/cobotta_process/share/colcon-core/packages/cobotta_process)
[2.064s] DEBUG:colcon.colcon_core.event_handler.log_command:Invoked command in '/home/arc/Documents/automatic_arc_melting_system/build/tcp_handle' returned '0': AMENT_PREFIX_PATH=/home/arc/Documents/automatic_arc_melting_system/install/tcp_format:${AMENT_PREFIX_PATH} CMAKE_PREFIX_PATH=/home/arc/Documents/automatic_arc_melting_system/install/tcp_format:/opt/ros/foxy LD_LIBRARY_PATH=/home/arc/Documents/automatic_arc_melting_system/install/tcp_format/lib:${LD_LIBRARY_PATH} PYTHONPATH=/home/arc/Documents/automatic_arc_melting_system/install/tcp_format/lib/python3.8/site-packages:${PYTHONPATH} /usr/bin/cmake --build /home/arc/Documents/automatic_arc_melting_system/build/tcp_handle -- -j16 -l16
[2.081s] DEBUG:colcon.colcon_core.event_handler.log_command:Invoking command in '/home/arc/Documents/automatic_arc_melting_system/build/tcp_handle': AMENT_PREFIX_PATH=/home/arc/Documents/automatic_arc_melting_system/install/tcp_format:${AMENT_PREFIX_PATH} CMAKE_PREFIX_PATH=/home/arc/Documents/automatic_arc_melting_system/install/tcp_format:/opt/ros/foxy LD_LIBRARY_PATH=/home/arc/Documents/automatic_arc_melting_system/install/tcp_format/lib:${LD_LIBRARY_PATH} PYTHONPATH=/home/arc/Documents/automatic_arc_melting_system/install/tcp_format/lib/python3.8/site-packages:${PYTHONPATH} /usr/bin/cmake --install /home/arc/Documents/automatic_arc_melting_system/build/tcp_handle
[2.089s] Level 1:colcon.colcon_core.environment:create_environment_scripts_only(tcp_handle)
[2.090s] Level 1:colcon.colcon_core.environment:checking '/home/arc/Documents/automatic_arc_melting_system/install/tcp_handle' for CMake module files
[2.091s] DEBUG:colcon.colcon_core.event_handler.log_command:Invoked command in '/home/arc/Documents/automatic_arc_melting_system/build/tcp_handle' returned '0': AMENT_PREFIX_PATH=/home/arc/Documents/automatic_arc_melting_system/install/tcp_format:${AMENT_PREFIX_PATH} CMAKE_PREFIX_PATH=/home/arc/Documents/automatic_arc_melting_system/install/tcp_format:/opt/ros/foxy LD_LIBRARY_PATH=/home/arc/Documents/automatic_arc_melting_system/install/tcp_format/lib:${LD_LIBRARY_PATH} PYTHONPATH=/home/arc/Documents/automatic_arc_melting_system/install/tcp_format/lib/python3.8/site-packages:${PYTHONPATH} /usr/bin/cmake --install /home/arc/Documents/automatic_arc_melting_system/build/tcp_handle
[2.091s] Level 1:colcon.colcon_core.environment:checking '/home/arc/Documents/automatic_arc_melting_system/install/tcp_handle' for CMake config files
[2.091s] Level 1:colcon.colcon_core.shell:create_environment_hook('tcp_handle', 'cmake_prefix_path')
[2.092s] INFO:colcon.colcon_core.shell:Creating environment hook '/home/arc/Documents/automatic_arc_melting_system/install/tcp_handle/share/tcp_handle/hook/cmake_prefix_path.ps1'
[2.092s] INFO:colcon.colcon_core.shell:Creating environment descriptor '/home/arc/Documents/automatic_arc_melting_system/install/tcp_handle/share/tcp_handle/hook/cmake_prefix_path.dsv'
[2.092s] INFO:colcon.colcon_core.shell:Creating environment hook '/home/arc/Documents/automatic_arc_melting_system/install/tcp_handle/share/tcp_handle/hook/cmake_prefix_path.sh'
[2.093s] Level 1:colcon.colcon_core.environment:checking '/home/arc/Documents/automatic_arc_melting_system/install/tcp_handle/lib'
[2.093s] Level 1:colcon.colcon_core.environment:checking '/home/arc/Documents/automatic_arc_melting_system/install/tcp_handle/bin'
[2.093s] Level 1:colcon.colcon_core.environment:checking '/home/arc/Documents/automatic_arc_melting_system/install/tcp_handle/lib/pkgconfig/tcp_handle.pc'
[2.093s] Level 1:colcon.colcon_core.environment:checking '/home/arc/Documents/automatic_arc_melting_system/install/tcp_handle/lib/python3.8/site-packages'
[2.093s] Level 1:colcon.colcon_core.environment:checking '/home/arc/Documents/automatic_arc_melting_system/install/tcp_handle/bin'
[2.094s] INFO:colcon.colcon_core.shell:Creating package script '/home/arc/Documents/automatic_arc_melting_system/install/tcp_handle/share/tcp_handle/package.ps1'
[2.094s] INFO:colcon.colcon_core.shell:Creating package descriptor '/home/arc/Documents/automatic_arc_melting_system/install/tcp_handle/share/tcp_handle/package.dsv'
[2.095s] INFO:colcon.colcon_core.shell:Creating package script '/home/arc/Documents/automatic_arc_melting_system/install/tcp_handle/share/tcp_handle/package.sh'
[2.095s] INFO:colcon.colcon_core.shell:Creating package script '/home/arc/Documents/automatic_arc_melting_system/install/tcp_handle/share/tcp_handle/package.bash'
[2.095s] INFO:colcon.colcon_core.shell:Creating package script '/home/arc/Documents/automatic_arc_melting_system/install/tcp_handle/share/tcp_handle/package.zsh'
[2.095s] Level 1:colcon.colcon_core.environment:create_file_with_runtime_dependencies(/home/arc/Documents/automatic_arc_melting_system/install/tcp_handle/share/colcon-core/packages/tcp_handle)
[2.111s] Level 1:colcon.colcon_core.environment:create_environment_scripts_only(tcp_handle)
[2.113s] Level 1:colcon.colcon_core.environment:checking '/home/arc/Documents/automatic_arc_melting_system/install/tcp_handle' for CMake module files
[2.113s] Level 1:colcon.colcon_core.environment:checking '/home/arc/Documents/automatic_arc_melting_system/install/tcp_handle' for CMake config files
[2.114s] Level 1:colcon.colcon_core.shell:create_environment_hook('tcp_handle', 'cmake_prefix_path')
[2.114s] INFO:colcon.colcon_core.shell:Creating environment hook '/home/arc/Documents/automatic_arc_melting_system/install/tcp_handle/share/tcp_handle/hook/cmake_prefix_path.ps1'
[2.115s] INFO:colcon.colcon_core.shell:Creating environment descriptor '/home/arc/Documents/automatic_arc_melting_system/install/tcp_handle/share/tcp_handle/hook/cmake_prefix_path.dsv'
[2.115s] INFO:colcon.colcon_core.shell:Creating environment hook '/home/arc/Documents/automatic_arc_melting_system/install/tcp_handle/share/tcp_handle/hook/cmake_prefix_path.sh'
[2.116s] Level 1:colcon.colcon_core.environment:checking '/home/arc/Documents/automatic_arc_melting_system/install/tcp_handle/lib'
[2.116s] Level 1:colcon.colcon_core.environment:checking '/home/arc/Documents/automatic_arc_melting_system/install/tcp_handle/bin'
[2.116s] Level 1:colcon.colcon_core.environment:checking '/home/arc/Documents/automatic_arc_melting_system/install/tcp_handle/lib/pkgconfig/tcp_handle.pc'
[2.116s] Level 1:colcon.colcon_core.environment:checking '/home/arc/Documents/automatic_arc_melting_system/install/tcp_handle/lib/python3.8/site-packages'
[2.116s] Level 1:colcon.colcon_core.environment:checking '/home/arc/Documents/automatic_arc_melting_system/install/tcp_handle/bin'
[2.117s] INFO:colcon.colcon_core.shell:Creating package script '/home/arc/Documents/automatic_arc_melting_system/install/tcp_handle/share/tcp_handle/package.ps1'
[2.117s] INFO:colcon.colcon_core.shell:Creating package descriptor '/home/arc/Documents/automatic_arc_melting_system/install/tcp_handle/share/tcp_handle/package.dsv'
[2.118s] INFO:colcon.colcon_core.shell:Creating package script '/home/arc/Documents/automatic_arc_melting_system/install/tcp_handle/share/tcp_handle/package.sh'
[2.118s] INFO:colcon.colcon_core.shell:Creating package script '/home/arc/Documents/automatic_arc_melting_system/install/tcp_handle/share/tcp_handle/package.bash'
[2.118s] INFO:colcon.colcon_core.shell:Creating package script '/home/arc/Documents/automatic_arc_melting_system/install/tcp_handle/share/tcp_handle/package.zsh'
[2.119s] Level 1:colcon.colcon_core.environment:create_file_with_runtime_dependencies(/home/arc/Documents/automatic_arc_melting_system/install/tcp_handle/share/colcon-core/packages/tcp_handle)
[2.119s] DEBUG:colcon.colcon_parallel_executor.executor.parallel:closing loop
[2.119s] DEBUG:colcon.colcon_parallel_executor.executor.parallel:loop closed
[2.119s] DEBUG:colcon.colcon_parallel_executor.executor.parallel:run_until_complete finished with '0'
[2.119s] DEBUG:colcon.colcon_core.event_reactor:joining thread
[2.123s] INFO:colcon.colcon_core.plugin_system:Skipping extension 'colcon_notification.desktop_notification.terminal_notifier': Not used on non-Darwin systems
[2.124s] INFO:colcon.colcon_core.plugin_system:Skipping extension 'colcon_notification.desktop_notification.win32': Not used on non-Windows systems
[2.124s] INFO:colcon.colcon_notification.desktop_notification:Sending desktop notification using 'notify2'
[2.130s] DEBUG:colcon.colcon_core.event_reactor:joined thread
[2.131s] INFO:colcon.colcon_core.shell:Creating prefix script '/home/arc/Documents/automatic_arc_melting_system/install/local_setup.ps1'
[2.132s] INFO:colcon.colcon_core.shell:Creating prefix util module '/home/arc/Documents/automatic_arc_melting_system/install/_local_setup_util_ps1.py'
[2.133s] INFO:colcon.colcon_core.shell:Creating prefix chain script '/home/arc/Documents/automatic_arc_melting_system/install/setup.ps1'
[2.134s] INFO:colcon.colcon_core.shell:Creating prefix script '/home/arc/Documents/automatic_arc_melting_system/install/local_setup.sh'
[2.134s] INFO:colcon.colcon_core.shell:Creating prefix util module '/home/arc/Documents/automatic_arc_melting_system/install/_local_setup_util_sh.py'
[2.135s] INFO:colcon.colcon_core.shell:Creating prefix chain script '/home/arc/Documents/automatic_arc_melting_system/install/setup.sh'
[2.136s] INFO:colcon.colcon_core.shell:Creating prefix script '/home/arc/Documents/automatic_arc_melting_system/install/local_setup.bash'
[2.136s] INFO:colcon.colcon_core.shell:Creating prefix chain script '/home/arc/Documents/automatic_arc_melting_system/install/setup.bash'
[2.137s] INFO:colcon.colcon_core.shell:Creating prefix script '/home/arc/Documents/automatic_arc_melting_system/install/local_setup.zsh'
[2.137s] INFO:colcon.colcon_core.shell:Creating prefix chain script '/home/arc/Documents/automatic_arc_melting_system/install/setup.zsh'
