[0.208s] Invoking command in '/home/arc/Documents/automatic_arc_melting_system/build/plc_control': CMAKE_PREFIX_PATH=${CMAKE_PREFIX_PATH}:/home/arc/Documents/automatic_arc_melting_system/install/cobotta_bcap:/opt/ros/foxy /usr/bin/cmake --build /home/arc/Documents/automatic_arc_melting_system/build/plc_control -- -j16 -l16
[0.226s] -- Found ament_cmake: 0.9.9 (/opt/ros/foxy/share/ament_cmake/cmake)
[0.244s] -- Using PYTHON_EXECUTABLE: /usr/bin/python3
[0.420s] -- Found rclcpp: 2.4.1 (/opt/ros/foxy/share/rclcpp/cmake)
[0.450s] -- Using all available rosidl_typesupport_c: rosidl_typesupport_fastrtps_c;rosidl_typesupport_introspection_c
[0.452s] -- Found rosidl_adapter: 1.2.1 (/opt/ros/foxy/share/rosidl_adapter/cmake)
[0.591s] -- Using all available rosidl_typesupport_cpp: rosidl_typesupport_fastrtps_cpp;rosidl_typesupport_introspection_cpp
[0.618s] -- Found rmw_implementation_cmake: 1.0.3 (/opt/ros/foxy/share/rmw_implementation_cmake/cmake)
[0.622s] -- Using RMW implementation 'rmw_fastrtps_cpp' as default
[0.733s] -- Found msg_format: 0.0.0 (/home/arc/Documents/automatic_arc_melting_system/install/msg_format/share/msg_format/cmake)
[0.816s] -- Found ament_lint_auto: 0.9.6 (/opt/ros/foxy/share/ament_lint_auto/cmake)
[0.864s] -- Added test 'copyright' to check source files copyright and LICENSE
[0.864s] -- Added test 'cppcheck' to perform static code analysis on C / C++ code
[0.865s] -- Configured cppcheck include dirs: 
[0.865s] -- Configured cppcheck exclude dirs and/or files: 
[0.865s] -- Added test 'cpplint' to check C / C++ code against the Google style
[0.865s] -- Configured cpplint exclude dirs and/or files: 
[0.865s] -- Added test 'lint_cmake' to check CMake code style
[0.866s] -- Added test 'uncrustify' to check C / C++ code style
[0.866s] -- Configured uncrustify additional arguments: 
[0.866s] -- Added test 'xmllint' to check XML markup files
[0.868s] -- Configuring done
[0.874s] -- Generating done
[0.875s] -- Build files have been written to: /home/arc/Documents/automatic_arc_melting_system/build/plc_control
[0.894s] [35m[1mScanning dependencies of target PlcServer[0m
[0.918s] [ 50%] [32mBuilding CXX object CMakeFiles/PlcServer.dir/src/plc_server.cpp.o[0m
[0.991s] [01m[K/home/arc/Documents/automatic_arc_melting_system/src/plc_control/src/plc_server.cpp:2:10:[m[K [01;31m[Kfatal error: [m[Kmsg_format/srv/PlcFormat.hpp: No such file or directory
[0.991s]     2 | #include [01;31m[K"msg_format/srv/PlcFormat.hpp"[m[K
[0.991s]       |          [01;31m[K^~~~~~~~~~~~~~~~~~~~~~~~~~~~~~[m[K
[0.991s] compilation terminated.
[0.993s] make[2]: *** [CMakeFiles/PlcServer.dir/build.make:63: CMakeFiles/PlcServer.dir/src/plc_server.cpp.o] Error 1
[0.993s] make[1]: *** [CMakeFiles/Makefile2:78: CMakeFiles/PlcServer.dir/all] Error 2
[0.993s] make: *** [Makefile:141: all] Error 2
[0.996s] Invoked command in '/home/arc/Documents/automatic_arc_melting_system/build/plc_control' returned '2': CMAKE_PREFIX_PATH=${CMAKE_PREFIX_PATH}:/home/arc/Documents/automatic_arc_melting_system/install/cobotta_bcap:/opt/ros/foxy /usr/bin/cmake --build /home/arc/Documents/automatic_arc_melting_system/build/plc_control -- -j16 -l16
