[0.196s] Invoking command in '/home/arc/Documents/automatic_arc_melting_system/build/msg_format': CMAKE_PREFIX_PATH=/opt/ros/foxy /usr/bin/cmake /home/arc/Documents/automatic_arc_melting_system/src/msg_format -DCMAKE_INSTALL_PREFIX=/home/arc/Documents/automatic_arc_melting_system/install/msg_format
[0.210s] -- Found ament_cmake: 0.9.9 (/opt/ros/foxy/share/ament_cmake/cmake)
[0.229s] -- Using PYTHON_EXECUTABLE: /home/wilson/anaconda3/bin/python3
[0.436s] -- Found geometry_msgs: 2.0.5 (/opt/ros/foxy/share/geometry_msgs/cmake)
[0.453s] -- Using all available rosidl_typesupport_c: rosidl_typesupport_fastrtps_c;rosidl_typesupport_introspection_c
[0.455s] -- Found rosidl_adapter: 1.2.1 (/opt/ros/foxy/share/rosidl_adapter/cmake)
[0.569s] -- Using all available rosidl_typesupport_cpp: rosidl_typesupport_fastrtps_cpp;rosidl_typesupport_introspection_cpp
[0.636s] -- Found rosidl_default_generators: 1.0.1 (/opt/ros/foxy/share/rosidl_default_generators/cmake)
[0.670s] -- Found PythonInterp: /home/wilson/anaconda3/bin/python3 (found version "3.9.12") 
[0.882s] -- Found ament_cmake_ros: 0.9.2 (/opt/ros/foxy/share/ament_cmake_ros/cmake)
[1.053s] -- Using all available rosidl_typesupport_c: rosidl_typesupport_fastrtps_c;rosidl_typesupport_introspection_c
[1.133s] -- Using all available rosidl_typesupport_cpp: rosidl_typesupport_fastrtps_cpp;rosidl_typesupport_introspection_cpp
[1.157s] -- Found PythonInterp: /home/wilson/anaconda3/bin/python3 (found suitable version "3.9.12", minimum required is "3.5") 
[1.159s] -- Found python_cmake_module: 0.8.1 (/opt/ros/foxy/share/python_cmake_module/cmake)
[1.182s] -- Found PythonLibs: /home/wilson/anaconda3/lib/libpython3.9.so (found suitable version "3.9.12", minimum required is "3.5") 
[1.182s] -- Using PYTHON_EXECUTABLE: /home/wilson/anaconda3/bin/python3
[1.182s] -- Using PYTHON_INCLUDE_DIRS: /home/wilson/anaconda3/include/python3.9
[1.182s] -- Using PYTHON_LIBRARIES: /home/wilson/anaconda3/lib/libpython3.9.so
[1.204s] -- Found PythonExtra: .so  
[1.539s] -- Using numpy include directory: /home/wilson/anaconda3/lib/python3.9/site-packages/numpy/core/include
[1.550s] -- Found ament_lint_auto: 0.9.6 (/opt/ros/foxy/share/ament_lint_auto/cmake)
[1.562s] -- Added test 'copyright' to check source files copyright and LICENSE
[1.564s] -- Added test 'lint_cmake' to check CMake code style
[1.565s] -- Added test 'xmllint' to check XML markup files
[1.569s] -- Configuring done
[1.585s] CMake Warning at /opt/ros/foxy/share/rosidl_generator_py/cmake/rosidl_generator_py_generate_interfaces.cmake:235 (add_library):
[1.585s]   Cannot generate a safe runtime search path for target
[1.585s]   msg_format__rosidl_typesupport_fastrtps_c__pyext because files in some
[1.585s]   directories may conflict with libraries in implicit directories:
[1.585s] 
[1.585s]     runtime library [libssl.so.1.1] in /usr/lib/x86_64-linux-gnu may be hidden by files in:
[1.585s]       /home/wilson/anaconda3/lib
[1.585s]     runtime library [libcrypto.so.1.1] in /usr/lib/x86_64-linux-gnu may be hidden by files in:
[1.585s]       /home/wilson/anaconda3/lib
[1.585s] 
[1.585s]   Some of these libraries may not be found correctly.
[1.585s] Call Stack (most recent call first):
[1.585s]   /opt/ros/foxy/share/ament_cmake_core/cmake/core/ament_execute_extensions.cmake:48 (include)
[1.585s]   /opt/ros/foxy/share/rosidl_cmake/cmake/rosidl_generate_interfaces.cmake:286 (ament_execute_extensions)
[1.585s]   CMakeLists.txt:36 (rosidl_generate_interfaces)
[1.585s] 
[1.585s] 
[1.614s] -- Generating done
[1.616s] -- Build files have been written to: /home/arc/Documents/automatic_arc_melting_system/build/msg_format
[1.622s] Invoked command in '/home/arc/Documents/automatic_arc_melting_system/build/msg_format' returned '0': CMAKE_PREFIX_PATH=/opt/ros/foxy /usr/bin/cmake /home/arc/Documents/automatic_arc_melting_system/src/msg_format -DCMAKE_INSTALL_PREFIX=/home/arc/Documents/automatic_arc_melting_system/install/msg_format
[1.624s] Invoking command in '/home/arc/Documents/automatic_arc_melting_system/build/msg_format': CMAKE_PREFIX_PATH=/opt/ros/foxy /usr/bin/cmake --build /home/arc/Documents/automatic_arc_melting_system/build/msg_format -- -j16 -l16
[1.653s] [  1%] [34m[1mGenerating C code for ROS interfaces[0m
[1.653s] [35m[1mScanning dependencies of target msg_format__cpp[0m
[1.660s] [  2%] [34m[1mGenerating C++ code for ROS interfaces[0m
[2.082s] [35m[1mScanning dependencies of target msg_format__rosidl_generator_c[0m
[2.091s] [  5%] [32mBuilding C object CMakeFiles/msg_format__rosidl_generator_c.dir/rosidl_generator_c/msg_format/srv/detail/furnace_format__functions.c.o[0m
[2.091s] [  5%] [32mBuilding C object CMakeFiles/msg_format__rosidl_generator_c.dir/rosidl_generator_c/msg_format/srv/detail/weighing_format__functions.c.o[0m
[2.091s] [  7%] [32mBuilding C object CMakeFiles/msg_format__rosidl_generator_c.dir/rosidl_generator_c/msg_format/srv/detail/cobotta_format__functions.c.o[0m
[2.091s] [  7%] Built target msg_format__cpp
[2.091s] [  8%] [32mBuilding C object CMakeFiles/msg_format__rosidl_generator_c.dir/rosidl_generator_c/msg_format/srv/detail/gripper_format__functions.c.o[0m
[2.092s] [  9%] [32mBuilding C object CMakeFiles/msg_format__rosidl_generator_c.dir/rosidl_generator_c/msg_format/srv/detail/plc_format__functions.c.o[0m
[2.093s] [ 11%] [32mBuilding C object CMakeFiles/msg_format__rosidl_generator_c.dir/rosidl_generator_c/msg_format/srv/detail/slider_format__functions.c.o[0m
[2.099s] [ 14%] [34m[1mGenerating C++ type support dispatch for ROS interfaces[0m
[2.099s] [ 14%] [34m[1mGenerating C++ introspection for ROS interfaces[0m
[2.099s] [ 15%] [34m[1mGenerating C++ type support for eProsima Fast-RTPS[0m
[2.135s] [ 16%] [32m[1mLinking C shared library libmsg_format__rosidl_generator_c.so[0m
[2.162s] [ 16%] Built target msg_format__rosidl_generator_c
[2.170s] [ 19%] [34m[1mGenerating C introspection for ROS interfaces[0m
[2.170s] [ 19%] [34m[1mGenerating C type support dispatch for ROS interfaces[0m
[2.394s] [35m[1mScanning dependencies of target msg_format__rosidl_typesupport_cpp[0m
[2.406s] [ 21%] [32mBuilding CXX object CMakeFiles/msg_format__rosidl_typesupport_cpp.dir/rosidl_typesupport_cpp/msg_format/srv/slider_format__type_support.cpp.o[0m
[2.406s] [ 26%] [32mBuilding CXX object CMakeFiles/msg_format__rosidl_typesupport_cpp.dir/rosidl_typesupport_cpp/msg_format/srv/furnace_format__type_support.cpp.o[0m
[2.406s] [ 26%] [32mBuilding CXX object CMakeFiles/msg_format__rosidl_typesupport_cpp.dir/rosidl_typesupport_cpp/msg_format/srv/cobotta_format__type_support.cpp.o[0m
[2.406s] [ 26%] [32mBuilding CXX object CMakeFiles/msg_format__rosidl_typesupport_cpp.dir/rosidl_typesupport_cpp/msg_format/srv/plc_format__type_support.cpp.o[0m
[2.406s] [ 26%] [32mBuilding CXX object CMakeFiles/msg_format__rosidl_typesupport_cpp.dir/rosidl_typesupport_cpp/msg_format/srv/gripper_format__type_support.cpp.o[0m
[2.407s] [ 28%] [32mBuilding CXX object CMakeFiles/msg_format__rosidl_typesupport_cpp.dir/rosidl_typesupport_cpp/msg_format/srv/weighing_format__type_support.cpp.o[0m
[2.492s] [35m[1mScanning dependencies of target msg_format__rosidl_typesupport_c[0m
[2.513s] [ 29%] [32mBuilding CXX object CMakeFiles/msg_format__rosidl_typesupport_c.dir/rosidl_typesupport_c/msg_format/srv/cobotta_format__type_support.cpp.o[0m
[2.513s] [ 30%] [32mBuilding CXX object CMakeFiles/msg_format__rosidl_typesupport_c.dir/rosidl_typesupport_c/msg_format/srv/gripper_format__type_support.cpp.o[0m
[2.513s] [ 32%] [32mBuilding CXX object CMakeFiles/msg_format__rosidl_typesupport_c.dir/rosidl_typesupport_c/msg_format/srv/furnace_format__type_support.cpp.o[0m
[2.518s] [ 33%] [32mBuilding CXX object CMakeFiles/msg_format__rosidl_typesupport_c.dir/rosidl_typesupport_c/msg_format/srv/plc_format__type_support.cpp.o[0m
[2.523s] [ 35%] [32mBuilding CXX object CMakeFiles/msg_format__rosidl_typesupport_c.dir/rosidl_typesupport_c/msg_format/srv/weighing_format__type_support.cpp.o[0m
[2.526s] [ 36%] [32mBuilding CXX object CMakeFiles/msg_format__rosidl_typesupport_c.dir/rosidl_typesupport_c/msg_format/srv/slider_format__type_support.cpp.o[0m
[2.526s] [35m[1mScanning dependencies of target msg_format__rosidl_typesupport_introspection_cpp[0m
[2.557s] [ 38%] [32mBuilding CXX object CMakeFiles/msg_format__rosidl_typesupport_introspection_cpp.dir/rosidl_typesupport_introspection_cpp/msg_format/srv/detail/cobotta_format__type_support.cpp.o[0m
[2.559s] [ 39%] [32mBuilding CXX object CMakeFiles/msg_format__rosidl_typesupport_introspection_cpp.dir/rosidl_typesupport_introspection_cpp/msg_format/srv/detail/furnace_format__type_support.cpp.o[0m
[2.569s] [ 40%] [32mBuilding CXX object CMakeFiles/msg_format__rosidl_typesupport_introspection_cpp.dir/rosidl_typesupport_introspection_cpp/msg_format/srv/detail/gripper_format__type_support.cpp.o[0m
[2.573s] [ 42%] [32mBuilding CXX object CMakeFiles/msg_format__rosidl_typesupport_introspection_cpp.dir/rosidl_typesupport_introspection_cpp/msg_format/srv/detail/plc_format__type_support.cpp.o[0m
[2.576s] [ 43%] [32mBuilding CXX object CMakeFiles/msg_format__rosidl_typesupport_introspection_cpp.dir/rosidl_typesupport_introspection_cpp/msg_format/srv/detail/slider_format__type_support.cpp.o[0m
[2.590s] [ 45%] [32m[1mLinking CXX shared library libmsg_format__rosidl_typesupport_c.so[0m
[2.649s] [ 46%] [32mBuilding CXX object CMakeFiles/msg_format__rosidl_typesupport_introspection_cpp.dir/rosidl_typesupport_introspection_cpp/msg_format/srv/detail/weighing_format__type_support.cpp.o[0m
[2.650s] [ 46%] Built target msg_format__rosidl_typesupport_c
[2.658s] [35m[1mScanning dependencies of target msg_format__rosidl_typesupport_fastrtps_cpp[0m
[2.682s] [35m[1mScanning dependencies of target msg_format__rosidl_typesupport_introspection_c[0m
[2.701s] [ 47%] [32mBuilding C object CMakeFiles/msg_format__rosidl_typesupport_introspection_c.dir/rosidl_typesupport_introspection_c/msg_format/srv/detail/cobotta_format__type_support.c.o[0m
[2.705s] [ 49%] [32mBuilding C object CMakeFiles/msg_format__rosidl_typesupport_introspection_c.dir/rosidl_typesupport_introspection_c/msg_format/srv/detail/furnace_format__type_support.c.o[0m
[2.710s] [ 50%] [32mBuilding CXX object CMakeFiles/msg_format__rosidl_typesupport_fastrtps_cpp.dir/rosidl_typesupport_fastrtps_cpp/msg_format/srv/detail/dds_fastrtps/furnace_format__type_support.cpp.o[0m
[2.717s] [ 52%] [32mBuilding C object CMakeFiles/msg_format__rosidl_typesupport_introspection_c.dir/rosidl_typesupport_introspection_c/msg_format/srv/detail/gripper_format__type_support.c.o[0m
[2.724s] [ 53%] [32mBuilding CXX object CMakeFiles/msg_format__rosidl_typesupport_fastrtps_cpp.dir/rosidl_typesupport_fastrtps_cpp/msg_format/srv/detail/dds_fastrtps/cobotta_format__type_support.cpp.o[0m
[2.728s] [ 54%] [32mBuilding CXX object CMakeFiles/msg_format__rosidl_typesupport_fastrtps_cpp.dir/rosidl_typesupport_fastrtps_cpp/msg_format/srv/detail/dds_fastrtps/gripper_format__type_support.cpp.o[0m
[2.729s] [ 56%] [32mBuilding CXX object CMakeFiles/msg_format__rosidl_typesupport_fastrtps_cpp.dir/rosidl_typesupport_fastrtps_cpp/msg_format/srv/detail/dds_fastrtps/plc_format__type_support.cpp.o[0m
[2.744s] [ 57%] [32m[1mLinking CXX shared library libmsg_format__rosidl_typesupport_cpp.so[0m
[2.747s] [ 59%] [32mBuilding CXX object CMakeFiles/msg_format__rosidl_typesupport_fastrtps_cpp.dir/rosidl_typesupport_fastrtps_cpp/msg_format/srv/detail/dds_fastrtps/slider_format__type_support.cpp.o[0m
[2.770s] [ 60%] [32mBuilding C object CMakeFiles/msg_format__rosidl_typesupport_introspection_c.dir/rosidl_typesupport_introspection_c/msg_format/srv/detail/plc_format__type_support.c.o[0m
[2.791s] [ 61%] [32mBuilding C object CMakeFiles/msg_format__rosidl_typesupport_introspection_c.dir/rosidl_typesupport_introspection_c/msg_format/srv/detail/slider_format__type_support.c.o[0m
[2.809s] [ 63%] Built target msg_format__rosidl_typesupport_cpp
[2.810s] [ 63%] [32mBuilding C object CMakeFiles/msg_format__rosidl_typesupport_introspection_c.dir/rosidl_typesupport_introspection_c/msg_format/srv/detail/weighing_format__type_support.c.o[0m
[2.818s] [ 64%] [32mBuilding CXX object CMakeFiles/msg_format__rosidl_typesupport_fastrtps_cpp.dir/rosidl_typesupport_fastrtps_cpp/msg_format/srv/detail/dds_fastrtps/weighing_format__type_support.cpp.o[0m
[2.850s] [ 66%] [32m[1mLinking C shared library libmsg_format__rosidl_typesupport_introspection_c.so[0m
[2.891s] [ 66%] Built target msg_format__rosidl_typesupport_introspection_c
[2.971s] [ 67%] [32m[1mLinking CXX shared library libmsg_format__rosidl_typesupport_introspection_cpp.so[0m
[3.022s] [ 67%] Built target msg_format__rosidl_typesupport_introspection_cpp
[3.208s] [ 69%] [32m[1mLinking CXX shared library libmsg_format__rosidl_typesupport_fastrtps_cpp.so[0m
[3.267s] [ 69%] Built target msg_format__rosidl_typesupport_fastrtps_cpp
[3.274s] [ 70%] [34m[1mGenerating C type support for eProsima Fast-RTPS[0m
[3.663s] [35m[1mScanning dependencies of target msg_format__rosidl_typesupport_fastrtps_c[0m
[3.683s] [ 76%] [32mBuilding CXX object CMakeFiles/msg_format__rosidl_typesupport_fastrtps_c.dir/rosidl_typesupport_fastrtps_c/msg_format/srv/detail/plc_format__type_support_c.cpp.o[0m
[3.683s] [ 76%] [32mBuilding CXX object CMakeFiles/msg_format__rosidl_typesupport_fastrtps_c.dir/rosidl_typesupport_fastrtps_c/msg_format/srv/detail/furnace_format__type_support_c.cpp.o[0m
[3.683s] [ 76%] [32mBuilding CXX object CMakeFiles/msg_format__rosidl_typesupport_fastrtps_c.dir/rosidl_typesupport_fastrtps_c/msg_format/srv/detail/slider_format__type_support_c.cpp.o[0m
[3.683s] [ 76%] [32mBuilding CXX object CMakeFiles/msg_format__rosidl_typesupport_fastrtps_c.dir/rosidl_typesupport_fastrtps_c/msg_format/srv/detail/gripper_format__type_support_c.cpp.o[0m
[3.684s] [ 77%] [32mBuilding CXX object CMakeFiles/msg_format__rosidl_typesupport_fastrtps_c.dir/rosidl_typesupport_fastrtps_c/msg_format/srv/detail/cobotta_format__type_support_c.cpp.o[0m
[3.685s] [ 78%] [32mBuilding CXX object CMakeFiles/msg_format__rosidl_typesupport_fastrtps_c.dir/rosidl_typesupport_fastrtps_c/msg_format/srv/detail/weighing_format__type_support_c.cpp.o[0m
[4.000s] [ 80%] [32m[1mLinking CXX shared library libmsg_format__rosidl_typesupport_fastrtps_c.so[0m
[4.057s] [ 80%] Built target msg_format__rosidl_typesupport_fastrtps_c
[4.063s] [35m[1mScanning dependencies of target msg_format[0m
[4.070s] [ 80%] Built target msg_format
[4.077s] [35m[1mScanning dependencies of target msg_format__py[0m
[4.085s] [ 81%] [34m[1mGenerating Python code for ROS interfaces[0m
[4.898s] [ 81%] Built target msg_format__py
[4.905s] [35m[1mScanning dependencies of target msg_format__python[0m
[4.923s] [ 90%] [32mBuilding C object CMakeFiles/msg_format__python.dir/rosidl_generator_py/msg_format/srv/_furnace_format_s.c.o[0m
[4.923s] [ 90%] [32mBuilding C object CMakeFiles/msg_format__python.dir/rosidl_generator_py/msg_format/srv/_slider_format_s.c.o[0m
[4.923s] [ 90%] [32mBuilding C object CMakeFiles/msg_format__python.dir/rosidl_generator_py/msg_format/srv/_weighing_format_s.c.o[0m
[4.923s] [ 90%] [32mBuilding C object CMakeFiles/msg_format__python.dir/rosidl_generator_py/msg_format/srv/_plc_format_s.c.o[0m
[4.923s] [ 90%] [32mBuilding C object CMakeFiles/msg_format__python.dir/rosidl_generator_py/msg_format/srv/_cobotta_format_s.c.o[0m
[4.923s] [ 90%] [32mBuilding C object CMakeFiles/msg_format__python.dir/rosidl_generator_py/msg_format/srv/_gripper_format_s.c.o[0m
[4.994s] [ 91%] [32m[1mLinking C shared library rosidl_generator_py/msg_format/libmsg_format__python.so[0m
[5.023s] [ 91%] Built target msg_format__python
[5.030s] [35m[1mScanning dependencies of target msg_format__rosidl_typesupport_introspection_c__pyext[0m
[5.030s] [35m[1mScanning dependencies of target msg_format__rosidl_typesupport_c__pyext[0m
[5.030s] [35m[1mScanning dependencies of target msg_format__rosidl_typesupport_fastrtps_c__pyext[0m
[5.044s] [ 95%] [32mBuilding C object CMakeFiles/msg_format__rosidl_typesupport_introspection_c__pyext.dir/rosidl_generator_py/msg_format/_msg_format_s.ep.rosidl_typesupport_introspection_c.c.o[0m
[5.044s] [ 95%] [32mBuilding C object CMakeFiles/msg_format__rosidl_typesupport_c__pyext.dir/rosidl_generator_py/msg_format/_msg_format_s.ep.rosidl_typesupport_c.c.o[0m
[5.044s] [ 95%] [32mBuilding C object CMakeFiles/msg_format__rosidl_typesupport_fastrtps_c__pyext.dir/rosidl_generator_py/msg_format/_msg_format_s.ep.rosidl_typesupport_fastrtps_c.c.o[0m
[5.128s] [100%] [32m[1mLinking CXX shared library rosidl_generator_py/msg_format/msg_format_s__rosidl_typesupport_fastrtps_c.cpython-39-x86_64-linux-gnu.so[0m
[5.128s] [100%] [32m[1mLinking C shared library rosidl_generator_py/msg_format/msg_format_s__rosidl_typesupport_introspection_c.cpython-39-x86_64-linux-gnu.so[0m
[5.128s] [100%] [32m[1mLinking C shared library rosidl_generator_py/msg_format/msg_format_s__rosidl_typesupport_c.cpython-39-x86_64-linux-gnu.so[0m
[5.155s] [100%] Built target msg_format__rosidl_typesupport_c__pyext
[5.155s] [100%] Built target msg_format__rosidl_typesupport_introspection_c__pyext
[5.178s] [100%] Built target msg_format__rosidl_typesupport_fastrtps_c__pyext
[5.185s] Invoked command in '/home/arc/Documents/automatic_arc_melting_system/build/msg_format' returned '0': CMAKE_PREFIX_PATH=/opt/ros/foxy /usr/bin/cmake --build /home/arc/Documents/automatic_arc_melting_system/build/msg_format -- -j16 -l16
[5.251s] Invoking command in '/home/arc/Documents/automatic_arc_melting_system/build/msg_format': CMAKE_PREFIX_PATH=/opt/ros/foxy /usr/bin/cmake --install /home/arc/Documents/automatic_arc_melting_system/build/msg_format
[5.258s] -- Install configuration: ""
[5.258s] -- Installing: /home/arc/Documents/automatic_arc_melting_system/install/msg_format/share/ament_index/resource_index/rosidl_interfaces/msg_format
[5.258s] -- Installing: /home/arc/Documents/automatic_arc_melting_system/install/msg_format/include/msg_format
[5.258s] -- Installing: /home/arc/Documents/automatic_arc_melting_system/install/msg_format/include/msg_format/srv
[5.258s] -- Installing: /home/arc/Documents/automatic_arc_melting_system/install/msg_format/include/msg_format/srv/cobotta_format.h
[5.258s] -- Installing: /home/arc/Documents/automatic_arc_melting_system/install/msg_format/include/msg_format/srv/plc_format.h
[5.258s] -- Installing: /home/arc/Documents/automatic_arc_melting_system/install/msg_format/include/msg_format/srv/weighing_format.h
[5.258s] -- Installing: /home/arc/Documents/automatic_arc_melting_system/install/msg_format/include/msg_format/srv/detail
[5.258s] -- Installing: /home/arc/Documents/automatic_arc_melting_system/install/msg_format/include/msg_format/srv/detail/plc_format__functions.c
[5.258s] -- Installing: /home/arc/Documents/automatic_arc_melting_system/install/msg_format/include/msg_format/srv/detail/weighing_format__struct.h
[5.259s] -- Installing: /home/arc/Documents/automatic_arc_melting_system/install/msg_format/include/msg_format/srv/detail/plc_format__type_support.h
[5.259s] -- Installing: /home/arc/Documents/automatic_arc_melting_system/install/msg_format/include/msg_format/srv/detail/cobotta_format__functions.c
[5.259s] -- Installing: /home/arc/Documents/automatic_arc_melting_system/install/msg_format/include/msg_format/srv/detail/cobotta_format__functions.h
[5.259s] -- Installing: /home/arc/Documents/automatic_arc_melting_system/install/msg_format/include/msg_format/srv/detail/furnace_format__functions.c
[5.259s] -- Installing: /home/arc/Documents/automatic_arc_melting_system/install/msg_format/include/msg_format/srv/detail/slider_format__functions.h
[5.259s] -- Installing: /home/arc/Documents/automatic_arc_melting_system/install/msg_format/include/msg_format/srv/detail/cobotta_format__type_support.h
[5.259s] -- Installing: /home/arc/Documents/automatic_arc_melting_system/install/msg_format/include/msg_format/srv/detail/gripper_format__struct.h
[5.259s] -- Installing: /home/arc/Documents/automatic_arc_melting_system/install/msg_format/include/msg_format/srv/detail/furnace_format__functions.h
[5.259s] -- Installing: /home/arc/Documents/automatic_arc_melting_system/install/msg_format/include/msg_format/srv/detail/furnace_format__type_support.h
[5.259s] -- Installing: /home/arc/Documents/automatic_arc_melting_system/install/msg_format/include/msg_format/srv/detail/slider_format__functions.c
[5.259s] -- Installing: /home/arc/Documents/automatic_arc_melting_system/install/msg_format/include/msg_format/srv/detail/plc_format__struct.h
[5.259s] -- Installing: /home/arc/Documents/automatic_arc_melting_system/install/msg_format/include/msg_format/srv/detail/weighing_format__type_support.h
[5.260s] -- Installing: /home/arc/Documents/automatic_arc_melting_system/install/msg_format/include/msg_format/srv/detail/cobotta_format__struct.h
[5.260s] -- Installing: /home/arc/Documents/automatic_arc_melting_system/install/msg_format/include/msg_format/srv/detail/gripper_format__type_support.h
[5.260s] -- Installing: /home/arc/Documents/automatic_arc_melting_system/install/msg_format/include/msg_format/srv/detail/slider_format__type_support.h
[5.260s] -- Installing: /home/arc/Documents/automatic_arc_melting_system/install/msg_format/include/msg_format/srv/detail/plc_format__functions.h
[5.260s] -- Installing: /home/arc/Documents/automatic_arc_melting_system/install/msg_format/include/msg_format/srv/detail/furnace_format__struct.h
[5.260s] -- Installing: /home/arc/Documents/automatic_arc_melting_system/install/msg_format/include/msg_format/srv/detail/weighing_format__functions.c
[5.260s] -- Installing: /home/arc/Documents/automatic_arc_melting_system/install/msg_format/include/msg_format/srv/detail/gripper_format__functions.c
[5.260s] -- Installing: /home/arc/Documents/automatic_arc_melting_system/install/msg_format/include/msg_format/srv/detail/slider_format__struct.h
[5.260s] -- Installing: /home/arc/Documents/automatic_arc_melting_system/install/msg_format/include/msg_format/srv/detail/weighing_format__functions.h
[5.260s] -- Installing: /home/arc/Documents/automatic_arc_melting_system/install/msg_format/include/msg_format/srv/detail/gripper_format__functions.h
[5.260s] -- Installing: /home/arc/Documents/automatic_arc_melting_system/install/msg_format/include/msg_format/srv/gripper_format.h
[5.260s] -- Installing: /home/arc/Documents/automatic_arc_melting_system/install/msg_format/include/msg_format/srv/furnace_format.h
[5.261s] -- Installing: /home/arc/Documents/automatic_arc_melting_system/install/msg_format/include/msg_format/srv/slider_format.h
[5.261s] -- Installing: /home/arc/Documents/automatic_arc_melting_system/install/msg_format/include/msg_format/msg
[5.261s] -- Installing: /home/arc/Documents/automatic_arc_melting_system/install/msg_format/include/msg_format/msg/rosidl_generator_c__visibility_control.h
[5.261s] -- Installing: /home/arc/Documents/automatic_arc_melting_system/install/msg_format/share/msg_format/environment/library_path.sh
[5.261s] -- Installing: /home/arc/Documents/automatic_arc_melting_system/install/msg_format/share/msg_format/environment/library_path.dsv
[5.261s] -- Installing: /home/arc/Documents/automatic_arc_melting_system/install/msg_format/lib/libmsg_format__rosidl_generator_c.so
[5.261s] -- Set runtime path of "/home/arc/Documents/automatic_arc_melting_system/install/msg_format/lib/libmsg_format__rosidl_generator_c.so" to ""
[5.261s] -- Up-to-date: /home/arc/Documents/automatic_arc_melting_system/install/msg_format/include/msg_format
[5.261s] -- Up-to-date: /home/arc/Documents/automatic_arc_melting_system/install/msg_format/include/msg_format/srv
[5.261s] -- Up-to-date: /home/arc/Documents/automatic_arc_melting_system/install/msg_format/include/msg_format/srv/detail
[5.261s] -- Installing: /home/arc/Documents/automatic_arc_melting_system/install/msg_format/include/msg_format/srv/detail/plc_format__rosidl_typesupport_fastrtps_c.h
[5.261s] -- Installing: /home/arc/Documents/automatic_arc_melting_system/install/msg_format/include/msg_format/srv/detail/gripper_format__rosidl_typesupport_fastrtps_c.h
[5.261s] -- Installing: /home/arc/Documents/automatic_arc_melting_system/install/msg_format/include/msg_format/srv/detail/furnace_format__rosidl_typesupport_fastrtps_c.h
[5.262s] -- Installing: /home/arc/Documents/automatic_arc_melting_system/install/msg_format/include/msg_format/srv/detail/slider_format__rosidl_typesupport_fastrtps_c.h
[5.262s] -- Installing: /home/arc/Documents/automatic_arc_melting_system/install/msg_format/include/msg_format/srv/detail/weighing_format__rosidl_typesupport_fastrtps_c.h
[5.262s] -- Installing: /home/arc/Documents/automatic_arc_melting_system/install/msg_format/include/msg_format/srv/detail/cobotta_format__rosidl_typesupport_fastrtps_c.h
[5.262s] -- Up-to-date: /home/arc/Documents/automatic_arc_melting_system/install/msg_format/include/msg_format/msg
[5.262s] -- Installing: /home/arc/Documents/automatic_arc_melting_system/install/msg_format/include/msg_format/msg/rosidl_typesupport_fastrtps_c__visibility_control.h
[5.262s] -- Installing: /home/arc/Documents/automatic_arc_melting_system/install/msg_format/lib/libmsg_format__rosidl_typesupport_fastrtps_c.so
[5.262s] -- Set runtime path of "/home/arc/Documents/automatic_arc_melting_system/install/msg_format/lib/libmsg_format__rosidl_typesupport_fastrtps_c.so" to ""
[5.262s] -- Up-to-date: /home/arc/Documents/automatic_arc_melting_system/install/msg_format/include/msg_format
[5.262s] -- Up-to-date: /home/arc/Documents/automatic_arc_melting_system/install/msg_format/include/msg_format/srv
[5.262s] -- Up-to-date: /home/arc/Documents/automatic_arc_melting_system/install/msg_format/include/msg_format/srv/detail
[5.262s] -- Installing: /home/arc/Documents/automatic_arc_melting_system/install/msg_format/include/msg_format/srv/detail/dds_fastrtps
[5.262s] -- Installing: /home/arc/Documents/automatic_arc_melting_system/install/msg_format/include/msg_format/srv/detail/gripper_format__rosidl_typesupport_fastrtps_cpp.hpp
[5.262s] -- Installing: /home/arc/Documents/automatic_arc_melting_system/install/msg_format/include/msg_format/srv/detail/weighing_format__rosidl_typesupport_fastrtps_cpp.hpp
[5.262s] -- Installing: /home/arc/Documents/automatic_arc_melting_system/install/msg_format/include/msg_format/srv/detail/slider_format__rosidl_typesupport_fastrtps_cpp.hpp
[5.262s] -- Installing: /home/arc/Documents/automatic_arc_melting_system/install/msg_format/include/msg_format/srv/detail/plc_format__rosidl_typesupport_fastrtps_cpp.hpp
[5.262s] -- Installing: /home/arc/Documents/automatic_arc_melting_system/install/msg_format/include/msg_format/srv/detail/furnace_format__rosidl_typesupport_fastrtps_cpp.hpp
[5.263s] -- Installing: /home/arc/Documents/automatic_arc_melting_system/install/msg_format/include/msg_format/srv/detail/cobotta_format__rosidl_typesupport_fastrtps_cpp.hpp
[5.263s] -- Up-to-date: /home/arc/Documents/automatic_arc_melting_system/install/msg_format/include/msg_format/msg
[5.263s] -- Installing: /home/arc/Documents/automatic_arc_melting_system/install/msg_format/include/msg_format/msg/rosidl_typesupport_fastrtps_cpp__visibility_control.h
[5.263s] -- Installing: /home/arc/Documents/automatic_arc_melting_system/install/msg_format/lib/libmsg_format__rosidl_typesupport_fastrtps_cpp.so
[5.263s] -- Set runtime path of "/home/arc/Documents/automatic_arc_melting_system/install/msg_format/lib/libmsg_format__rosidl_typesupport_fastrtps_cpp.so" to ""
[5.263s] -- Up-to-date: /home/arc/Documents/automatic_arc_melting_system/install/msg_format/include/msg_format
[5.263s] -- Up-to-date: /home/arc/Documents/automatic_arc_melting_system/install/msg_format/include/msg_format/srv
[5.263s] -- Up-to-date: /home/arc/Documents/automatic_arc_melting_system/install/msg_format/include/msg_format/srv/detail
[5.263s] -- Installing: /home/arc/Documents/automatic_arc_melting_system/install/msg_format/include/msg_format/srv/detail/plc_format__type_support.c
[5.263s] -- Installing: /home/arc/Documents/automatic_arc_melting_system/install/msg_format/include/msg_format/srv/detail/slider_format__type_support.c
[5.263s] -- Installing: /home/arc/Documents/automatic_arc_melting_system/install/msg_format/include/msg_format/srv/detail/slider_format__rosidl_typesupport_introspection_c.h
[5.263s] -- Installing: /home/arc/Documents/automatic_arc_melting_system/install/msg_format/include/msg_format/srv/detail/furnace_format__type_support.c
[5.263s] -- Installing: /home/arc/Documents/automatic_arc_melting_system/install/msg_format/include/msg_format/srv/detail/gripper_format__type_support.c
[5.263s] -- Installing: /home/arc/Documents/automatic_arc_melting_system/install/msg_format/include/msg_format/srv/detail/cobotta_format__rosidl_typesupport_introspection_c.h
[5.264s] -- Installing: /home/arc/Documents/automatic_arc_melting_system/install/msg_format/include/msg_format/srv/detail/plc_format__rosidl_typesupport_introspection_c.h
[5.264s] -- Installing: /home/arc/Documents/automatic_arc_melting_system/install/msg_format/include/msg_format/srv/detail/cobotta_format__type_support.c
[5.264s] -- Installing: /home/arc/Documents/automatic_arc_melting_system/install/msg_format/include/msg_format/srv/detail/gripper_format__rosidl_typesupport_introspection_c.h
[5.264s] -- Installing: /home/arc/Documents/automatic_arc_melting_system/install/msg_format/include/msg_format/srv/detail/furnace_format__rosidl_typesupport_introspection_c.h
[5.264s] -- Installing: /home/arc/Documents/automatic_arc_melting_system/install/msg_format/include/msg_format/srv/detail/weighing_format__type_support.c
[5.264s] -- Installing: /home/arc/Documents/automatic_arc_melting_system/install/msg_format/include/msg_format/srv/detail/weighing_format__rosidl_typesupport_introspection_c.h
[5.264s] -- Up-to-date: /home/arc/Documents/automatic_arc_melting_system/install/msg_format/include/msg_format/msg
[5.264s] -- Installing: /home/arc/Documents/automatic_arc_melting_system/install/msg_format/include/msg_format/msg/rosidl_typesupport_introspection_c__visibility_control.h
[5.264s] -- Installing: /home/arc/Documents/automatic_arc_melting_system/install/msg_format/lib/libmsg_format__rosidl_typesupport_introspection_c.so
[5.264s] -- Set runtime path of "/home/arc/Documents/automatic_arc_melting_system/install/msg_format/lib/libmsg_format__rosidl_typesupport_introspection_c.so" to ""
[5.264s] -- Installing: /home/arc/Documents/automatic_arc_melting_system/install/msg_format/lib/libmsg_format__rosidl_typesupport_c.so
[5.264s] -- Set runtime path of "/home/arc/Documents/automatic_arc_melting_system/install/msg_format/lib/libmsg_format__rosidl_typesupport_c.so" to ""
[5.264s] -- Up-to-date: /home/arc/Documents/automatic_arc_melting_system/install/msg_format/include/msg_format
[5.265s] -- Up-to-date: /home/arc/Documents/automatic_arc_melting_system/install/msg_format/include/msg_format/srv
[5.265s] -- Installing: /home/arc/Documents/automatic_arc_melting_system/install/msg_format/include/msg_format/srv/slider_format.hpp
[5.265s] -- Up-to-date: /home/arc/Documents/automatic_arc_melting_system/install/msg_format/include/msg_format/srv/detail
[5.265s] -- Installing: /home/arc/Documents/automatic_arc_melting_system/install/msg_format/include/msg_format/srv/detail/gripper_format__traits.hpp
[5.265s] -- Installing: /home/arc/Documents/automatic_arc_melting_system/install/msg_format/include/msg_format/srv/detail/weighing_format__struct.hpp
[5.265s] -- Installing: /home/arc/Documents/automatic_arc_melting_system/install/msg_format/include/msg_format/srv/detail/gripper_format__builder.hpp
[5.265s] -- Installing: /home/arc/Documents/automatic_arc_melting_system/install/msg_format/include/msg_format/srv/detail/slider_format__struct.hpp
[5.265s] -- Installing: /home/arc/Documents/automatic_arc_melting_system/install/msg_format/include/msg_format/srv/detail/plc_format__struct.hpp
[5.265s] -- Installing: /home/arc/Documents/automatic_arc_melting_system/install/msg_format/include/msg_format/srv/detail/weighing_format__builder.hpp
[5.265s] -- Installing: /home/arc/Documents/automatic_arc_melting_system/install/msg_format/include/msg_format/srv/detail/slider_format__builder.hpp
[5.265s] -- Installing: /home/arc/Documents/automatic_arc_melting_system/install/msg_format/include/msg_format/srv/detail/plc_format__traits.hpp
[5.265s] -- Installing: /home/arc/Documents/automatic_arc_melting_system/install/msg_format/include/msg_format/srv/detail/gripper_format__struct.hpp
[5.265s] -- Installing: /home/arc/Documents/automatic_arc_melting_system/install/msg_format/include/msg_format/srv/detail/slider_format__traits.hpp
[5.265s] -- Installing: /home/arc/Documents/automatic_arc_melting_system/install/msg_format/include/msg_format/srv/detail/furnace_format__struct.hpp
[5.265s] -- Installing: /home/arc/Documents/automatic_arc_melting_system/install/msg_format/include/msg_format/srv/detail/cobotta_format__builder.hpp
[5.265s] -- Installing: /home/arc/Documents/automatic_arc_melting_system/install/msg_format/include/msg_format/srv/detail/furnace_format__builder.hpp
[5.266s] -- Installing: /home/arc/Documents/automatic_arc_melting_system/install/msg_format/include/msg_format/srv/detail/plc_format__builder.hpp
[5.266s] -- Installing: /home/arc/Documents/automatic_arc_melting_system/install/msg_format/include/msg_format/srv/detail/cobotta_format__struct.hpp
[5.266s] -- Installing: /home/arc/Documents/automatic_arc_melting_system/install/msg_format/include/msg_format/srv/detail/furnace_format__traits.hpp
[5.266s] -- Installing: /home/arc/Documents/automatic_arc_melting_system/install/msg_format/include/msg_format/srv/detail/cobotta_format__traits.hpp
[5.266s] -- Installing: /home/arc/Documents/automatic_arc_melting_system/install/msg_format/include/msg_format/srv/detail/weighing_format__traits.hpp
[5.266s] -- Installing: /home/arc/Documents/automatic_arc_melting_system/install/msg_format/include/msg_format/srv/cobotta_format.hpp
[5.266s] -- Installing: /home/arc/Documents/automatic_arc_melting_system/install/msg_format/include/msg_format/srv/gripper_format.hpp
[5.266s] -- Installing: /home/arc/Documents/automatic_arc_melting_system/install/msg_format/include/msg_format/srv/weighing_format.hpp
[5.266s] -- Installing: /home/arc/Documents/automatic_arc_melting_system/install/msg_format/include/msg_format/srv/plc_format.hpp
[5.266s] -- Installing: /home/arc/Documents/automatic_arc_melting_system/install/msg_format/include/msg_format/srv/furnace_format.hpp
[5.267s] -- Up-to-date: /home/arc/Documents/automatic_arc_melting_system/install/msg_format/include/msg_format
[5.267s] -- Up-to-date: /home/arc/Documents/automatic_arc_melting_system/install/msg_format/include/msg_format/srv
[5.267s] -- Up-to-date: /home/arc/Documents/automatic_arc_melting_system/install/msg_format/include/msg_format/srv/detail
[5.267s] -- Installing: /home/arc/Documents/automatic_arc_melting_system/install/msg_format/include/msg_format/srv/detail/plc_format__type_support.cpp
[5.267s] -- Installing: /home/arc/Documents/automatic_arc_melting_system/install/msg_format/include/msg_format/srv/detail/slider_format__rosidl_typesupport_introspection_cpp.hpp
[5.267s] -- Installing: /home/arc/Documents/automatic_arc_melting_system/install/msg_format/include/msg_format/srv/detail/cobotta_format__type_support.cpp
[5.267s] -- Installing: /home/arc/Documents/automatic_arc_melting_system/install/msg_format/include/msg_format/srv/detail/furnace_format__rosidl_typesupport_introspection_cpp.hpp
[5.267s] -- Installing: /home/arc/Documents/automatic_arc_melting_system/install/msg_format/include/msg_format/srv/detail/weighing_format__rosidl_typesupport_introspection_cpp.hpp
[5.267s] -- Installing: /home/arc/Documents/automatic_arc_melting_system/install/msg_format/include/msg_format/srv/detail/gripper_format__rosidl_typesupport_introspection_cpp.hpp
[5.267s] -- Installing: /home/arc/Documents/automatic_arc_melting_system/install/msg_format/include/msg_format/srv/detail/plc_format__rosidl_typesupport_introspection_cpp.hpp
[5.267s] -- Installing: /home/arc/Documents/automatic_arc_melting_system/install/msg_format/include/msg_format/srv/detail/slider_format__type_support.cpp
[5.268s] -- Installing: /home/arc/Documents/automatic_arc_melting_system/install/msg_format/include/msg_format/srv/detail/gripper_format__type_support.cpp
[5.268s] -- Installing: /home/arc/Documents/automatic_arc_melting_system/install/msg_format/include/msg_format/srv/detail/furnace_format__type_support.cpp
[5.268s] -- Installing: /home/arc/Documents/automatic_arc_melting_system/install/msg_format/include/msg_format/srv/detail/cobotta_format__rosidl_typesupport_introspection_cpp.hpp
[5.268s] -- Installing: /home/arc/Documents/automatic_arc_melting_system/install/msg_format/include/msg_format/srv/detail/weighing_format__type_support.cpp
[5.268s] -- Installing: /home/arc/Documents/automatic_arc_melting_system/install/msg_format/lib/libmsg_format__rosidl_typesupport_introspection_cpp.so
[5.268s] -- Set runtime path of "/home/arc/Documents/automatic_arc_melting_system/install/msg_format/lib/libmsg_format__rosidl_typesupport_introspection_cpp.so" to ""
[5.268s] -- Installing: /home/arc/Documents/automatic_arc_melting_system/install/msg_format/lib/libmsg_format__rosidl_typesupport_cpp.so
[5.268s] -- Set runtime path of "/home/arc/Documents/automatic_arc_melting_system/install/msg_format/lib/libmsg_format__rosidl_typesupport_cpp.so" to ""
[5.268s] -- Installing: /home/arc/Documents/automatic_arc_melting_system/install/msg_format/share/msg_format/environment/pythonpath.sh
[5.269s] -- Installing: /home/arc/Documents/automatic_arc_melting_system/install/msg_format/share/msg_format/environment/pythonpath.dsv
[5.269s] -- Installing: /home/arc/Documents/automatic_arc_melting_system/install/msg_format/lib/python3.9/site-packages/msg_format/__init__.py
[5.297s] Compiling '/home/arc/Documents/automatic_arc_melting_system/install/msg_format/lib/python3.9/site-packages/msg_format/__init__.py'...
[5.303s] -- Installing: /home/arc/Documents/automatic_arc_melting_system/install/msg_format/lib/python3.9/site-packages/msg_format/srv
[5.303s] -- Installing: /home/arc/Documents/automatic_arc_melting_system/install/msg_format/lib/python3.9/site-packages/msg_format/srv/_furnace_format.py
[5.303s] -- Installing: /home/arc/Documents/automatic_arc_melting_system/install/msg_format/lib/python3.9/site-packages/msg_format/srv/__init__.py
[5.303s] -- Installing: /home/arc/Documents/automatic_arc_melting_system/install/msg_format/lib/python3.9/site-packages/msg_format/srv/_weighing_format_s.c
[5.303s] -- Installing: /home/arc/Documents/automatic_arc_melting_system/install/msg_format/lib/python3.9/site-packages/msg_format/srv/_slider_format_s.c
[5.303s] -- Installing: /home/arc/Documents/automatic_arc_melting_system/install/msg_format/lib/python3.9/site-packages/msg_format/srv/_gripper_format.py
[5.303s] -- Installing: /home/arc/Documents/automatic_arc_melting_system/install/msg_format/lib/python3.9/site-packages/msg_format/srv/_cobotta_format_s.c
[5.303s] -- Installing: /home/arc/Documents/automatic_arc_melting_system/install/msg_format/lib/python3.9/site-packages/msg_format/srv/_plc_format_s.c
[5.303s] -- Installing: /home/arc/Documents/automatic_arc_melting_system/install/msg_format/lib/python3.9/site-packages/msg_format/srv/_cobotta_format.py
[5.303s] -- Installing: /home/arc/Documents/automatic_arc_melting_system/install/msg_format/lib/python3.9/site-packages/msg_format/srv/_plc_format.py
[5.303s] -- Installing: /home/arc/Documents/automatic_arc_melting_system/install/msg_format/lib/python3.9/site-packages/msg_format/srv/_slider_format.py
[5.303s] -- Installing: /home/arc/Documents/automatic_arc_melting_system/install/msg_format/lib/python3.9/site-packages/msg_format/srv/_weighing_format.py
[5.303s] -- Installing: /home/arc/Documents/automatic_arc_melting_system/install/msg_format/lib/python3.9/site-packages/msg_format/srv/_furnace_format_s.c
[5.303s] -- Installing: /home/arc/Documents/automatic_arc_melting_system/install/msg_format/lib/python3.9/site-packages/msg_format/srv/_gripper_format_s.c
[5.304s] -- Installing: /home/arc/Documents/automatic_arc_melting_system/install/msg_format/lib/python3.9/site-packages/msg_format/msg_format_s__rosidl_typesupport_fastrtps_c.cpython-39-x86_64-linux-gnu.so
[5.304s] -- Set runtime path of "/home/arc/Documents/automatic_arc_melting_system/install/msg_format/lib/python3.9/site-packages/msg_format/msg_format_s__rosidl_typesupport_fastrtps_c.cpython-39-x86_64-linux-gnu.so" to ""
[5.304s] -- Installing: /home/arc/Documents/automatic_arc_melting_system/install/msg_format/lib/python3.9/site-packages/msg_format/msg_format_s__rosidl_typesupport_introspection_c.cpython-39-x86_64-linux-gnu.so
[5.304s] -- Set runtime path of "/home/arc/Documents/automatic_arc_melting_system/install/msg_format/lib/python3.9/site-packages/msg_format/msg_format_s__rosidl_typesupport_introspection_c.cpython-39-x86_64-linux-gnu.so" to ""
[5.305s] -- Installing: /home/arc/Documents/automatic_arc_melting_system/install/msg_format/lib/python3.9/site-packages/msg_format/msg_format_s__rosidl_typesupport_c.cpython-39-x86_64-linux-gnu.so
[5.305s] -- Set runtime path of "/home/arc/Documents/automatic_arc_melting_system/install/msg_format/lib/python3.9/site-packages/msg_format/msg_format_s__rosidl_typesupport_c.cpython-39-x86_64-linux-gnu.so" to ""
[5.305s] -- Installing: /home/arc/Documents/automatic_arc_melting_system/install/msg_format/lib/libmsg_format__python.so
[5.305s] -- Set runtime path of "/home/arc/Documents/automatic_arc_melting_system/install/msg_format/lib/libmsg_format__python.so" to ""
[5.305s] -- Installing: /home/arc/Documents/automatic_arc_melting_system/install/msg_format/share/msg_format/srv/CobottaFormat.idl
[5.305s] -- Installing: /home/arc/Documents/automatic_arc_melting_system/install/msg_format/share/msg_format/srv/FurnaceFormat.idl
[5.305s] -- Installing: /home/arc/Documents/automatic_arc_melting_system/install/msg_format/share/msg_format/srv/GripperFormat.idl
[5.306s] -- Installing: /home/arc/Documents/automatic_arc_melting_system/install/msg_format/share/msg_format/srv/PlcFormat.idl
[5.306s] -- Installing: /home/arc/Documents/automatic_arc_melting_system/install/msg_format/share/msg_format/srv/SliderFormat.idl
[5.306s] -- Installing: /home/arc/Documents/automatic_arc_melting_system/install/msg_format/share/msg_format/srv/WeighingFormat.idl
[5.306s] -- Installing: /home/arc/Documents/automatic_arc_melting_system/install/msg_format/share/msg_format/srv/CobottaFormat.srv
[5.306s] -- Installing: /home/arc/Documents/automatic_arc_melting_system/install/msg_format/share/msg_format/srv/CobottaFormat_Request.msg
[5.306s] -- Installing: /home/arc/Documents/automatic_arc_melting_system/install/msg_format/share/msg_format/srv/CobottaFormat_Response.msg
[5.306s] -- Installing: /home/arc/Documents/automatic_arc_melting_system/install/msg_format/share/msg_format/srv/FurnaceFormat.srv
[5.306s] -- Installing: /home/arc/Documents/automatic_arc_melting_system/install/msg_format/share/msg_format/srv/FurnaceFormat_Request.msg
[5.306s] -- Installing: /home/arc/Documents/automatic_arc_melting_system/install/msg_format/share/msg_format/srv/FurnaceFormat_Response.msg
[5.306s] -- Installing: /home/arc/Documents/automatic_arc_melting_system/install/msg_format/share/msg_format/srv/GripperFormat.srv
[5.306s] -- Installing: /home/arc/Documents/automatic_arc_melting_system/install/msg_format/share/msg_format/srv/GripperFormat_Request.msg
[5.306s] -- Installing: /home/arc/Documents/automatic_arc_melting_system/install/msg_format/share/msg_format/srv/GripperFormat_Response.msg
[5.306s] -- Installing: /home/arc/Documents/automatic_arc_melting_system/install/msg_format/share/msg_format/srv/PlcFormat.srv
[5.307s] -- Installing: /home/arc/Documents/automatic_arc_melting_system/install/msg_format/share/msg_format/srv/PlcFormat_Request.msg
[5.307s] -- Installing: /home/arc/Documents/automatic_arc_melting_system/install/msg_format/share/msg_format/srv/PlcFormat_Response.msg
[5.307s] -- Installing: /home/arc/Documents/automatic_arc_melting_system/install/msg_format/share/msg_format/srv/SliderFormat.srv
[5.307s] -- Installing: /home/arc/Documents/automatic_arc_melting_system/install/msg_format/share/msg_format/srv/SliderFormat_Request.msg
[5.307s] -- Installing: /home/arc/Documents/automatic_arc_melting_system/install/msg_format/share/msg_format/srv/SliderFormat_Response.msg
[5.307s] -- Installing: /home/arc/Documents/automatic_arc_melting_system/install/msg_format/share/msg_format/srv/WeighingFormat.srv
[5.307s] -- Installing: /home/arc/Documents/automatic_arc_melting_system/install/msg_format/share/msg_format/srv/WeighingFormat_Request.msg
[5.307s] -- Installing: /home/arc/Documents/automatic_arc_melting_system/install/msg_format/share/msg_format/srv/WeighingFormat_Response.msg
[5.307s] -- Installing: /home/arc/Documents/automatic_arc_melting_system/install/msg_format/share/ament_index/resource_index/package_run_dependencies/msg_format
[5.307s] -- Installing: /home/arc/Documents/automatic_arc_melting_system/install/msg_format/share/ament_index/resource_index/parent_prefix_path/msg_format
[5.307s] -- Installing: /home/arc/Documents/automatic_arc_melting_system/install/msg_format/share/msg_format/environment/ament_prefix_path.sh
[5.307s] -- Installing: /home/arc/Documents/automatic_arc_melting_system/install/msg_format/share/msg_format/environment/ament_prefix_path.dsv
[5.308s] -- Installing: /home/arc/Documents/automatic_arc_melting_system/install/msg_format/share/msg_format/environment/path.sh
[5.308s] -- Installing: /home/arc/Documents/automatic_arc_melting_system/install/msg_format/share/msg_format/environment/path.dsv
[5.308s] -- Installing: /home/arc/Documents/automatic_arc_melting_system/install/msg_format/share/msg_format/local_setup.bash
[5.308s] -- Installing: /home/arc/Documents/automatic_arc_melting_system/install/msg_format/share/msg_format/local_setup.sh
[5.308s] -- Installing: /home/arc/Documents/automatic_arc_melting_system/install/msg_format/share/msg_format/local_setup.zsh
[5.308s] -- Installing: /home/arc/Documents/automatic_arc_melting_system/install/msg_format/share/msg_format/local_setup.dsv
[5.308s] -- Installing: /home/arc/Documents/automatic_arc_melting_system/install/msg_format/share/msg_format/package.dsv
[5.308s] -- Installing: /home/arc/Documents/automatic_arc_melting_system/install/msg_format/share/ament_index/resource_index/packages/msg_format
[5.308s] -- Installing: /home/arc/Documents/automatic_arc_melting_system/install/msg_format/share/msg_format/cmake/msg_format__rosidl_generator_cExport.cmake
[5.308s] -- Installing: /home/arc/Documents/automatic_arc_melting_system/install/msg_format/share/msg_format/cmake/msg_format__rosidl_generator_cExport-noconfig.cmake
[5.308s] -- Installing: /home/arc/Documents/automatic_arc_melting_system/install/msg_format/share/msg_format/cmake/msg_format__rosidl_typesupport_introspection_cExport.cmake
[5.309s] -- Installing: /home/arc/Documents/automatic_arc_melting_system/install/msg_format/share/msg_format/cmake/msg_format__rosidl_typesupport_introspection_cExport-noconfig.cmake
[5.309s] -- Installing: /home/arc/Documents/automatic_arc_melting_system/install/msg_format/share/msg_format/cmake/msg_format__rosidl_typesupport_cExport.cmake
[5.309s] -- Installing: /home/arc/Documents/automatic_arc_melting_system/install/msg_format/share/msg_format/cmake/msg_format__rosidl_typesupport_cExport-noconfig.cmake
[5.309s] -- Installing: /home/arc/Documents/automatic_arc_melting_system/install/msg_format/share/msg_format/cmake/msg_format__rosidl_generator_cppExport.cmake
[5.309s] -- Installing: /home/arc/Documents/automatic_arc_melting_system/install/msg_format/share/msg_format/cmake/msg_format__rosidl_typesupport_introspection_cppExport.cmake
[5.309s] -- Installing: /home/arc/Documents/automatic_arc_melting_system/install/msg_format/share/msg_format/cmake/msg_format__rosidl_typesupport_introspection_cppExport-noconfig.cmake
[5.309s] -- Installing: /home/arc/Documents/automatic_arc_melting_system/install/msg_format/share/msg_format/cmake/msg_format__rosidl_typesupport_cppExport.cmake
[5.309s] -- Installing: /home/arc/Documents/automatic_arc_melting_system/install/msg_format/share/msg_format/cmake/msg_format__rosidl_typesupport_cppExport-noconfig.cmake
[5.309s] -- Installing: /home/arc/Documents/automatic_arc_melting_system/install/msg_format/share/msg_format/cmake/rosidl_cmake-extras.cmake
[5.309s] -- Installing: /home/arc/Documents/automatic_arc_melting_system/install/msg_format/share/msg_format/cmake/ament_cmake_export_dependencies-extras.cmake
[5.310s] -- Installing: /home/arc/Documents/automatic_arc_melting_system/install/msg_format/share/msg_format/cmake/ament_cmake_export_libraries-extras.cmake
[5.310s] -- Installing: /home/arc/Documents/automatic_arc_melting_system/install/msg_format/share/msg_format/cmake/ament_cmake_export_targets-extras.cmake
[5.310s] -- Installing: /home/arc/Documents/automatic_arc_melting_system/install/msg_format/share/msg_format/cmake/ament_cmake_export_include_directories-extras.cmake
[5.310s] -- Installing: /home/arc/Documents/automatic_arc_melting_system/install/msg_format/share/msg_format/cmake/rosidl_cmake_export_typesupport_libraries-extras.cmake
[5.310s] -- Installing: /home/arc/Documents/automatic_arc_melting_system/install/msg_format/share/msg_format/cmake/rosidl_cmake_export_typesupport_targets-extras.cmake
[5.310s] -- Installing: /home/arc/Documents/automatic_arc_melting_system/install/msg_format/share/msg_format/cmake/msg_formatConfig.cmake
[5.310s] -- Installing: /home/arc/Documents/automatic_arc_melting_system/install/msg_format/share/msg_format/cmake/msg_formatConfig-version.cmake
[5.310s] -- Installing: /home/arc/Documents/automatic_arc_melting_system/install/msg_format/share/msg_format/package.xml
[5.314s] Invoked command in '/home/arc/Documents/automatic_arc_melting_system/build/msg_format' returned '0': CMAKE_PREFIX_PATH=/opt/ros/foxy /usr/bin/cmake --install /home/arc/Documents/automatic_arc_melting_system/build/msg_format
