[0.207s] Invoking command in '/home/arc/Documents/automatic_arc_melting_system/build/msg_format': CMAKE_PREFIX_PATH=/opt/ros/foxy CONDA_PROMPT_MODIFIER=(base) /usr/bin/cmake /home/arc/Documents/automatic_arc_melting_system/src/msg_format -DCMAKE_INSTALL_PREFIX=/home/arc/Documents/automatic_arc_melting_system/install/msg_format
[0.245s] -- The C compiler identification is GNU 9.4.0
[0.283s] -- The CXX compiler identification is GNU 9.4.0
[0.287s] -- Check for working C compiler: /usr/bin/cc
[0.335s] -- Check for working C compiler: /usr/bin/cc -- works
[0.335s] -- Detecting C compiler ABI info
[0.395s] -- Detecting C compiler ABI info - done
[0.404s] -- Detecting C compile features
[0.404s] -- Detecting C compile features - done
[0.407s] -- Check for working CXX compiler: /usr/bin/c++
[0.477s] -- Check for working CXX compiler: /usr/bin/c++ -- works
[0.478s] -- Detecting CXX compiler ABI info
[0.540s] -- Detecting CXX compiler ABI info - done
[0.544s] -- Detecting CXX compile features
[0.544s] -- Detecting CXX compile features - done
[0.548s] -- Found ament_cmake: 0.9.9 (/opt/ros/foxy/share/ament_cmake/cmake)
[0.573s] -- Found PythonInterp: /home/wilson/anaconda3/bin/python3 (found suitable version "3.9.12", minimum required is "3") 
[0.574s] -- Using PYTHON_EXECUTABLE: /home/wilson/anaconda3/bin/python3
[0.781s] -- Found geometry_msgs: 2.0.5 (/opt/ros/foxy/share/geometry_msgs/cmake)
[0.803s] -- Using all available rosidl_typesupport_c: rosidl_typesupport_fastrtps_c;rosidl_typesupport_introspection_c
[0.808s] -- Found rosidl_adapter: 1.2.1 (/opt/ros/foxy/share/rosidl_adapter/cmake)
[0.861s] -- Found OpenSSL: /usr/lib/x86_64-linux-gnu/libcrypto.so (found version "1.1.1f")  
[0.882s] -- Found FastRTPS: /opt/ros/foxy/include  
[0.936s] -- Using all available rosidl_typesupport_cpp: rosidl_typesupport_fastrtps_cpp;rosidl_typesupport_introspection_cpp
[1.002s] -- Found rosidl_default_generators: 1.0.1 (/opt/ros/foxy/share/rosidl_default_generators/cmake)
[1.009s] CMake Error at /opt/ros/foxy/share/rosidl_cmake/cmake/rosidl_generate_interfaces.cmake:59 (message):
[1.009s]   rosidl_generate_interfaces() called without any interface files
[1.009s] Call Stack (most recent call first):
[1.009s]   CMakeLists.txt:36 (rosidl_generate_interfaces)
[1.009s] 
[1.009s] 
[1.010s] -- Configuring incomplete, errors occurred!
[1.010s] See also "/home/arc/Documents/automatic_arc_melting_system/build/msg_format/CMakeFiles/CMakeOutput.log".
[1.014s] Invoked command in '/home/arc/Documents/automatic_arc_melting_system/build/msg_format' returned '1': CMAKE_PREFIX_PATH=/opt/ros/foxy CONDA_PROMPT_MODIFIER=(base) /usr/bin/cmake /home/arc/Documents/automatic_arc_melting_system/src/msg_format -DCMAKE_INSTALL_PREFIX=/home/arc/Documents/automatic_arc_melting_system/install/msg_format
