[0.010s] Invoking command in '/home/arc/Documents/automatic_arc_melting_system/build/tcp_format': CMAKE_PREFIX_PATH=/opt/ros/foxy /usr/bin/cmake /home/arc/Documents/automatic_arc_melting_system/src/tcp_format -DCMAKE_INSTALL_PREFIX=/home/arc/Documents/automatic_arc_melting_system/install/tcp_format
[0.044s] -- The C compiler identification is GNU 9.4.0
[0.082s] -- The CXX compiler identification is GNU 9.4.0
[0.085s] -- Check for working C compiler: /usr/bin/cc
[0.127s] -- Check for working C compiler: /usr/bin/cc -- works
[0.127s] -- Detecting C compiler ABI info
[0.179s] -- Detecting C compiler ABI info - done
[0.187s] -- Detecting C compile features
[0.188s] -- Detecting C compile features - done
[0.189s] -- Check for working CXX compiler: /usr/bin/c++
[0.241s] -- Check for working CXX compiler: /usr/bin/c++ -- works
[0.242s] -- Detecting CXX compiler ABI info
[0.294s] -- Detecting CXX compiler ABI info - done
[0.302s] -- Detecting CXX compile features
[0.303s] -- Detecting CXX compile features - done
[0.304s] -- Found ament_cmake: 0.9.9 (/opt/ros/foxy/share/ament_cmake/cmake)
[0.319s] -- Found PythonInterp: /usr/bin/python3 (found suitable version "3.8.10", minimum required is "3") 
[0.319s] -- Using PYTHON_EXECUTABLE: /usr/bin/python3
[0.444s] -- Found rosidl_default_generators: 1.0.1 (/opt/ros/foxy/share/rosidl_default_generators/cmake)
[0.446s] -- Using all available rosidl_typesupport_c: rosidl_typesupport_fastrtps_c;rosidl_typesupport_introspection_c
[0.450s] -- Found rosidl_adapter: 1.2.1 (/opt/ros/foxy/share/rosidl_adapter/cmake)
[0.503s] -- Found OpenSSL: /usr/lib/x86_64-linux-gnu/libcrypto.so (found version "1.1.1f")  
[0.520s] -- Found FastRTPS: /opt/ros/foxy/include  
[0.570s] -- Using all available rosidl_typesupport_cpp: rosidl_typesupport_fastrtps_cpp;rosidl_typesupport_introspection_cpp
[0.601s] -- Found PythonInterp: /usr/bin/python3 (found version "3.8.10") 
[0.677s] -- Found ament_cmake_ros: 0.9.2 (/opt/ros/foxy/share/ament_cmake_ros/cmake)
[0.736s] -- Using all available rosidl_typesupport_c: rosidl_typesupport_fastrtps_c;rosidl_typesupport_introspection_c
[0.741s] -- Using all available rosidl_typesupport_cpp: rosidl_typesupport_fastrtps_cpp;rosidl_typesupport_introspection_cpp
[0.755s] -- Found PythonInterp: /usr/bin/python3 (found suitable version "3.8.10", minimum required is "3.5") 
[0.756s] -- Found python_cmake_module: 0.8.1 (/opt/ros/foxy/share/python_cmake_module/cmake)
[0.773s] -- Found PythonLibs: /usr/lib/x86_64-linux-gnu/libpython3.8.so (found suitable version "3.8.10", minimum required is "3.5") 
[0.773s] -- Using PYTHON_EXECUTABLE: /usr/bin/python3
[0.773s] -- Using PYTHON_INCLUDE_DIRS: /usr/include/python3.8
[0.773s] -- Using PYTHON_LIBRARIES: /usr/lib/x86_64-linux-gnu/libpython3.8.so
[0.787s] -- Found PythonExtra: .so  
[0.812s] -- Found ament_lint_auto: 0.9.6 (/opt/ros/foxy/share/ament_lint_auto/cmake)
[0.824s] -- Added test 'copyright' to check source files copyright and LICENSE
[0.825s] -- Added test 'lint_cmake' to check CMake code style
[0.825s] -- Added test 'xmllint' to check XML markup files
[0.828s] -- Configuring done
[0.846s] -- Generating done
[0.848s] -- Build files have been written to: /home/arc/Documents/automatic_arc_melting_system/build/tcp_format
[0.852s] Invoked command in '/home/arc/Documents/automatic_arc_melting_system/build/tcp_format' returned '0': CMAKE_PREFIX_PATH=/opt/ros/foxy /usr/bin/cmake /home/arc/Documents/automatic_arc_melting_system/src/tcp_format -DCMAKE_INSTALL_PREFIX=/home/arc/Documents/automatic_arc_melting_system/install/tcp_format
[0.853s] Invoking command in '/home/arc/Documents/automatic_arc_melting_system/build/tcp_format': CMAKE_PREFIX_PATH=/opt/ros/foxy /usr/bin/cmake --build /home/arc/Documents/automatic_arc_melting_system/build/tcp_format -- -j16 -l16
[0.878s] [  3%] [34m[1mGenerating C code for ROS interfaces[0m
[0.879s] [35m[1mScanning dependencies of target tcp_format__cpp[0m
[0.885s] [  6%] [34m[1mGenerating C++ code for ROS interfaces[0m
[1.042s] [35m[1mScanning dependencies of target tcp_format__rosidl_generator_c[0m
[1.043s] [  6%] Built target tcp_format__cpp
[1.049s] [  9%] [32mBuilding C object CMakeFiles/tcp_format__rosidl_generator_c.dir/rosidl_generator_c/tcp_format/srv/detail/socket_format__functions.c.o[0m
[1.049s] [ 12%] [34m[1mGenerating C++ introspection for ROS interfaces[0m
[1.049s] [ 16%] [34m[1mGenerating C++ type support dispatch for ROS interfaces[0m
[1.049s] [ 19%] [34m[1mGenerating C++ type support for eProsima Fast-RTPS[0m
[1.079s] [ 22%] [32m[1mLinking C shared library libtcp_format__rosidl_generator_c.so[0m
[1.101s] [ 22%] Built target tcp_format__rosidl_generator_c
[1.107s] [ 29%] [34m[1mGenerating C type support dispatch for ROS interfaces[0m
[1.107s] [ 29%] [34m[1mGenerating C introspection for ROS interfaces[0m
[1.189s] [35m[1mScanning dependencies of target tcp_format__rosidl_typesupport_cpp[0m
[1.196s] [ 32%] [32mBuilding CXX object CMakeFiles/tcp_format__rosidl_typesupport_cpp.dir/rosidl_typesupport_cpp/tcp_format/srv/socket_format__type_support.cpp.o[0m
[1.200s] [35m[1mScanning dependencies of target tcp_format__rosidl_typesupport_introspection_cpp[0m
[1.208s] [ 35%] [32mBuilding CXX object CMakeFiles/tcp_format__rosidl_typesupport_introspection_cpp.dir/rosidl_typesupport_introspection_cpp/tcp_format/srv/detail/socket_format__type_support.cpp.o[0m
[1.214s] [35m[1mScanning dependencies of target tcp_format__rosidl_typesupport_fastrtps_cpp[0m
[1.224s] [ 38%] [32mBuilding CXX object CMakeFiles/tcp_format__rosidl_typesupport_fastrtps_cpp.dir/rosidl_typesupport_fastrtps_cpp/tcp_format/srv/detail/dds_fastrtps/socket_format__type_support.cpp.o[0m
[1.244s] [35m[1mScanning dependencies of target tcp_format__rosidl_typesupport_c[0m
[1.251s] [ 41%] [32mBuilding CXX object CMakeFiles/tcp_format__rosidl_typesupport_c.dir/rosidl_typesupport_c/tcp_format/srv/socket_format__type_support.cpp.o[0m
[1.263s] [35m[1mScanning dependencies of target tcp_format__rosidl_typesupport_introspection_c[0m
[1.271s] [ 45%] [32mBuilding C object CMakeFiles/tcp_format__rosidl_typesupport_introspection_c.dir/rosidl_typesupport_introspection_c/tcp_format/srv/detail/socket_format__type_support.c.o[0m
[1.272s] [ 48%] [32m[1mLinking CXX shared library libtcp_format__rosidl_typesupport_c.so[0m
[1.294s] [ 51%] [32m[1mLinking C shared library libtcp_format__rosidl_typesupport_introspection_c.so[0m
[1.298s] [ 51%] Built target tcp_format__rosidl_typesupport_c
[1.313s] [ 51%] Built target tcp_format__rosidl_typesupport_introspection_c
[1.389s] [ 54%] [32m[1mLinking CXX shared library libtcp_format__rosidl_typesupport_cpp.so[0m
[1.413s] [ 58%] [32m[1mLinking CXX shared library libtcp_format__rosidl_typesupport_introspection_cpp.so[0m
[1.414s] [ 58%] Built target tcp_format__rosidl_typesupport_cpp
[1.450s] [ 58%] Built target tcp_format__rosidl_typesupport_introspection_cpp
[1.510s] [ 61%] [32m[1mLinking CXX shared library libtcp_format__rosidl_typesupport_fastrtps_cpp.so[0m
[1.559s] [ 61%] Built target tcp_format__rosidl_typesupport_fastrtps_cpp
[1.565s] [ 64%] [34m[1mGenerating C type support for eProsima Fast-RTPS[0m
[1.719s] [35m[1mScanning dependencies of target tcp_format__rosidl_typesupport_fastrtps_c[0m
[1.729s] [ 67%] [32mBuilding CXX object CMakeFiles/tcp_format__rosidl_typesupport_fastrtps_c.dir/rosidl_typesupport_fastrtps_c/tcp_format/srv/detail/socket_format__type_support_c.cpp.o[0m
[1.972s] [ 70%] [32m[1mLinking CXX shared library libtcp_format__rosidl_typesupport_fastrtps_c.so[0m
[2.021s] [ 70%] Built target tcp_format__rosidl_typesupport_fastrtps_c
[2.027s] [35m[1mScanning dependencies of target tcp_format[0m
[2.033s] [ 70%] Built target tcp_format
[2.039s] [35m[1mScanning dependencies of target tcp_format__py[0m
[2.046s] [ 74%] [34m[1mGenerating Python code for ROS interfaces[0m
[2.365s] [ 74%] Built target tcp_format__py
[2.371s] [35m[1mScanning dependencies of target tcp_format__python[0m
[2.391s] [ 77%] [32mBuilding C object CMakeFiles/tcp_format__python.dir/rosidl_generator_py/tcp_format/srv/_socket_format_s.c.o[0m
[2.454s] [ 80%] [32m[1mLinking C shared library rosidl_generator_py/tcp_format/libtcp_format__python.so[0m
[2.478s] [ 80%] Built target tcp_format__python
[2.485s] [35m[1mScanning dependencies of target tcp_format__rosidl_typesupport_fastrtps_c__pyext[0m
[2.485s] [35m[1mScanning dependencies of target tcp_format__rosidl_typesupport_c__pyext[0m
[2.485s] [35m[1mScanning dependencies of target tcp_format__rosidl_typesupport_introspection_c__pyext[0m
[2.495s] [ 90%] [32mBuilding C object CMakeFiles/tcp_format__rosidl_typesupport_introspection_c__pyext.dir/rosidl_generator_py/tcp_format/_tcp_format_s.ep.rosidl_typesupport_introspection_c.c.o[0m
[2.495s] [ 90%] [32mBuilding C object CMakeFiles/tcp_format__rosidl_typesupport_fastrtps_c__pyext.dir/rosidl_generator_py/tcp_format/_tcp_format_s.ep.rosidl_typesupport_fastrtps_c.c.o[0m
[2.495s] [ 90%] [32mBuilding C object CMakeFiles/tcp_format__rosidl_typesupport_c__pyext.dir/rosidl_generator_py/tcp_format/_tcp_format_s.ep.rosidl_typesupport_c.c.o[0m
[2.549s] [ 96%] [32m[1mLinking CXX shared library rosidl_generator_py/tcp_format/tcp_format_s__rosidl_typesupport_fastrtps_c.cpython-38-x86_64-linux-gnu.so[0m
[2.549s] [ 96%] [32m[1mLinking C shared library rosidl_generator_py/tcp_format/tcp_format_s__rosidl_typesupport_c.cpython-38-x86_64-linux-gnu.so[0m
[2.561s] [100%] [32m[1mLinking C shared library rosidl_generator_py/tcp_format/tcp_format_s__rosidl_typesupport_introspection_c.cpython-38-x86_64-linux-gnu.so[0m
[2.572s] [100%] Built target tcp_format__rosidl_typesupport_c__pyext
[2.584s] [100%] Built target tcp_format__rosidl_typesupport_introspection_c__pyext
[2.591s] [100%] Built target tcp_format__rosidl_typesupport_fastrtps_c__pyext
[2.598s] Invoked command in '/home/arc/Documents/automatic_arc_melting_system/build/tcp_format' returned '0': CMAKE_PREFIX_PATH=/opt/ros/foxy /usr/bin/cmake --build /home/arc/Documents/automatic_arc_melting_system/build/tcp_format -- -j16 -l16
[2.634s] Invoking command in '/home/arc/Documents/automatic_arc_melting_system/build/tcp_format': CMAKE_PREFIX_PATH=/opt/ros/foxy /usr/bin/cmake --install /home/arc/Documents/automatic_arc_melting_system/build/tcp_format
[2.641s] -- Install configuration: ""
[2.641s] -- Installing: /home/arc/Documents/automatic_arc_melting_system/install/tcp_format/share/ament_index/resource_index/rosidl_interfaces/tcp_format
[2.641s] -- Installing: /home/arc/Documents/automatic_arc_melting_system/install/tcp_format/include/tcp_format
[2.641s] -- Installing: /home/arc/Documents/automatic_arc_melting_system/install/tcp_format/include/tcp_format/srv
[2.641s] -- Installing: /home/arc/Documents/automatic_arc_melting_system/install/tcp_format/include/tcp_format/srv/detail
[2.641s] -- Installing: /home/arc/Documents/automatic_arc_melting_system/install/tcp_format/include/tcp_format/srv/detail/socket_format__functions.h
[2.641s] -- Installing: /home/arc/Documents/automatic_arc_melting_system/install/tcp_format/include/tcp_format/srv/detail/socket_format__struct.h
[2.641s] -- Installing: /home/arc/Documents/automatic_arc_melting_system/install/tcp_format/include/tcp_format/srv/detail/socket_format__functions.c
[2.641s] -- Installing: /home/arc/Documents/automatic_arc_melting_system/install/tcp_format/include/tcp_format/srv/detail/socket_format__type_support.h
[2.641s] -- Installing: /home/arc/Documents/automatic_arc_melting_system/install/tcp_format/include/tcp_format/srv/socket_format.h
[2.641s] -- Installing: /home/arc/Documents/automatic_arc_melting_system/install/tcp_format/include/tcp_format/msg
[2.642s] -- Installing: /home/arc/Documents/automatic_arc_melting_system/install/tcp_format/include/tcp_format/msg/rosidl_generator_c__visibility_control.h
[2.642s] -- Installing: /home/arc/Documents/automatic_arc_melting_system/install/tcp_format/share/tcp_format/environment/library_path.sh
[2.642s] -- Installing: /home/arc/Documents/automatic_arc_melting_system/install/tcp_format/share/tcp_format/environment/library_path.dsv
[2.642s] -- Installing: /home/arc/Documents/automatic_arc_melting_system/install/tcp_format/lib/libtcp_format__rosidl_generator_c.so
[2.642s] -- Set runtime path of "/home/arc/Documents/automatic_arc_melting_system/install/tcp_format/lib/libtcp_format__rosidl_generator_c.so" to ""
[2.642s] -- Up-to-date: /home/arc/Documents/automatic_arc_melting_system/install/tcp_format/include/tcp_format
[2.642s] -- Up-to-date: /home/arc/Documents/automatic_arc_melting_system/install/tcp_format/include/tcp_format/srv
[2.642s] -- Up-to-date: /home/arc/Documents/automatic_arc_melting_system/install/tcp_format/include/tcp_format/srv/detail
[2.642s] -- Installing: /home/arc/Documents/automatic_arc_melting_system/install/tcp_format/include/tcp_format/srv/detail/socket_format__rosidl_typesupport_fastrtps_c.h
[2.642s] -- Up-to-date: /home/arc/Documents/automatic_arc_melting_system/install/tcp_format/include/tcp_format/msg
[2.642s] -- Installing: /home/arc/Documents/automatic_arc_melting_system/install/tcp_format/include/tcp_format/msg/rosidl_typesupport_fastrtps_c__visibility_control.h
[2.642s] -- Installing: /home/arc/Documents/automatic_arc_melting_system/install/tcp_format/lib/libtcp_format__rosidl_typesupport_fastrtps_c.so
[2.642s] -- Set runtime path of "/home/arc/Documents/automatic_arc_melting_system/install/tcp_format/lib/libtcp_format__rosidl_typesupport_fastrtps_c.so" to ""
[2.642s] -- Up-to-date: /home/arc/Documents/automatic_arc_melting_system/install/tcp_format/include/tcp_format
[2.643s] -- Up-to-date: /home/arc/Documents/automatic_arc_melting_system/install/tcp_format/include/tcp_format/srv
[2.643s] -- Up-to-date: /home/arc/Documents/automatic_arc_melting_system/install/tcp_format/include/tcp_format/srv/detail
[2.643s] -- Installing: /home/arc/Documents/automatic_arc_melting_system/install/tcp_format/include/tcp_format/srv/detail/socket_format__rosidl_typesupport_fastrtps_cpp.hpp
[2.643s] -- Installing: /home/arc/Documents/automatic_arc_melting_system/install/tcp_format/include/tcp_format/srv/detail/dds_fastrtps
[2.643s] -- Up-to-date: /home/arc/Documents/automatic_arc_melting_system/install/tcp_format/include/tcp_format/msg
[2.643s] -- Installing: /home/arc/Documents/automatic_arc_melting_system/install/tcp_format/include/tcp_format/msg/rosidl_typesupport_fastrtps_cpp__visibility_control.h
[2.643s] -- Installing: /home/arc/Documents/automatic_arc_melting_system/install/tcp_format/lib/libtcp_format__rosidl_typesupport_fastrtps_cpp.so
[2.643s] -- Set runtime path of "/home/arc/Documents/automatic_arc_melting_system/install/tcp_format/lib/libtcp_format__rosidl_typesupport_fastrtps_cpp.so" to ""
[2.643s] -- Up-to-date: /home/arc/Documents/automatic_arc_melting_system/install/tcp_format/include/tcp_format
[2.643s] -- Up-to-date: /home/arc/Documents/automatic_arc_melting_system/install/tcp_format/include/tcp_format/srv
[2.643s] -- Up-to-date: /home/arc/Documents/automatic_arc_melting_system/install/tcp_format/include/tcp_format/srv/detail
[2.643s] -- Installing: /home/arc/Documents/automatic_arc_melting_system/install/tcp_format/include/tcp_format/srv/detail/socket_format__rosidl_typesupport_introspection_c.h
[2.643s] -- Installing: /home/arc/Documents/automatic_arc_melting_system/install/tcp_format/include/tcp_format/srv/detail/socket_format__type_support.c
[2.643s] -- Up-to-date: /home/arc/Documents/automatic_arc_melting_system/install/tcp_format/include/tcp_format/msg
[2.643s] -- Installing: /home/arc/Documents/automatic_arc_melting_system/install/tcp_format/include/tcp_format/msg/rosidl_typesupport_introspection_c__visibility_control.h
[2.643s] -- Installing: /home/arc/Documents/automatic_arc_melting_system/install/tcp_format/lib/libtcp_format__rosidl_typesupport_introspection_c.so
[2.643s] -- Set runtime path of "/home/arc/Documents/automatic_arc_melting_system/install/tcp_format/lib/libtcp_format__rosidl_typesupport_introspection_c.so" to ""
[2.643s] -- Installing: /home/arc/Documents/automatic_arc_melting_system/install/tcp_format/lib/libtcp_format__rosidl_typesupport_c.so
[2.644s] -- Set runtime path of "/home/arc/Documents/automatic_arc_melting_system/install/tcp_format/lib/libtcp_format__rosidl_typesupport_c.so" to ""
[2.644s] -- Up-to-date: /home/arc/Documents/automatic_arc_melting_system/install/tcp_format/include/tcp_format
[2.644s] -- Up-to-date: /home/arc/Documents/automatic_arc_melting_system/install/tcp_format/include/tcp_format/srv
[2.644s] -- Up-to-date: /home/arc/Documents/automatic_arc_melting_system/install/tcp_format/include/tcp_format/srv/detail
[2.644s] -- Installing: /home/arc/Documents/automatic_arc_melting_system/install/tcp_format/include/tcp_format/srv/detail/socket_format__struct.hpp
[2.644s] -- Installing: /home/arc/Documents/automatic_arc_melting_system/install/tcp_format/include/tcp_format/srv/detail/socket_format__builder.hpp
[2.644s] -- Installing: /home/arc/Documents/automatic_arc_melting_system/install/tcp_format/include/tcp_format/srv/detail/socket_format__traits.hpp
[2.644s] -- Installing: /home/arc/Documents/automatic_arc_melting_system/install/tcp_format/include/tcp_format/srv/socket_format.hpp
[2.644s] -- Up-to-date: /home/arc/Documents/automatic_arc_melting_system/install/tcp_format/include/tcp_format
[2.644s] -- Up-to-date: /home/arc/Documents/automatic_arc_melting_system/install/tcp_format/include/tcp_format/srv
[2.644s] -- Up-to-date: /home/arc/Documents/automatic_arc_melting_system/install/tcp_format/include/tcp_format/srv/detail
[2.644s] -- Installing: /home/arc/Documents/automatic_arc_melting_system/install/tcp_format/include/tcp_format/srv/detail/socket_format__type_support.cpp
[2.644s] -- Installing: /home/arc/Documents/automatic_arc_melting_system/install/tcp_format/include/tcp_format/srv/detail/socket_format__rosidl_typesupport_introspection_cpp.hpp
[2.644s] -- Installing: /home/arc/Documents/automatic_arc_melting_system/install/tcp_format/lib/libtcp_format__rosidl_typesupport_introspection_cpp.so
[2.644s] -- Set runtime path of "/home/arc/Documents/automatic_arc_melting_system/install/tcp_format/lib/libtcp_format__rosidl_typesupport_introspection_cpp.so" to ""
[2.644s] -- Installing: /home/arc/Documents/automatic_arc_melting_system/install/tcp_format/lib/libtcp_format__rosidl_typesupport_cpp.so
[2.645s] -- Set runtime path of "/home/arc/Documents/automatic_arc_melting_system/install/tcp_format/lib/libtcp_format__rosidl_typesupport_cpp.so" to ""
[2.645s] -- Installing: /home/arc/Documents/automatic_arc_melting_system/install/tcp_format/share/tcp_format/environment/pythonpath.sh
[2.645s] -- Installing: /home/arc/Documents/automatic_arc_melting_system/install/tcp_format/share/tcp_format/environment/pythonpath.dsv
[2.645s] -- Installing: /home/arc/Documents/automatic_arc_melting_system/install/tcp_format/lib/python3.8/site-packages/tcp_format/__init__.py
[2.664s] Compiling '/home/arc/Documents/automatic_arc_melting_system/install/tcp_format/lib/python3.8/site-packages/tcp_format/__init__.py'...
[2.667s] -- Installing: /home/arc/Documents/automatic_arc_melting_system/install/tcp_format/lib/python3.8/site-packages/tcp_format/srv
[2.667s] -- Installing: /home/arc/Documents/automatic_arc_melting_system/install/tcp_format/lib/python3.8/site-packages/tcp_format/srv/__init__.py
[2.667s] -- Installing: /home/arc/Documents/automatic_arc_melting_system/install/tcp_format/lib/python3.8/site-packages/tcp_format/srv/_socket_format.py
[2.667s] -- Installing: /home/arc/Documents/automatic_arc_melting_system/install/tcp_format/lib/python3.8/site-packages/tcp_format/srv/_socket_format_s.c
[2.667s] -- Installing: /home/arc/Documents/automatic_arc_melting_system/install/tcp_format/lib/python3.8/site-packages/tcp_format/tcp_format_s__rosidl_typesupport_fastrtps_c.cpython-38-x86_64-linux-gnu.so
[2.667s] -- Set runtime path of "/home/arc/Documents/automatic_arc_melting_system/install/tcp_format/lib/python3.8/site-packages/tcp_format/tcp_format_s__rosidl_typesupport_fastrtps_c.cpython-38-x86_64-linux-gnu.so" to ""
[2.667s] -- Installing: /home/arc/Documents/automatic_arc_melting_system/install/tcp_format/lib/python3.8/site-packages/tcp_format/tcp_format_s__rosidl_typesupport_introspection_c.cpython-38-x86_64-linux-gnu.so
[2.668s] -- Set runtime path of "/home/arc/Documents/automatic_arc_melting_system/install/tcp_format/lib/python3.8/site-packages/tcp_format/tcp_format_s__rosidl_typesupport_introspection_c.cpython-38-x86_64-linux-gnu.so" to ""
[2.668s] -- Installing: /home/arc/Documents/automatic_arc_melting_system/install/tcp_format/lib/python3.8/site-packages/tcp_format/tcp_format_s__rosidl_typesupport_c.cpython-38-x86_64-linux-gnu.so
[2.668s] -- Set runtime path of "/home/arc/Documents/automatic_arc_melting_system/install/tcp_format/lib/python3.8/site-packages/tcp_format/tcp_format_s__rosidl_typesupport_c.cpython-38-x86_64-linux-gnu.so" to ""
[2.668s] -- Installing: /home/arc/Documents/automatic_arc_melting_system/install/tcp_format/lib/libtcp_format__python.so
[2.668s] -- Set runtime path of "/home/arc/Documents/automatic_arc_melting_system/install/tcp_format/lib/libtcp_format__python.so" to ""
[2.668s] -- Installing: /home/arc/Documents/automatic_arc_melting_system/install/tcp_format/share/tcp_format/srv/SocketFormat.idl
[2.668s] -- Installing: /home/arc/Documents/automatic_arc_melting_system/install/tcp_format/share/tcp_format/srv/SocketFormat.srv
[2.669s] -- Installing: /home/arc/Documents/automatic_arc_melting_system/install/tcp_format/share/tcp_format/srv/SocketFormat_Request.msg
[2.669s] -- Installing: /home/arc/Documents/automatic_arc_melting_system/install/tcp_format/share/tcp_format/srv/SocketFormat_Response.msg
[2.669s] -- Installing: /home/arc/Documents/automatic_arc_melting_system/install/tcp_format/share/ament_index/resource_index/package_run_dependencies/tcp_format
[2.669s] -- Installing: /home/arc/Documents/automatic_arc_melting_system/install/tcp_format/share/ament_index/resource_index/parent_prefix_path/tcp_format
[2.669s] -- Installing: /home/arc/Documents/automatic_arc_melting_system/install/tcp_format/share/tcp_format/environment/ament_prefix_path.sh
[2.669s] -- Installing: /home/arc/Documents/automatic_arc_melting_system/install/tcp_format/share/tcp_format/environment/ament_prefix_path.dsv
[2.669s] -- Installing: /home/arc/Documents/automatic_arc_melting_system/install/tcp_format/share/tcp_format/environment/path.sh
[2.669s] -- Installing: /home/arc/Documents/automatic_arc_melting_system/install/tcp_format/share/tcp_format/environment/path.dsv
[2.669s] -- Installing: /home/arc/Documents/automatic_arc_melting_system/install/tcp_format/share/tcp_format/local_setup.bash
[2.669s] -- Installing: /home/arc/Documents/automatic_arc_melting_system/install/tcp_format/share/tcp_format/local_setup.sh
[2.669s] -- Installing: /home/arc/Documents/automatic_arc_melting_system/install/tcp_format/share/tcp_format/local_setup.zsh
[2.669s] -- Installing: /home/arc/Documents/automatic_arc_melting_system/install/tcp_format/share/tcp_format/local_setup.dsv
[2.669s] -- Installing: /home/arc/Documents/automatic_arc_melting_system/install/tcp_format/share/tcp_format/package.dsv
[2.670s] -- Installing: /home/arc/Documents/automatic_arc_melting_system/install/tcp_format/share/ament_index/resource_index/packages/tcp_format
[2.670s] -- Installing: /home/arc/Documents/automatic_arc_melting_system/install/tcp_format/share/tcp_format/cmake/tcp_format__rosidl_generator_cExport.cmake
[2.670s] -- Installing: /home/arc/Documents/automatic_arc_melting_system/install/tcp_format/share/tcp_format/cmake/tcp_format__rosidl_generator_cExport-noconfig.cmake
[2.670s] -- Installing: /home/arc/Documents/automatic_arc_melting_system/install/tcp_format/share/tcp_format/cmake/tcp_format__rosidl_typesupport_introspection_cExport.cmake
[2.670s] -- Installing: /home/arc/Documents/automatic_arc_melting_system/install/tcp_format/share/tcp_format/cmake/tcp_format__rosidl_typesupport_introspection_cExport-noconfig.cmake
[2.670s] -- Installing: /home/arc/Documents/automatic_arc_melting_system/install/tcp_format/share/tcp_format/cmake/tcp_format__rosidl_typesupport_cExport.cmake
[2.670s] -- Installing: /home/arc/Documents/automatic_arc_melting_system/install/tcp_format/share/tcp_format/cmake/tcp_format__rosidl_typesupport_cExport-noconfig.cmake
[2.670s] -- Installing: /home/arc/Documents/automatic_arc_melting_system/install/tcp_format/share/tcp_format/cmake/tcp_format__rosidl_generator_cppExport.cmake
[2.670s] -- Installing: /home/arc/Documents/automatic_arc_melting_system/install/tcp_format/share/tcp_format/cmake/tcp_format__rosidl_typesupport_introspection_cppExport.cmake
[2.670s] -- Installing: /home/arc/Documents/automatic_arc_melting_system/install/tcp_format/share/tcp_format/cmake/tcp_format__rosidl_typesupport_introspection_cppExport-noconfig.cmake
[2.670s] -- Installing: /home/arc/Documents/automatic_arc_melting_system/install/tcp_format/share/tcp_format/cmake/tcp_format__rosidl_typesupport_cppExport.cmake
[2.671s] -- Installing: /home/arc/Documents/automatic_arc_melting_system/install/tcp_format/share/tcp_format/cmake/tcp_format__rosidl_typesupport_cppExport-noconfig.cmake
[2.671s] -- Installing: /home/arc/Documents/automatic_arc_melting_system/install/tcp_format/share/tcp_format/cmake/rosidl_cmake-extras.cmake
[2.671s] -- Installing: /home/arc/Documents/automatic_arc_melting_system/install/tcp_format/share/tcp_format/cmake/ament_cmake_export_dependencies-extras.cmake
[2.671s] -- Installing: /home/arc/Documents/automatic_arc_melting_system/install/tcp_format/share/tcp_format/cmake/ament_cmake_export_libraries-extras.cmake
[2.671s] -- Installing: /home/arc/Documents/automatic_arc_melting_system/install/tcp_format/share/tcp_format/cmake/ament_cmake_export_targets-extras.cmake
[2.671s] -- Installing: /home/arc/Documents/automatic_arc_melting_system/install/tcp_format/share/tcp_format/cmake/ament_cmake_export_include_directories-extras.cmake
[2.671s] -- Installing: /home/arc/Documents/automatic_arc_melting_system/install/tcp_format/share/tcp_format/cmake/rosidl_cmake_export_typesupport_libraries-extras.cmake
[2.671s] -- Installing: /home/arc/Documents/automatic_arc_melting_system/install/tcp_format/share/tcp_format/cmake/rosidl_cmake_export_typesupport_targets-extras.cmake
[2.671s] -- Installing: /home/arc/Documents/automatic_arc_melting_system/install/tcp_format/share/tcp_format/cmake/tcp_formatConfig.cmake
[2.671s] -- Installing: /home/arc/Documents/automatic_arc_melting_system/install/tcp_format/share/tcp_format/cmake/tcp_formatConfig-version.cmake
[2.671s] -- Installing: /home/arc/Documents/automatic_arc_melting_system/install/tcp_format/share/tcp_format/package.xml
[2.673s] Invoked command in '/home/arc/Documents/automatic_arc_melting_system/build/tcp_format' returned '0': CMAKE_PREFIX_PATH=/opt/ros/foxy /usr/bin/cmake --install /home/arc/Documents/automatic_arc_melting_system/build/tcp_format
