[0.018s] Invoking command in '/home/arc/Documents/automatic_arc_melting_system/build/auto_weighting': CMAKE_PREFIX_PATH=/home/arc/Documents/automatic_arc_melting_system/install/tcp_format:/home/arc/Documents/automatic_arc_melting_system/install/tcp_handle:/home/arc/Documents/automatic_arc_melting_system/install/cobotta_process:/home/arc/Documents/automatic_arc_melting_system/install/auto_weighting:/home/arc/Documents/automatic_arc_melting_system/install/cobotta_bcap:/opt/ros/foxy CONDA_PROMPT_MODIFIER=(base) PYTHONPATH=/home/arc/Documents/automatic_arc_melting_system/install/tcp_format/lib/python3.8/site-packages:/home/arc/Documents/automatic_arc_melting_system/install/cobotta_bcap/lib/python3.8/site-packages:/opt/ros/foxy/lib/python3.8/site-packages /usr/bin/cmake --build /home/arc/Documents/automatic_arc_melting_system/build/auto_weighting -- -j16 -l16
[0.055s] [100%] Built target client
[0.063s] Invoked command in '/home/arc/Documents/automatic_arc_melting_system/build/auto_weighting' returned '0': CMAKE_PREFIX_PATH=/home/arc/Documents/automatic_arc_melting_system/install/tcp_format:/home/arc/Documents/automatic_arc_melting_system/install/tcp_handle:/home/arc/Documents/automatic_arc_melting_system/install/cobotta_process:/home/arc/Documents/automatic_arc_melting_system/install/auto_weighting:/home/arc/Documents/automatic_arc_melting_system/install/cobotta_bcap:/opt/ros/foxy CONDA_PROMPT_MODIFIER=(base) PYTHONPATH=/home/arc/Documents/automatic_arc_melting_system/install/tcp_format/lib/python3.8/site-packages:/home/arc/Documents/automatic_arc_melting_system/install/cobotta_bcap/lib/python3.8/site-packages:/opt/ros/foxy/lib/python3.8/site-packages /usr/bin/cmake --build /home/arc/Documents/automatic_arc_melting_system/build/auto_weighting -- -j16 -l16
[0.079s] Invoking command in '/home/arc/Documents/automatic_arc_melting_system/build/auto_weighting': CMAKE_PREFIX_PATH=/home/arc/Documents/automatic_arc_melting_system/install/tcp_format:/home/arc/Documents/automatic_arc_melting_system/install/tcp_handle:/home/arc/Documents/automatic_arc_melting_system/install/cobotta_process:/home/arc/Documents/automatic_arc_melting_system/install/auto_weighting:/home/arc/Documents/automatic_arc_melting_system/install/cobotta_bcap:/opt/ros/foxy CONDA_PROMPT_MODIFIER=(base) PYTHONPATH=/home/arc/Documents/automatic_arc_melting_system/install/tcp_format/lib/python3.8/site-packages:/home/arc/Documents/automatic_arc_melting_system/install/cobotta_bcap/lib/python3.8/site-packages:/opt/ros/foxy/lib/python3.8/site-packages /usr/bin/cmake --install /home/arc/Documents/automatic_arc_melting_system/build/auto_weighting
[0.086s] -- Install configuration: ""
[0.087s] -- Up-to-date: /home/arc/Documents/automatic_arc_melting_system/install/auto_weighting/lib/auto_weighting/client
[0.087s] -- Up-to-date: /home/arc/Documents/automatic_arc_melting_system/install/auto_weighting/share/ament_index/resource_index/package_run_dependencies/auto_weighting
[0.090s] -- Up-to-date: /home/arc/Documents/automatic_arc_melting_system/install/auto_weighting/share/ament_index/resource_index/parent_prefix_path/auto_weighting
[0.091s] -- Up-to-date: /home/arc/Documents/automatic_arc_melting_system/install/auto_weighting/share/auto_weighting/environment/ament_prefix_path.sh
[0.091s] -- Up-to-date: /home/arc/Documents/automatic_arc_melting_system/install/auto_weighting/share/auto_weighting/environment/ament_prefix_path.dsv
[0.091s] -- Up-to-date: /home/arc/Documents/automatic_arc_melting_system/install/auto_weighting/share/auto_weighting/environment/path.sh
[0.091s] -- Up-to-date: /home/arc/Documents/automatic_arc_melting_system/install/auto_weighting/share/auto_weighting/environment/path.dsv
[0.091s] -- Up-to-date: /home/arc/Documents/automatic_arc_melting_system/install/auto_weighting/share/auto_weighting/local_setup.bash
[0.091s] -- Up-to-date: /home/arc/Documents/automatic_arc_melting_system/install/auto_weighting/share/auto_weighting/local_setup.sh
[0.091s] -- Up-to-date: /home/arc/Documents/automatic_arc_melting_system/install/auto_weighting/share/auto_weighting/local_setup.zsh
[0.091s] -- Up-to-date: /home/arc/Documents/automatic_arc_melting_system/install/auto_weighting/share/auto_weighting/local_setup.dsv
[0.093s] -- Installing: /home/arc/Documents/automatic_arc_melting_system/install/auto_weighting/share/auto_weighting/package.dsv
[0.093s] -- Up-to-date: /home/arc/Documents/automatic_arc_melting_system/install/auto_weighting/share/ament_index/resource_index/packages/auto_weighting
[0.093s] -- Up-to-date: /home/arc/Documents/automatic_arc_melting_system/install/auto_weighting/share/auto_weighting/cmake/auto_weightingConfig.cmake
[0.093s] -- Up-to-date: /home/arc/Documents/automatic_arc_melting_system/install/auto_weighting/share/auto_weighting/cmake/auto_weightingConfig-version.cmake
[0.093s] -- Up-to-date: /home/arc/Documents/automatic_arc_melting_system/install/auto_weighting/share/auto_weighting/package.xml
[0.093s] Invoked command in '/home/arc/Documents/automatic_arc_melting_system/build/auto_weighting' returned '0': CMAKE_PREFIX_PATH=/home/arc/Documents/automatic_arc_melting_system/install/tcp_format:/home/arc/Documents/automatic_arc_melting_system/install/tcp_handle:/home/arc/Documents/automatic_arc_melting_system/install/cobotta_process:/home/arc/Documents/automatic_arc_melting_system/install/auto_weighting:/home/arc/Documents/automatic_arc_melting_system/install/cobotta_bcap:/opt/ros/foxy CONDA_PROMPT_MODIFIER=(base) PYTHONPATH=/home/arc/Documents/automatic_arc_melting_system/install/tcp_format/lib/python3.8/site-packages:/home/arc/Documents/automatic_arc_melting_system/install/cobotta_bcap/lib/python3.8/site-packages:/opt/ros/foxy/lib/python3.8/site-packages /usr/bin/cmake --install /home/arc/Documents/automatic_arc_melting_system/build/auto_weighting
